[0.176s] Invoking command in '/home/docker/ament_ws/src/lidar_object_detection/lidar_object_detection_node/build/pp_infer': CMAKE_PREFIX_PATH=${CMAKE_PREFIX_PATH}:/opt/ros/humble/install/ros2bag:/opt/ros/humble/install/tf2_tools:/opt/ros/humble/install/tf2_ros_py:/opt/ros/humble/install/sros2:/opt/ros/humble/install/ros2topic:/opt/ros/humble/install/ros2test:/opt/ros/humble/install/ros2component:/opt/ros/humble/install/ros2param:/opt/ros/humble/install/ros2lifecycle:/opt/ros/humble/install/ros2service:/opt/ros/humble/install/ros2run:/opt/ros/humble/install/ros2launch:/opt/ros/humble/install/ros2pkg:/opt/ros/humble/install/ros2node:/opt/ros/humble/install/ros2multicast:/opt/ros/humble/install/ros2interface:/opt/ros/humble/install/ros2doctor:/opt/ros/humble/install/ros2action:/opt/ros/humble/install/ros2cli:/opt/ros/humble/install/launch_testing_ros:/opt/ros/humble/install/launch_ros:/opt/ros/humble/install/ament_uncrustify:/opt/ros/humble/install/rpyutils:/opt/ros/humble/install/rosidl_runtime_py:/opt/ros/humble/install/rosidl_cli:/opt/ros/humble/install/launch_testing:/opt/ros/humble/install/launch_yaml:/opt/ros/humble/install/launch_xml:/opt/ros/humble/install/launch:/opt/ros/humble/install/osrf_pycommon:/opt/ros/humble/install/domain_coordinator:/opt/ros/humble/install/ament_xmllint:/opt/ros/humble/install/ament_pycodestyle:/opt/ros/humble/install/ament_pep257:/opt/ros/humble/install/ament_package:/opt/ros/humble/install/ament_mypy:/opt/ros/humble/install/ament_lint_cmake:/opt/ros/humble/install/ament_flake8:/opt/ros/humble/install/ament_copyright:/opt/ros/humble/install/ament_lint:/opt/ros/humble/install/ament_index_python:/opt/ros/humble/install/ament_cpplint:/opt/ros/humble/install/ament_cppcheck _=/usr/bin/env /usr/local/bin/cmake --build /home/docker/ament_ws/src/lidar_object_detection/lidar_object_detection_node/build/pp_infer -- -j120 -l120
[0.536s] [ 37%] Built target pointpillar_core
[0.597s] [35m[1mConsolidate compiler generated dependencies of target pp_infer[0m
[1.176s] [ 41%] [32mBuilding CXX object CMakeFiles/pp_infer.dir/src/pp_inference_node.cpp.o[0m
[3.605s] In file included from [01m[K/home/docker/ament_ws/src/lidar_object_detection/lidar_object_detection_node/src/pp_inference_node.cpp:52[m[K:
[3.606s] [01m[K/opt/ros/humble/src/geometry2/tf2_geometry_msgs/include/tf2_geometry_msgs/tf2_geometry_msgs.h:35:2:[m[K [01;35m[Kwarning: [m[K#warning This header is obsolete, please include tf2_geometry_msgs/tf2_geometry_msgs.hpp instead [[01;35m[K-Wcpp[m[K]
[3.606s]    35 | #[01;35m[Kwarning[m[K This header is obsolete, please include tf2_geometry_msgs/tf2_geometry_msgs.hpp instead
[3.606s]       |  [01;35m[K^~~~~~~[m[K
[4.105s] In file included from [01m[K/home/docker/ament_ws/src/lidar_object_detection/lidar_object_detection_node/src/CUDA-PointPillars/src/pointpillar/lidar-voxelization.hpp:22[m[K,
[4.108s]                  from [01m[K/home/docker/ament_ws/src/lidar_object_detection/lidar_object_detection_node/src/CUDA-PointPillars/src/pointpillar/pointpillar.hpp:27[m[K,
[4.108s]                  from [01m[K/home/docker/ament_ws/src/lidar_object_detection/lidar_object_detection_node/src/pp_inference_node.cpp:40[m[K:
[4.108s] [01m[K/home/docker/ament_ws/src/lidar_object_detection/lidar_object_detection_node/src/CUDA-PointPillars/src/common/dtype.hpp:69:2:[m[K [01;35m[Kwarning: [m[Kextra ‘[01m[K;[m[K’ [[01;35m[K-Wpedantic[m[K]
[4.108s]    69 | }[01;35m[K;[m[K  // namespace nvtype
[4.110s]       |  [01;35m[K^[m[K
[4.110s] In file included from [01m[K/home/docker/ament_ws/src/lidar_object_detection/lidar_object_detection_node/src/CUDA-PointPillars/src/pointpillar/pointpillar.hpp:27[m[K,
[4.110s]                  from [01m[K/home/docker/ament_ws/src/lidar_object_detection/lidar_object_detection_node/src/pp_inference_node.cpp:40[m[K:
[4.110s] [01m[K/home/docker/ament_ws/src/lidar_object_detection/lidar_object_detection_node/src/CUDA-PointPillars/src/pointpillar/lidar-voxelization.hpp:53:2:[m[K [01;35m[Kwarning: [m[Kextra ‘[01m[K;[m[K’ [[01;35m[K-Wpedantic[m[K]
[4.112s]    53 | }[01;35m[K;[m[K  // namespace lidar
[4.113s]       |  [01;35m[K^[m[K
[4.113s] [01m[K/home/docker/ament_ws/src/lidar_object_detection/lidar_object_detection_node/src/CUDA-PointPillars/src/pointpillar/lidar-voxelization.hpp:54:2:[m[K [01;35m[Kwarning: [m[Kextra ‘[01m[K;[m[K’ [[01;35m[K-Wpedantic[m[K]
[4.113s]    54 | }[01;35m[K;[m[K  // namespace pointpillar
[4.113s]       |  [01;35m[K^[m[K
[4.113s] In file included from [01m[K/home/docker/ament_ws/src/lidar_object_detection/lidar_object_detection_node/src/CUDA-PointPillars/src/pointpillar/pointpillar.hpp:28[m[K,
[4.113s]                  from [01m[K/home/docker/ament_ws/src/lidar_object_detection/lidar_object_detection_node/src/pp_inference_node.cpp:40[m[K:
[4.114s] [01m[K/home/docker/ament_ws/src/lidar_object_detection/lidar_object_detection_node/src/CUDA-PointPillars/src/pointpillar/lidar-backbone.hpp:49:2:[m[K [01;35m[Kwarning: [m[Kextra ‘[01m[K;[m[K’ [[01;35m[K-Wpedantic[m[K]
[4.114s]    49 | }[01;35m[K;[m[K  // namespace lidar
[4.116s]       |  [01;35m[K^[m[K
[4.117s] [01m[K/home/docker/ament_ws/src/lidar_object_detection/lidar_object_detection_node/src/CUDA-PointPillars/src/pointpillar/lidar-backbone.hpp:50:2:[m[K [01;35m[Kwarning: [m[Kextra ‘[01m[K;[m[K’ [[01;35m[K-Wpedantic[m[K]
[4.117s]    50 | }[01;35m[K;[m[K  // namespace pointpillar
[4.117s]       |  [01;35m[K^[m[K
[4.117s] In file included from [01m[K/home/docker/ament_ws/src/lidar_object_detection/lidar_object_detection_node/src/CUDA-PointPillars/src/pointpillar/pointpillar.hpp:29[m[K,
[4.118s]                  from [01m[K/home/docker/ament_ws/src/lidar_object_detection/lidar_object_detection_node/src/pp_inference_node.cpp:40[m[K:
[4.118s] [01m[K/home/docker/ament_ws/src/lidar_object_detection/lidar_object_detection_node/src/CUDA-PointPillars/src/pointpillar/lidar-postprocess.hpp:80:2:[m[K [01;35m[Kwarning: [m[Kextra ‘[01m[K;[m[K’ [[01;35m[K-Wpedantic[m[K]
[4.119s]    80 | }[01;35m[K;[m[K  // namespace lidar
[4.120s]       |  [01;35m[K^[m[K
[4.121s] [01m[K/home/docker/ament_ws/src/lidar_object_detection/lidar_object_detection_node/src/CUDA-PointPillars/src/pointpillar/lidar-postprocess.hpp:81:2:[m[K [01;35m[Kwarning: [m[Kextra ‘[01m[K;[m[K’ [[01;35m[K-Wpedantic[m[K]
[4.121s]    81 | }[01;35m[K;[m[K  // namespace pointpillar
[4.121s]       |  [01;35m[K^[m[K
[4.121s] In file included from [01m[K/home/docker/ament_ws/src/lidar_object_detection/lidar_object_detection_node/src/pp_inference_node.cpp:40[m[K:
[4.121s] [01m[K/home/docker/ament_ws/src/lidar_object_detection/lidar_object_detection_node/src/CUDA-PointPillars/src/pointpillar/pointpillar.hpp:51:2:[m[K [01;35m[Kwarning: [m[Kextra ‘[01m[K;[m[K’ [[01;35m[K-Wpedantic[m[K]
[4.121s]    51 | }[01;35m[K;[m[K  // namespace lidar
[4.121s]       |  [01;35m[K^[m[K
[4.121s] [01m[K/home/docker/ament_ws/src/lidar_object_detection/lidar_object_detection_node/src/CUDA-PointPillars/src/pointpillar/pointpillar.hpp:52:2:[m[K [01;35m[Kwarning: [m[Kextra ‘[01m[K;[m[K’ [[01;35m[K-Wpedantic[m[K]
[4.121s]    52 | }[01;35m[K;[m[K  // namespace pointpillar
[4.122s]       |  [01;35m[K^[m[K
[4.122s] In file included from [01m[K/home/docker/ament_ws/src/lidar_object_detection/lidar_object_detection_node/src/pp_inference_node.cpp:41[m[K:
[4.123s] [01m[K/home/docker/ament_ws/src/lidar_object_detection/lidar_object_detection_node/src/CUDA-PointPillars/src/common/check.hpp:99:2:[m[K [01;35m[Kwarning: [m[Kextra ‘[01m[K;[m[K’ [[01;35m[K-Wpedantic[m[K]
[4.123s]    99 | }[01;35m[K;[m[K  // namespace nv
[4.124s]       |  [01;35m[K^[m[K
[7.883s] [01m[K/home/docker/ament_ws/src/lidar_object_detection/lidar_object_detection_node/src/pp_inference_node.cpp:177:2:[m[K [01;35m[Kwarning: [m[Kextra ‘[01m[K;[m[K’ [[01;35m[K-Wpedantic[m[K]
[7.883s]   177 | }[01;35m[K;[m[K
[7.883s]       |  [01;35m[K^[m[K
[8.897s] [01m[K/home/docker/ament_ws/src/lidar_object_detection/lidar_object_detection_node/src/pp_inference_node.cpp:215:13:[m[K [01;35m[Kwarning: [m[K‘[01m[Kvoid help()[m[K’ defined but not used [[01;35m[K-Wunused-function[m[K]
[8.897s]   215 | static void [01;35m[Khelp[m[K()
[8.897s]       |             [01;35m[K^~~~[m[K
[8.897s] [01m[K/home/docker/ament_ws/src/lidar_object_detection/lidar_object_detection_node/src/pp_inference_node.cpp:203:13:[m[K [01;35m[Kwarning: [m[K‘[01m[Kbool startswith(const char*, const char*, const char**)[m[K’ defined but not used [[01;35m[K-Wunused-function[m[K]
[8.898s]   203 | static bool [01;35m[Kstartswith[m[K(const char *s, const char *with, const char **last)
[8.898s]       |             [01;35m[K^~~~~~~~~~[m[K
[9.640s] [ 45%] [32m[1mLinking CXX executable pp_infer[0m
[11.917s] [100%] Built target pp_infer
[12.134s] Invoked command in '/home/docker/ament_ws/src/lidar_object_detection/lidar_object_detection_node/build/pp_infer' returned '0': CMAKE_PREFIX_PATH=${CMAKE_PREFIX_PATH}:/opt/ros/humble/install/ros2bag:/opt/ros/humble/install/tf2_tools:/opt/ros/humble/install/tf2_ros_py:/opt/ros/humble/install/sros2:/opt/ros/humble/install/ros2topic:/opt/ros/humble/install/ros2test:/opt/ros/humble/install/ros2component:/opt/ros/humble/install/ros2param:/opt/ros/humble/install/ros2lifecycle:/opt/ros/humble/install/ros2service:/opt/ros/humble/install/ros2run:/opt/ros/humble/install/ros2launch:/opt/ros/humble/install/ros2pkg:/opt/ros/humble/install/ros2node:/opt/ros/humble/install/ros2multicast:/opt/ros/humble/install/ros2interface:/opt/ros/humble/install/ros2doctor:/opt/ros/humble/install/ros2action:/opt/ros/humble/install/ros2cli:/opt/ros/humble/install/launch_testing_ros:/opt/ros/humble/install/launch_ros:/opt/ros/humble/install/ament_uncrustify:/opt/ros/humble/install/rpyutils:/opt/ros/humble/install/rosidl_runtime_py:/opt/ros/humble/install/rosidl_cli:/opt/ros/humble/install/launch_testing:/opt/ros/humble/install/launch_yaml:/opt/ros/humble/install/launch_xml:/opt/ros/humble/install/launch:/opt/ros/humble/install/osrf_pycommon:/opt/ros/humble/install/domain_coordinator:/opt/ros/humble/install/ament_xmllint:/opt/ros/humble/install/ament_pycodestyle:/opt/ros/humble/install/ament_pep257:/opt/ros/humble/install/ament_package:/opt/ros/humble/install/ament_mypy:/opt/ros/humble/install/ament_lint_cmake:/opt/ros/humble/install/ament_flake8:/opt/ros/humble/install/ament_copyright:/opt/ros/humble/install/ament_lint:/opt/ros/humble/install/ament_index_python:/opt/ros/humble/install/ament_cpplint:/opt/ros/humble/install/ament_cppcheck _=/usr/bin/env /usr/local/bin/cmake --build /home/docker/ament_ws/src/lidar_object_detection/lidar_object_detection_node/build/pp_infer -- -j120 -l120
[12.636s] Invoking command in '/home/docker/ament_ws/src/lidar_object_detection/lidar_object_detection_node/build/pp_infer': CMAKE_PREFIX_PATH=${CMAKE_PREFIX_PATH}:/opt/ros/humble/install/ros2bag:/opt/ros/humble/install/tf2_tools:/opt/ros/humble/install/tf2_ros_py:/opt/ros/humble/install/sros2:/opt/ros/humble/install/ros2topic:/opt/ros/humble/install/ros2test:/opt/ros/humble/install/ros2component:/opt/ros/humble/install/ros2param:/opt/ros/humble/install/ros2lifecycle:/opt/ros/humble/install/ros2service:/opt/ros/humble/install/ros2run:/opt/ros/humble/install/ros2launch:/opt/ros/humble/install/ros2pkg:/opt/ros/humble/install/ros2node:/opt/ros/humble/install/ros2multicast:/opt/ros/humble/install/ros2interface:/opt/ros/humble/install/ros2doctor:/opt/ros/humble/install/ros2action:/opt/ros/humble/install/ros2cli:/opt/ros/humble/install/launch_testing_ros:/opt/ros/humble/install/launch_ros:/opt/ros/humble/install/ament_uncrustify:/opt/ros/humble/install/rpyutils:/opt/ros/humble/install/rosidl_runtime_py:/opt/ros/humble/install/rosidl_cli:/opt/ros/humble/install/launch_testing:/opt/ros/humble/install/launch_yaml:/opt/ros/humble/install/launch_xml:/opt/ros/humble/install/launch:/opt/ros/humble/install/osrf_pycommon:/opt/ros/humble/install/domain_coordinator:/opt/ros/humble/install/ament_xmllint:/opt/ros/humble/install/ament_pycodestyle:/opt/ros/humble/install/ament_pep257:/opt/ros/humble/install/ament_package:/opt/ros/humble/install/ament_mypy:/opt/ros/humble/install/ament_lint_cmake:/opt/ros/humble/install/ament_flake8:/opt/ros/humble/install/ament_copyright:/opt/ros/humble/install/ament_lint:/opt/ros/humble/install/ament_index_python:/opt/ros/humble/install/ament_cpplint:/opt/ros/humble/install/ament_cppcheck _=/usr/bin/env /usr/local/bin/cmake --install /home/docker/ament_ws/src/lidar_object_detection/lidar_object_detection_node/build/pp_infer
[12.654s] -- Install configuration: "Release"
[12.665s] -- Installing: /home/docker/ament_ws/src/lidar_object_detection/lidar_object_detection_node/install/pp_infer/lib/pp_infer/pp_infer
[12.721s] -- Set runtime path of "/home/docker/ament_ws/src/lidar_object_detection/lidar_object_detection_node/install/pp_infer/lib/pp_infer/pp_infer" to ""
[12.722s] -- Up-to-date: /home/docker/ament_ws/src/lidar_object_detection/lidar_object_detection_node/install/pp_infer/share/pp_infer//launch
[12.722s] -- Up-to-date: /home/docker/ament_ws/src/lidar_object_detection/lidar_object_detection_node/install/pp_infer/share/pp_infer//launch/pp_infer_launch.py
[12.722s] -- Up-to-date: /home/docker/ament_ws/src/lidar_object_detection/lidar_object_detection_node/install/pp_infer/share/ament_index/resource_index/package_run_dependencies/pp_infer
[12.725s] -- Up-to-date: /home/docker/ament_ws/src/lidar_object_detection/lidar_object_detection_node/install/pp_infer/share/ament_index/resource_index/parent_prefix_path/pp_infer
[12.733s] -- Up-to-date: /home/docker/ament_ws/src/lidar_object_detection/lidar_object_detection_node/install/pp_infer/share/pp_infer/environment/ament_prefix_path.dsv
[12.783s] -- Up-to-date: /home/docker/ament_ws/src/lidar_object_detection/lidar_object_detection_node/install/pp_infer/share/pp_infer/environment/path.dsv
[12.783s] -- Up-to-date: /home/docker/ament_ws/src/lidar_object_detection/lidar_object_detection_node/install/pp_infer/share/pp_infer/local_setup.bash
[12.783s] -- Up-to-date: /home/docker/ament_ws/src/lidar_object_detection/lidar_object_detection_node/install/pp_infer/share/pp_infer/local_setup.sh
[12.788s] -- Up-to-date: /home/docker/ament_ws/src/lidar_object_detection/lidar_object_detection_node/install/pp_infer/share/pp_infer/local_setup.zsh
[12.789s] -- Up-to-date: /home/docker/ament_ws/src/lidar_object_detection/lidar_object_detection_node/install/pp_infer/share/pp_infer/local_setup.dsv
[12.789s] -- Installing: /home/docker/ament_ws/src/lidar_object_detection/lidar_object_detection_node/install/pp_infer/share/pp_infer/package.dsv
[12.816s] -- Up-to-date: /home/docker/ament_ws/src/lidar_object_detection/lidar_object_detection_node/install/pp_infer/share/ament_index/resource_index/packages/pp_infer
[12.816s] -- Up-to-date: /home/docker/ament_ws/src/lidar_object_detection/lidar_object_detection_node/install/pp_infer/share/pp_infer/cmake/pp_inferConfig.cmake
[12.816s] -- Up-to-date: /home/docker/ament_ws/src/lidar_object_detection/lidar_object_detection_node/install/pp_infer/share/pp_infer/cmake/pp_inferConfig-version.cmake
[12.816s] -- Up-to-date: /home/docker/ament_ws/src/lidar_object_detection/lidar_object_detection_node/install/pp_infer/share/pp_infer/package.xml
[12.854s] Invoked command in '/home/docker/ament_ws/src/lidar_object_detection/lidar_object_detection_node/build/pp_infer' returned '0': CMAKE_PREFIX_PATH=${CMAKE_PREFIX_PATH}:/opt/ros/humble/install/ros2bag:/opt/ros/humble/install/tf2_tools:/opt/ros/humble/install/tf2_ros_py:/opt/ros/humble/install/sros2:/opt/ros/humble/install/ros2topic:/opt/ros/humble/install/ros2test:/opt/ros/humble/install/ros2component:/opt/ros/humble/install/ros2param:/opt/ros/humble/install/ros2lifecycle:/opt/ros/humble/install/ros2service:/opt/ros/humble/install/ros2run:/opt/ros/humble/install/ros2launch:/opt/ros/humble/install/ros2pkg:/opt/ros/humble/install/ros2node:/opt/ros/humble/install/ros2multicast:/opt/ros/humble/install/ros2interface:/opt/ros/humble/install/ros2doctor:/opt/ros/humble/install/ros2action:/opt/ros/humble/install/ros2cli:/opt/ros/humble/install/launch_testing_ros:/opt/ros/humble/install/launch_ros:/opt/ros/humble/install/ament_uncrustify:/opt/ros/humble/install/rpyutils:/opt/ros/humble/install/rosidl_runtime_py:/opt/ros/humble/install/rosidl_cli:/opt/ros/humble/install/launch_testing:/opt/ros/humble/install/launch_yaml:/opt/ros/humble/install/launch_xml:/opt/ros/humble/install/launch:/opt/ros/humble/install/osrf_pycommon:/opt/ros/humble/install/domain_coordinator:/opt/ros/humble/install/ament_xmllint:/opt/ros/humble/install/ament_pycodestyle:/opt/ros/humble/install/ament_pep257:/opt/ros/humble/install/ament_package:/opt/ros/humble/install/ament_mypy:/opt/ros/humble/install/ament_lint_cmake:/opt/ros/humble/install/ament_flake8:/opt/ros/humble/install/ament_copyright:/opt/ros/humble/install/ament_lint:/opt/ros/humble/install/ament_index_python:/opt/ros/humble/install/ament_cpplint:/opt/ros/humble/install/ament_cppcheck _=/usr/bin/env /usr/local/bin/cmake --install /home/docker/ament_ws/src/lidar_object_detection/lidar_object_detection_node/build/pp_infer
