[0.424s] Invoking command in '/home/leungjch/Documents/repos/wato_monorepo_v2/src/build/tutorial_interfaces': CMAKE_PREFIX_PATH=${CMAKE_PREFIX_PATH}:/home/leungjch/Documents/repos/wato_monorepo_v2/src/install/camera_detection:/opt/ros/humble CONDA_PROMPT_MODIFIER=(base) /usr/bin/cmake /home/leungjch/Documents/repos/wato_monorepo_v2/src/tutorial_interfaces -DCMAKE_INSTALL_PREFIX=/home/leungjch/Documents/repos/wato_monorepo_v2/src/install/tutorial_interfaces
[0.509s] -- The C compiler identification is GNU 11.3.0
[0.584s] -- The CXX compiler identification is GNU 11.3.0
[0.596s] -- Detecting C compiler ABI info
[0.677s] -- Detecting C compiler ABI info - done
[0.687s] -- Check for working C compiler: /usr/bin/cc - skipped
[0.687s] -- Detecting C compile features
[0.688s] -- Detecting C compile features - done
[0.692s] -- Detecting CXX compiler ABI info
[0.796s] -- Detecting CXX compiler ABI info - done
[0.811s] -- Check for working CXX compiler: /usr/bin/c++ - skipped
[0.812s] -- Detecting CXX compile features
[0.812s] -- Detecting CXX compile features - done
[0.819s] -- Found ament_cmake: 1.3.3 (/opt/ros/humble/share/ament_cmake/cmake)
[1.118s] -- Found Python3: /usr/bin/python3.10 (found version "3.10.6") found components: Interpreter 
[1.261s] -- Found ament_lint_auto: 0.12.5 (/opt/ros/humble/share/ament_lint_auto/cmake)
[1.369s] -- Found geometry_msgs: 4.2.3 (/opt/ros/humble/share/geometry_msgs/cmake)
[1.418s] -- Found rosidl_generator_c: 3.1.4 (/opt/ros/humble/share/rosidl_generator_c/cmake)
[1.424s] -- Found rosidl_adapter: 3.1.4 (/opt/ros/humble/share/rosidl_adapter/cmake)
[1.434s] -- Found rosidl_generator_cpp: 3.1.4 (/opt/ros/humble/share/rosidl_generator_cpp/cmake)
[1.451s] -- Using all available rosidl_typesupport_c: rosidl_typesupport_fastrtps_c;rosidl_typesupport_introspection_c
[1.475s] -- Using all available rosidl_typesupport_cpp: rosidl_typesupport_fastrtps_cpp;rosidl_typesupport_introspection_cpp
[1.622s] -- Found rosidl_default_generators: 1.2.0 (/opt/ros/humble/share/rosidl_default_generators/cmake)
[1.928s] -- Found ament_cmake_ros: 0.10.0 (/opt/ros/humble/share/ament_cmake_ros/cmake)
[2.504s] -- Using all available rosidl_typesupport_c: rosidl_typesupport_fastrtps_c;rosidl_typesupport_introspection_c
[2.724s] -- Using all available rosidl_typesupport_cpp: rosidl_typesupport_fastrtps_cpp;rosidl_typesupport_introspection_cpp
[2.761s] -- Found PythonInterp: /home/leungjch/anaconda3/bin/python3 (found suitable version "3.9.12", minimum required is "3.6") 
[2.766s] -- Found python_cmake_module: 0.10.0 (/opt/ros/humble/share/python_cmake_module/cmake)
[2.844s] -- Found PythonLibs: /home/leungjch/anaconda3/lib/libpython3.9.so (found suitable version "3.9.12", minimum required is "3.5") 
[2.844s] -- Using PYTHON_EXECUTABLE: /home/leungjch/anaconda3/bin/python3
[2.844s] -- Using PYTHON_INCLUDE_DIRS: /home/leungjch/anaconda3/include/python3.9
[2.844s] -- Using PYTHON_LIBRARIES: /home/leungjch/anaconda3/lib/libpython3.9.so
[2.901s] -- Found PythonExtra: .so  
[3.252s] -- Using numpy include directory: /home/leungjch/anaconda3/lib/python3.9/site-packages/numpy/core/include
[3.277s] -- Added test 'lint_cmake' to check CMake code style
[3.279s] -- Added test 'xmllint' to check XML markup files
[3.290s] -- Configuring done
[3.342s] -- Generating done
[3.346s] -- Build files have been written to: /home/leungjch/Documents/repos/wato_monorepo_v2/src/build/tutorial_interfaces
[3.362s] Invoked command in '/home/leungjch/Documents/repos/wato_monorepo_v2/src/build/tutorial_interfaces' returned '0': CMAKE_PREFIX_PATH=${CMAKE_PREFIX_PATH}:/home/leungjch/Documents/repos/wato_monorepo_v2/src/install/camera_detection:/opt/ros/humble CONDA_PROMPT_MODIFIER=(base) /usr/bin/cmake /home/leungjch/Documents/repos/wato_monorepo_v2/src/tutorial_interfaces -DCMAKE_INSTALL_PREFIX=/home/leungjch/Documents/repos/wato_monorepo_v2/src/install/tutorial_interfaces
[3.364s] Invoking command in '/home/leungjch/Documents/repos/wato_monorepo_v2/src/build/tutorial_interfaces': CMAKE_PREFIX_PATH=${CMAKE_PREFIX_PATH}:/home/leungjch/Documents/repos/wato_monorepo_v2/src/install/camera_detection:/opt/ros/humble CONDA_PROMPT_MODIFIER=(base) /usr/bin/cmake --build /home/leungjch/Documents/repos/wato_monorepo_v2/src/build/tutorial_interfaces -- -j16 -l16
[3.416s] [  2%] [34m[1mGenerating C code for ROS interfaces[0m
[3.428s] [  4%] [34m[1mGenerating C++ code for ROS interfaces[0m
[3.438s] [  4%] Built target ament_cmake_python_copy_tutorial_interfaces
[3.895s] running egg_info
[3.896s] creating tutorial_interfaces.egg-info
[3.897s] writing tutorial_interfaces.egg-info/PKG-INFO
[3.897s] writing dependency_links to tutorial_interfaces.egg-info/dependency_links.txt
[3.897s] writing top-level names to tutorial_interfaces.egg-info/top_level.txt
[3.897s] writing manifest file 'tutorial_interfaces.egg-info/SOURCES.txt'
[3.901s] reading manifest file 'tutorial_interfaces.egg-info/SOURCES.txt'
[3.902s] writing manifest file 'tutorial_interfaces.egg-info/SOURCES.txt'
[3.914s] [  4%] Built target tutorial_interfaces__cpp
[3.930s] [  6%] [34m[1mGenerating C++ introspection for ROS interfaces[0m
[3.930s] [  8%] [34m[1mGenerating C++ type support for eProsima Fast-RTPS[0m
[3.940s] [ 10%] [34m[1mGenerating C++ type support dispatch for ROS interfaces[0m
[3.978s] [ 10%] Built target ament_cmake_python_build_tutorial_interfaces_egg
[4.044s] [ 12%] [32mBuilding C object CMakeFiles/tutorial_interfaces__rosidl_generator_c.dir/rosidl_generator_c/tutorial_interfaces/msg/detail/sphere__functions.c.o[0m
[4.044s] [ 17%] [32mBuilding C object CMakeFiles/tutorial_interfaces__rosidl_generator_c.dir/rosidl_generator_c/tutorial_interfaces/srv/detail/add_three_ints__functions.c.o[0m
[4.044s] [ 17%] [32mBuilding C object CMakeFiles/tutorial_interfaces__rosidl_generator_c.dir/rosidl_generator_c/tutorial_interfaces/msg/detail/num__functions.c.o[0m
[4.146s] [ 19%] [32m[1mLinking C shared library libtutorial_interfaces__rosidl_generator_c.so[0m
[4.204s] [ 19%] Built target tutorial_interfaces__rosidl_generator_c
[4.223s] [ 21%] [34m[1mGenerating C type support for eProsima Fast-RTPS[0m
[4.223s] [ 23%] [34m[1mGenerating C introspection for ROS interfaces[0m
[4.228s] [ 25%] [34m[1mGenerating C type support dispatch for ROS interfaces[0m
[4.474s] [ 27%] [32mBuilding CXX object CMakeFiles/tutorial_interfaces__rosidl_typesupport_introspection_cpp.dir/rosidl_typesupport_introspection_cpp/tutorial_interfaces/msg/detail/num__type_support.cpp.o[0m
[4.478s] [ 29%] [32mBuilding CXX object CMakeFiles/tutorial_interfaces__rosidl_typesupport_introspection_cpp.dir/rosidl_typesupport_introspection_cpp/tutorial_interfaces/srv/detail/add_three_ints__type_support.cpp.o[0m
[4.480s] [ 31%] [32mBuilding CXX object CMakeFiles/tutorial_interfaces__rosidl_typesupport_introspection_cpp.dir/rosidl_typesupport_introspection_cpp/tutorial_interfaces/msg/detail/sphere__type_support.cpp.o[0m
[4.490s] [ 34%] [32mBuilding CXX object CMakeFiles/tutorial_interfaces__rosidl_typesupport_cpp.dir/rosidl_typesupport_cpp/tutorial_interfaces/msg/num__type_support.cpp.o[0m
[4.499s] [ 36%] [32mBuilding CXX object CMakeFiles/tutorial_interfaces__rosidl_typesupport_cpp.dir/rosidl_typesupport_cpp/tutorial_interfaces/msg/sphere__type_support.cpp.o[0m
[4.504s] [ 38%] [32mBuilding CXX object CMakeFiles/tutorial_interfaces__rosidl_typesupport_cpp.dir/rosidl_typesupport_cpp/tutorial_interfaces/srv/add_three_ints__type_support.cpp.o[0m
[4.579s] [ 42%] [32mBuilding CXX object CMakeFiles/tutorial_interfaces__rosidl_typesupport_fastrtps_cpp.dir/rosidl_typesupport_fastrtps_cpp/tutorial_interfaces/srv/detail/dds_fastrtps/add_three_ints__type_support.cpp.o[0m
[4.579s] [ 42%] [32mBuilding CXX object CMakeFiles/tutorial_interfaces__rosidl_typesupport_fastrtps_cpp.dir/rosidl_typesupport_fastrtps_cpp/tutorial_interfaces/msg/detail/dds_fastrtps/sphere__type_support.cpp.o[0m
[4.589s] [ 44%] [32mBuilding CXX object CMakeFiles/tutorial_interfaces__rosidl_typesupport_fastrtps_cpp.dir/rosidl_typesupport_fastrtps_cpp/tutorial_interfaces/msg/detail/dds_fastrtps/num__type_support.cpp.o[0m
[5.066s] [ 46%] [32mBuilding CXX object CMakeFiles/tutorial_interfaces__rosidl_typesupport_c.dir/rosidl_typesupport_c/tutorial_interfaces/msg/num__type_support.cpp.o[0m
[5.092s] [ 48%] [32mBuilding CXX object CMakeFiles/tutorial_interfaces__rosidl_typesupport_c.dir/rosidl_typesupport_c/tutorial_interfaces/msg/sphere__type_support.cpp.o[0m
[5.099s] [ 51%] [32mBuilding CXX object CMakeFiles/tutorial_interfaces__rosidl_typesupport_c.dir/rosidl_typesupport_c/tutorial_interfaces/srv/add_three_ints__type_support.cpp.o[0m
[5.180s] [ 53%] [32mBuilding C object CMakeFiles/tutorial_interfaces__rosidl_typesupport_introspection_c.dir/rosidl_typesupport_introspection_c/tutorial_interfaces/msg/detail/num__type_support.c.o[0m
[5.201s] [ 55%] [32mBuilding C object CMakeFiles/tutorial_interfaces__rosidl_typesupport_introspection_c.dir/rosidl_typesupport_introspection_c/tutorial_interfaces/msg/detail/sphere__type_support.c.o[0m
[5.203s] [ 57%] [32mBuilding C object CMakeFiles/tutorial_interfaces__rosidl_typesupport_introspection_c.dir/rosidl_typesupport_introspection_c/tutorial_interfaces/srv/detail/add_three_ints__type_support.c.o[0m
[5.216s] [ 59%] [32mBuilding CXX object CMakeFiles/tutorial_interfaces__rosidl_typesupport_fastrtps_c.dir/rosidl_typesupport_fastrtps_c/tutorial_interfaces/msg/detail/num__type_support_c.cpp.o[0m
[5.218s] [ 61%] [32mBuilding CXX object CMakeFiles/tutorial_interfaces__rosidl_typesupport_fastrtps_c.dir/rosidl_typesupport_fastrtps_c/tutorial_interfaces/msg/detail/sphere__type_support_c.cpp.o[0m
[5.231s] [ 63%] [32mBuilding CXX object CMakeFiles/tutorial_interfaces__rosidl_typesupport_fastrtps_c.dir/rosidl_typesupport_fastrtps_c/tutorial_interfaces/srv/detail/add_three_ints__type_support_c.cpp.o[0m
[5.232s] [ 65%] [32m[1mLinking CXX shared library libtutorial_interfaces__rosidl_typesupport_cpp.so[0m
[5.263s] [ 68%] [32m[1mLinking CXX shared library libtutorial_interfaces__rosidl_typesupport_c.so[0m
[5.278s] [ 70%] [32m[1mLinking CXX shared library libtutorial_interfaces__rosidl_typesupport_introspection_cpp.so[0m
[5.422s] [ 72%] [32m[1mLinking C shared library libtutorial_interfaces__rosidl_typesupport_introspection_c.so[0m
[5.448s] [ 74%] [32m[1mLinking CXX shared library libtutorial_interfaces__rosidl_typesupport_fastrtps_cpp.so[0m
[5.486s] [ 74%] Built target tutorial_interfaces__rosidl_typesupport_c
[5.509s] [ 74%] Built target tutorial_interfaces__rosidl_typesupport_introspection_cpp
[5.518s] [ 74%] Built target tutorial_interfaces__rosidl_typesupport_cpp
[5.541s] [ 74%] Built target tutorial_interfaces__rosidl_typesupport_introspection_c
[5.653s] [ 74%] Built target tutorial_interfaces__rosidl_typesupport_fastrtps_cpp
[5.855s] [ 76%] [32m[1mLinking CXX shared library libtutorial_interfaces__rosidl_typesupport_fastrtps_c.so[0m
[5.971s] [ 76%] Built target tutorial_interfaces__rosidl_typesupport_fastrtps_c
[5.993s] [ 76%] Built target tutorial_interfaces
[6.017s] [ 78%] [34m[1mGenerating Python code for ROS interfaces[0m
[6.691s] [ 78%] Built target tutorial_interfaces__py
[6.723s] [ 82%] [32mBuilding C object CMakeFiles/tutorial_interfaces__rosidl_generator_py.dir/rosidl_generator_py/tutorial_interfaces/srv/_add_three_ints_s.c.o[0m
[6.723s] [ 82%] [32mBuilding C object CMakeFiles/tutorial_interfaces__rosidl_generator_py.dir/rosidl_generator_py/tutorial_interfaces/msg/_sphere_s.c.o[0m
[6.725s] [ 85%] [32mBuilding C object CMakeFiles/tutorial_interfaces__rosidl_generator_py.dir/rosidl_generator_py/tutorial_interfaces/msg/_num_s.c.o[0m
[6.873s] [ 87%] [32m[1mLinking C shared library rosidl_generator_py/tutorial_interfaces/libtutorial_interfaces__rosidl_generator_py.so[0m
[6.925s] [ 87%] Built target tutorial_interfaces__rosidl_generator_py
[6.950s] [ 91%] [32mBuilding C object CMakeFiles/tutorial_interfaces__rosidl_typesupport_c__pyext.dir/rosidl_generator_py/tutorial_interfaces/_tutorial_interfaces_s.ep.rosidl_typesupport_c.c.o[0m
[6.951s] [ 91%] [32mBuilding C object CMakeFiles/tutorial_interfaces__rosidl_typesupport_fastrtps_c__pyext.dir/rosidl_generator_py/tutorial_interfaces/_tutorial_interfaces_s.ep.rosidl_typesupport_fastrtps_c.c.o[0m
[6.951s] [ 93%] [32mBuilding C object CMakeFiles/tutorial_interfaces__rosidl_typesupport_introspection_c__pyext.dir/rosidl_generator_py/tutorial_interfaces/_tutorial_interfaces_s.ep.rosidl_typesupport_introspection_c.c.o[0m
[7.070s] [ 95%] [32m[1mLinking C shared library rosidl_generator_py/tutorial_interfaces/tutorial_interfaces_s__rosidl_typesupport_introspection_c.cpython-39-x86_64-linux-gnu.so[0m
[7.070s] [ 97%] [32m[1mLinking C shared library rosidl_generator_py/tutorial_interfaces/tutorial_interfaces_s__rosidl_typesupport_fastrtps_c.cpython-39-x86_64-linux-gnu.so[0m
[7.079s] [100%] [32m[1mLinking C shared library rosidl_generator_py/tutorial_interfaces/tutorial_interfaces_s__rosidl_typesupport_c.cpython-39-x86_64-linux-gnu.so[0m
[7.122s] [100%] Built target tutorial_interfaces__rosidl_typesupport_fastrtps_c__pyext
[7.122s] [100%] Built target tutorial_interfaces__rosidl_typesupport_introspection_c__pyext
[7.134s] [100%] Built target tutorial_interfaces__rosidl_typesupport_c__pyext
[7.147s] Invoked command in '/home/leungjch/Documents/repos/wato_monorepo_v2/src/build/tutorial_interfaces' returned '0': CMAKE_PREFIX_PATH=${CMAKE_PREFIX_PATH}:/home/leungjch/Documents/repos/wato_monorepo_v2/src/install/camera_detection:/opt/ros/humble CONDA_PROMPT_MODIFIER=(base) /usr/bin/cmake --build /home/leungjch/Documents/repos/wato_monorepo_v2/src/build/tutorial_interfaces -- -j16 -l16
[7.279s] Invoking command in '/home/leungjch/Documents/repos/wato_monorepo_v2/src/build/tutorial_interfaces': CMAKE_PREFIX_PATH=${CMAKE_PREFIX_PATH}:/home/leungjch/Documents/repos/wato_monorepo_v2/src/install/camera_detection:/opt/ros/humble CONDA_PROMPT_MODIFIER=(base) /usr/bin/cmake --install /home/leungjch/Documents/repos/wato_monorepo_v2/src/build/tutorial_interfaces
[7.288s] -- Install configuration: ""
[7.288s] -- Installing: /home/leungjch/Documents/repos/wato_monorepo_v2/src/install/tutorial_interfaces/share/ament_index/resource_index/rosidl_interfaces/tutorial_interfaces
[7.288s] -- Installing: /home/leungjch/Documents/repos/wato_monorepo_v2/src/install/tutorial_interfaces/include/tutorial_interfaces/tutorial_interfaces
[7.288s] -- Installing: /home/leungjch/Documents/repos/wato_monorepo_v2/src/install/tutorial_interfaces/include/tutorial_interfaces/tutorial_interfaces/msg
[7.289s] -- Installing: /home/leungjch/Documents/repos/wato_monorepo_v2/src/install/tutorial_interfaces/include/tutorial_interfaces/tutorial_interfaces/msg/rosidl_generator_c__visibility_control.h
[7.289s] -- Installing: /home/leungjch/Documents/repos/wato_monorepo_v2/src/install/tutorial_interfaces/include/tutorial_interfaces/tutorial_interfaces/msg/num.h
[7.289s] -- Installing: /home/leungjch/Documents/repos/wato_monorepo_v2/src/install/tutorial_interfaces/include/tutorial_interfaces/tutorial_interfaces/msg/sphere.h
[7.289s] -- Installing: /home/leungjch/Documents/repos/wato_monorepo_v2/src/install/tutorial_interfaces/include/tutorial_interfaces/tutorial_interfaces/msg/detail
[7.290s] -- Installing: /home/leungjch/Documents/repos/wato_monorepo_v2/src/install/tutorial_interfaces/include/tutorial_interfaces/tutorial_interfaces/msg/detail/sphere__functions.c
[7.290s] -- Installing: /home/leungjch/Documents/repos/wato_monorepo_v2/src/install/tutorial_interfaces/include/tutorial_interfaces/tutorial_interfaces/msg/detail/sphere__struct.h
[7.290s] -- Installing: /home/leungjch/Documents/repos/wato_monorepo_v2/src/install/tutorial_interfaces/include/tutorial_interfaces/tutorial_interfaces/msg/detail/num__type_support.h
[7.290s] -- Installing: /home/leungjch/Documents/repos/wato_monorepo_v2/src/install/tutorial_interfaces/include/tutorial_interfaces/tutorial_interfaces/msg/detail/num__functions.h
[7.290s] -- Installing: /home/leungjch/Documents/repos/wato_monorepo_v2/src/install/tutorial_interfaces/include/tutorial_interfaces/tutorial_interfaces/msg/detail/num__functions.c
[7.290s] -- Installing: /home/leungjch/Documents/repos/wato_monorepo_v2/src/install/tutorial_interfaces/include/tutorial_interfaces/tutorial_interfaces/msg/detail/num__struct.h
[7.291s] -- Installing: /home/leungjch/Documents/repos/wato_monorepo_v2/src/install/tutorial_interfaces/include/tutorial_interfaces/tutorial_interfaces/msg/detail/sphere__type_support.h
[7.291s] -- Installing: /home/leungjch/Documents/repos/wato_monorepo_v2/src/install/tutorial_interfaces/include/tutorial_interfaces/tutorial_interfaces/msg/detail/sphere__functions.h
[7.291s] -- Installing: /home/leungjch/Documents/repos/wato_monorepo_v2/src/install/tutorial_interfaces/include/tutorial_interfaces/tutorial_interfaces/srv
[7.291s] -- Installing: /home/leungjch/Documents/repos/wato_monorepo_v2/src/install/tutorial_interfaces/include/tutorial_interfaces/tutorial_interfaces/srv/add_three_ints.h
[7.291s] -- Installing: /home/leungjch/Documents/repos/wato_monorepo_v2/src/install/tutorial_interfaces/include/tutorial_interfaces/tutorial_interfaces/srv/detail
[7.291s] -- Installing: /home/leungjch/Documents/repos/wato_monorepo_v2/src/install/tutorial_interfaces/include/tutorial_interfaces/tutorial_interfaces/srv/detail/add_three_ints__functions.c
[7.291s] -- Installing: /home/leungjch/Documents/repos/wato_monorepo_v2/src/install/tutorial_interfaces/include/tutorial_interfaces/tutorial_interfaces/srv/detail/add_three_ints__functions.h
[7.291s] -- Installing: /home/leungjch/Documents/repos/wato_monorepo_v2/src/install/tutorial_interfaces/include/tutorial_interfaces/tutorial_interfaces/srv/detail/add_three_ints__struct.h
[7.292s] -- Installing: /home/leungjch/Documents/repos/wato_monorepo_v2/src/install/tutorial_interfaces/include/tutorial_interfaces/tutorial_interfaces/srv/detail/add_three_ints__type_support.h
[7.292s] -- Installing: /home/leungjch/Documents/repos/wato_monorepo_v2/src/install/tutorial_interfaces/share/tutorial_interfaces/environment/library_path.sh
[7.292s] -- Installing: /home/leungjch/Documents/repos/wato_monorepo_v2/src/install/tutorial_interfaces/share/tutorial_interfaces/environment/library_path.dsv
[7.292s] -- Installing: /home/leungjch/Documents/repos/wato_monorepo_v2/src/install/tutorial_interfaces/lib/libtutorial_interfaces__rosidl_generator_c.so
[7.292s] -- Set runtime path of "/home/leungjch/Documents/repos/wato_monorepo_v2/src/install/tutorial_interfaces/lib/libtutorial_interfaces__rosidl_generator_c.so" to ""
[7.292s] -- Up-to-date: /home/leungjch/Documents/repos/wato_monorepo_v2/src/install/tutorial_interfaces/include/tutorial_interfaces/tutorial_interfaces
[7.292s] -- Up-to-date: /home/leungjch/Documents/repos/wato_monorepo_v2/src/install/tutorial_interfaces/include/tutorial_interfaces/tutorial_interfaces/msg
[7.293s] -- Installing: /home/leungjch/Documents/repos/wato_monorepo_v2/src/install/tutorial_interfaces/include/tutorial_interfaces/tutorial_interfaces/msg/rosidl_typesupport_fastrtps_c__visibility_control.h
[7.293s] -- Up-to-date: /home/leungjch/Documents/repos/wato_monorepo_v2/src/install/tutorial_interfaces/include/tutorial_interfaces/tutorial_interfaces/msg/detail
[7.293s] -- Installing: /home/leungjch/Documents/repos/wato_monorepo_v2/src/install/tutorial_interfaces/include/tutorial_interfaces/tutorial_interfaces/msg/detail/num__rosidl_typesupport_fastrtps_c.h
[7.293s] -- Installing: /home/leungjch/Documents/repos/wato_monorepo_v2/src/install/tutorial_interfaces/include/tutorial_interfaces/tutorial_interfaces/msg/detail/sphere__rosidl_typesupport_fastrtps_c.h
[7.293s] -- Up-to-date: /home/leungjch/Documents/repos/wato_monorepo_v2/src/install/tutorial_interfaces/include/tutorial_interfaces/tutorial_interfaces/srv
[7.293s] -- Up-to-date: /home/leungjch/Documents/repos/wato_monorepo_v2/src/install/tutorial_interfaces/include/tutorial_interfaces/tutorial_interfaces/srv/detail
[7.293s] -- Installing: /home/leungjch/Documents/repos/wato_monorepo_v2/src/install/tutorial_interfaces/include/tutorial_interfaces/tutorial_interfaces/srv/detail/add_three_ints__rosidl_typesupport_fastrtps_c.h
[7.293s] -- Installing: /home/leungjch/Documents/repos/wato_monorepo_v2/src/install/tutorial_interfaces/lib/libtutorial_interfaces__rosidl_typesupport_fastrtps_c.so
[7.293s] -- Set runtime path of "/home/leungjch/Documents/repos/wato_monorepo_v2/src/install/tutorial_interfaces/lib/libtutorial_interfaces__rosidl_typesupport_fastrtps_c.so" to ""
[7.294s] -- Up-to-date: /home/leungjch/Documents/repos/wato_monorepo_v2/src/install/tutorial_interfaces/include/tutorial_interfaces/tutorial_interfaces
[7.294s] -- Up-to-date: /home/leungjch/Documents/repos/wato_monorepo_v2/src/install/tutorial_interfaces/include/tutorial_interfaces/tutorial_interfaces/msg
[7.294s] -- Installing: /home/leungjch/Documents/repos/wato_monorepo_v2/src/install/tutorial_interfaces/include/tutorial_interfaces/tutorial_interfaces/msg/sphere.hpp
[7.294s] -- Installing: /home/leungjch/Documents/repos/wato_monorepo_v2/src/install/tutorial_interfaces/include/tutorial_interfaces/tutorial_interfaces/msg/num.hpp
[7.294s] -- Up-to-date: /home/leungjch/Documents/repos/wato_monorepo_v2/src/install/tutorial_interfaces/include/tutorial_interfaces/tutorial_interfaces/msg/detail
[7.294s] -- Installing: /home/leungjch/Documents/repos/wato_monorepo_v2/src/install/tutorial_interfaces/include/tutorial_interfaces/tutorial_interfaces/msg/detail/sphere__builder.hpp
[7.295s] -- Installing: /home/leungjch/Documents/repos/wato_monorepo_v2/src/install/tutorial_interfaces/include/tutorial_interfaces/tutorial_interfaces/msg/detail/num__struct.hpp
[7.295s] -- Installing: /home/leungjch/Documents/repos/wato_monorepo_v2/src/install/tutorial_interfaces/include/tutorial_interfaces/tutorial_interfaces/msg/detail/sphere__traits.hpp
[7.295s] -- Installing: /home/leungjch/Documents/repos/wato_monorepo_v2/src/install/tutorial_interfaces/include/tutorial_interfaces/tutorial_interfaces/msg/detail/sphere__struct.hpp
[7.295s] -- Installing: /home/leungjch/Documents/repos/wato_monorepo_v2/src/install/tutorial_interfaces/include/tutorial_interfaces/tutorial_interfaces/msg/detail/num__builder.hpp
[7.295s] -- Installing: /home/leungjch/Documents/repos/wato_monorepo_v2/src/install/tutorial_interfaces/include/tutorial_interfaces/tutorial_interfaces/msg/detail/num__traits.hpp
[7.295s] -- Up-to-date: /home/leungjch/Documents/repos/wato_monorepo_v2/src/install/tutorial_interfaces/include/tutorial_interfaces/tutorial_interfaces/srv
[7.296s] -- Up-to-date: /home/leungjch/Documents/repos/wato_monorepo_v2/src/install/tutorial_interfaces/include/tutorial_interfaces/tutorial_interfaces/srv/detail
[7.296s] -- Installing: /home/leungjch/Documents/repos/wato_monorepo_v2/src/install/tutorial_interfaces/include/tutorial_interfaces/tutorial_interfaces/srv/detail/add_three_ints__struct.hpp
[7.296s] -- Installing: /home/leungjch/Documents/repos/wato_monorepo_v2/src/install/tutorial_interfaces/include/tutorial_interfaces/tutorial_interfaces/srv/detail/add_three_ints__builder.hpp
[7.296s] -- Installing: /home/leungjch/Documents/repos/wato_monorepo_v2/src/install/tutorial_interfaces/include/tutorial_interfaces/tutorial_interfaces/srv/detail/add_three_ints__traits.hpp
[7.296s] -- Installing: /home/leungjch/Documents/repos/wato_monorepo_v2/src/install/tutorial_interfaces/include/tutorial_interfaces/tutorial_interfaces/srv/add_three_ints.hpp
[7.296s] -- Up-to-date: /home/leungjch/Documents/repos/wato_monorepo_v2/src/install/tutorial_interfaces/include/tutorial_interfaces/tutorial_interfaces
[7.296s] -- Up-to-date: /home/leungjch/Documents/repos/wato_monorepo_v2/src/install/tutorial_interfaces/include/tutorial_interfaces/tutorial_interfaces/msg
[7.296s] -- Up-to-date: /home/leungjch/Documents/repos/wato_monorepo_v2/src/install/tutorial_interfaces/include/tutorial_interfaces/tutorial_interfaces/msg/detail
[7.296s] -- Installing: /home/leungjch/Documents/repos/wato_monorepo_v2/src/install/tutorial_interfaces/include/tutorial_interfaces/tutorial_interfaces/msg/detail/dds_fastrtps
[7.297s] -- Installing: /home/leungjch/Documents/repos/wato_monorepo_v2/src/install/tutorial_interfaces/include/tutorial_interfaces/tutorial_interfaces/msg/detail/num__rosidl_typesupport_fastrtps_cpp.hpp
[7.297s] -- Installing: /home/leungjch/Documents/repos/wato_monorepo_v2/src/install/tutorial_interfaces/include/tutorial_interfaces/tutorial_interfaces/msg/detail/sphere__rosidl_typesupport_fastrtps_cpp.hpp
[7.297s] -- Installing: /home/leungjch/Documents/repos/wato_monorepo_v2/src/install/tutorial_interfaces/include/tutorial_interfaces/tutorial_interfaces/msg/rosidl_typesupport_fastrtps_cpp__visibility_control.h
[7.297s] -- Up-to-date: /home/leungjch/Documents/repos/wato_monorepo_v2/src/install/tutorial_interfaces/include/tutorial_interfaces/tutorial_interfaces/srv
[7.297s] -- Up-to-date: /home/leungjch/Documents/repos/wato_monorepo_v2/src/install/tutorial_interfaces/include/tutorial_interfaces/tutorial_interfaces/srv/detail
[7.297s] -- Installing: /home/leungjch/Documents/repos/wato_monorepo_v2/src/install/tutorial_interfaces/include/tutorial_interfaces/tutorial_interfaces/srv/detail/dds_fastrtps
[7.297s] -- Installing: /home/leungjch/Documents/repos/wato_monorepo_v2/src/install/tutorial_interfaces/include/tutorial_interfaces/tutorial_interfaces/srv/detail/add_three_ints__rosidl_typesupport_fastrtps_cpp.hpp
[7.297s] -- Installing: /home/leungjch/Documents/repos/wato_monorepo_v2/src/install/tutorial_interfaces/lib/libtutorial_interfaces__rosidl_typesupport_fastrtps_cpp.so
[7.297s] -- Set runtime path of "/home/leungjch/Documents/repos/wato_monorepo_v2/src/install/tutorial_interfaces/lib/libtutorial_interfaces__rosidl_typesupport_fastrtps_cpp.so" to ""
[7.297s] -- Up-to-date: /home/leungjch/Documents/repos/wato_monorepo_v2/src/install/tutorial_interfaces/include/tutorial_interfaces/tutorial_interfaces
[7.298s] -- Up-to-date: /home/leungjch/Documents/repos/wato_monorepo_v2/src/install/tutorial_interfaces/include/tutorial_interfaces/tutorial_interfaces/msg
[7.298s] -- Installing: /home/leungjch/Documents/repos/wato_monorepo_v2/src/install/tutorial_interfaces/include/tutorial_interfaces/tutorial_interfaces/msg/rosidl_typesupport_introspection_c__visibility_control.h
[7.298s] -- Up-to-date: /home/leungjch/Documents/repos/wato_monorepo_v2/src/install/tutorial_interfaces/include/tutorial_interfaces/tutorial_interfaces/msg/detail
[7.298s] -- Installing: /home/leungjch/Documents/repos/wato_monorepo_v2/src/install/tutorial_interfaces/include/tutorial_interfaces/tutorial_interfaces/msg/detail/num__type_support.c
[7.298s] -- Installing: /home/leungjch/Documents/repos/wato_monorepo_v2/src/install/tutorial_interfaces/include/tutorial_interfaces/tutorial_interfaces/msg/detail/sphere__rosidl_typesupport_introspection_c.h
[7.298s] -- Installing: /home/leungjch/Documents/repos/wato_monorepo_v2/src/install/tutorial_interfaces/include/tutorial_interfaces/tutorial_interfaces/msg/detail/num__rosidl_typesupport_introspection_c.h
[7.298s] -- Installing: /home/leungjch/Documents/repos/wato_monorepo_v2/src/install/tutorial_interfaces/include/tutorial_interfaces/tutorial_interfaces/msg/detail/sphere__type_support.c
[7.298s] -- Up-to-date: /home/leungjch/Documents/repos/wato_monorepo_v2/src/install/tutorial_interfaces/include/tutorial_interfaces/tutorial_interfaces/srv
[7.299s] -- Up-to-date: /home/leungjch/Documents/repos/wato_monorepo_v2/src/install/tutorial_interfaces/include/tutorial_interfaces/tutorial_interfaces/srv/detail
[7.299s] -- Installing: /home/leungjch/Documents/repos/wato_monorepo_v2/src/install/tutorial_interfaces/include/tutorial_interfaces/tutorial_interfaces/srv/detail/add_three_ints__type_support.c
[7.299s] -- Installing: /home/leungjch/Documents/repos/wato_monorepo_v2/src/install/tutorial_interfaces/include/tutorial_interfaces/tutorial_interfaces/srv/detail/add_three_ints__rosidl_typesupport_introspection_c.h
[7.299s] -- Installing: /home/leungjch/Documents/repos/wato_monorepo_v2/src/install/tutorial_interfaces/lib/libtutorial_interfaces__rosidl_typesupport_introspection_c.so
[7.299s] -- Set runtime path of "/home/leungjch/Documents/repos/wato_monorepo_v2/src/install/tutorial_interfaces/lib/libtutorial_interfaces__rosidl_typesupport_introspection_c.so" to ""
[7.299s] -- Installing: /home/leungjch/Documents/repos/wato_monorepo_v2/src/install/tutorial_interfaces/lib/libtutorial_interfaces__rosidl_typesupport_c.so
[7.299s] -- Set runtime path of "/home/leungjch/Documents/repos/wato_monorepo_v2/src/install/tutorial_interfaces/lib/libtutorial_interfaces__rosidl_typesupport_c.so" to ""
[7.299s] -- Up-to-date: /home/leungjch/Documents/repos/wato_monorepo_v2/src/install/tutorial_interfaces/include/tutorial_interfaces/tutorial_interfaces
[7.300s] -- Up-to-date: /home/leungjch/Documents/repos/wato_monorepo_v2/src/install/tutorial_interfaces/include/tutorial_interfaces/tutorial_interfaces/msg
[7.300s] -- Up-to-date: /home/leungjch/Documents/repos/wato_monorepo_v2/src/install/tutorial_interfaces/include/tutorial_interfaces/tutorial_interfaces/msg/detail
[7.300s] -- Installing: /home/leungjch/Documents/repos/wato_monorepo_v2/src/install/tutorial_interfaces/include/tutorial_interfaces/tutorial_interfaces/msg/detail/num__rosidl_typesupport_introspection_cpp.hpp
[7.300s] -- Installing: /home/leungjch/Documents/repos/wato_monorepo_v2/src/install/tutorial_interfaces/include/tutorial_interfaces/tutorial_interfaces/msg/detail/sphere__rosidl_typesupport_introspection_cpp.hpp
[7.300s] -- Installing: /home/leungjch/Documents/repos/wato_monorepo_v2/src/install/tutorial_interfaces/include/tutorial_interfaces/tutorial_interfaces/msg/detail/num__type_support.cpp
[7.300s] -- Installing: /home/leungjch/Documents/repos/wato_monorepo_v2/src/install/tutorial_interfaces/include/tutorial_interfaces/tutorial_interfaces/msg/detail/sphere__type_support.cpp
[7.300s] -- Up-to-date: /home/leungjch/Documents/repos/wato_monorepo_v2/src/install/tutorial_interfaces/include/tutorial_interfaces/tutorial_interfaces/srv
[7.300s] -- Up-to-date: /home/leungjch/Documents/repos/wato_monorepo_v2/src/install/tutorial_interfaces/include/tutorial_interfaces/tutorial_interfaces/srv/detail
[7.301s] -- Installing: /home/leungjch/Documents/repos/wato_monorepo_v2/src/install/tutorial_interfaces/include/tutorial_interfaces/tutorial_interfaces/srv/detail/add_three_ints__type_support.cpp
[7.301s] -- Installing: /home/leungjch/Documents/repos/wato_monorepo_v2/src/install/tutorial_interfaces/include/tutorial_interfaces/tutorial_interfaces/srv/detail/add_three_ints__rosidl_typesupport_introspection_cpp.hpp
[7.301s] -- Installing: /home/leungjch/Documents/repos/wato_monorepo_v2/src/install/tutorial_interfaces/lib/libtutorial_interfaces__rosidl_typesupport_introspection_cpp.so
[7.301s] -- Set runtime path of "/home/leungjch/Documents/repos/wato_monorepo_v2/src/install/tutorial_interfaces/lib/libtutorial_interfaces__rosidl_typesupport_introspection_cpp.so" to ""
[7.301s] -- Installing: /home/leungjch/Documents/repos/wato_monorepo_v2/src/install/tutorial_interfaces/lib/libtutorial_interfaces__rosidl_typesupport_cpp.so
[7.301s] -- Set runtime path of "/home/leungjch/Documents/repos/wato_monorepo_v2/src/install/tutorial_interfaces/lib/libtutorial_interfaces__rosidl_typesupport_cpp.so" to ""
[7.301s] -- Installing: /home/leungjch/Documents/repos/wato_monorepo_v2/src/install/tutorial_interfaces/share/tutorial_interfaces/environment/pythonpath.sh
[7.301s] -- Installing: /home/leungjch/Documents/repos/wato_monorepo_v2/src/install/tutorial_interfaces/share/tutorial_interfaces/environment/pythonpath.dsv
[7.301s] -- Installing: /home/leungjch/Documents/repos/wato_monorepo_v2/src/install/tutorial_interfaces/local/lib/python3.10/dist-packages/tutorial_interfaces-0.0.0-py3.10.egg-info
[7.302s] -- Installing: /home/leungjch/Documents/repos/wato_monorepo_v2/src/install/tutorial_interfaces/local/lib/python3.10/dist-packages/tutorial_interfaces-0.0.0-py3.10.egg-info/dependency_links.txt
[7.302s] -- Installing: /home/leungjch/Documents/repos/wato_monorepo_v2/src/install/tutorial_interfaces/local/lib/python3.10/dist-packages/tutorial_interfaces-0.0.0-py3.10.egg-info/top_level.txt
[7.302s] -- Installing: /home/leungjch/Documents/repos/wato_monorepo_v2/src/install/tutorial_interfaces/local/lib/python3.10/dist-packages/tutorial_interfaces-0.0.0-py3.10.egg-info/SOURCES.txt
[7.302s] -- Installing: /home/leungjch/Documents/repos/wato_monorepo_v2/src/install/tutorial_interfaces/local/lib/python3.10/dist-packages/tutorial_interfaces-0.0.0-py3.10.egg-info/PKG-INFO
[7.302s] -- Installing: /home/leungjch/Documents/repos/wato_monorepo_v2/src/install/tutorial_interfaces/local/lib/python3.10/dist-packages/tutorial_interfaces
[7.302s] -- Installing: /home/leungjch/Documents/repos/wato_monorepo_v2/src/install/tutorial_interfaces/local/lib/python3.10/dist-packages/tutorial_interfaces/_tutorial_interfaces_s.ep.rosidl_typesupport_fastrtps_c.c
[7.302s] -- Installing: /home/leungjch/Documents/repos/wato_monorepo_v2/src/install/tutorial_interfaces/local/lib/python3.10/dist-packages/tutorial_interfaces/__init__.py
[7.302s] -- Installing: /home/leungjch/Documents/repos/wato_monorepo_v2/src/install/tutorial_interfaces/local/lib/python3.10/dist-packages/tutorial_interfaces/_tutorial_interfaces_s.ep.rosidl_typesupport_c.c
[7.303s] -- Installing: /home/leungjch/Documents/repos/wato_monorepo_v2/src/install/tutorial_interfaces/local/lib/python3.10/dist-packages/tutorial_interfaces/tutorial_interfaces_s__rosidl_typesupport_c.cpython-39-x86_64-linux-gnu.so
[7.303s] -- Installing: /home/leungjch/Documents/repos/wato_monorepo_v2/src/install/tutorial_interfaces/local/lib/python3.10/dist-packages/tutorial_interfaces/msg
[7.303s] -- Installing: /home/leungjch/Documents/repos/wato_monorepo_v2/src/install/tutorial_interfaces/local/lib/python3.10/dist-packages/tutorial_interfaces/msg/_num.py
[7.303s] -- Installing: /home/leungjch/Documents/repos/wato_monorepo_v2/src/install/tutorial_interfaces/local/lib/python3.10/dist-packages/tutorial_interfaces/msg/_sphere.py
[7.303s] -- Installing: /home/leungjch/Documents/repos/wato_monorepo_v2/src/install/tutorial_interfaces/local/lib/python3.10/dist-packages/tutorial_interfaces/msg/__init__.py
[7.303s] -- Installing: /home/leungjch/Documents/repos/wato_monorepo_v2/src/install/tutorial_interfaces/local/lib/python3.10/dist-packages/tutorial_interfaces/msg/_num_s.c
[7.303s] -- Installing: /home/leungjch/Documents/repos/wato_monorepo_v2/src/install/tutorial_interfaces/local/lib/python3.10/dist-packages/tutorial_interfaces/msg/_sphere_s.c
[7.303s] -- Installing: /home/leungjch/Documents/repos/wato_monorepo_v2/src/install/tutorial_interfaces/local/lib/python3.10/dist-packages/tutorial_interfaces/_tutorial_interfaces_s.ep.rosidl_typesupport_introspection_c.c
[7.303s] -- Installing: /home/leungjch/Documents/repos/wato_monorepo_v2/src/install/tutorial_interfaces/local/lib/python3.10/dist-packages/tutorial_interfaces/srv
[7.304s] -- Installing: /home/leungjch/Documents/repos/wato_monorepo_v2/src/install/tutorial_interfaces/local/lib/python3.10/dist-packages/tutorial_interfaces/srv/_add_three_ints_s.c
[7.304s] -- Installing: /home/leungjch/Documents/repos/wato_monorepo_v2/src/install/tutorial_interfaces/local/lib/python3.10/dist-packages/tutorial_interfaces/srv/_add_three_ints.py
[7.304s] -- Installing: /home/leungjch/Documents/repos/wato_monorepo_v2/src/install/tutorial_interfaces/local/lib/python3.10/dist-packages/tutorial_interfaces/srv/__init__.py
[7.304s] -- Installing: /home/leungjch/Documents/repos/wato_monorepo_v2/src/install/tutorial_interfaces/local/lib/python3.10/dist-packages/tutorial_interfaces/libtutorial_interfaces__rosidl_generator_py.so
[7.304s] -- Installing: /home/leungjch/Documents/repos/wato_monorepo_v2/src/install/tutorial_interfaces/local/lib/python3.10/dist-packages/tutorial_interfaces/tutorial_interfaces_s__rosidl_typesupport_fastrtps_c.cpython-39-x86_64-linux-gnu.so
[7.304s] -- Installing: /home/leungjch/Documents/repos/wato_monorepo_v2/src/install/tutorial_interfaces/local/lib/python3.10/dist-packages/tutorial_interfaces/tutorial_interfaces_s__rosidl_typesupport_introspection_c.cpython-39-x86_64-linux-gnu.so
[7.346s] Listing '/home/leungjch/Documents/repos/wato_monorepo_v2/src/install/tutorial_interfaces/local/lib/python3.10/dist-packages/tutorial_interfaces'...
[7.347s] Compiling '/home/leungjch/Documents/repos/wato_monorepo_v2/src/install/tutorial_interfaces/local/lib/python3.10/dist-packages/tutorial_interfaces/__init__.py'...
[7.347s] Listing '/home/leungjch/Documents/repos/wato_monorepo_v2/src/install/tutorial_interfaces/local/lib/python3.10/dist-packages/tutorial_interfaces/msg'...
[7.347s] Compiling '/home/leungjch/Documents/repos/wato_monorepo_v2/src/install/tutorial_interfaces/local/lib/python3.10/dist-packages/tutorial_interfaces/msg/__init__.py'...
[7.347s] Compiling '/home/leungjch/Documents/repos/wato_monorepo_v2/src/install/tutorial_interfaces/local/lib/python3.10/dist-packages/tutorial_interfaces/msg/_num.py'...
[7.347s] Compiling '/home/leungjch/Documents/repos/wato_monorepo_v2/src/install/tutorial_interfaces/local/lib/python3.10/dist-packages/tutorial_interfaces/msg/_sphere.py'...
[7.347s] Listing '/home/leungjch/Documents/repos/wato_monorepo_v2/src/install/tutorial_interfaces/local/lib/python3.10/dist-packages/tutorial_interfaces/srv'...
[7.347s] Compiling '/home/leungjch/Documents/repos/wato_monorepo_v2/src/install/tutorial_interfaces/local/lib/python3.10/dist-packages/tutorial_interfaces/srv/__init__.py'...
[7.347s] Compiling '/home/leungjch/Documents/repos/wato_monorepo_v2/src/install/tutorial_interfaces/local/lib/python3.10/dist-packages/tutorial_interfaces/srv/_add_three_ints.py'...
[7.352s] -- Installing: /home/leungjch/Documents/repos/wato_monorepo_v2/src/install/tutorial_interfaces/local/lib/python3.10/dist-packages/tutorial_interfaces/tutorial_interfaces_s__rosidl_typesupport_fastrtps_c.cpython-39-x86_64-linux-gnu.so
[7.352s] -- Set runtime path of "/home/leungjch/Documents/repos/wato_monorepo_v2/src/install/tutorial_interfaces/local/lib/python3.10/dist-packages/tutorial_interfaces/tutorial_interfaces_s__rosidl_typesupport_fastrtps_c.cpython-39-x86_64-linux-gnu.so" to ""
[7.352s] -- Installing: /home/leungjch/Documents/repos/wato_monorepo_v2/src/install/tutorial_interfaces/local/lib/python3.10/dist-packages/tutorial_interfaces/tutorial_interfaces_s__rosidl_typesupport_introspection_c.cpython-39-x86_64-linux-gnu.so
[7.352s] -- Set runtime path of "/home/leungjch/Documents/repos/wato_monorepo_v2/src/install/tutorial_interfaces/local/lib/python3.10/dist-packages/tutorial_interfaces/tutorial_interfaces_s__rosidl_typesupport_introspection_c.cpython-39-x86_64-linux-gnu.so" to ""
[7.353s] -- Installing: /home/leungjch/Documents/repos/wato_monorepo_v2/src/install/tutorial_interfaces/local/lib/python3.10/dist-packages/tutorial_interfaces/tutorial_interfaces_s__rosidl_typesupport_c.cpython-39-x86_64-linux-gnu.so
[7.353s] -- Set runtime path of "/home/leungjch/Documents/repos/wato_monorepo_v2/src/install/tutorial_interfaces/local/lib/python3.10/dist-packages/tutorial_interfaces/tutorial_interfaces_s__rosidl_typesupport_c.cpython-39-x86_64-linux-gnu.so" to ""
[7.353s] -- Installing: /home/leungjch/Documents/repos/wato_monorepo_v2/src/install/tutorial_interfaces/lib/libtutorial_interfaces__rosidl_generator_py.so
[7.353s] -- Set runtime path of "/home/leungjch/Documents/repos/wato_monorepo_v2/src/install/tutorial_interfaces/lib/libtutorial_interfaces__rosidl_generator_py.so" to ""
[7.353s] -- Installing: /home/leungjch/Documents/repos/wato_monorepo_v2/src/install/tutorial_interfaces/share/tutorial_interfaces/msg/Num.idl
[7.354s] -- Installing: /home/leungjch/Documents/repos/wato_monorepo_v2/src/install/tutorial_interfaces/share/tutorial_interfaces/msg/Sphere.idl
[7.354s] -- Installing: /home/leungjch/Documents/repos/wato_monorepo_v2/src/install/tutorial_interfaces/share/tutorial_interfaces/srv/AddThreeInts.idl
[7.354s] -- Installing: /home/leungjch/Documents/repos/wato_monorepo_v2/src/install/tutorial_interfaces/share/tutorial_interfaces/msg/Num.msg
[7.354s] -- Installing: /home/leungjch/Documents/repos/wato_monorepo_v2/src/install/tutorial_interfaces/share/tutorial_interfaces/msg/Sphere.msg
[7.354s] -- Installing: /home/leungjch/Documents/repos/wato_monorepo_v2/src/install/tutorial_interfaces/share/tutorial_interfaces/srv/AddThreeInts.srv
[7.355s] -- Installing: /home/leungjch/Documents/repos/wato_monorepo_v2/src/install/tutorial_interfaces/share/tutorial_interfaces/srv/AddThreeInts_Request.msg
[7.355s] -- Installing: /home/leungjch/Documents/repos/wato_monorepo_v2/src/install/tutorial_interfaces/share/tutorial_interfaces/srv/AddThreeInts_Response.msg
[7.355s] -- Installing: /home/leungjch/Documents/repos/wato_monorepo_v2/src/install/tutorial_interfaces/share/ament_index/resource_index/package_run_dependencies/tutorial_interfaces
[7.355s] -- Installing: /home/leungjch/Documents/repos/wato_monorepo_v2/src/install/tutorial_interfaces/share/ament_index/resource_index/parent_prefix_path/tutorial_interfaces
[7.355s] -- Installing: /home/leungjch/Documents/repos/wato_monorepo_v2/src/install/tutorial_interfaces/share/tutorial_interfaces/environment/ament_prefix_path.sh
[7.355s] -- Installing: /home/leungjch/Documents/repos/wato_monorepo_v2/src/install/tutorial_interfaces/share/tutorial_interfaces/environment/ament_prefix_path.dsv
[7.356s] -- Installing: /home/leungjch/Documents/repos/wato_monorepo_v2/src/install/tutorial_interfaces/share/tutorial_interfaces/environment/path.sh
[7.356s] -- Installing: /home/leungjch/Documents/repos/wato_monorepo_v2/src/install/tutorial_interfaces/share/tutorial_interfaces/environment/path.dsv
[7.356s] -- Installing: /home/leungjch/Documents/repos/wato_monorepo_v2/src/install/tutorial_interfaces/share/tutorial_interfaces/local_setup.bash
[7.356s] -- Installing: /home/leungjch/Documents/repos/wato_monorepo_v2/src/install/tutorial_interfaces/share/tutorial_interfaces/local_setup.sh
[7.356s] -- Installing: /home/leungjch/Documents/repos/wato_monorepo_v2/src/install/tutorial_interfaces/share/tutorial_interfaces/local_setup.zsh
[7.356s] -- Installing: /home/leungjch/Documents/repos/wato_monorepo_v2/src/install/tutorial_interfaces/share/tutorial_interfaces/local_setup.dsv
[7.356s] -- Installing: /home/leungjch/Documents/repos/wato_monorepo_v2/src/install/tutorial_interfaces/share/tutorial_interfaces/package.dsv
[7.357s] -- Installing: /home/leungjch/Documents/repos/wato_monorepo_v2/src/install/tutorial_interfaces/share/ament_index/resource_index/packages/tutorial_interfaces
[7.357s] -- Installing: /home/leungjch/Documents/repos/wato_monorepo_v2/src/install/tutorial_interfaces/share/tutorial_interfaces/cmake/export_tutorial_interfaces__rosidl_generator_cExport.cmake
[7.357s] -- Installing: /home/leungjch/Documents/repos/wato_monorepo_v2/src/install/tutorial_interfaces/share/tutorial_interfaces/cmake/export_tutorial_interfaces__rosidl_generator_cExport-noconfig.cmake
[7.357s] -- Installing: /home/leungjch/Documents/repos/wato_monorepo_v2/src/install/tutorial_interfaces/share/tutorial_interfaces/cmake/export_tutorial_interfaces__rosidl_typesupport_fastrtps_cExport.cmake
[7.357s] -- Installing: /home/leungjch/Documents/repos/wato_monorepo_v2/src/install/tutorial_interfaces/share/tutorial_interfaces/cmake/export_tutorial_interfaces__rosidl_typesupport_fastrtps_cExport-noconfig.cmake
[7.357s] -- Installing: /home/leungjch/Documents/repos/wato_monorepo_v2/src/install/tutorial_interfaces/share/tutorial_interfaces/cmake/export_tutorial_interfaces__rosidl_generator_cppExport.cmake
[7.358s] -- Installing: /home/leungjch/Documents/repos/wato_monorepo_v2/src/install/tutorial_interfaces/share/tutorial_interfaces/cmake/export_tutorial_interfaces__rosidl_typesupport_fastrtps_cppExport.cmake
[7.358s] -- Installing: /home/leungjch/Documents/repos/wato_monorepo_v2/src/install/tutorial_interfaces/share/tutorial_interfaces/cmake/export_tutorial_interfaces__rosidl_typesupport_fastrtps_cppExport-noconfig.cmake
[7.358s] -- Installing: /home/leungjch/Documents/repos/wato_monorepo_v2/src/install/tutorial_interfaces/share/tutorial_interfaces/cmake/tutorial_interfaces__rosidl_typesupport_introspection_cExport.cmake
[7.358s] -- Installing: /home/leungjch/Documents/repos/wato_monorepo_v2/src/install/tutorial_interfaces/share/tutorial_interfaces/cmake/tutorial_interfaces__rosidl_typesupport_introspection_cExport-noconfig.cmake
[7.359s] -- Installing: /home/leungjch/Documents/repos/wato_monorepo_v2/src/install/tutorial_interfaces/share/tutorial_interfaces/cmake/tutorial_interfaces__rosidl_typesupport_cExport.cmake
[7.359s] -- Installing: /home/leungjch/Documents/repos/wato_monorepo_v2/src/install/tutorial_interfaces/share/tutorial_interfaces/cmake/tutorial_interfaces__rosidl_typesupport_cExport-noconfig.cmake
[7.359s] -- Installing: /home/leungjch/Documents/repos/wato_monorepo_v2/src/install/tutorial_interfaces/share/tutorial_interfaces/cmake/tutorial_interfaces__rosidl_typesupport_introspection_cppExport.cmake
[7.359s] -- Installing: /home/leungjch/Documents/repos/wato_monorepo_v2/src/install/tutorial_interfaces/share/tutorial_interfaces/cmake/tutorial_interfaces__rosidl_typesupport_introspection_cppExport-noconfig.cmake
[7.359s] -- Installing: /home/leungjch/Documents/repos/wato_monorepo_v2/src/install/tutorial_interfaces/share/tutorial_interfaces/cmake/tutorial_interfaces__rosidl_typesupport_cppExport.cmake
[7.359s] -- Installing: /home/leungjch/Documents/repos/wato_monorepo_v2/src/install/tutorial_interfaces/share/tutorial_interfaces/cmake/tutorial_interfaces__rosidl_typesupport_cppExport-noconfig.cmake
[7.359s] -- Installing: /home/leungjch/Documents/repos/wato_monorepo_v2/src/install/tutorial_interfaces/share/tutorial_interfaces/cmake/export_tutorial_interfaces__rosidl_generator_pyExport.cmake
[7.360s] -- Installing: /home/leungjch/Documents/repos/wato_monorepo_v2/src/install/tutorial_interfaces/share/tutorial_interfaces/cmake/export_tutorial_interfaces__rosidl_generator_pyExport-noconfig.cmake
[7.360s] -- Installing: /home/leungjch/Documents/repos/wato_monorepo_v2/src/install/tutorial_interfaces/share/tutorial_interfaces/cmake/rosidl_cmake-extras.cmake
[7.360s] -- Installing: /home/leungjch/Documents/repos/wato_monorepo_v2/src/install/tutorial_interfaces/share/tutorial_interfaces/cmake/ament_cmake_export_dependencies-extras.cmake
[7.360s] -- Installing: /home/leungjch/Documents/repos/wato_monorepo_v2/src/install/tutorial_interfaces/share/tutorial_interfaces/cmake/ament_cmake_export_include_directories-extras.cmake
[7.360s] -- Installing: /home/leungjch/Documents/repos/wato_monorepo_v2/src/install/tutorial_interfaces/share/tutorial_interfaces/cmake/ament_cmake_export_libraries-extras.cmake
[7.360s] -- Installing: /home/leungjch/Documents/repos/wato_monorepo_v2/src/install/tutorial_interfaces/share/tutorial_interfaces/cmake/ament_cmake_export_targets-extras.cmake
[7.360s] -- Installing: /home/leungjch/Documents/repos/wato_monorepo_v2/src/install/tutorial_interfaces/share/tutorial_interfaces/cmake/rosidl_cmake_export_typesupport_targets-extras.cmake
[7.361s] -- Installing: /home/leungjch/Documents/repos/wato_monorepo_v2/src/install/tutorial_interfaces/share/tutorial_interfaces/cmake/rosidl_cmake_export_typesupport_libraries-extras.cmake
[7.361s] -- Installing: /home/leungjch/Documents/repos/wato_monorepo_v2/src/install/tutorial_interfaces/share/tutorial_interfaces/cmake/tutorial_interfacesConfig.cmake
[7.361s] -- Installing: /home/leungjch/Documents/repos/wato_monorepo_v2/src/install/tutorial_interfaces/share/tutorial_interfaces/cmake/tutorial_interfacesConfig-version.cmake
[7.361s] -- Installing: /home/leungjch/Documents/repos/wato_monorepo_v2/src/install/tutorial_interfaces/share/tutorial_interfaces/package.xml
[7.367s] Invoked command in '/home/leungjch/Documents/repos/wato_monorepo_v2/src/build/tutorial_interfaces' returned '0': CMAKE_PREFIX_PATH=${CMAKE_PREFIX_PATH}:/home/leungjch/Documents/repos/wato_monorepo_v2/src/install/camera_detection:/opt/ros/humble CONDA_PROMPT_MODIFIER=(base) /usr/bin/cmake --install /home/leungjch/Documents/repos/wato_monorepo_v2/src/build/tutorial_interfaces
