[0.041s] Invoking command in '/home/leungjch/Documents/repos/wato_monorepo_v2/src/build/sample_msgs': CMAKE_PREFIX_PATH=${CMAKE_PREFIX_PATH}:/home/leungjch/Documents/repos/wato_monorepo_v2/src/install/py_pubsub:/home/leungjch/Documents/repos/wato_monorepo_v2/src/install/camera_detection:/opt/ros/humble CONDA_PROMPT_MODIFIER=(base) /usr/bin/cmake --build /home/leungjch/Documents/repos/wato_monorepo_v2/src/build/sample_msgs -- -j16 -l16
[0.113s] [  2%] Built target sample_msgs__cpp
[0.120s] [ 16%] Built target sample_msgs__rosidl_generator_c
[0.157s] [ 37%] Built target sample_msgs__rosidl_typesupport_cpp
[0.158s] [ 44%] Built target sample_msgs__rosidl_typesupport_introspection_cpp
[0.159s] [ 58%] Built target sample_msgs__rosidl_typesupport_fastrtps_cpp
[0.163s] [ 86%] Built target sample_msgs__rosidl_typesupport_c
[0.164s] [ 76%] Built target sample_msgs__rosidl_typesupport_fastrtps_c
[0.173s] [100%] Built target sample_msgs__rosidl_typesupport_introspection_c
[0.201s] [100%] Built target sample_msgs
[0.217s] Invoked command in '/home/leungjch/Documents/repos/wato_monorepo_v2/src/build/sample_msgs' returned '0': CMAKE_PREFIX_PATH=${CMAKE_PREFIX_PATH}:/home/leungjch/Documents/repos/wato_monorepo_v2/src/install/py_pubsub:/home/leungjch/Documents/repos/wato_monorepo_v2/src/install/camera_detection:/opt/ros/humble CONDA_PROMPT_MODIFIER=(base) /usr/bin/cmake --build /home/leungjch/Documents/repos/wato_monorepo_v2/src/build/sample_msgs -- -j16 -l16
[0.339s] Invoking command in '/home/leungjch/Documents/repos/wato_monorepo_v2/src/build/sample_msgs': CMAKE_PREFIX_PATH=${CMAKE_PREFIX_PATH}:/home/leungjch/Documents/repos/wato_monorepo_v2/src/install/py_pubsub:/home/leungjch/Documents/repos/wato_monorepo_v2/src/install/camera_detection:/opt/ros/humble CONDA_PROMPT_MODIFIER=(base) /usr/bin/cmake --install /home/leungjch/Documents/repos/wato_monorepo_v2/src/build/sample_msgs
[0.349s] -- Install configuration: ""
[0.349s] -- Up-to-date: /home/leungjch/Documents/repos/wato_monorepo_v2/src/install/sample_msgs/share/ament_index/resource_index/rosidl_interfaces/sample_msgs
[0.349s] -- Up-to-date: /home/leungjch/Documents/repos/wato_monorepo_v2/src/install/sample_msgs/include/sample_msgs/sample_msgs
[0.349s] -- Up-to-date: /home/leungjch/Documents/repos/wato_monorepo_v2/src/install/sample_msgs/include/sample_msgs/sample_msgs/msg
[0.350s] -- Up-to-date: /home/leungjch/Documents/repos/wato_monorepo_v2/src/install/sample_msgs/include/sample_msgs/sample_msgs/msg/filtered.h
[0.350s] -- Up-to-date: /home/leungjch/Documents/repos/wato_monorepo_v2/src/install/sample_msgs/include/sample_msgs/sample_msgs/msg/rosidl_generator_c__visibility_control.h
[0.350s] -- Up-to-date: /home/leungjch/Documents/repos/wato_monorepo_v2/src/install/sample_msgs/include/sample_msgs/sample_msgs/msg/filtered_array.h
[0.351s] -- Up-to-date: /home/leungjch/Documents/repos/wato_monorepo_v2/src/install/sample_msgs/include/sample_msgs/sample_msgs/msg/metadata.h
[0.351s] -- Up-to-date: /home/leungjch/Documents/repos/wato_monorepo_v2/src/install/sample_msgs/include/sample_msgs/sample_msgs/msg/unfiltered.h
[0.351s] -- Up-to-date: /home/leungjch/Documents/repos/wato_monorepo_v2/src/install/sample_msgs/include/sample_msgs/sample_msgs/msg/detail
[0.351s] -- Up-to-date: /home/leungjch/Documents/repos/wato_monorepo_v2/src/install/sample_msgs/include/sample_msgs/sample_msgs/msg/detail/unfiltered__functions.c
[0.352s] -- Up-to-date: /home/leungjch/Documents/repos/wato_monorepo_v2/src/install/sample_msgs/include/sample_msgs/sample_msgs/msg/detail/metadata__struct.h
[0.352s] -- Up-to-date: /home/leungjch/Documents/repos/wato_monorepo_v2/src/install/sample_msgs/include/sample_msgs/sample_msgs/msg/detail/unfiltered__type_support.h
[0.352s] -- Up-to-date: /home/leungjch/Documents/repos/wato_monorepo_v2/src/install/sample_msgs/include/sample_msgs/sample_msgs/msg/detail/filtered__functions.c
[0.352s] -- Up-to-date: /home/leungjch/Documents/repos/wato_monorepo_v2/src/install/sample_msgs/include/sample_msgs/sample_msgs/msg/detail/filtered_array__functions.c
[0.352s] -- Up-to-date: /home/leungjch/Documents/repos/wato_monorepo_v2/src/install/sample_msgs/include/sample_msgs/sample_msgs/msg/detail/unfiltered__functions.h
[0.352s] -- Up-to-date: /home/leungjch/Documents/repos/wato_monorepo_v2/src/install/sample_msgs/include/sample_msgs/sample_msgs/msg/detail/filtered_array__struct.h
[0.352s] -- Up-to-date: /home/leungjch/Documents/repos/wato_monorepo_v2/src/install/sample_msgs/include/sample_msgs/sample_msgs/msg/detail/metadata__type_support.h
[0.352s] -- Up-to-date: /home/leungjch/Documents/repos/wato_monorepo_v2/src/install/sample_msgs/include/sample_msgs/sample_msgs/msg/detail/unfiltered__struct.h
[0.353s] -- Up-to-date: /home/leungjch/Documents/repos/wato_monorepo_v2/src/install/sample_msgs/include/sample_msgs/sample_msgs/msg/detail/filtered__struct.h
[0.353s] -- Up-to-date: /home/leungjch/Documents/repos/wato_monorepo_v2/src/install/sample_msgs/include/sample_msgs/sample_msgs/msg/detail/filtered__functions.h
[0.353s] -- Up-to-date: /home/leungjch/Documents/repos/wato_monorepo_v2/src/install/sample_msgs/include/sample_msgs/sample_msgs/msg/detail/metadata__functions.c
[0.353s] -- Up-to-date: /home/leungjch/Documents/repos/wato_monorepo_v2/src/install/sample_msgs/include/sample_msgs/sample_msgs/msg/detail/filtered__type_support.h
[0.353s] -- Up-to-date: /home/leungjch/Documents/repos/wato_monorepo_v2/src/install/sample_msgs/include/sample_msgs/sample_msgs/msg/detail/filtered_array__type_support.h
[0.353s] -- Up-to-date: /home/leungjch/Documents/repos/wato_monorepo_v2/src/install/sample_msgs/include/sample_msgs/sample_msgs/msg/detail/metadata__functions.h
[0.353s] -- Up-to-date: /home/leungjch/Documents/repos/wato_monorepo_v2/src/install/sample_msgs/include/sample_msgs/sample_msgs/msg/detail/filtered_array__functions.h
[0.353s] -- Up-to-date: /home/leungjch/Documents/repos/wato_monorepo_v2/src/install/sample_msgs/share/sample_msgs/environment/library_path.sh
[0.353s] -- Up-to-date: /home/leungjch/Documents/repos/wato_monorepo_v2/src/install/sample_msgs/share/sample_msgs/environment/library_path.dsv
[0.353s] -- Up-to-date: /home/leungjch/Documents/repos/wato_monorepo_v2/src/install/sample_msgs/lib/libsample_msgs__rosidl_generator_c.so
[0.353s] -- Up-to-date: /home/leungjch/Documents/repos/wato_monorepo_v2/src/install/sample_msgs/include/sample_msgs/sample_msgs
[0.353s] -- Up-to-date: /home/leungjch/Documents/repos/wato_monorepo_v2/src/install/sample_msgs/include/sample_msgs/sample_msgs/msg
[0.354s] -- Up-to-date: /home/leungjch/Documents/repos/wato_monorepo_v2/src/install/sample_msgs/include/sample_msgs/sample_msgs/msg/rosidl_typesupport_fastrtps_c__visibility_control.h
[0.354s] -- Up-to-date: /home/leungjch/Documents/repos/wato_monorepo_v2/src/install/sample_msgs/include/sample_msgs/sample_msgs/msg/detail
[0.354s] -- Up-to-date: /home/leungjch/Documents/repos/wato_monorepo_v2/src/install/sample_msgs/include/sample_msgs/sample_msgs/msg/detail/filtered_array__rosidl_typesupport_fastrtps_c.h
[0.355s] -- Up-to-date: /home/leungjch/Documents/repos/wato_monorepo_v2/src/install/sample_msgs/include/sample_msgs/sample_msgs/msg/detail/metadata__rosidl_typesupport_fastrtps_c.h
[0.355s] -- Up-to-date: /home/leungjch/Documents/repos/wato_monorepo_v2/src/install/sample_msgs/include/sample_msgs/sample_msgs/msg/detail/filtered__rosidl_typesupport_fastrtps_c.h
[0.355s] -- Up-to-date: /home/leungjch/Documents/repos/wato_monorepo_v2/src/install/sample_msgs/include/sample_msgs/sample_msgs/msg/detail/unfiltered__rosidl_typesupport_fastrtps_c.h
[0.355s] -- Up-to-date: /home/leungjch/Documents/repos/wato_monorepo_v2/src/install/sample_msgs/lib/libsample_msgs__rosidl_typesupport_fastrtps_c.so
[0.356s] -- Up-to-date: /home/leungjch/Documents/repos/wato_monorepo_v2/src/install/sample_msgs/include/sample_msgs/sample_msgs
[0.356s] -- Up-to-date: /home/leungjch/Documents/repos/wato_monorepo_v2/src/install/sample_msgs/include/sample_msgs/sample_msgs/msg
[0.356s] -- Up-to-date: /home/leungjch/Documents/repos/wato_monorepo_v2/src/install/sample_msgs/include/sample_msgs/sample_msgs/msg/filtered.hpp
[0.357s] -- Up-to-date: /home/leungjch/Documents/repos/wato_monorepo_v2/src/install/sample_msgs/include/sample_msgs/sample_msgs/msg/filtered_array.hpp
[0.357s] -- Up-to-date: /home/leungjch/Documents/repos/wato_monorepo_v2/src/install/sample_msgs/include/sample_msgs/sample_msgs/msg/unfiltered.hpp
[0.357s] -- Up-to-date: /home/leungjch/Documents/repos/wato_monorepo_v2/src/install/sample_msgs/include/sample_msgs/sample_msgs/msg/metadata.hpp
[0.357s] -- Up-to-date: /home/leungjch/Documents/repos/wato_monorepo_v2/src/install/sample_msgs/include/sample_msgs/sample_msgs/msg/detail
[0.357s] -- Up-to-date: /home/leungjch/Documents/repos/wato_monorepo_v2/src/install/sample_msgs/include/sample_msgs/sample_msgs/msg/detail/metadata__struct.hpp
[0.357s] -- Up-to-date: /home/leungjch/Documents/repos/wato_monorepo_v2/src/install/sample_msgs/include/sample_msgs/sample_msgs/msg/detail/filtered_array__struct.hpp
[0.357s] -- Up-to-date: /home/leungjch/Documents/repos/wato_monorepo_v2/src/install/sample_msgs/include/sample_msgs/sample_msgs/msg/detail/filtered_array__builder.hpp
[0.357s] -- Up-to-date: /home/leungjch/Documents/repos/wato_monorepo_v2/src/install/sample_msgs/include/sample_msgs/sample_msgs/msg/detail/filtered__builder.hpp
[0.357s] -- Up-to-date: /home/leungjch/Documents/repos/wato_monorepo_v2/src/install/sample_msgs/include/sample_msgs/sample_msgs/msg/detail/unfiltered__builder.hpp
[0.357s] -- Up-to-date: /home/leungjch/Documents/repos/wato_monorepo_v2/src/install/sample_msgs/include/sample_msgs/sample_msgs/msg/detail/filtered_array__traits.hpp
[0.358s] -- Up-to-date: /home/leungjch/Documents/repos/wato_monorepo_v2/src/install/sample_msgs/include/sample_msgs/sample_msgs/msg/detail/unfiltered__traits.hpp
[0.358s] -- Up-to-date: /home/leungjch/Documents/repos/wato_monorepo_v2/src/install/sample_msgs/include/sample_msgs/sample_msgs/msg/detail/metadata__traits.hpp
[0.358s] -- Up-to-date: /home/leungjch/Documents/repos/wato_monorepo_v2/src/install/sample_msgs/include/sample_msgs/sample_msgs/msg/detail/metadata__builder.hpp
[0.358s] -- Up-to-date: /home/leungjch/Documents/repos/wato_monorepo_v2/src/install/sample_msgs/include/sample_msgs/sample_msgs/msg/detail/filtered__traits.hpp
[0.358s] -- Up-to-date: /home/leungjch/Documents/repos/wato_monorepo_v2/src/install/sample_msgs/include/sample_msgs/sample_msgs/msg/detail/unfiltered__struct.hpp
[0.358s] -- Up-to-date: /home/leungjch/Documents/repos/wato_monorepo_v2/src/install/sample_msgs/include/sample_msgs/sample_msgs/msg/detail/filtered__struct.hpp
[0.358s] -- Up-to-date: /home/leungjch/Documents/repos/wato_monorepo_v2/src/install/sample_msgs/include/sample_msgs/sample_msgs
[0.358s] -- Up-to-date: /home/leungjch/Documents/repos/wato_monorepo_v2/src/install/sample_msgs/include/sample_msgs/sample_msgs/msg
[0.358s] -- Up-to-date: /home/leungjch/Documents/repos/wato_monorepo_v2/src/install/sample_msgs/include/sample_msgs/sample_msgs/msg/detail
[0.359s] -- Up-to-date: /home/leungjch/Documents/repos/wato_monorepo_v2/src/install/sample_msgs/include/sample_msgs/sample_msgs/msg/detail/dds_fastrtps
[0.359s] -- Up-to-date: /home/leungjch/Documents/repos/wato_monorepo_v2/src/install/sample_msgs/include/sample_msgs/sample_msgs/msg/detail/unfiltered__rosidl_typesupport_fastrtps_cpp.hpp
[0.359s] -- Up-to-date: /home/leungjch/Documents/repos/wato_monorepo_v2/src/install/sample_msgs/include/sample_msgs/sample_msgs/msg/detail/filtered__rosidl_typesupport_fastrtps_cpp.hpp
[0.359s] -- Up-to-date: /home/leungjch/Documents/repos/wato_monorepo_v2/src/install/sample_msgs/include/sample_msgs/sample_msgs/msg/detail/filtered_array__rosidl_typesupport_fastrtps_cpp.hpp
[0.360s] -- Up-to-date: /home/leungjch/Documents/repos/wato_monorepo_v2/src/install/sample_msgs/include/sample_msgs/sample_msgs/msg/detail/metadata__rosidl_typesupport_fastrtps_cpp.hpp
[0.360s] -- Up-to-date: /home/leungjch/Documents/repos/wato_monorepo_v2/src/install/sample_msgs/include/sample_msgs/sample_msgs/msg/rosidl_typesupport_fastrtps_cpp__visibility_control.h
[0.360s] -- Up-to-date: /home/leungjch/Documents/repos/wato_monorepo_v2/src/install/sample_msgs/lib/libsample_msgs__rosidl_typesupport_fastrtps_cpp.so
[0.360s] -- Up-to-date: /home/leungjch/Documents/repos/wato_monorepo_v2/src/install/sample_msgs/include/sample_msgs/sample_msgs
[0.360s] -- Up-to-date: /home/leungjch/Documents/repos/wato_monorepo_v2/src/install/sample_msgs/include/sample_msgs/sample_msgs/msg
[0.360s] -- Up-to-date: /home/leungjch/Documents/repos/wato_monorepo_v2/src/install/sample_msgs/include/sample_msgs/sample_msgs/msg/rosidl_typesupport_introspection_c__visibility_control.h
[0.360s] -- Up-to-date: /home/leungjch/Documents/repos/wato_monorepo_v2/src/install/sample_msgs/include/sample_msgs/sample_msgs/msg/detail
[0.361s] -- Up-to-date: /home/leungjch/Documents/repos/wato_monorepo_v2/src/install/sample_msgs/include/sample_msgs/sample_msgs/msg/detail/unfiltered__type_support.c
[0.361s] -- Up-to-date: /home/leungjch/Documents/repos/wato_monorepo_v2/src/install/sample_msgs/include/sample_msgs/sample_msgs/msg/detail/filtered__rosidl_typesupport_introspection_c.h
[0.361s] -- Up-to-date: /home/leungjch/Documents/repos/wato_monorepo_v2/src/install/sample_msgs/include/sample_msgs/sample_msgs/msg/detail/filtered_array__rosidl_typesupport_introspection_c.h
[0.361s] -- Up-to-date: /home/leungjch/Documents/repos/wato_monorepo_v2/src/install/sample_msgs/include/sample_msgs/sample_msgs/msg/detail/filtered_array__type_support.c
[0.361s] -- Up-to-date: /home/leungjch/Documents/repos/wato_monorepo_v2/src/install/sample_msgs/include/sample_msgs/sample_msgs/msg/detail/metadata__type_support.c
[0.361s] -- Up-to-date: /home/leungjch/Documents/repos/wato_monorepo_v2/src/install/sample_msgs/include/sample_msgs/sample_msgs/msg/detail/filtered__type_support.c
[0.361s] -- Up-to-date: /home/leungjch/Documents/repos/wato_monorepo_v2/src/install/sample_msgs/include/sample_msgs/sample_msgs/msg/detail/metadata__rosidl_typesupport_introspection_c.h
[0.362s] -- Up-to-date: /home/leungjch/Documents/repos/wato_monorepo_v2/src/install/sample_msgs/include/sample_msgs/sample_msgs/msg/detail/unfiltered__rosidl_typesupport_introspection_c.h
[0.362s] -- Up-to-date: /home/leungjch/Documents/repos/wato_monorepo_v2/src/install/sample_msgs/lib/libsample_msgs__rosidl_typesupport_introspection_c.so
[0.362s] -- Up-to-date: /home/leungjch/Documents/repos/wato_monorepo_v2/src/install/sample_msgs/lib/libsample_msgs__rosidl_typesupport_c.so
[0.362s] -- Up-to-date: /home/leungjch/Documents/repos/wato_monorepo_v2/src/install/sample_msgs/include/sample_msgs/sample_msgs
[0.362s] -- Up-to-date: /home/leungjch/Documents/repos/wato_monorepo_v2/src/install/sample_msgs/include/sample_msgs/sample_msgs/msg
[0.363s] -- Up-to-date: /home/leungjch/Documents/repos/wato_monorepo_v2/src/install/sample_msgs/include/sample_msgs/sample_msgs/msg/detail
[0.364s] -- Up-to-date: /home/leungjch/Documents/repos/wato_monorepo_v2/src/install/sample_msgs/include/sample_msgs/sample_msgs/msg/detail/filtered__type_support.cpp
[0.364s] -- Up-to-date: /home/leungjch/Documents/repos/wato_monorepo_v2/src/install/sample_msgs/include/sample_msgs/sample_msgs/msg/detail/filtered_array__rosidl_typesupport_introspection_cpp.hpp
[0.364s] -- Up-to-date: /home/leungjch/Documents/repos/wato_monorepo_v2/src/install/sample_msgs/include/sample_msgs/sample_msgs/msg/detail/unfiltered__type_support.cpp
[0.364s] -- Up-to-date: /home/leungjch/Documents/repos/wato_monorepo_v2/src/install/sample_msgs/include/sample_msgs/sample_msgs/msg/detail/metadata__type_support.cpp
[0.364s] -- Up-to-date: /home/leungjch/Documents/repos/wato_monorepo_v2/src/install/sample_msgs/include/sample_msgs/sample_msgs/msg/detail/filtered_array__type_support.cpp
[0.364s] -- Up-to-date: /home/leungjch/Documents/repos/wato_monorepo_v2/src/install/sample_msgs/include/sample_msgs/sample_msgs/msg/detail/filtered__rosidl_typesupport_introspection_cpp.hpp
[0.365s] -- Up-to-date: /home/leungjch/Documents/repos/wato_monorepo_v2/src/install/sample_msgs/include/sample_msgs/sample_msgs/msg/detail/metadata__rosidl_typesupport_introspection_cpp.hpp
[0.365s] -- Up-to-date: /home/leungjch/Documents/repos/wato_monorepo_v2/src/install/sample_msgs/include/sample_msgs/sample_msgs/msg/detail/unfiltered__rosidl_typesupport_introspection_cpp.hpp
[0.365s] -- Up-to-date: /home/leungjch/Documents/repos/wato_monorepo_v2/src/install/sample_msgs/lib/libsample_msgs__rosidl_typesupport_introspection_cpp.so
[0.365s] -- Up-to-date: /home/leungjch/Documents/repos/wato_monorepo_v2/src/install/sample_msgs/lib/libsample_msgs__rosidl_typesupport_cpp.so
[0.366s] -- Up-to-date: /home/leungjch/Documents/repos/wato_monorepo_v2/src/install/sample_msgs/share/sample_msgs/msg/Filtered.idl
[0.366s] -- Up-to-date: /home/leungjch/Documents/repos/wato_monorepo_v2/src/install/sample_msgs/share/sample_msgs/msg/FilteredArray.idl
[0.366s] -- Up-to-date: /home/leungjch/Documents/repos/wato_monorepo_v2/src/install/sample_msgs/share/sample_msgs/msg/Unfiltered.idl
[0.366s] -- Up-to-date: /home/leungjch/Documents/repos/wato_monorepo_v2/src/install/sample_msgs/share/sample_msgs/msg/Metadata.idl
[0.366s] -- Up-to-date: /home/leungjch/Documents/repos/wato_monorepo_v2/src/install/sample_msgs/share/sample_msgs/msg/Filtered.msg
[0.366s] -- Up-to-date: /home/leungjch/Documents/repos/wato_monorepo_v2/src/install/sample_msgs/share/sample_msgs/msg/FilteredArray.msg
[0.367s] -- Up-to-date: /home/leungjch/Documents/repos/wato_monorepo_v2/src/install/sample_msgs/share/sample_msgs/msg/Unfiltered.msg
[0.367s] -- Up-to-date: /home/leungjch/Documents/repos/wato_monorepo_v2/src/install/sample_msgs/share/sample_msgs/msg/Metadata.msg
[0.367s] -- Up-to-date: /home/leungjch/Documents/repos/wato_monorepo_v2/src/install/sample_msgs/share/ament_index/resource_index/package_run_dependencies/sample_msgs
[0.367s] -- Up-to-date: /home/leungjch/Documents/repos/wato_monorepo_v2/src/install/sample_msgs/share/ament_index/resource_index/parent_prefix_path/sample_msgs
[0.367s] -- Up-to-date: /home/leungjch/Documents/repos/wato_monorepo_v2/src/install/sample_msgs/share/sample_msgs/environment/ament_prefix_path.sh
[0.367s] -- Up-to-date: /home/leungjch/Documents/repos/wato_monorepo_v2/src/install/sample_msgs/share/sample_msgs/environment/ament_prefix_path.dsv
[0.367s] -- Up-to-date: /home/leungjch/Documents/repos/wato_monorepo_v2/src/install/sample_msgs/share/sample_msgs/environment/path.sh
[0.367s] -- Up-to-date: /home/leungjch/Documents/repos/wato_monorepo_v2/src/install/sample_msgs/share/sample_msgs/environment/path.dsv
[0.368s] -- Up-to-date: /home/leungjch/Documents/repos/wato_monorepo_v2/src/install/sample_msgs/share/sample_msgs/local_setup.bash
[0.368s] -- Up-to-date: /home/leungjch/Documents/repos/wato_monorepo_v2/src/install/sample_msgs/share/sample_msgs/local_setup.sh
[0.368s] -- Up-to-date: /home/leungjch/Documents/repos/wato_monorepo_v2/src/install/sample_msgs/share/sample_msgs/local_setup.zsh
[0.368s] -- Up-to-date: /home/leungjch/Documents/repos/wato_monorepo_v2/src/install/sample_msgs/share/sample_msgs/local_setup.dsv
[0.368s] -- Installing: /home/leungjch/Documents/repos/wato_monorepo_v2/src/install/sample_msgs/share/sample_msgs/package.dsv
[0.368s] -- Up-to-date: /home/leungjch/Documents/repos/wato_monorepo_v2/src/install/sample_msgs/share/ament_index/resource_index/packages/sample_msgs
[0.369s] -- Up-to-date: /home/leungjch/Documents/repos/wato_monorepo_v2/src/install/sample_msgs/share/sample_msgs/cmake/export_sample_msgs__rosidl_generator_cExport.cmake
[0.369s] -- Up-to-date: /home/leungjch/Documents/repos/wato_monorepo_v2/src/install/sample_msgs/share/sample_msgs/cmake/export_sample_msgs__rosidl_generator_cExport-noconfig.cmake
[0.370s] -- Up-to-date: /home/leungjch/Documents/repos/wato_monorepo_v2/src/install/sample_msgs/share/sample_msgs/cmake/export_sample_msgs__rosidl_typesupport_fastrtps_cExport.cmake
[0.370s] -- Up-to-date: /home/leungjch/Documents/repos/wato_monorepo_v2/src/install/sample_msgs/share/sample_msgs/cmake/export_sample_msgs__rosidl_typesupport_fastrtps_cExport-noconfig.cmake
[0.370s] -- Up-to-date: /home/leungjch/Documents/repos/wato_monorepo_v2/src/install/sample_msgs/share/sample_msgs/cmake/export_sample_msgs__rosidl_generator_cppExport.cmake
[0.370s] -- Up-to-date: /home/leungjch/Documents/repos/wato_monorepo_v2/src/install/sample_msgs/share/sample_msgs/cmake/export_sample_msgs__rosidl_typesupport_fastrtps_cppExport.cmake
[0.370s] -- Up-to-date: /home/leungjch/Documents/repos/wato_monorepo_v2/src/install/sample_msgs/share/sample_msgs/cmake/export_sample_msgs__rosidl_typesupport_fastrtps_cppExport-noconfig.cmake
[0.371s] -- Up-to-date: /home/leungjch/Documents/repos/wato_monorepo_v2/src/install/sample_msgs/share/sample_msgs/cmake/sample_msgs__rosidl_typesupport_introspection_cExport.cmake
[0.371s] -- Up-to-date: /home/leungjch/Documents/repos/wato_monorepo_v2/src/install/sample_msgs/share/sample_msgs/cmake/sample_msgs__rosidl_typesupport_introspection_cExport-noconfig.cmake
[0.371s] -- Up-to-date: /home/leungjch/Documents/repos/wato_monorepo_v2/src/install/sample_msgs/share/sample_msgs/cmake/sample_msgs__rosidl_typesupport_cExport.cmake
[0.371s] -- Up-to-date: /home/leungjch/Documents/repos/wato_monorepo_v2/src/install/sample_msgs/share/sample_msgs/cmake/sample_msgs__rosidl_typesupport_cExport-noconfig.cmake
[0.372s] -- Up-to-date: /home/leungjch/Documents/repos/wato_monorepo_v2/src/install/sample_msgs/share/sample_msgs/cmake/sample_msgs__rosidl_typesupport_introspection_cppExport.cmake
[0.372s] -- Up-to-date: /home/leungjch/Documents/repos/wato_monorepo_v2/src/install/sample_msgs/share/sample_msgs/cmake/sample_msgs__rosidl_typesupport_introspection_cppExport-noconfig.cmake
[0.372s] -- Up-to-date: /home/leungjch/Documents/repos/wato_monorepo_v2/src/install/sample_msgs/share/sample_msgs/cmake/sample_msgs__rosidl_typesupport_cppExport.cmake
[0.372s] -- Up-to-date: /home/leungjch/Documents/repos/wato_monorepo_v2/src/install/sample_msgs/share/sample_msgs/cmake/sample_msgs__rosidl_typesupport_cppExport-noconfig.cmake
[0.373s] -- Up-to-date: /home/leungjch/Documents/repos/wato_monorepo_v2/src/install/sample_msgs/share/sample_msgs/cmake/rosidl_cmake-extras.cmake
[0.373s] -- Up-to-date: /home/leungjch/Documents/repos/wato_monorepo_v2/src/install/sample_msgs/share/sample_msgs/cmake/ament_cmake_export_dependencies-extras.cmake
[0.373s] -- Up-to-date: /home/leungjch/Documents/repos/wato_monorepo_v2/src/install/sample_msgs/share/sample_msgs/cmake/ament_cmake_export_include_directories-extras.cmake
[0.373s] -- Up-to-date: /home/leungjch/Documents/repos/wato_monorepo_v2/src/install/sample_msgs/share/sample_msgs/cmake/ament_cmake_export_libraries-extras.cmake
[0.373s] -- Up-to-date: /home/leungjch/Documents/repos/wato_monorepo_v2/src/install/sample_msgs/share/sample_msgs/cmake/ament_cmake_export_targets-extras.cmake
[0.373s] -- Up-to-date: /home/leungjch/Documents/repos/wato_monorepo_v2/src/install/sample_msgs/share/sample_msgs/cmake/rosidl_cmake_export_typesupport_targets-extras.cmake
[0.373s] -- Up-to-date: /home/leungjch/Documents/repos/wato_monorepo_v2/src/install/sample_msgs/share/sample_msgs/cmake/rosidl_cmake_export_typesupport_libraries-extras.cmake
[0.373s] -- Up-to-date: /home/leungjch/Documents/repos/wato_monorepo_v2/src/install/sample_msgs/share/sample_msgs/cmake/sample_msgsConfig.cmake
[0.374s] -- Up-to-date: /home/leungjch/Documents/repos/wato_monorepo_v2/src/install/sample_msgs/share/sample_msgs/cmake/sample_msgsConfig-version.cmake
[0.374s] -- Up-to-date: /home/leungjch/Documents/repos/wato_monorepo_v2/src/install/sample_msgs/share/sample_msgs/package.xml
[0.375s] Invoked command in '/home/leungjch/Documents/repos/wato_monorepo_v2/src/build/sample_msgs' returned '0': CMAKE_PREFIX_PATH=${CMAKE_PREFIX_PATH}:/home/leungjch/Documents/repos/wato_monorepo_v2/src/install/py_pubsub:/home/leungjch/Documents/repos/wato_monorepo_v2/src/install/camera_detection:/opt/ros/humble CONDA_PROMPT_MODIFIER=(base) /usr/bin/cmake --install /home/leungjch/Documents/repos/wato_monorepo_v2/src/build/sample_msgs
