[0.868s] Invoking command in '/home/leungjch/Documents/repos/wato_monorepo_v2/src/camera_detection': CONDA_PROMPT_MODIFIER=(base) PYTHONPATH=/home/leungjch/Documents/repos/wato_monorepo_v2/build/camera_detection/prefix_override:/home/leungjch/Documents/repos/wato_monorepo_v2/install/camera_detection/lib/python3.10/site-packages:${PYTHONPATH} /usr/bin/python3 setup.py egg_info --egg-base ../../build/camera_detection build --build-base /home/leungjch/Documents/repos/wato_monorepo_v2/build/camera_detection/build install --record /home/leungjch/Documents/repos/wato_monorepo_v2/build/camera_detection/install.log --single-version-externally-managed
[1.212s] running egg_info
[1.213s] writing ../../build/camera_detection/camera_detection.egg-info/PKG-INFO
[1.213s] writing dependency_links to ../../build/camera_detection/camera_detection.egg-info/dependency_links.txt
[1.213s] writing entry points to ../../build/camera_detection/camera_detection.egg-info/entry_points.txt
[1.213s] writing requirements to ../../build/camera_detection/camera_detection.egg-info/requires.txt
[1.213s] writing top-level names to ../../build/camera_detection/camera_detection.egg-info/top_level.txt
[1.215s] reading manifest file '../../build/camera_detection/camera_detection.egg-info/SOURCES.txt'
[1.216s] writing manifest file '../../build/camera_detection/camera_detection.egg-info/SOURCES.txt'
[1.216s] running build
[1.216s] running build_py
[1.216s] running install
[1.216s] running install_lib
[1.217s] running install_data
[1.218s] running install_egg_info
[1.219s] removing '/home/leungjch/Documents/repos/wato_monorepo_v2/install/camera_detection/lib/python3.10/site-packages/camera_detection-0.0.0-py3.10.egg-info' (and everything under it)
[1.219s] Copying ../../build/camera_detection/camera_detection.egg-info to /home/leungjch/Documents/repos/wato_monorepo_v2/install/camera_detection/lib/python3.10/site-packages/camera_detection-0.0.0-py3.10.egg-info
[1.220s] running install_scripts
[1.241s] writing list of installed files to '/home/leungjch/Documents/repos/wato_monorepo_v2/build/camera_detection/install.log'
[1.270s] Invoked command in '/home/leungjch/Documents/repos/wato_monorepo_v2/src/camera_detection' returned '0': CONDA_PROMPT_MODIFIER=(base) PYTHONPATH=/home/leungjch/Documents/repos/wato_monorepo_v2/build/camera_detection/prefix_override:/home/leungjch/Documents/repos/wato_monorepo_v2/install/camera_detection/lib/python3.10/site-packages:${PYTHONPATH} /usr/bin/python3 setup.py egg_info --egg-base ../../build/camera_detection build --build-base /home/leungjch/Documents/repos/wato_monorepo_v2/build/camera_detection/build install --record /home/leungjch/Documents/repos/wato_monorepo_v2/build/camera_detection/install.log --single-version-externally-managed
