[0.140s] DEBUG:colcon:Command line arguments: ['/usr/bin/colcon', 'build', '--packages-select', 'lidar_object_detection']
[0.140s] DEBUG:colcon:Parsed command line arguments: Namespace(log_base=None, log_level=None, verb_name='build', build_base='build', install_base='install', merge_install=False, symlink_install=False, test_result_base=None, continue_on_error=False, executor='parallel', parallel_workers=4, event_handlers=None, ignore_user_meta=False, metas=['./colcon.meta'], base_paths=['.'], packages_ignore=None, packages_ignore_regex=None, paths=None, packages_up_to=None, packages_up_to_regex=None, packages_above=None, packages_above_and_dependencies=None, packages_above_depth=None, packages_select_by_dep=None, packages_skip_by_dep=None, packages_skip_up_to=None, packages_select_build_failed=False, packages_skip_build_finished=False, packages_select_test_failures=False, packages_skip_test_passed=False, packages_select=['lidar_object_detection'], packages_skip=None, packages_select_regex=None, packages_skip_regex=None, packages_start=None, packages_end=None, cmake_args=None, cmake_target=None, cmake_target_skip_unavailable=False, cmake_clean_cache=False, cmake_clean_first=False, cmake_force_configure=False, ament_cmake_args=None, catkin_cmake_args=None, catkin_skip_building_tests=False, mixin_files=None, mixin=None, verb_parser=<colcon_mixin.mixin.mixin_argument.MixinArgumentDecorator object at 0xffff8b2bcbe0>, verb_extension=<colcon_core.verb.build.BuildVerb object at 0xffff8bb25f00>, main=<bound method BuildVerb.main of <colcon_core.verb.build.BuildVerb object at 0xffff8bb25f00>>, mixin_verb=('build',))
[0.153s] Level 1:colcon.colcon_core.package_discovery:discover_packages(colcon_meta) check parameters
[0.154s] INFO:colcon.colcon_metadata.package_discovery.colcon_meta:Using configuration from '/root/.colcon/metadata/default/Gazebo.meta'
[0.154s] INFO:colcon.colcon_metadata.package_discovery.colcon_meta:Using configuration from '/root/.colcon/metadata/default/fastrtps.meta'
[0.154s] Level 1:colcon.colcon_core.package_discovery:discover_packages(recursive) check parameters
[0.154s] Level 1:colcon.colcon_core.package_discovery:discover_packages(ignore) check parameters
[0.154s] Level 1:colcon.colcon_core.package_discovery:discover_packages(path) check parameters
[0.154s] Level 1:colcon.colcon_core.package_discovery:discover_packages(colcon_meta) discover
[0.154s] Level 1:colcon.colcon_core.package_discovery:discover_packages(recursive) discover
[0.154s] INFO:colcon.colcon_core.package_discovery:Crawling recursively for packages in '/wato_monorepo_v2/src/lidar_object_detection'
[0.154s] Level 1:colcon.colcon_core.package_identification:_identify(.) by extensions ['ignore', 'ignore_ament_install']
[0.154s] Level 1:colcon.colcon_core.package_identification:_identify(.) by extension 'ignore'
[0.154s] Level 1:colcon.colcon_core.package_identification:_identify(.) by extension 'ignore_ament_install'
[0.154s] Level 1:colcon.colcon_core.package_identification:_identify(.) by extensions ['colcon_pkg']
[0.154s] Level 1:colcon.colcon_core.package_identification:_identify(.) by extension 'colcon_pkg'
[0.154s] Level 1:colcon.colcon_core.package_identification:_identify(.) by extensions ['colcon_meta']
[0.154s] Level 1:colcon.colcon_core.package_identification:_identify(.) by extension 'colcon_meta'
[0.154s] Level 1:colcon.colcon_core.package_identification:_identify(.) by extensions ['ros']
[0.154s] Level 1:colcon.colcon_core.package_identification:_identify(.) by extension 'ros'
[0.166s] DEBUG:colcon.colcon_core.package_identification:Package '.' with type 'ros.ament_cmake' and name 'lidar_object_detection'
[0.166s] Level 1:colcon.colcon_core.package_discovery:discover_packages(recursive) using defaults
[0.166s] Level 1:colcon.colcon_core.package_discovery:discover_packages(ignore) discover
[0.166s] Level 1:colcon.colcon_core.package_discovery:discover_packages(ignore) using defaults
[0.166s] Level 1:colcon.colcon_core.package_discovery:discover_packages(path) discover
[0.166s] Level 1:colcon.colcon_core.package_discovery:discover_packages(path) using defaults
[0.178s] Level 5:colcon.colcon_core.verb:set package 'lidar_object_detection' build argument 'cmake_args' from command line to 'None'
[0.178s] Level 5:colcon.colcon_core.verb:set package 'lidar_object_detection' build argument 'cmake_target' from command line to 'None'
[0.178s] Level 5:colcon.colcon_core.verb:set package 'lidar_object_detection' build argument 'cmake_target_skip_unavailable' from command line to 'False'
[0.178s] Level 5:colcon.colcon_core.verb:set package 'lidar_object_detection' build argument 'cmake_clean_cache' from command line to 'False'
[0.178s] Level 5:colcon.colcon_core.verb:set package 'lidar_object_detection' build argument 'cmake_clean_first' from command line to 'False'
[0.178s] Level 5:colcon.colcon_core.verb:set package 'lidar_object_detection' build argument 'cmake_force_configure' from command line to 'False'
[0.178s] Level 5:colcon.colcon_core.verb:set package 'lidar_object_detection' build argument 'ament_cmake_args' from command line to 'None'
[0.178s] Level 5:colcon.colcon_core.verb:set package 'lidar_object_detection' build argument 'catkin_cmake_args' from command line to 'None'
[0.178s] Level 5:colcon.colcon_core.verb:set package 'lidar_object_detection' build argument 'catkin_skip_building_tests' from command line to 'False'
[0.178s] DEBUG:colcon.colcon_core.verb:Building package 'lidar_object_detection' with the following arguments: {'ament_cmake_args': None, 'build_base': '/wato_monorepo_v2/src/lidar_object_detection/build/lidar_object_detection', 'catkin_cmake_args': None, 'catkin_skip_building_tests': False, 'cmake_args': None, 'cmake_clean_cache': False, 'cmake_clean_first': False, 'cmake_force_configure': False, 'cmake_target': None, 'cmake_target_skip_unavailable': False, 'install_base': '/wato_monorepo_v2/src/lidar_object_detection/install/lidar_object_detection', 'merge_install': False, 'path': '/wato_monorepo_v2/src/lidar_object_detection', 'symlink_install': False, 'test_result_base': None}
[0.178s] INFO:colcon.colcon_core.executor:Executing jobs using 'parallel' executor
[0.180s] DEBUG:colcon.colcon_parallel_executor.executor.parallel:run_until_complete
[0.180s] INFO:colcon.colcon_ros.task.ament_cmake.build:Building ROS package in '/wato_monorepo_v2/src/lidar_object_detection' with build type 'ament_cmake'
[0.180s] INFO:colcon.colcon_cmake.task.cmake.build:Building CMake package in '/wato_monorepo_v2/src/lidar_object_detection'
[0.183s] INFO:colcon.colcon_core.plugin_system:Skipping extension 'colcon_core.shell.bat': Not used on non-Windows systems
[0.183s] INFO:colcon.colcon_core.shell:Skip shell extension 'powershell' for command environment: Not usable outside of PowerShell
[0.183s] DEBUG:colcon.colcon_core.shell:Skip shell extension 'dsv' for command environment
[0.189s] DEBUG:colcon.colcon_core.event_handler.log_command:Invoking command in '/wato_monorepo_v2/src/lidar_object_detection/build/lidar_object_detection': CMAKE_PREFIX_PATH=/opt/ros/humble /usr/bin/cmake /wato_monorepo_v2/src/lidar_object_detection -DCMAKE_INSTALL_PREFIX=/wato_monorepo_v2/src/lidar_object_detection/install/lidar_object_detection
[0.997s] DEBUG:colcon.colcon_core.event_handler.log_command:Invoked command in '/wato_monorepo_v2/src/lidar_object_detection/build/lidar_object_detection' returned '0': CMAKE_PREFIX_PATH=/opt/ros/humble /usr/bin/cmake /wato_monorepo_v2/src/lidar_object_detection -DCMAKE_INSTALL_PREFIX=/wato_monorepo_v2/src/lidar_object_detection/install/lidar_object_detection
[0.998s] DEBUG:colcon.colcon_core.event_handler.log_command:Invoking command in '/wato_monorepo_v2/src/lidar_object_detection/build/lidar_object_detection': CMAKE_PREFIX_PATH=/opt/ros/humble /usr/bin/cmake --build /wato_monorepo_v2/src/lidar_object_detection/build/lidar_object_detection -- -j4 -l4
[3.224s] DEBUG:colcon.colcon_core.event_handler.log_command:Invoked command in '/wato_monorepo_v2/src/lidar_object_detection/build/lidar_object_detection' returned '0': CMAKE_PREFIX_PATH=/opt/ros/humble /usr/bin/cmake --build /wato_monorepo_v2/src/lidar_object_detection/build/lidar_object_detection -- -j4 -l4
[3.248s] DEBUG:colcon.colcon_core.event_handler.log_command:Invoking command in '/wato_monorepo_v2/src/lidar_object_detection/build/lidar_object_detection': CMAKE_PREFIX_PATH=/opt/ros/humble /usr/bin/cmake --install /wato_monorepo_v2/src/lidar_object_detection/build/lidar_object_detection
[3.257s] Level 1:colcon.colcon_core.environment:create_environment_scripts_only(lidar_object_detection)
[3.258s] DEBUG:colcon.colcon_core.event_handler.log_command:Invoked command in '/wato_monorepo_v2/src/lidar_object_detection/build/lidar_object_detection' returned '0': CMAKE_PREFIX_PATH=/opt/ros/humble /usr/bin/cmake --install /wato_monorepo_v2/src/lidar_object_detection/build/lidar_object_detection
[3.260s] Level 1:colcon.colcon_core.environment:checking '/wato_monorepo_v2/src/lidar_object_detection/install/lidar_object_detection' for CMake module files
[3.260s] Level 1:colcon.colcon_core.environment:checking '/wato_monorepo_v2/src/lidar_object_detection/install/lidar_object_detection' for CMake config files
[3.260s] Level 1:colcon.colcon_core.shell:create_environment_hook('lidar_object_detection', 'cmake_prefix_path')
[3.261s] INFO:colcon.colcon_core.shell:Creating environment hook '/wato_monorepo_v2/src/lidar_object_detection/install/lidar_object_detection/share/lidar_object_detection/hook/cmake_prefix_path.ps1'
[3.261s] INFO:colcon.colcon_core.shell:Creating environment descriptor '/wato_monorepo_v2/src/lidar_object_detection/install/lidar_object_detection/share/lidar_object_detection/hook/cmake_prefix_path.dsv'
[3.262s] INFO:colcon.colcon_core.shell:Creating environment hook '/wato_monorepo_v2/src/lidar_object_detection/install/lidar_object_detection/share/lidar_object_detection/hook/cmake_prefix_path.sh'
[3.262s] Level 1:colcon.colcon_core.environment:checking '/wato_monorepo_v2/src/lidar_object_detection/install/lidar_object_detection/lib'
[3.262s] Level 1:colcon.colcon_core.environment:checking '/wato_monorepo_v2/src/lidar_object_detection/install/lidar_object_detection/bin'
[3.262s] Level 1:colcon.colcon_core.environment:checking '/wato_monorepo_v2/src/lidar_object_detection/install/lidar_object_detection/lib/pkgconfig/lidar_object_detection.pc'
[3.263s] Level 1:colcon.colcon_core.environment:checking '/wato_monorepo_v2/src/lidar_object_detection/install/lidar_object_detection/lib/python3.10/site-packages'
[3.263s] Level 1:colcon.colcon_core.environment:checking '/wato_monorepo_v2/src/lidar_object_detection/install/lidar_object_detection/bin'
[3.264s] INFO:colcon.colcon_core.shell:Creating package script '/wato_monorepo_v2/src/lidar_object_detection/install/lidar_object_detection/share/lidar_object_detection/package.ps1'
[3.264s] INFO:colcon.colcon_core.shell:Creating package descriptor '/wato_monorepo_v2/src/lidar_object_detection/install/lidar_object_detection/share/lidar_object_detection/package.dsv'
[3.265s] INFO:colcon.colcon_core.shell:Creating package script '/wato_monorepo_v2/src/lidar_object_detection/install/lidar_object_detection/share/lidar_object_detection/package.sh'
[3.265s] INFO:colcon.colcon_core.shell:Creating package script '/wato_monorepo_v2/src/lidar_object_detection/install/lidar_object_detection/share/lidar_object_detection/package.bash'
[3.266s] INFO:colcon.colcon_core.shell:Creating package script '/wato_monorepo_v2/src/lidar_object_detection/install/lidar_object_detection/share/lidar_object_detection/package.zsh'
[3.266s] Level 1:colcon.colcon_core.environment:create_file_with_runtime_dependencies(/wato_monorepo_v2/src/lidar_object_detection/install/lidar_object_detection/share/colcon-core/packages/lidar_object_detection)
[3.280s] Level 1:colcon.colcon_core.environment:create_environment_scripts_only(lidar_object_detection)
[3.281s] Level 1:colcon.colcon_core.environment:checking '/wato_monorepo_v2/src/lidar_object_detection/install/lidar_object_detection' for CMake module files
[3.281s] Level 1:colcon.colcon_core.environment:checking '/wato_monorepo_v2/src/lidar_object_detection/install/lidar_object_detection' for CMake config files
[3.281s] Level 1:colcon.colcon_core.shell:create_environment_hook('lidar_object_detection', 'cmake_prefix_path')
[3.282s] INFO:colcon.colcon_core.shell:Creating environment hook '/wato_monorepo_v2/src/lidar_object_detection/install/lidar_object_detection/share/lidar_object_detection/hook/cmake_prefix_path.ps1'
[3.282s] INFO:colcon.colcon_core.shell:Creating environment descriptor '/wato_monorepo_v2/src/lidar_object_detection/install/lidar_object_detection/share/lidar_object_detection/hook/cmake_prefix_path.dsv'
[3.282s] INFO:colcon.colcon_core.shell:Creating environment hook '/wato_monorepo_v2/src/lidar_object_detection/install/lidar_object_detection/share/lidar_object_detection/hook/cmake_prefix_path.sh'
[3.282s] Level 1:colcon.colcon_core.environment:checking '/wato_monorepo_v2/src/lidar_object_detection/install/lidar_object_detection/lib'
[3.282s] Level 1:colcon.colcon_core.environment:checking '/wato_monorepo_v2/src/lidar_object_detection/install/lidar_object_detection/bin'
[3.282s] Level 1:colcon.colcon_core.environment:checking '/wato_monorepo_v2/src/lidar_object_detection/install/lidar_object_detection/lib/pkgconfig/lidar_object_detection.pc'
[3.283s] Level 1:colcon.colcon_core.environment:checking '/wato_monorepo_v2/src/lidar_object_detection/install/lidar_object_detection/lib/python3.10/site-packages'
[3.283s] Level 1:colcon.colcon_core.environment:checking '/wato_monorepo_v2/src/lidar_object_detection/install/lidar_object_detection/bin'
[3.283s] INFO:colcon.colcon_core.shell:Creating package script '/wato_monorepo_v2/src/lidar_object_detection/install/lidar_object_detection/share/lidar_object_detection/package.ps1'
[3.284s] INFO:colcon.colcon_core.shell:Creating package descriptor '/wato_monorepo_v2/src/lidar_object_detection/install/lidar_object_detection/share/lidar_object_detection/package.dsv'
[3.284s] INFO:colcon.colcon_core.shell:Creating package script '/wato_monorepo_v2/src/lidar_object_detection/install/lidar_object_detection/share/lidar_object_detection/package.sh'
[3.284s] INFO:colcon.colcon_core.shell:Creating package script '/wato_monorepo_v2/src/lidar_object_detection/install/lidar_object_detection/share/lidar_object_detection/package.bash'
[3.285s] INFO:colcon.colcon_core.shell:Creating package script '/wato_monorepo_v2/src/lidar_object_detection/install/lidar_object_detection/share/lidar_object_detection/package.zsh'
[3.285s] Level 1:colcon.colcon_core.environment:create_file_with_runtime_dependencies(/wato_monorepo_v2/src/lidar_object_detection/install/lidar_object_detection/share/colcon-core/packages/lidar_object_detection)
[3.285s] DEBUG:colcon.colcon_parallel_executor.executor.parallel:closing loop
[3.285s] DEBUG:colcon.colcon_parallel_executor.executor.parallel:loop closed
[3.285s] DEBUG:colcon.colcon_parallel_executor.executor.parallel:run_until_complete finished with '0'
[3.285s] DEBUG:colcon.colcon_core.event_reactor:joining thread
[3.289s] INFO:colcon.colcon_core.plugin_system:Skipping extension 'colcon_notification.desktop_notification.notify_send': Could not find 'notify-send'
[3.289s] INFO:colcon.colcon_core.plugin_system:Skipping extension 'colcon_notification.desktop_notification.terminal_notifier': Not used on non-Darwin systems
[3.289s] INFO:colcon.colcon_core.plugin_system:Skipping extension 'colcon_notification.desktop_notification.win32': Not used on non-Windows systems
[3.289s] INFO:colcon.colcon_notification.desktop_notification:Sending desktop notification using 'notify2'
[3.289s] DEBUG:colcon.colcon_notification.desktop_notification.notify2:Failed to initialize notify2: org.freedesktop.DBus.Error.NotSupported: Unable to autolaunch a dbus-daemon without a $DISPLAY for X11
[3.289s] DEBUG:colcon.colcon_core.event_reactor:joined thread
[3.290s] INFO:colcon.colcon_core.shell:Creating prefix script '/wato_monorepo_v2/src/lidar_object_detection/install/local_setup.ps1'
[3.290s] INFO:colcon.colcon_core.shell:Creating prefix util module '/wato_monorepo_v2/src/lidar_object_detection/install/_local_setup_util_ps1.py'
[3.291s] INFO:colcon.colcon_core.shell:Creating prefix chain script '/wato_monorepo_v2/src/lidar_object_detection/install/setup.ps1'
[3.291s] INFO:colcon.colcon_core.shell:Creating prefix script '/wato_monorepo_v2/src/lidar_object_detection/install/local_setup.sh'
[3.291s] INFO:colcon.colcon_core.shell:Creating prefix util module '/wato_monorepo_v2/src/lidar_object_detection/install/_local_setup_util_sh.py'
[3.292s] INFO:colcon.colcon_core.shell:Creating prefix chain script '/wato_monorepo_v2/src/lidar_object_detection/install/setup.sh'
[3.292s] INFO:colcon.colcon_core.shell:Creating prefix script '/wato_monorepo_v2/src/lidar_object_detection/install/local_setup.bash'
[3.293s] INFO:colcon.colcon_core.shell:Creating prefix chain script '/wato_monorepo_v2/src/lidar_object_detection/install/setup.bash'
[3.293s] INFO:colcon.colcon_core.shell:Creating prefix script '/wato_monorepo_v2/src/lidar_object_detection/install/local_setup.zsh'
[3.293s] INFO:colcon.colcon_core.shell:Creating prefix chain script '/wato_monorepo_v2/src/lidar_object_detection/install/setup.zsh'
