-- Architecture: x86_64
-- Found ament_cmake: 1.3.5 (/opt/ros/humble/install/ament_cmake/share/ament_cmake/cmake)
-- Found rclcpp: 16.0.4 (/opt/ros/humble/install/rclcpp/share/rclcpp/cmake)
-- Found rosidl_generator_c: 3.1.4 (/opt/ros/humble/install/rosidl_generator_c/share/rosidl_generator_c/cmake)
-- Found rosidl_adapter: 3.1.4 (/opt/ros/humble/install/rosidl_adapter/share/rosidl_adapter/cmake)
-- Found rosidl_generator_cpp: 3.1.4 (/opt/ros/humble/install/rosidl_generator_cpp/share/rosidl_generator_cpp/cmake)
-- Using all available rosidl_typesupport_c: rosidl_typesupport_introspection_c;rosidl_typesupport_fastrtps_c
-- Using all available rosidl_typesupport_cpp: rosidl_typesupport_introspection_cpp;rosidl_typesupport_fastrtps_cpp
-- Found rmw_implementation_cmake: 6.1.1 (/opt/ros/humble/install/rmw_implementation_cmake/share/rmw_implementation_cmake/cmake)
-- Found rmw_fastrtps_cpp: 6.2.2 (/opt/ros/humble/install/rmw_fastrtps_cpp/share/rmw_fastrtps_cpp/cmake)
-- Using RMW implementation 'rmw_fastrtps_cpp' as default
-- Found vision_msgs: 4.1.0 (/opt/ros/humble/install/vision_msgs/share/vision_msgs/cmake)
-- Found message_filters: 4.3.3 (/opt/ros/humble/install/message_filters/share/message_filters/cmake)
-- Found pcl_conversions: 2.4.1 (/opt/ros/humble/install/pcl_conversions/share/pcl_conversions/cmake)
-- Eigen found (include: /usr/include/eigen3, version: 3.3.7)
-- The imported target "vtkParseOGLExt" references the file
   "/usr/bin/vtkParseOGLExt-7.1"
but this file does not exist.  Possible reasons include:
* The file was deleted, renamed, or moved to another location.
* An install or uninstall procedure did not complete successfully.
* The installation package was faulty and contained
   "/usr/lib/cmake/vtk-7.1/VTKTargets.cmake"
but not all the files it references.

-- The imported target "vtkRenderingPythonTkWidgets" references the file
   "/usr/lib/x86_64-linux-gnu/libvtkRenderingPythonTkWidgets.so"
but this file does not exist.  Possible reasons include:
* The file was deleted, renamed, or moved to another location.
* An install or uninstall procedure did not complete successfully.
* The installation package was faulty and contained
   "/usr/lib/cmake/vtk-7.1/VTKTargets.cmake"
but not all the files it references.

-- The imported target "vtk" references the file
   "/usr/bin/vtk"
but this file does not exist.  Possible reasons include:
* The file was deleted, renamed, or moved to another location.
* An install or uninstall procedure did not complete successfully.
* The installation package was faulty and contained
   "/usr/lib/cmake/vtk-7.1/VTKTargets.cmake"
but not all the files it references.

-- The imported target "pvtk" references the file
   "/usr/bin/pvtk"
but this file does not exist.  Possible reasons include:
* The file was deleted, renamed, or moved to another location.
* An install or uninstall procedure did not complete successfully.
* The installation package was faulty and contained
   "/usr/lib/cmake/vtk-7.1/VTKTargets.cmake"
but not all the files it references.

-- Checking for module 'libusb-1.0'
--   No package 'libusb-1.0' found
[33mCMake Warning (dev) at /usr/local/share/cmake-3.24/Modules/FindPackageHandleStandardArgs.cmake:438 (message):
  The package name passed to `find_package_handle_standard_args` (USB_10)
  does not match the name of the calling package (OpenNI).  This can lead to
  problems in calling code that expects `find_package` result variables
  (e.g., `_FOUND`) to follow a certain pattern.
Call Stack (most recent call first):
  /usr/lib/x86_64-linux-gnu/cmake/pcl/Modules/FindOpenNI.cmake:28 (find_package_handle_standard_args)
  /usr/lib/x86_64-linux-gnu/cmake/pcl/PCLConfig.cmake:179 (find_package)
  /usr/lib/x86_64-linux-gnu/cmake/pcl/PCLConfig.cmake:322 (find_openni)
  /usr/lib/x86_64-linux-gnu/cmake/pcl/PCLConfig.cmake:548 (find_external_library)
  /opt/ros/humble/install/pcl_conversions/share/pcl_conversions/cmake/ament_cmake_export_dependencies-extras.cmake:21 (find_package)
  /opt/ros/humble/install/pcl_conversions/share/pcl_conversions/cmake/pcl_conversionsConfig.cmake:41 (include)
  CMakeLists.txt:47 (find_package)
This warning is for project developers.  Use -Wno-dev to suppress it.
[0m
-- Could NOT find USB_10 (missing: USB_10_LIBRARY USB_10_INCLUDE_DIR) 
-- OpenNI disabled because libusb-1.0 not found.
-- Checking for module 'libusb-1.0'
--   No package 'libusb-1.0' found
[33mCMake Warning (dev) at /usr/local/share/cmake-3.24/Modules/FindPackageHandleStandardArgs.cmake:438 (message):
  The package name passed to `find_package_handle_standard_args` (USB_10)
  does not match the name of the calling package (OpenNI2).  This can lead to
  problems in calling code that expects `find_package` result variables
  (e.g., `_FOUND`) to follow a certain pattern.
Call Stack (most recent call first):
  /usr/lib/x86_64-linux-gnu/cmake/pcl/Modules/FindOpenNI2.cmake:28 (find_package_handle_standard_args)
  /usr/lib/x86_64-linux-gnu/cmake/pcl/PCLConfig.cmake:193 (find_package)
  /usr/lib/x86_64-linux-gnu/cmake/pcl/PCLConfig.cmake:324 (find_openni2)
  /usr/lib/x86_64-linux-gnu/cmake/pcl/PCLConfig.cmake:548 (find_external_library)
  /opt/ros/humble/install/pcl_conversions/share/pcl_conversions/cmake/ament_cmake_export_dependencies-extras.cmake:21 (find_package)
  /opt/ros/humble/install/pcl_conversions/share/pcl_conversions/cmake/pcl_conversionsConfig.cmake:41 (include)
  CMakeLists.txt:47 (find_package)
This warning is for project developers.  Use -Wno-dev to suppress it.
[0m
-- Could NOT find USB_10 (missing: USB_10_LIBRARY USB_10_INCLUDE_DIR) 
-- OpenNI 2 disabled because libusb-1.0 not found.
[33mCMake Warning (dev) at /usr/local/share/cmake-3.24/Modules/FindPackageHandleStandardArgs.cmake:438 (message):
  The package name passed to `find_package_handle_standard_args` (libusb-1.0)
  does not match the name of the calling package (PCL).  This can lead to
  problems in calling code that expects `find_package` result variables
  (e.g., `_FOUND`) to follow a certain pattern.
Call Stack (most recent call first):
  /usr/lib/x86_64-linux-gnu/cmake/pcl/PCLConfig.cmake:291 (find_package_handle_standard_args)
  /usr/lib/x86_64-linux-gnu/cmake/pcl/PCLConfig.cmake:338 (find_libusb)
  /usr/lib/x86_64-linux-gnu/cmake/pcl/PCLConfig.cmake:548 (find_external_library)
  /opt/ros/humble/install/pcl_conversions/share/pcl_conversions/cmake/ament_cmake_export_dependencies-extras.cmake:21 (find_package)
  /opt/ros/humble/install/pcl_conversions/share/pcl_conversions/cmake/pcl_conversionsConfig.cmake:41 (include)
  CMakeLists.txt:47 (find_package)
This warning is for project developers.  Use -Wno-dev to suppress it.
[0m
-- LIBUSB_1_LIBRARY (missing: LIBUSB_1_INCLUDE_DIR) 
-- Checking for module 'libusb-1.0'
--   No package 'libusb-1.0' found
[33mCMake Warning (dev) at /usr/local/share/cmake-3.24/Modules/FindPackageHandleStandardArgs.cmake:438 (message):
  The package name passed to `find_package_handle_standard_args` (USB_10)
  does not match the name of the calling package (OpenNI).  This can lead to
  problems in calling code that expects `find_package` result variables
  (e.g., `_FOUND`) to follow a certain pattern.
Call Stack (most recent call first):
  /usr/lib/x86_64-linux-gnu/cmake/pcl/Modules/FindOpenNI.cmake:28 (find_package_handle_standard_args)
  /usr/lib/x86_64-linux-gnu/cmake/pcl/PCLConfig.cmake:179 (find_package)
  /usr/lib/x86_64-linux-gnu/cmake/pcl/PCLConfig.cmake:322 (find_openni)
  /usr/lib/x86_64-linux-gnu/cmake/pcl/PCLConfig.cmake:548 (find_external_library)
  /opt/ros/humble/install/pcl_conversions/share/pcl_conversions/cmake/ament_cmake_export_dependencies-extras.cmake:21 (find_package)
  /opt/ros/humble/install/pcl_conversions/share/pcl_conversions/cmake/pcl_conversionsConfig.cmake:41 (include)
  CMakeLists.txt:47 (find_package)
This warning is for project developers.  Use -Wno-dev to suppress it.
[0m
-- Could NOT find USB_10 (missing: USB_10_LIBRARY USB_10_INCLUDE_DIR) 
-- OpenNI disabled because libusb-1.0 not found.
-- Checking for module 'libusb-1.0'
--   No package 'libusb-1.0' found
[33mCMake Warning (dev) at /usr/local/share/cmake-3.24/Modules/FindPackageHandleStandardArgs.cmake:438 (message):
  The package name passed to `find_package_handle_standard_args` (USB_10)
  does not match the name of the calling package (OpenNI2).  This can lead to
  problems in calling code that expects `find_package` result variables
  (e.g., `_FOUND`) to follow a certain pattern.
Call Stack (most recent call first):
  /usr/lib/x86_64-linux-gnu/cmake/pcl/Modules/FindOpenNI2.cmake:28 (find_package_handle_standard_args)
  /usr/lib/x86_64-linux-gnu/cmake/pcl/PCLConfig.cmake:193 (find_package)
  /usr/lib/x86_64-linux-gnu/cmake/pcl/PCLConfig.cmake:324 (find_openni2)
  /usr/lib/x86_64-linux-gnu/cmake/pcl/PCLConfig.cmake:548 (find_external_library)
  /opt/ros/humble/install/pcl_conversions/share/pcl_conversions/cmake/ament_cmake_export_dependencies-extras.cmake:21 (find_package)
  /opt/ros/humble/install/pcl_conversions/share/pcl_conversions/cmake/pcl_conversionsConfig.cmake:41 (include)
  CMakeLists.txt:47 (find_package)
This warning is for project developers.  Use -Wno-dev to suppress it.
[0m
-- Could NOT find USB_10 (missing: USB_10_LIBRARY USB_10_INCLUDE_DIR) 
-- OpenNI 2 disabled because libusb-1.0 not found.
-- QHULL found (include: /usr/include, lib: optimized;/usr/lib/x86_64-linux-gnu/libqhull.so;debug;/usr/lib/x86_64-linux-gnu/libqhull.so)
-- Checking for module 'libusb-1.0'
--   No package 'libusb-1.0' found
[33mCMake Warning (dev) at /usr/local/share/cmake-3.24/Modules/FindPackageHandleStandardArgs.cmake:438 (message):
  The package name passed to `find_package_handle_standard_args` (USB_10)
  does not match the name of the calling package (OpenNI).  This can lead to
  problems in calling code that expects `find_package` result variables
  (e.g., `_FOUND`) to follow a certain pattern.
Call Stack (most recent call first):
  /usr/lib/x86_64-linux-gnu/cmake/pcl/Modules/FindOpenNI.cmake:28 (find_package_handle_standard_args)
  /usr/lib/x86_64-linux-gnu/cmake/pcl/PCLConfig.cmake:179 (find_package)
  /usr/lib/x86_64-linux-gnu/cmake/pcl/PCLConfig.cmake:322 (find_openni)
  /usr/lib/x86_64-linux-gnu/cmake/pcl/PCLConfig.cmake:548 (find_external_library)
  /opt/ros/humble/install/pcl_conversions/share/pcl_conversions/cmake/ament_cmake_export_dependencies-extras.cmake:21 (find_package)
  /opt/ros/humble/install/pcl_conversions/share/pcl_conversions/cmake/pcl_conversionsConfig.cmake:41 (include)
  CMakeLists.txt:47 (find_package)
This warning is for project developers.  Use -Wno-dev to suppress it.
[0m
-- Could NOT find USB_10 (missing: USB_10_LIBRARY USB_10_INCLUDE_DIR) 
-- OpenNI disabled because libusb-1.0 not found.
[33mCMake Warning (dev) at /usr/local/share/cmake-3.24/Modules/FindPackageHandleStandardArgs.cmake:438 (message):
  The package name passed to `find_package_handle_standard_args` (PCL_COMMON)
  does not match the name of the calling package (PCL).  This can lead to
  problems in calling code that expects `find_package` result variables
  (e.g., `_FOUND`) to follow a certain pattern.
Call Stack (most recent call first):
  /usr/lib/x86_64-linux-gnu/cmake/pcl/PCLConfig.cmake:616 (find_package_handle_standard_args)
  /opt/ros/humble/install/pcl_conversions/share/pcl_conversions/cmake/ament_cmake_export_dependencies-extras.cmake:21 (find_package)
  /opt/ros/humble/install/pcl_conversions/share/pcl_conversions/cmake/pcl_conversionsConfig.cmake:41 (include)
  CMakeLists.txt:47 (find_package)
This warning is for project developers.  Use -Wno-dev to suppress it.
[0m
[33mCMake Warning (dev) at /usr/local/share/cmake-3.24/Modules/FindPackageHandleStandardArgs.cmake:438 (message):
  The package name passed to `find_package_handle_standard_args` (PCL_KDTREE)
  does not match the name of the calling package (PCL).  This can lead to
  problems in calling code that expects `find_package` result variables
  (e.g., `_FOUND`) to follow a certain pattern.
Call Stack (most recent call first):
  /usr/lib/x86_64-linux-gnu/cmake/pcl/PCLConfig.cmake:616 (find_package_handle_standard_args)
  /opt/ros/humble/install/pcl_conversions/share/pcl_conversions/cmake/ament_cmake_export_dependencies-extras.cmake:21 (find_package)
  /opt/ros/humble/install/pcl_conversions/share/pcl_conversions/cmake/pcl_conversionsConfig.cmake:41 (include)
  CMakeLists.txt:47 (find_package)
This warning is for project developers.  Use -Wno-dev to suppress it.
[0m
[33mCMake Warning (dev) at /usr/local/share/cmake-3.24/Modules/FindPackageHandleStandardArgs.cmake:438 (message):
  The package name passed to `find_package_handle_standard_args` (PCL_OCTREE)
  does not match the name of the calling package (PCL).  This can lead to
  problems in calling code that expects `find_package` result variables
  (e.g., `_FOUND`) to follow a certain pattern.
Call Stack (most recent call first):
  /usr/lib/x86_64-linux-gnu/cmake/pcl/PCLConfig.cmake:616 (find_package_handle_standard_args)
  /opt/ros/humble/install/pcl_conversions/share/pcl_conversions/cmake/ament_cmake_export_dependencies-extras.cmake:21 (find_package)
  /opt/ros/humble/install/pcl_conversions/share/pcl_conversions/cmake/pcl_conversionsConfig.cmake:41 (include)
  CMakeLists.txt:47 (find_package)
This warning is for project developers.  Use -Wno-dev to suppress it.
[0m
[33mCMake Warning (dev) at /usr/local/share/cmake-3.24/Modules/FindPackageHandleStandardArgs.cmake:438 (message):
  The package name passed to `find_package_handle_standard_args` (PCL_SEARCH)
  does not match the name of the calling package (PCL).  This can lead to
  problems in calling code that expects `find_package` result variables
  (e.g., `_FOUND`) to follow a certain pattern.
Call Stack (most recent call first):
  /usr/lib/x86_64-linux-gnu/cmake/pcl/PCLConfig.cmake:616 (find_package_handle_standard_args)
  /opt/ros/humble/install/pcl_conversions/share/pcl_conversions/cmake/ament_cmake_export_dependencies-extras.cmake:21 (find_package)
  /opt/ros/humble/install/pcl_conversions/share/pcl_conversions/cmake/pcl_conversionsConfig.cmake:41 (include)
  CMakeLists.txt:47 (find_package)
This warning is for project developers.  Use -Wno-dev to suppress it.
[0m
[33mCMake Warning (dev) at /usr/local/share/cmake-3.24/Modules/FindPackageHandleStandardArgs.cmake:438 (message):
  The package name passed to `find_package_handle_standard_args`
  (PCL_SAMPLE_CONSENSUS) does not match the name of the calling package
  (PCL).  This can lead to problems in calling code that expects
  `find_package` result variables (e.g., `_FOUND`) to follow a certain
  pattern.
Call Stack (most recent call first):
  /usr/lib/x86_64-linux-gnu/cmake/pcl/PCLConfig.cmake:616 (find_package_handle_standard_args)
  /opt/ros/humble/install/pcl_conversions/share/pcl_conversions/cmake/ament_cmake_export_dependencies-extras.cmake:21 (find_package)
  /opt/ros/humble/install/pcl_conversions/share/pcl_conversions/cmake/pcl_conversionsConfig.cmake:41 (include)
  CMakeLists.txt:47 (find_package)
This warning is for project developers.  Use -Wno-dev to suppress it.
[0m
[33mCMake Warning (dev) at /usr/local/share/cmake-3.24/Modules/FindPackageHandleStandardArgs.cmake:438 (message):
  The package name passed to `find_package_handle_standard_args`
  (PCL_FILTERS) does not match the name of the calling package (PCL).  This
  can lead to problems in calling code that expects `find_package` result
  variables (e.g., `_FOUND`) to follow a certain pattern.
Call Stack (most recent call first):
  /usr/lib/x86_64-linux-gnu/cmake/pcl/PCLConfig.cmake:616 (find_package_handle_standard_args)
  /opt/ros/humble/install/pcl_conversions/share/pcl_conversions/cmake/ament_cmake_export_dependencies-extras.cmake:21 (find_package)
  /opt/ros/humble/install/pcl_conversions/share/pcl_conversions/cmake/pcl_conversionsConfig.cmake:41 (include)
  CMakeLists.txt:47 (find_package)
This warning is for project developers.  Use -Wno-dev to suppress it.
[0m
[33mCMake Warning (dev) at /usr/local/share/cmake-3.24/Modules/FindPackageHandleStandardArgs.cmake:438 (message):
  The package name passed to `find_package_handle_standard_args` (PCL_2D)
  does not match the name of the calling package (PCL).  This can lead to
  problems in calling code that expects `find_package` result variables
  (e.g., `_FOUND`) to follow a certain pattern.
Call Stack (most recent call first):
  /usr/lib/x86_64-linux-gnu/cmake/pcl/PCLConfig.cmake:619 (find_package_handle_standard_args)
  /opt/ros/humble/install/pcl_conversions/share/pcl_conversions/cmake/ament_cmake_export_dependencies-extras.cmake:21 (find_package)
  /opt/ros/humble/install/pcl_conversions/share/pcl_conversions/cmake/pcl_conversionsConfig.cmake:41 (include)
  CMakeLists.txt:47 (find_package)
This warning is for project developers.  Use -Wno-dev to suppress it.
[0m
[33mCMake Warning (dev) at /usr/local/share/cmake-3.24/Modules/FindPackageHandleStandardArgs.cmake:438 (message):
  The package name passed to `find_package_handle_standard_args`
  (PCL_GEOMETRY) does not match the name of the calling package (PCL).  This
  can lead to problems in calling code that expects `find_package` result
  variables (e.g., `_FOUND`) to follow a certain pattern.
Call Stack (most recent call first):
  /usr/lib/x86_64-linux-gnu/cmake/pcl/PCLConfig.cmake:619 (find_package_handle_standard_args)
  /opt/ros/humble/install/pcl_conversions/share/pcl_conversions/cmake/ament_cmake_export_dependencies-extras.cmake:21 (find_package)
  /opt/ros/humble/install/pcl_conversions/share/pcl_conversions/cmake/pcl_conversionsConfig.cmake:41 (include)
  CMakeLists.txt:47 (find_package)
This warning is for project developers.  Use -Wno-dev to suppress it.
[0m
[33mCMake Warning (dev) at /usr/local/share/cmake-3.24/Modules/FindPackageHandleStandardArgs.cmake:438 (message):
  The package name passed to `find_package_handle_standard_args` (PCL_IO)
  does not match the name of the calling package (PCL).  This can lead to
  problems in calling code that expects `find_package` result variables
  (e.g., `_FOUND`) to follow a certain pattern.
Call Stack (most recent call first):
  /usr/lib/x86_64-linux-gnu/cmake/pcl/PCLConfig.cmake:616 (find_package_handle_standard_args)
  /opt/ros/humble/install/pcl_conversions/share/pcl_conversions/cmake/ament_cmake_export_dependencies-extras.cmake:21 (find_package)
  /opt/ros/humble/install/pcl_conversions/share/pcl_conversions/cmake/pcl_conversionsConfig.cmake:41 (include)
  CMakeLists.txt:47 (find_package)
This warning is for project developers.  Use -Wno-dev to suppress it.
[0m
[33mCMake Warning (dev) at /usr/local/share/cmake-3.24/Modules/FindPackageHandleStandardArgs.cmake:438 (message):
  The package name passed to `find_package_handle_standard_args`
  (PCL_FEATURES) does not match the name of the calling package (PCL).  This
  can lead to problems in calling code that expects `find_package` result
  variables (e.g., `_FOUND`) to follow a certain pattern.
Call Stack (most recent call first):
  /usr/lib/x86_64-linux-gnu/cmake/pcl/PCLConfig.cmake:616 (find_package_handle_standard_args)
  /opt/ros/humble/install/pcl_conversions/share/pcl_conversions/cmake/ament_cmake_export_dependencies-extras.cmake:21 (find_package)
  /opt/ros/humble/install/pcl_conversions/share/pcl_conversions/cmake/pcl_conversionsConfig.cmake:41 (include)
  CMakeLists.txt:47 (find_package)
This warning is for project developers.  Use -Wno-dev to suppress it.
[0m
[33mCMake Warning (dev) at /usr/local/share/cmake-3.24/Modules/FindPackageHandleStandardArgs.cmake:438 (message):
  The package name passed to `find_package_handle_standard_args` (PCL_ML)
  does not match the name of the calling package (PCL).  This can lead to
  problems in calling code that expects `find_package` result variables
  (e.g., `_FOUND`) to follow a certain pattern.
Call Stack (most recent call first):
  /usr/lib/x86_64-linux-gnu/cmake/pcl/PCLConfig.cmake:616 (find_package_handle_standard_args)
  /opt/ros/humble/install/pcl_conversions/share/pcl_conversions/cmake/ament_cmake_export_dependencies-extras.cmake:21 (find_package)
  /opt/ros/humble/install/pcl_conversions/share/pcl_conversions/cmake/pcl_conversionsConfig.cmake:41 (include)
  CMakeLists.txt:47 (find_package)
This warning is for project developers.  Use -Wno-dev to suppress it.
[0m
[33mCMake Warning (dev) at /usr/local/share/cmake-3.24/Modules/FindPackageHandleStandardArgs.cmake:438 (message):
  The package name passed to `find_package_handle_standard_args`
  (PCL_SEGMENTATION) does not match the name of the calling package (PCL).
  This can lead to problems in calling code that expects `find_package`
  result variables (e.g., `_FOUND`) to follow a certain pattern.
Call Stack (most recent call first):
  /usr/lib/x86_64-linux-gnu/cmake/pcl/PCLConfig.cmake:616 (find_package_handle_standard_args)
  /opt/ros/humble/install/pcl_conversions/share/pcl_conversions/cmake/ament_cmake_export_dependencies-extras.cmake:21 (find_package)
  /opt/ros/humble/install/pcl_conversions/share/pcl_conversions/cmake/pcl_conversionsConfig.cmake:41 (include)
  CMakeLists.txt:47 (find_package)
This warning is for project developers.  Use -Wno-dev to suppress it.
[0m
[33mCMake Warning (dev) at /usr/local/share/cmake-3.24/Modules/FindPackageHandleStandardArgs.cmake:438 (message):
  The package name passed to `find_package_handle_standard_args`
  (PCL_VISUALIZATION) does not match the name of the calling package (PCL).
  This can lead to problems in calling code that expects `find_package`
  result variables (e.g., `_FOUND`) to follow a certain pattern.
Call Stack (most recent call first):
  /usr/lib/x86_64-linux-gnu/cmake/pcl/PCLConfig.cmake:616 (find_package_handle_standard_args)
  /opt/ros/humble/install/pcl_conversions/share/pcl_conversions/cmake/ament_cmake_export_dependencies-extras.cmake:21 (find_package)
  /opt/ros/humble/install/pcl_conversions/share/pcl_conversions/cmake/pcl_conversionsConfig.cmake:41 (include)
  CMakeLists.txt:47 (find_package)
This warning is for project developers.  Use -Wno-dev to suppress it.
[0m
[33mCMake Warning (dev) at /usr/local/share/cmake-3.24/Modules/FindPackageHandleStandardArgs.cmake:438 (message):
  The package name passed to `find_package_handle_standard_args`
  (PCL_SURFACE) does not match the name of the calling package (PCL).  This
  can lead to problems in calling code that expects `find_package` result
  variables (e.g., `_FOUND`) to follow a certain pattern.
Call Stack (most recent call first):
  /usr/lib/x86_64-linux-gnu/cmake/pcl/PCLConfig.cmake:616 (find_package_handle_standard_args)
  /opt/ros/humble/install/pcl_conversions/share/pcl_conversions/cmake/ament_cmake_export_dependencies-extras.cmake:21 (find_package)
  /opt/ros/humble/install/pcl_conversions/share/pcl_conversions/cmake/pcl_conversionsConfig.cmake:41 (include)
  CMakeLists.txt:47 (find_package)
This warning is for project developers.  Use -Wno-dev to suppress it.
[0m
[33mCMake Warning (dev) at /usr/local/share/cmake-3.24/Modules/FindPackageHandleStandardArgs.cmake:438 (message):
  The package name passed to `find_package_handle_standard_args`
  (PCL_REGISTRATION) does not match the name of the calling package (PCL).
  This can lead to problems in calling code that expects `find_package`
  result variables (e.g., `_FOUND`) to follow a certain pattern.
Call Stack (most recent call first):
  /usr/lib/x86_64-linux-gnu/cmake/pcl/PCLConfig.cmake:616 (find_package_handle_standard_args)
  /opt/ros/humble/install/pcl_conversions/share/pcl_conversions/cmake/ament_cmake_export_dependencies-extras.cmake:21 (find_package)
  /opt/ros/humble/install/pcl_conversions/share/pcl_conversions/cmake/pcl_conversionsConfig.cmake:41 (include)
  CMakeLists.txt:47 (find_package)
This warning is for project developers.  Use -Wno-dev to suppress it.
[0m
[33mCMake Warning (dev) at /usr/local/share/cmake-3.24/Modules/FindPackageHandleStandardArgs.cmake:438 (message):
  The package name passed to `find_package_handle_standard_args`
  (PCL_KEYPOINTS) does not match the name of the calling package (PCL).  This
  can lead to problems in calling code that expects `find_package` result
  variables (e.g., `_FOUND`) to follow a certain pattern.
Call Stack (most recent call first):
  /usr/lib/x86_64-linux-gnu/cmake/pcl/PCLConfig.cmake:616 (find_package_handle_standard_args)
  /opt/ros/humble/install/pcl_conversions/share/pcl_conversions/cmake/ament_cmake_export_dependencies-extras.cmake:21 (find_package)
  /opt/ros/humble/install/pcl_conversions/share/pcl_conversions/cmake/pcl_conversionsConfig.cmake:41 (include)
  CMakeLists.txt:47 (find_package)
This warning is for project developers.  Use -Wno-dev to suppress it.
[0m
[33mCMake Warning (dev) at /usr/local/share/cmake-3.24/Modules/FindPackageHandleStandardArgs.cmake:438 (message):
  The package name passed to `find_package_handle_standard_args`
  (PCL_TRACKING) does not match the name of the calling package (PCL).  This
  can lead to problems in calling code that expects `find_package` result
  variables (e.g., `_FOUND`) to follow a certain pattern.
Call Stack (most recent call first):
  /usr/lib/x86_64-linux-gnu/cmake/pcl/PCLConfig.cmake:616 (find_package_handle_standard_args)
  /opt/ros/humble/install/pcl_conversions/share/pcl_conversions/cmake/ament_cmake_export_dependencies-extras.cmake:21 (find_package)
  /opt/ros/humble/install/pcl_conversions/share/pcl_conversions/cmake/pcl_conversionsConfig.cmake:41 (include)
  CMakeLists.txt:47 (find_package)
This warning is for project developers.  Use -Wno-dev to suppress it.
[0m
[33mCMake Warning (dev) at /usr/local/share/cmake-3.24/Modules/FindPackageHandleStandardArgs.cmake:438 (message):
  The package name passed to `find_package_handle_standard_args`
  (PCL_RECOGNITION) does not match the name of the calling package (PCL).
  This can lead to problems in calling code that expects `find_package`
  result variables (e.g., `_FOUND`) to follow a certain pattern.
Call Stack (most recent call first):
  /usr/lib/x86_64-linux-gnu/cmake/pcl/PCLConfig.cmake:616 (find_package_handle_standard_args)
  /opt/ros/humble/install/pcl_conversions/share/pcl_conversions/cmake/ament_cmake_export_dependencies-extras.cmake:21 (find_package)
  /opt/ros/humble/install/pcl_conversions/share/pcl_conversions/cmake/pcl_conversionsConfig.cmake:41 (include)
  CMakeLists.txt:47 (find_package)
This warning is for project developers.  Use -Wno-dev to suppress it.
[0m
[33mCMake Warning (dev) at /usr/local/share/cmake-3.24/Modules/FindPackageHandleStandardArgs.cmake:438 (message):
  The package name passed to `find_package_handle_standard_args` (PCL_STEREO)
  does not match the name of the calling package (PCL).  This can lead to
  problems in calling code that expects `find_package` result variables
  (e.g., `_FOUND`) to follow a certain pattern.
Call Stack (most recent call first):
  /usr/lib/x86_64-linux-gnu/cmake/pcl/PCLConfig.cmake:616 (find_package_handle_standard_args)
  /opt/ros/humble/install/pcl_conversions/share/pcl_conversions/cmake/ament_cmake_export_dependencies-extras.cmake:21 (find_package)
  /opt/ros/humble/install/pcl_conversions/share/pcl_conversions/cmake/pcl_conversionsConfig.cmake:41 (include)
  CMakeLists.txt:47 (find_package)
This warning is for project developers.  Use -Wno-dev to suppress it.
[0m
[33mCMake Warning (dev) at /usr/local/share/cmake-3.24/Modules/FindPackageHandleStandardArgs.cmake:438 (message):
  The package name passed to `find_package_handle_standard_args` (PCL_APPS)
  does not match the name of the calling package (PCL).  This can lead to
  problems in calling code that expects `find_package` result variables
  (e.g., `_FOUND`) to follow a certain pattern.
Call Stack (most recent call first):
  /usr/lib/x86_64-linux-gnu/cmake/pcl/PCLConfig.cmake:616 (find_package_handle_standard_args)
  /opt/ros/humble/install/pcl_conversions/share/pcl_conversions/cmake/ament_cmake_export_dependencies-extras.cmake:21 (find_package)
  /opt/ros/humble/install/pcl_conversions/share/pcl_conversions/cmake/pcl_conversionsConfig.cmake:41 (include)
  CMakeLists.txt:47 (find_package)
This warning is for project developers.  Use -Wno-dev to suppress it.
[0m
[33mCMake Warning (dev) at /usr/local/share/cmake-3.24/Modules/FindPackageHandleStandardArgs.cmake:438 (message):
  The package name passed to `find_package_handle_standard_args`
  (PCL_IN_HAND_SCANNER) does not match the name of the calling package (PCL).
  This can lead to problems in calling code that expects `find_package`
  result variables (e.g., `_FOUND`) to follow a certain pattern.
Call Stack (most recent call first):
  /usr/lib/x86_64-linux-gnu/cmake/pcl/PCLConfig.cmake:619 (find_package_handle_standard_args)
  /opt/ros/humble/install/pcl_conversions/share/pcl_conversions/cmake/ament_cmake_export_dependencies-extras.cmake:21 (find_package)
  /opt/ros/humble/install/pcl_conversions/share/pcl_conversions/cmake/pcl_conversionsConfig.cmake:41 (include)
  CMakeLists.txt:47 (find_package)
This warning is for project developers.  Use -Wno-dev to suppress it.
[0m
[33mCMake Warning (dev) at /usr/local/share/cmake-3.24/Modules/FindPackageHandleStandardArgs.cmake:438 (message):
  The package name passed to `find_package_handle_standard_args`
  (PCL_POINT_CLOUD_EDITOR) does not match the name of the calling package
  (PCL).  This can lead to problems in calling code that expects
  `find_package` result variables (e.g., `_FOUND`) to follow a certain
  pattern.
Call Stack (most recent call first):
  /usr/lib/x86_64-linux-gnu/cmake/pcl/PCLConfig.cmake:619 (find_package_handle_standard_args)
  /opt/ros/humble/install/pcl_conversions/share/pcl_conversions/cmake/ament_cmake_export_dependencies-extras.cmake:21 (find_package)
  /opt/ros/humble/install/pcl_conversions/share/pcl_conversions/cmake/pcl_conversionsConfig.cmake:41 (include)
  CMakeLists.txt:47 (find_package)
This warning is for project developers.  Use -Wno-dev to suppress it.
[0m
[33mCMake Warning (dev) at /usr/local/share/cmake-3.24/Modules/FindPackageHandleStandardArgs.cmake:438 (message):
  The package name passed to `find_package_handle_standard_args`
  (PCL_OUTOFCORE) does not match the name of the calling package (PCL).  This
  can lead to problems in calling code that expects `find_package` result
  variables (e.g., `_FOUND`) to follow a certain pattern.
Call Stack (most recent call first):
  /usr/lib/x86_64-linux-gnu/cmake/pcl/PCLConfig.cmake:616 (find_package_handle_standard_args)
  /opt/ros/humble/install/pcl_conversions/share/pcl_conversions/cmake/ament_cmake_export_dependencies-extras.cmake:21 (find_package)
  /opt/ros/humble/install/pcl_conversions/share/pcl_conversions/cmake/pcl_conversionsConfig.cmake:41 (include)
  CMakeLists.txt:47 (find_package)
This warning is for project developers.  Use -Wno-dev to suppress it.
[0m
[33mCMake Warning (dev) at /usr/local/share/cmake-3.24/Modules/FindPackageHandleStandardArgs.cmake:438 (message):
  The package name passed to `find_package_handle_standard_args` (PCL_PEOPLE)
  does not match the name of the calling package (PCL).  This can lead to
  problems in calling code that expects `find_package` result variables
  (e.g., `_FOUND`) to follow a certain pattern.
Call Stack (most recent call first):
  /usr/lib/x86_64-linux-gnu/cmake/pcl/PCLConfig.cmake:616 (find_package_handle_standard_args)
  /opt/ros/humble/install/pcl_conversions/share/pcl_conversions/cmake/ament_cmake_export_dependencies-extras.cmake:21 (find_package)
  /opt/ros/humble/install/pcl_conversions/share/pcl_conversions/cmake/pcl_conversionsConfig.cmake:41 (include)
  CMakeLists.txt:47 (find_package)
This warning is for project developers.  Use -Wno-dev to suppress it.
[0m
-- Found pcl_ros: 2.4.1 (/opt/ros/humble/install/pcl_ros/share/pcl_ros/cmake)
-- Found eigen3_cmake_module: 0.1.1 (/opt/ros/humble/install/eigen3_cmake_module/share/eigen3_cmake_module/cmake)
-- Ensuring Eigen3 include directory is part of orocos-kdl CMake target
-- Found visualization_msgs: 4.2.3 (/opt/ros/humble/install/visualization_msgs/share/visualization_msgs/cmake)
-- Found ament_lint_auto: 0.12.6 (/opt/ros/humble/install/ament_lint_auto/share/ament_lint_auto/cmake)
-- Added test 'copyright' to check source files copyright and LICENSE
-- Added test 'cppcheck' to perform static code analysis on C / C++ code
-- Configured cppcheck include dirs: /home/docker/ament_ws/src/lidar_object_detection/lidar_object_detection_node/src/CUDA-PointPillars/src
-- Configured cppcheck exclude dirs and/or files: 
-- Added test 'cpplint' to check C / C++ code against the Google style
-- Configured cpplint exclude dirs and/or files: 
-- Added test 'flake8' to check Python code syntax and style conventions
-- Added test 'lint_cmake' to check CMake code style
-- Added test 'pep257' to check Python code against some of the docstring style conventions in PEP 257
-- Added test 'uncrustify' to check C / C++ code style
-- Configured uncrustify additional arguments: 
-- Added test 'xmllint' to check XML markup files
-- Configuring done
-- Generating done
-- Build files have been written to: /home/docker/ament_ws/src/lidar_object_detection/lidar_object_detection_node/build/pp_infer
[35m[1mConsolidate compiler generated dependencies of target pointpillar_core[0m
[  4%] [32m[1mLinking CXX shared library libpointpillar_core.so[0m
[ 37%] Built target pointpillar_core
[35m[1mConsolidate compiler generated dependencies of target pp_infer[0m
[ 41%] [32mBuilding CXX object CMakeFiles/pp_infer.dir/src/pp_inference_node.cpp.o[0m
In file included from [01m[K/home/docker/ament_ws/src/lidar_object_detection/lidar_object_detection_node/src/pp_inference_node.cpp:52[m[K:
[01m[K/opt/ros/humble/src/geometry2/tf2_geometry_msgs/include/tf2_geometry_msgs/tf2_geometry_msgs.h:35:2:[m[K [01;35m[Kwarning: [m[K#warning This header is obsolete, please include tf2_geometry_msgs/tf2_geometry_msgs.hpp instead [[01;35m[K-Wcpp[m[K]
   35 | #[01;35m[Kwarning[m[K This header is obsolete, please include tf2_geometry_msgs/tf2_geometry_msgs.hpp instead
      |  [01;35m[K^~~~~~~[m[K
In file included from [01m[K/home/docker/ament_ws/src/lidar_object_detection/lidar_object_detection_node/src/CUDA-PointPillars/src/pointpillar/lidar-voxelization.hpp:22[m[K,
                 from [01m[K/home/docker/ament_ws/src/lidar_object_detection/lidar_object_detection_node/src/CUDA-PointPillars/src/pointpillar/pointpillar.hpp:27[m[K,
                 from [01m[K/home/docker/ament_ws/src/lidar_object_detection/lidar_object_detection_node/src/pp_inference_node.cpp:40[m[K:
[01m[K/home/docker/ament_ws/src/lidar_object_detection/lidar_object_detection_node/src/CUDA-PointPillars/src/common/dtype.hpp:69:2:[m[K [01;35m[Kwarning: [m[Kextra ‘[01m[K;[m[K’ [[01;35m[K-Wpedantic[m[K]
   69 | }[01;35m[K;[m[K  // namespace nvtype
      |  [01;35m[K^[m[K
In file included from [01m[K/home/docker/ament_ws/src/lidar_object_detection/lidar_object_detection_node/src/CUDA-PointPillars/src/pointpillar/pointpillar.hpp:27[m[K,
                 from [01m[K/home/docker/ament_ws/src/lidar_object_detection/lidar_object_detection_node/src/pp_inference_node.cpp:40[m[K:
[01m[K/home/docker/ament_ws/src/lidar_object_detection/lidar_object_detection_node/src/CUDA-PointPillars/src/pointpillar/lidar-voxelization.hpp:53:2:[m[K [01;35m[Kwarning: [m[Kextra ‘[01m[K;[m[K’ [[01;35m[K-Wpedantic[m[K]
   53 | }[01;35m[K;[m[K  // namespace lidar
      |  [01;35m[K^[m[K
[01m[K/home/docker/ament_ws/src/lidar_object_detection/lidar_object_detection_node/src/CUDA-PointPillars/src/pointpillar/lidar-voxelization.hpp:54:2:[m[K [01;35m[Kwarning: [m[Kextra ‘[01m[K;[m[K’ [[01;35m[K-Wpedantic[m[K]
   54 | }[01;35m[K;[m[K  // namespace pointpillar
      |  [01;35m[K^[m[K
In file included from [01m[K/home/docker/ament_ws/src/lidar_object_detection/lidar_object_detection_node/src/CUDA-PointPillars/src/pointpillar/pointpillar.hpp:28[m[K,
                 from [01m[K/home/docker/ament_ws/src/lidar_object_detection/lidar_object_detection_node/src/pp_inference_node.cpp:40[m[K:
[01m[K/home/docker/ament_ws/src/lidar_object_detection/lidar_object_detection_node/src/CUDA-PointPillars/src/pointpillar/lidar-backbone.hpp:49:2:[m[K [01;35m[Kwarning: [m[Kextra ‘[01m[K;[m[K’ [[01;35m[K-Wpedantic[m[K]
   49 | }[01;35m[K;[m[K  // namespace lidar
      |  [01;35m[K^[m[K
[01m[K/home/docker/ament_ws/src/lidar_object_detection/lidar_object_detection_node/src/CUDA-PointPillars/src/pointpillar/lidar-backbone.hpp:50:2:[m[K [01;35m[Kwarning: [m[Kextra ‘[01m[K;[m[K’ [[01;35m[K-Wpedantic[m[K]
   50 | }[01;35m[K;[m[K  // namespace pointpillar
      |  [01;35m[K^[m[K
In file included from [01m[K/home/docker/ament_ws/src/lidar_object_detection/lidar_object_detection_node/src/CUDA-PointPillars/src/pointpillar/pointpillar.hpp:29[m[K,
                 from [01m[K/home/docker/ament_ws/src/lidar_object_detection/lidar_object_detection_node/src/pp_inference_node.cpp:40[m[K:
[01m[K/home/docker/ament_ws/src/lidar_object_detection/lidar_object_detection_node/src/CUDA-PointPillars/src/pointpillar/lidar-postprocess.hpp:80:2:[m[K [01;35m[Kwarning: [m[Kextra ‘[01m[K;[m[K’ [[01;35m[K-Wpedantic[m[K]
   80 | }[01;35m[K;[m[K  // namespace lidar
      |  [01;35m[K^[m[K
[01m[K/home/docker/ament_ws/src/lidar_object_detection/lidar_object_detection_node/src/CUDA-PointPillars/src/pointpillar/lidar-postprocess.hpp:81:2:[m[K [01;35m[Kwarning: [m[Kextra ‘[01m[K;[m[K’ [[01;35m[K-Wpedantic[m[K]
   81 | }[01;35m[K;[m[K  // namespace pointpillar
      |  [01;35m[K^[m[K
In file included from [01m[K/home/docker/ament_ws/src/lidar_object_detection/lidar_object_detection_node/src/pp_inference_node.cpp:40[m[K:
[01m[K/home/docker/ament_ws/src/lidar_object_detection/lidar_object_detection_node/src/CUDA-PointPillars/src/pointpillar/pointpillar.hpp:51:2:[m[K [01;35m[Kwarning: [m[Kextra ‘[01m[K;[m[K’ [[01;35m[K-Wpedantic[m[K]
   51 | }[01;35m[K;[m[K  // namespace lidar
      |  [01;35m[K^[m[K
[01m[K/home/docker/ament_ws/src/lidar_object_detection/lidar_object_detection_node/src/CUDA-PointPillars/src/pointpillar/pointpillar.hpp:52:2:[m[K [01;35m[Kwarning: [m[Kextra ‘[01m[K;[m[K’ [[01;35m[K-Wpedantic[m[K]
   52 | }[01;35m[K;[m[K  // namespace pointpillar
      |  [01;35m[K^[m[K
In file included from [01m[K/home/docker/ament_ws/src/lidar_object_detection/lidar_object_detection_node/src/pp_inference_node.cpp:41[m[K:
[01m[K/home/docker/ament_ws/src/lidar_object_detection/lidar_object_detection_node/src/CUDA-PointPillars/src/common/check.hpp:99:2:[m[K [01;35m[Kwarning: [m[Kextra ‘[01m[K;[m[K’ [[01;35m[K-Wpedantic[m[K]
   99 | }[01;35m[K;[m[K  // namespace nv
      |  [01;35m[K^[m[K
[01m[K/home/docker/ament_ws/src/lidar_object_detection/lidar_object_detection_node/src/pp_inference_node.cpp:177:2:[m[K [01;35m[Kwarning: [m[Kextra ‘[01m[K;[m[K’ [[01;35m[K-Wpedantic[m[K]
  177 | }[01;35m[K;[m[K
      |  [01;35m[K^[m[K
[01m[K/home/docker/ament_ws/src/lidar_object_detection/lidar_object_detection_node/src/pp_inference_node.cpp:215:13:[m[K [01;35m[Kwarning: [m[K‘[01m[Kvoid help()[m[K’ defined but not used [[01;35m[K-Wunused-function[m[K]
  215 | static void [01;35m[Khelp[m[K()
      |             [01;35m[K^~~~[m[K
[01m[K/home/docker/ament_ws/src/lidar_object_detection/lidar_object_detection_node/src/pp_inference_node.cpp:203:13:[m[K [01;35m[Kwarning: [m[K‘[01m[Kbool startswith(const char*, const char*, const char**)[m[K’ defined but not used [[01;35m[K-Wunused-function[m[K]
  203 | static bool [01;35m[Kstartswith[m[K(const char *s, const char *with, const char **last)
      |             [01;35m[K^~~~~~~~~~[m[K
[ 45%] [32m[1mLinking CXX executable pp_infer[0m
[100%] Built target pp_infer
-- Install configuration: "Release"
-- Installing: /home/docker/ament_ws/src/lidar_object_detection/lidar_object_detection_node/install/pp_infer/lib/pp_infer/pp_infer
-- Set runtime path of "/home/docker/ament_ws/src/lidar_object_detection/lidar_object_detection_node/install/pp_infer/lib/pp_infer/pp_infer" to ""
-- Up-to-date: /home/docker/ament_ws/src/lidar_object_detection/lidar_object_detection_node/install/pp_infer/share/pp_infer//launch
-- Up-to-date: /home/docker/ament_ws/src/lidar_object_detection/lidar_object_detection_node/install/pp_infer/share/pp_infer//launch/pp_infer_launch.py
-- Up-to-date: /home/docker/ament_ws/src/lidar_object_detection/lidar_object_detection_node/install/pp_infer/share/ament_index/resource_index/package_run_dependencies/pp_infer
-- Up-to-date: /home/docker/ament_ws/src/lidar_object_detection/lidar_object_detection_node/install/pp_infer/share/ament_index/resource_index/parent_prefix_path/pp_infer
-- Installing: /home/docker/ament_ws/src/lidar_object_detection/lidar_object_detection_node/install/pp_infer/share/pp_infer/environment/ament_prefix_path.dsv
-- Installing: /home/docker/ament_ws/src/lidar_object_detection/lidar_object_detection_node/install/pp_infer/share/pp_infer/environment/path.dsv
-- Up-to-date: /home/docker/ament_ws/src/lidar_object_detection/lidar_object_detection_node/install/pp_infer/share/pp_infer/local_setup.bash
-- Up-to-date: /home/docker/ament_ws/src/lidar_object_detection/lidar_object_detection_node/install/pp_infer/share/pp_infer/local_setup.sh
-- Up-to-date: /home/docker/ament_ws/src/lidar_object_detection/lidar_object_detection_node/install/pp_infer/share/pp_infer/local_setup.zsh
-- Installing: /home/docker/ament_ws/src/lidar_object_detection/lidar_object_detection_node/install/pp_infer/share/pp_infer/local_setup.dsv
-- Installing: /home/docker/ament_ws/src/lidar_object_detection/lidar_object_detection_node/install/pp_infer/share/pp_infer/package.dsv
-- Up-to-date: /home/docker/ament_ws/src/lidar_object_detection/lidar_object_detection_node/install/pp_infer/share/ament_index/resource_index/packages/pp_infer
-- Up-to-date: /home/docker/ament_ws/src/lidar_object_detection/lidar_object_detection_node/install/pp_infer/share/pp_infer/cmake/pp_inferConfig.cmake
-- Up-to-date: /home/docker/ament_ws/src/lidar_object_detection/lidar_object_detection_node/install/pp_infer/share/pp_infer/cmake/pp_inferConfig-version.cmake
-- Up-to-date: /home/docker/ament_ws/src/lidar_object_detection/lidar_object_detection_node/install/pp_infer/share/pp_infer/package.xml
