[0.793s] DEBUG:colcon:Command line arguments: ['/usr/bin/colcon', 'build', '--packages-select', 'common_msgs', 'camera_detection', 'tutorial_interfaces']
[0.794s] DEBUG:colcon:Parsed command line arguments: Namespace(log_base=None, log_level=None, verb_name='build', build_base='build', install_base='install', merge_install=False, symlink_install=False, test_result_base=None, continue_on_error=False, executor='parallel', parallel_workers=16, event_handlers=None, ignore_user_meta=False, metas=['./colcon.meta'], base_paths=['.'], packages_ignore=None, packages_ignore_regex=None, paths=None, packages_up_to=None, packages_up_to_regex=None, packages_above=None, packages_above_and_dependencies=None, packages_above_depth=None, packages_select_by_dep=None, packages_skip_by_dep=None, packages_skip_up_to=None, packages_select_build_failed=False, packages_skip_build_finished=False, packages_select_test_failures=False, packages_skip_test_passed=False, packages_select=['common_msgs', 'camera_detection', 'tutorial_interfaces'], packages_skip=None, packages_select_regex=None, packages_skip_regex=None, packages_start=None, packages_end=None, allow_overriding=[], cmake_args=None, cmake_target=None, cmake_target_skip_unavailable=False, cmake_clean_cache=False, cmake_clean_first=False, cmake_force_configure=False, ament_cmake_args=None, catkin_cmake_args=None, catkin_skip_building_tests=False, verb_parser=<colcon_defaults.argument_parser.defaults.DefaultArgumentsDecorator object at 0x7f61dd31c070>, verb_extension=<colcon_core.verb.build.BuildVerb object at 0x7f61dd2ebac0>, main=<bound method BuildVerb.main of <colcon_core.verb.build.BuildVerb object at 0x7f61dd2ebac0>>)
[0.840s] Level 1:colcon.colcon_core.package_discovery:discover_packages(colcon_meta) check parameters
[0.841s] Level 1:colcon.colcon_core.package_discovery:discover_packages(recursive) check parameters
[0.841s] Level 1:colcon.colcon_core.package_discovery:discover_packages(ignore) check parameters
[0.841s] Level 1:colcon.colcon_core.package_discovery:discover_packages(path) check parameters
[0.841s] Level 1:colcon.colcon_core.package_discovery:discover_packages(colcon_meta) discover
[0.841s] Level 1:colcon.colcon_core.package_discovery:discover_packages(recursive) discover
[0.841s] INFO:colcon.colcon_core.package_discovery:Crawling recursively for packages in '/home/leungjch/Documents/repos/wato_monorepo_v2/src'
[0.841s] Level 1:colcon.colcon_core.package_identification:_identify(.) by extensions ['ignore', 'ignore_ament_install']
[0.841s] Level 1:colcon.colcon_core.package_identification:_identify(.) by extension 'ignore'
[0.841s] Level 1:colcon.colcon_core.package_identification:_identify(.) by extension 'ignore_ament_install'
[0.841s] Level 1:colcon.colcon_core.package_identification:_identify(.) by extensions ['colcon_pkg']
[0.841s] Level 1:colcon.colcon_core.package_identification:_identify(.) by extension 'colcon_pkg'
[0.841s] Level 1:colcon.colcon_core.package_identification:_identify(.) by extensions ['colcon_meta']
[0.841s] Level 1:colcon.colcon_core.package_identification:_identify(.) by extension 'colcon_meta'
[0.842s] Level 1:colcon.colcon_core.package_identification:_identify(.) by extensions ['ros']
[0.842s] Level 1:colcon.colcon_core.package_identification:_identify(.) by extension 'ros'
[0.861s] Level 1:colcon.colcon_core.package_identification:_identify(.) by extensions ['cmake', 'python']
[0.861s] Level 1:colcon.colcon_core.package_identification:_identify(.) by extension 'cmake'
[0.861s] Level 1:colcon.colcon_core.package_identification:_identify(.) by extension 'python'
[0.861s] Level 1:colcon.colcon_core.package_identification:_identify(.) by extensions ['python_setup_py']
[0.861s] Level 1:colcon.colcon_core.package_identification:_identify(.) by extension 'python_setup_py'
[0.861s] Level 1:colcon.colcon_core.package_identification:_identify(build) by extensions ['ignore', 'ignore_ament_install']
[0.862s] Level 1:colcon.colcon_core.package_identification:_identify(build) by extension 'ignore'
[0.862s] Level 1:colcon.colcon_core.package_identification:_identify(build) ignored
[0.862s] Level 1:colcon.colcon_core.package_identification:_identify(camera_detection) by extensions ['ignore', 'ignore_ament_install']
[0.862s] Level 1:colcon.colcon_core.package_identification:_identify(camera_detection) by extension 'ignore'
[0.862s] Level 1:colcon.colcon_core.package_identification:_identify(camera_detection) by extension 'ignore_ament_install'
[0.862s] Level 1:colcon.colcon_core.package_identification:_identify(camera_detection) by extensions ['colcon_pkg']
[0.862s] Level 1:colcon.colcon_core.package_identification:_identify(camera_detection) by extension 'colcon_pkg'
[0.862s] Level 1:colcon.colcon_core.package_identification:_identify(camera_detection) by extensions ['colcon_meta']
[0.862s] Level 1:colcon.colcon_core.package_identification:_identify(camera_detection) by extension 'colcon_meta'
[0.862s] Level 1:colcon.colcon_core.package_identification:_identify(camera_detection) by extensions ['ros']
[0.862s] Level 1:colcon.colcon_core.package_identification:_identify(camera_detection) by extension 'ros'
[0.866s] DEBUG:colcon.colcon_core.package_identification:Found ROS schema reference in package manifest in 'camera_detection'
[0.866s] WARNING:colcon.colcon_core.package_identification:Failed to parse ROS package manifest in 'camera_detection': Error(s) in package 'camera_detection/package.xml':
Error(s):
- The generic dependency on 'common_msgs' is redundant with: exec_depend
- The manifest of package "camera_detection" (with format version 3) must not contain the following tags: build_type
[0.866s] Level 1:colcon.colcon_core.package_identification:_identify(camera_detection) by extensions ['cmake', 'python']
[0.866s] Level 1:colcon.colcon_core.package_identification:_identify(camera_detection) by extension 'cmake'
[0.866s] Level 1:colcon.colcon_core.package_identification:_identify(camera_detection) by extension 'python'
[0.867s] DEBUG:colcon.colcon_core.package_identification:Python package in 'camera_detection' passes arguments to the setup() function which requires a different identification extension than 'python'
[0.867s] Level 1:colcon.colcon_core.package_identification:_identify(camera_detection) by extensions ['python_setup_py']
[0.867s] Level 1:colcon.colcon_core.package_identification:_identify(camera_detection) by extension 'python_setup_py'
[1.488s] DEBUG:colcon.colcon_core.package_identification:Package 'camera_detection' with type 'python' and name 'camera_detection'
[1.488s] Level 1:colcon.colcon_core.package_identification:_identify(install) by extensions ['ignore', 'ignore_ament_install']
[1.488s] Level 1:colcon.colcon_core.package_identification:_identify(install) by extension 'ignore'
[1.488s] Level 1:colcon.colcon_core.package_identification:_identify(install) ignored
[1.489s] Level 1:colcon.colcon_core.package_identification:_identify(log) by extensions ['ignore', 'ignore_ament_install']
[1.489s] Level 1:colcon.colcon_core.package_identification:_identify(log) by extension 'ignore'
[1.489s] Level 1:colcon.colcon_core.package_identification:_identify(log) ignored
[1.489s] Level 1:colcon.colcon_core.package_identification:_identify(samples) by extensions ['ignore', 'ignore_ament_install']
[1.489s] Level 1:colcon.colcon_core.package_identification:_identify(samples) by extension 'ignore'
[1.489s] Level 1:colcon.colcon_core.package_identification:_identify(samples) by extension 'ignore_ament_install'
[1.489s] Level 1:colcon.colcon_core.package_identification:_identify(samples) by extensions ['colcon_pkg']
[1.489s] Level 1:colcon.colcon_core.package_identification:_identify(samples) by extension 'colcon_pkg'
[1.490s] Level 1:colcon.colcon_core.package_identification:_identify(samples) by extensions ['colcon_meta']
[1.490s] Level 1:colcon.colcon_core.package_identification:_identify(samples) by extension 'colcon_meta'
[1.490s] Level 1:colcon.colcon_core.package_identification:_identify(samples) by extensions ['ros']
[1.490s] Level 1:colcon.colcon_core.package_identification:_identify(samples) by extension 'ros'
[1.490s] Level 1:colcon.colcon_core.package_identification:_identify(samples) by extensions ['cmake', 'python']
[1.490s] Level 1:colcon.colcon_core.package_identification:_identify(samples) by extension 'cmake'
[1.490s] Level 1:colcon.colcon_core.package_identification:_identify(samples) by extension 'python'
[1.490s] Level 1:colcon.colcon_core.package_identification:_identify(samples) by extensions ['python_setup_py']
[1.490s] Level 1:colcon.colcon_core.package_identification:_identify(samples) by extension 'python_setup_py'
[1.490s] Level 1:colcon.colcon_core.package_identification:_identify(samples/cpp) by extensions ['ignore', 'ignore_ament_install']
[1.491s] Level 1:colcon.colcon_core.package_identification:_identify(samples/cpp) by extension 'ignore'
[1.491s] Level 1:colcon.colcon_core.package_identification:_identify(samples/cpp) by extension 'ignore_ament_install'
[1.491s] Level 1:colcon.colcon_core.package_identification:_identify(samples/cpp) by extensions ['colcon_pkg']
[1.491s] Level 1:colcon.colcon_core.package_identification:_identify(samples/cpp) by extension 'colcon_pkg'
[1.491s] Level 1:colcon.colcon_core.package_identification:_identify(samples/cpp) by extensions ['colcon_meta']
[1.491s] Level 1:colcon.colcon_core.package_identification:_identify(samples/cpp) by extension 'colcon_meta'
[1.491s] Level 1:colcon.colcon_core.package_identification:_identify(samples/cpp) by extensions ['ros']
[1.491s] Level 1:colcon.colcon_core.package_identification:_identify(samples/cpp) by extension 'ros'
[1.491s] Level 1:colcon.colcon_core.package_identification:_identify(samples/cpp) by extensions ['cmake', 'python']
[1.491s] Level 1:colcon.colcon_core.package_identification:_identify(samples/cpp) by extension 'cmake'
[1.492s] Level 1:colcon.colcon_core.package_identification:_identify(samples/cpp) by extension 'python'
[1.492s] Level 1:colcon.colcon_core.package_identification:_identify(samples/cpp) by extensions ['python_setup_py']
[1.492s] Level 1:colcon.colcon_core.package_identification:_identify(samples/cpp) by extension 'python_setup_py'
[1.492s] Level 1:colcon.colcon_core.package_identification:_identify(samples/cpp/aggregator) by extensions ['ignore', 'ignore_ament_install']
[1.492s] Level 1:colcon.colcon_core.package_identification:_identify(samples/cpp/aggregator) by extension 'ignore'
[1.492s] Level 1:colcon.colcon_core.package_identification:_identify(samples/cpp/aggregator) by extension 'ignore_ament_install'
[1.492s] Level 1:colcon.colcon_core.package_identification:_identify(samples/cpp/aggregator) by extensions ['colcon_pkg']
[1.492s] Level 1:colcon.colcon_core.package_identification:_identify(samples/cpp/aggregator) by extension 'colcon_pkg'
[1.492s] Level 1:colcon.colcon_core.package_identification:_identify(samples/cpp/aggregator) by extensions ['colcon_meta']
[1.493s] Level 1:colcon.colcon_core.package_identification:_identify(samples/cpp/aggregator) by extension 'colcon_meta'
[1.493s] Level 1:colcon.colcon_core.package_identification:_identify(samples/cpp/aggregator) by extensions ['ros']
[1.493s] Level 1:colcon.colcon_core.package_identification:_identify(samples/cpp/aggregator) by extension 'ros'
[1.504s] DEBUG:colcon.colcon_core.package_identification:Package 'samples/cpp/aggregator' with type 'ros.ament_cmake' and name 'aggregator'
[1.504s] Level 1:colcon.colcon_core.package_identification:_identify(samples/cpp/producer) by extensions ['ignore', 'ignore_ament_install']
[1.504s] Level 1:colcon.colcon_core.package_identification:_identify(samples/cpp/producer) by extension 'ignore'
[1.505s] Level 1:colcon.colcon_core.package_identification:_identify(samples/cpp/producer) by extension 'ignore_ament_install'
[1.505s] Level 1:colcon.colcon_core.package_identification:_identify(samples/cpp/producer) by extensions ['colcon_pkg']
[1.505s] Level 1:colcon.colcon_core.package_identification:_identify(samples/cpp/producer) by extension 'colcon_pkg'
[1.505s] Level 1:colcon.colcon_core.package_identification:_identify(samples/cpp/producer) by extensions ['colcon_meta']
[1.505s] Level 1:colcon.colcon_core.package_identification:_identify(samples/cpp/producer) by extension 'colcon_meta'
[1.505s] Level 1:colcon.colcon_core.package_identification:_identify(samples/cpp/producer) by extensions ['ros']
[1.505s] Level 1:colcon.colcon_core.package_identification:_identify(samples/cpp/producer) by extension 'ros'
[1.507s] DEBUG:colcon.colcon_core.package_identification:Package 'samples/cpp/producer' with type 'ros.ament_cmake' and name 'producer'
[1.507s] Level 1:colcon.colcon_core.package_identification:_identify(samples/cpp/transformer) by extensions ['ignore', 'ignore_ament_install']
[1.507s] Level 1:colcon.colcon_core.package_identification:_identify(samples/cpp/transformer) by extension 'ignore'
[1.508s] Level 1:colcon.colcon_core.package_identification:_identify(samples/cpp/transformer) by extension 'ignore_ament_install'
[1.508s] Level 1:colcon.colcon_core.package_identification:_identify(samples/cpp/transformer) by extensions ['colcon_pkg']
[1.508s] Level 1:colcon.colcon_core.package_identification:_identify(samples/cpp/transformer) by extension 'colcon_pkg'
[1.508s] Level 1:colcon.colcon_core.package_identification:_identify(samples/cpp/transformer) by extensions ['colcon_meta']
[1.508s] Level 1:colcon.colcon_core.package_identification:_identify(samples/cpp/transformer) by extension 'colcon_meta'
[1.508s] Level 1:colcon.colcon_core.package_identification:_identify(samples/cpp/transformer) by extensions ['ros']
[1.508s] Level 1:colcon.colcon_core.package_identification:_identify(samples/cpp/transformer) by extension 'ros'
[1.511s] DEBUG:colcon.colcon_core.package_identification:Package 'samples/cpp/transformer' with type 'ros.ament_cmake' and name 'transformer'
[1.511s] Level 1:colcon.colcon_core.package_identification:_identify(tutorial_interfaces) by extensions ['ignore', 'ignore_ament_install']
[1.511s] Level 1:colcon.colcon_core.package_identification:_identify(tutorial_interfaces) by extension 'ignore'
[1.511s] Level 1:colcon.colcon_core.package_identification:_identify(tutorial_interfaces) by extension 'ignore_ament_install'
[1.512s] Level 1:colcon.colcon_core.package_identification:_identify(tutorial_interfaces) by extensions ['colcon_pkg']
[1.512s] Level 1:colcon.colcon_core.package_identification:_identify(tutorial_interfaces) by extension 'colcon_pkg'
[1.512s] Level 1:colcon.colcon_core.package_identification:_identify(tutorial_interfaces) by extensions ['colcon_meta']
[1.512s] Level 1:colcon.colcon_core.package_identification:_identify(tutorial_interfaces) by extension 'colcon_meta'
[1.512s] Level 1:colcon.colcon_core.package_identification:_identify(tutorial_interfaces) by extensions ['ros']
[1.512s] Level 1:colcon.colcon_core.package_identification:_identify(tutorial_interfaces) by extension 'ros'
[1.515s] DEBUG:colcon.colcon_core.package_identification:Package 'tutorial_interfaces' with type 'ros.ament_cmake' and name 'tutorial_interfaces'
[1.516s] Level 1:colcon.colcon_core.package_identification:_identify(wato_msgs) by extensions ['ignore', 'ignore_ament_install']
[1.516s] Level 1:colcon.colcon_core.package_identification:_identify(wato_msgs) by extension 'ignore'
[1.516s] Level 1:colcon.colcon_core.package_identification:_identify(wato_msgs) by extension 'ignore_ament_install'
[1.516s] Level 1:colcon.colcon_core.package_identification:_identify(wato_msgs) by extensions ['colcon_pkg']
[1.516s] Level 1:colcon.colcon_core.package_identification:_identify(wato_msgs) by extension 'colcon_pkg'
[1.517s] Level 1:colcon.colcon_core.package_identification:_identify(wato_msgs) by extensions ['colcon_meta']
[1.517s] Level 1:colcon.colcon_core.package_identification:_identify(wato_msgs) by extension 'colcon_meta'
[1.517s] Level 1:colcon.colcon_core.package_identification:_identify(wato_msgs) by extensions ['ros']
[1.517s] Level 1:colcon.colcon_core.package_identification:_identify(wato_msgs) by extension 'ros'
[1.517s] Level 1:colcon.colcon_core.package_identification:_identify(wato_msgs) by extensions ['cmake', 'python']
[1.517s] Level 1:colcon.colcon_core.package_identification:_identify(wato_msgs) by extension 'cmake'
[1.517s] Level 1:colcon.colcon_core.package_identification:_identify(wato_msgs) by extension 'python'
[1.517s] Level 1:colcon.colcon_core.package_identification:_identify(wato_msgs) by extensions ['python_setup_py']
[1.518s] Level 1:colcon.colcon_core.package_identification:_identify(wato_msgs) by extension 'python_setup_py'
[1.518s] Level 1:colcon.colcon_core.package_identification:_identify(wato_msgs/common_msgs) by extensions ['ignore', 'ignore_ament_install']
[1.518s] Level 1:colcon.colcon_core.package_identification:_identify(wato_msgs/common_msgs) by extension 'ignore'
[1.519s] Level 1:colcon.colcon_core.package_identification:_identify(wato_msgs/common_msgs) by extension 'ignore_ament_install'
[1.519s] Level 1:colcon.colcon_core.package_identification:_identify(wato_msgs/common_msgs) by extensions ['colcon_pkg']
[1.519s] Level 1:colcon.colcon_core.package_identification:_identify(wato_msgs/common_msgs) by extension 'colcon_pkg'
[1.519s] Level 1:colcon.colcon_core.package_identification:_identify(wato_msgs/common_msgs) by extensions ['colcon_meta']
[1.519s] Level 1:colcon.colcon_core.package_identification:_identify(wato_msgs/common_msgs) by extension 'colcon_meta'
[1.519s] Level 1:colcon.colcon_core.package_identification:_identify(wato_msgs/common_msgs) by extensions ['ros']
[1.519s] Level 1:colcon.colcon_core.package_identification:_identify(wato_msgs/common_msgs) by extension 'ros'
[1.521s] DEBUG:colcon.colcon_core.package_identification:Package 'wato_msgs/common_msgs' with type 'ros.ament_cmake' and name 'common_msgs'
[1.521s] Level 1:colcon.colcon_core.package_identification:_identify(wato_msgs/sample_msgs) by extensions ['ignore', 'ignore_ament_install']
[1.521s] Level 1:colcon.colcon_core.package_identification:_identify(wato_msgs/sample_msgs) by extension 'ignore'
[1.521s] Level 1:colcon.colcon_core.package_identification:_identify(wato_msgs/sample_msgs) by extension 'ignore_ament_install'
[1.521s] Level 1:colcon.colcon_core.package_identification:_identify(wato_msgs/sample_msgs) by extensions ['colcon_pkg']
[1.521s] Level 1:colcon.colcon_core.package_identification:_identify(wato_msgs/sample_msgs) by extension 'colcon_pkg'
[1.521s] Level 1:colcon.colcon_core.package_identification:_identify(wato_msgs/sample_msgs) by extensions ['colcon_meta']
[1.522s] Level 1:colcon.colcon_core.package_identification:_identify(wato_msgs/sample_msgs) by extension 'colcon_meta'
[1.522s] Level 1:colcon.colcon_core.package_identification:_identify(wato_msgs/sample_msgs) by extensions ['ros']
[1.522s] Level 1:colcon.colcon_core.package_identification:_identify(wato_msgs/sample_msgs) by extension 'ros'
[1.523s] DEBUG:colcon.colcon_core.package_identification:Package 'wato_msgs/sample_msgs' with type 'ros.ament_cmake' and name 'sample_msgs'
[1.523s] Level 1:colcon.colcon_core.package_discovery:discover_packages(recursive) using defaults
[1.523s] Level 1:colcon.colcon_core.package_discovery:discover_packages(ignore) discover
[1.523s] Level 1:colcon.colcon_core.package_discovery:discover_packages(ignore) using defaults
[1.523s] Level 1:colcon.colcon_core.package_discovery:discover_packages(path) discover
[1.523s] Level 1:colcon.colcon_core.package_discovery:discover_packages(path) using defaults
[1.587s] INFO:colcon.colcon_core.package_selection:Skipping not selected package 'sample_msgs' in 'wato_msgs/sample_msgs'
[1.587s] INFO:colcon.colcon_core.package_selection:Skipping not selected package 'aggregator' in 'samples/cpp/aggregator'
[1.587s] INFO:colcon.colcon_core.package_selection:Skipping not selected package 'producer' in 'samples/cpp/producer'
[1.587s] INFO:colcon.colcon_core.package_selection:Skipping not selected package 'transformer' in 'samples/cpp/transformer'
[1.589s] Level 1:colcon.colcon_core.package_discovery:discover_packages(prefix_path) check parameters
[1.590s] Level 1:colcon.colcon_core.package_discovery:discover_packages(prefix_path) discover
[1.595s] WARNING:colcon.colcon_ros.prefix_path.ament:The path '/home/leungjch/Documents/repos/wato_monorepo_v2/src/install/transformer' in the environment variable AMENT_PREFIX_PATH doesn't exist
[1.595s] WARNING:colcon.colcon_ros.prefix_path.ament:The path '/home/leungjch/Documents/repos/wato_monorepo_v2/src/install/producer' in the environment variable AMENT_PREFIX_PATH doesn't exist
[1.595s] WARNING:colcon.colcon_ros.prefix_path.ament:The path '/home/leungjch/Documents/repos/wato_monorepo_v2/src/install/aggregator' in the environment variable AMENT_PREFIX_PATH doesn't exist
[1.595s] WARNING:colcon.colcon_ros.prefix_path.ament:The path '/home/leungjch/Documents/repos/wato_monorepo_v2/src/install/sample_msgs' in the environment variable AMENT_PREFIX_PATH doesn't exist
[1.596s] WARNING:colcon.colcon_ros.prefix_path.catkin:The path '/home/leungjch/Documents/repos/wato_monorepo_v2/src/install/transformer' in the environment variable CMAKE_PREFIX_PATH doesn't exist
[1.596s] WARNING:colcon.colcon_ros.prefix_path.catkin:The path '/home/leungjch/Documents/repos/wato_monorepo_v2/src/install/producer' in the environment variable CMAKE_PREFIX_PATH doesn't exist
[1.596s] WARNING:colcon.colcon_ros.prefix_path.catkin:The path '/home/leungjch/Documents/repos/wato_monorepo_v2/src/install/aggregator' in the environment variable CMAKE_PREFIX_PATH doesn't exist
[1.596s] WARNING:colcon.colcon_ros.prefix_path.catkin:The path '/home/leungjch/Documents/repos/wato_monorepo_v2/src/install/sample_msgs' in the environment variable CMAKE_PREFIX_PATH doesn't exist
[1.601s] DEBUG:colcon.colcon_installed_package_information.package_discovery:Found 3 installed packages in /home/leungjch/Documents/repos/wato_monorepo_v2/src/install
[1.604s] DEBUG:colcon.colcon_installed_package_information.package_discovery:Found 282 installed packages in /opt/ros/humble
[1.606s] Level 1:colcon.colcon_core.package_discovery:discover_packages(prefix_path) using defaults
[1.739s] Level 5:colcon.colcon_core.verb:set package 'camera_detection' build argument 'cmake_args' from command line to 'None'
[1.739s] Level 5:colcon.colcon_core.verb:set package 'camera_detection' build argument 'cmake_target' from command line to 'None'
[1.739s] Level 5:colcon.colcon_core.verb:set package 'camera_detection' build argument 'cmake_target_skip_unavailable' from command line to 'False'
[1.739s] Level 5:colcon.colcon_core.verb:set package 'camera_detection' build argument 'cmake_clean_cache' from command line to 'False'
[1.739s] Level 5:colcon.colcon_core.verb:set package 'camera_detection' build argument 'cmake_clean_first' from command line to 'False'
[1.739s] Level 5:colcon.colcon_core.verb:set package 'camera_detection' build argument 'cmake_force_configure' from command line to 'False'
[1.739s] Level 5:colcon.colcon_core.verb:set package 'camera_detection' build argument 'ament_cmake_args' from command line to 'None'
[1.740s] Level 5:colcon.colcon_core.verb:set package 'camera_detection' build argument 'catkin_cmake_args' from command line to 'None'
[1.740s] Level 5:colcon.colcon_core.verb:set package 'camera_detection' build argument 'catkin_skip_building_tests' from command line to 'False'
[1.740s] DEBUG:colcon.colcon_core.verb:Building package 'camera_detection' with the following arguments: {'ament_cmake_args': None, 'build_base': '/home/leungjch/Documents/repos/wato_monorepo_v2/src/build/camera_detection', 'catkin_cmake_args': None, 'catkin_skip_building_tests': False, 'cmake_args': None, 'cmake_clean_cache': False, 'cmake_clean_first': False, 'cmake_force_configure': False, 'cmake_target': None, 'cmake_target_skip_unavailable': False, 'install_base': '/home/leungjch/Documents/repos/wato_monorepo_v2/src/install/camera_detection', 'merge_install': False, 'path': '/home/leungjch/Documents/repos/wato_monorepo_v2/src/camera_detection', 'symlink_install': False, 'test_result_base': None}
[1.741s] Level 5:colcon.colcon_core.verb:set package 'common_msgs' build argument 'cmake_args' from command line to 'None'
[1.741s] Level 5:colcon.colcon_core.verb:set package 'common_msgs' build argument 'cmake_target' from command line to 'None'
[1.741s] Level 5:colcon.colcon_core.verb:set package 'common_msgs' build argument 'cmake_target_skip_unavailable' from command line to 'False'
[1.741s] Level 5:colcon.colcon_core.verb:set package 'common_msgs' build argument 'cmake_clean_cache' from command line to 'False'
[1.741s] Level 5:colcon.colcon_core.verb:set package 'common_msgs' build argument 'cmake_clean_first' from command line to 'False'
[1.741s] Level 5:colcon.colcon_core.verb:set package 'common_msgs' build argument 'cmake_force_configure' from command line to 'False'
[1.742s] Level 5:colcon.colcon_core.verb:set package 'common_msgs' build argument 'ament_cmake_args' from command line to 'None'
[1.742s] Level 5:colcon.colcon_core.verb:set package 'common_msgs' build argument 'catkin_cmake_args' from command line to 'None'
[1.742s] Level 5:colcon.colcon_core.verb:set package 'common_msgs' build argument 'catkin_skip_building_tests' from command line to 'False'
[1.742s] DEBUG:colcon.colcon_core.verb:Building package 'common_msgs' with the following arguments: {'ament_cmake_args': None, 'build_base': '/home/leungjch/Documents/repos/wato_monorepo_v2/src/build/common_msgs', 'catkin_cmake_args': None, 'catkin_skip_building_tests': False, 'cmake_args': None, 'cmake_clean_cache': False, 'cmake_clean_first': False, 'cmake_force_configure': False, 'cmake_target': None, 'cmake_target_skip_unavailable': False, 'install_base': '/home/leungjch/Documents/repos/wato_monorepo_v2/src/install/common_msgs', 'merge_install': False, 'path': '/home/leungjch/Documents/repos/wato_monorepo_v2/src/wato_msgs/common_msgs', 'symlink_install': False, 'test_result_base': None}
[1.744s] Level 5:colcon.colcon_core.verb:set package 'tutorial_interfaces' build argument 'cmake_args' from command line to 'None'
[1.744s] Level 5:colcon.colcon_core.verb:set package 'tutorial_interfaces' build argument 'cmake_target' from command line to 'None'
[1.744s] Level 5:colcon.colcon_core.verb:set package 'tutorial_interfaces' build argument 'cmake_target_skip_unavailable' from command line to 'False'
[1.744s] Level 5:colcon.colcon_core.verb:set package 'tutorial_interfaces' build argument 'cmake_clean_cache' from command line to 'False'
[1.744s] Level 5:colcon.colcon_core.verb:set package 'tutorial_interfaces' build argument 'cmake_clean_first' from command line to 'False'
[1.744s] Level 5:colcon.colcon_core.verb:set package 'tutorial_interfaces' build argument 'cmake_force_configure' from command line to 'False'
[1.744s] Level 5:colcon.colcon_core.verb:set package 'tutorial_interfaces' build argument 'ament_cmake_args' from command line to 'None'
[1.744s] Level 5:colcon.colcon_core.verb:set package 'tutorial_interfaces' build argument 'catkin_cmake_args' from command line to 'None'
[1.744s] Level 5:colcon.colcon_core.verb:set package 'tutorial_interfaces' build argument 'catkin_skip_building_tests' from command line to 'False'
[1.744s] DEBUG:colcon.colcon_core.verb:Building package 'tutorial_interfaces' with the following arguments: {'ament_cmake_args': None, 'build_base': '/home/leungjch/Documents/repos/wato_monorepo_v2/src/build/tutorial_interfaces', 'catkin_cmake_args': None, 'catkin_skip_building_tests': False, 'cmake_args': None, 'cmake_clean_cache': False, 'cmake_clean_first': False, 'cmake_force_configure': False, 'cmake_target': None, 'cmake_target_skip_unavailable': False, 'install_base': '/home/leungjch/Documents/repos/wato_monorepo_v2/src/install/tutorial_interfaces', 'merge_install': False, 'path': '/home/leungjch/Documents/repos/wato_monorepo_v2/src/tutorial_interfaces', 'symlink_install': False, 'test_result_base': None}
[1.746s] INFO:colcon.colcon_core.executor:Executing jobs using 'parallel' executor
[1.759s] DEBUG:colcon.colcon_parallel_executor.executor.parallel:run_until_complete
[1.759s] INFO:colcon.colcon_core.task.python.build:Building Python package in '/home/leungjch/Documents/repos/wato_monorepo_v2/src/camera_detection'
[1.779s] INFO:colcon.colcon_core.plugin_system:Skipping extension 'colcon_core.shell.bat': Not used on non-Windows systems
[1.779s] INFO:colcon.colcon_core.shell:Skip shell extension 'powershell' for command environment: Not usable outside of PowerShell
[1.779s] DEBUG:colcon.colcon_core.shell:Skip shell extension 'dsv' for command environment
[1.791s] INFO:colcon.colcon_ros.task.ament_cmake.build:Building ROS package in '/home/leungjch/Documents/repos/wato_monorepo_v2/src/wato_msgs/common_msgs' with build type 'ament_cmake'
[1.792s] INFO:colcon.colcon_cmake.task.cmake.build:Building CMake package in '/home/leungjch/Documents/repos/wato_monorepo_v2/src/wato_msgs/common_msgs'
[1.794s] INFO:colcon.colcon_core.shell:Skip shell extension 'powershell' for command environment: Not usable outside of PowerShell
[1.794s] DEBUG:colcon.colcon_core.shell:Skip shell extension 'dsv' for command environment
[1.801s] INFO:colcon.colcon_ros.task.ament_cmake.build:Building ROS package in '/home/leungjch/Documents/repos/wato_monorepo_v2/src/tutorial_interfaces' with build type 'ament_cmake'
[1.802s] INFO:colcon.colcon_cmake.task.cmake.build:Building CMake package in '/home/leungjch/Documents/repos/wato_monorepo_v2/src/tutorial_interfaces'
[1.804s] INFO:colcon.colcon_core.shell:Skip shell extension 'powershell' for command environment: Not usable outside of PowerShell
[1.804s] DEBUG:colcon.colcon_core.shell:Skip shell extension 'dsv' for command environment
[2.442s] DEBUG:colcon.colcon_core.event_handler.log_command:Invoking command in '/home/leungjch/Documents/repos/wato_monorepo_v2/src/build/common_msgs': CMAKE_PREFIX_PATH=${CMAKE_PREFIX_PATH}:/home/leungjch/Documents/repos/wato_monorepo_v2/src/install/camera_detection:/opt/ros/humble CONDA_PROMPT_MODIFIER=(base) /usr/bin/cmake --build /home/leungjch/Documents/repos/wato_monorepo_v2/src/build/common_msgs -- -j16 -l16
[2.455s] DEBUG:colcon.colcon_core.event_handler.log_command:Invoking command in '/home/leungjch/Documents/repos/wato_monorepo_v2/src/build/tutorial_interfaces': CMAKE_PREFIX_PATH=${CMAKE_PREFIX_PATH}:/home/leungjch/Documents/repos/wato_monorepo_v2/src/install/camera_detection:/opt/ros/humble CONDA_PROMPT_MODIFIER=(base) /usr/bin/cmake --build /home/leungjch/Documents/repos/wato_monorepo_v2/src/build/tutorial_interfaces -- -j16 -l16
[3.053s] DEBUG:colcon.colcon_core.event_handler.log_command:Invoked command in '/home/leungjch/Documents/repos/wato_monorepo_v2/src/build/common_msgs' returned '0': CMAKE_PREFIX_PATH=${CMAKE_PREFIX_PATH}:/home/leungjch/Documents/repos/wato_monorepo_v2/src/install/camera_detection:/opt/ros/humble CONDA_PROMPT_MODIFIER=(base) /usr/bin/cmake --build /home/leungjch/Documents/repos/wato_monorepo_v2/src/build/common_msgs -- -j16 -l16
[3.065s] DEBUG:colcon.colcon_core.event_handler.log_command:Invoked command in '/home/leungjch/Documents/repos/wato_monorepo_v2/src/build/tutorial_interfaces' returned '0': CMAKE_PREFIX_PATH=${CMAKE_PREFIX_PATH}:/home/leungjch/Documents/repos/wato_monorepo_v2/src/install/camera_detection:/opt/ros/humble CONDA_PROMPT_MODIFIER=(base) /usr/bin/cmake --build /home/leungjch/Documents/repos/wato_monorepo_v2/src/build/tutorial_interfaces -- -j16 -l16
[3.161s] DEBUG:colcon.colcon_core.event_handler.log_command:Invoking command in '/home/leungjch/Documents/repos/wato_monorepo_v2/src/build/common_msgs': CMAKE_PREFIX_PATH=${CMAKE_PREFIX_PATH}:/home/leungjch/Documents/repos/wato_monorepo_v2/src/install/camera_detection:/opt/ros/humble CONDA_PROMPT_MODIFIER=(base) /usr/bin/cmake --install /home/leungjch/Documents/repos/wato_monorepo_v2/src/build/common_msgs
[3.186s] DEBUG:colcon.colcon_core.event_handler.log_command:Invoking command in '/home/leungjch/Documents/repos/wato_monorepo_v2/src/build/tutorial_interfaces': CMAKE_PREFIX_PATH=${CMAKE_PREFIX_PATH}:/home/leungjch/Documents/repos/wato_monorepo_v2/src/install/camera_detection:/opt/ros/humble CONDA_PROMPT_MODIFIER=(base) /usr/bin/cmake --install /home/leungjch/Documents/repos/wato_monorepo_v2/src/build/tutorial_interfaces
[3.221s] DEBUG:colcon.colcon_core.event_handler.log_command:Invoking command in '/home/leungjch/Documents/repos/wato_monorepo_v2/src/camera_detection': CONDA_PROMPT_MODIFIER=(base) PYTHONPATH=/home/leungjch/Documents/repos/wato_monorepo_v2/src/build/camera_detection/prefix_override:/home/leungjch/Documents/repos/wato_monorepo_v2/src/install/camera_detection/lib/python3.10/site-packages:${PYTHONPATH} /usr/bin/python3 setup.py egg_info --egg-base ../build/camera_detection build --build-base /home/leungjch/Documents/repos/wato_monorepo_v2/src/build/camera_detection/build install --record /home/leungjch/Documents/repos/wato_monorepo_v2/src/build/camera_detection/install.log --single-version-externally-managed
[3.250s] Level 1:colcon.colcon_core.environment:create_environment_scripts_only(common_msgs)
[3.251s] DEBUG:colcon.colcon_core.event_handler.log_command:Invoked command in '/home/leungjch/Documents/repos/wato_monorepo_v2/src/build/common_msgs' returned '0': CMAKE_PREFIX_PATH=${CMAKE_PREFIX_PATH}:/home/leungjch/Documents/repos/wato_monorepo_v2/src/install/camera_detection:/opt/ros/humble CONDA_PROMPT_MODIFIER=(base) /usr/bin/cmake --install /home/leungjch/Documents/repos/wato_monorepo_v2/src/build/common_msgs
[3.258s] Level 1:colcon.colcon_core.environment:checking '/home/leungjch/Documents/repos/wato_monorepo_v2/src/install/common_msgs' for CMake module files
[3.259s] Level 1:colcon.colcon_core.environment:checking '/home/leungjch/Documents/repos/wato_monorepo_v2/src/install/common_msgs' for CMake config files
[3.260s] Level 1:colcon.colcon_core.shell:create_environment_hook('common_msgs', 'cmake_prefix_path')
[3.261s] INFO:colcon.colcon_core.shell:Creating environment hook '/home/leungjch/Documents/repos/wato_monorepo_v2/src/install/common_msgs/share/common_msgs/hook/cmake_prefix_path.ps1'
[3.262s] INFO:colcon.colcon_core.shell:Creating environment descriptor '/home/leungjch/Documents/repos/wato_monorepo_v2/src/install/common_msgs/share/common_msgs/hook/cmake_prefix_path.dsv'
[3.264s] INFO:colcon.colcon_core.shell:Creating environment hook '/home/leungjch/Documents/repos/wato_monorepo_v2/src/install/common_msgs/share/common_msgs/hook/cmake_prefix_path.sh'
[3.267s] Level 1:colcon.colcon_core.environment:checking '/home/leungjch/Documents/repos/wato_monorepo_v2/src/install/common_msgs/lib'
[3.267s] Level 1:colcon.colcon_core.shell:create_environment_hook('common_msgs', 'ld_library_path_lib')
[3.269s] INFO:colcon.colcon_core.shell:Creating environment hook '/home/leungjch/Documents/repos/wato_monorepo_v2/src/install/common_msgs/share/common_msgs/hook/ld_library_path_lib.ps1'
[3.270s] INFO:colcon.colcon_core.shell:Creating environment descriptor '/home/leungjch/Documents/repos/wato_monorepo_v2/src/install/common_msgs/share/common_msgs/hook/ld_library_path_lib.dsv'
[3.271s] INFO:colcon.colcon_core.shell:Creating environment hook '/home/leungjch/Documents/repos/wato_monorepo_v2/src/install/common_msgs/share/common_msgs/hook/ld_library_path_lib.sh'
[3.272s] Level 1:colcon.colcon_core.environment:checking '/home/leungjch/Documents/repos/wato_monorepo_v2/src/install/common_msgs/bin'
[3.272s] Level 1:colcon.colcon_core.environment:checking '/home/leungjch/Documents/repos/wato_monorepo_v2/src/install/common_msgs/lib/pkgconfig/common_msgs.pc'
[3.272s] Level 1:colcon.colcon_core.environment:checking '/home/leungjch/Documents/repos/wato_monorepo_v2/src/install/common_msgs/lib/python3.10/site-packages'
[3.272s] Level 1:colcon.colcon_core.environment:checking '/home/leungjch/Documents/repos/wato_monorepo_v2/src/install/common_msgs/bin'
[3.274s] INFO:colcon.colcon_core.shell:Creating package script '/home/leungjch/Documents/repos/wato_monorepo_v2/src/install/common_msgs/share/common_msgs/package.ps1'
[3.275s] INFO:colcon.colcon_core.shell:Creating package descriptor '/home/leungjch/Documents/repos/wato_monorepo_v2/src/install/common_msgs/share/common_msgs/package.dsv'
[3.276s] INFO:colcon.colcon_core.shell:Creating package script '/home/leungjch/Documents/repos/wato_monorepo_v2/src/install/common_msgs/share/common_msgs/package.sh'
[3.278s] INFO:colcon.colcon_core.shell:Creating package script '/home/leungjch/Documents/repos/wato_monorepo_v2/src/install/common_msgs/share/common_msgs/package.bash'
[3.279s] INFO:colcon.colcon_core.shell:Creating package script '/home/leungjch/Documents/repos/wato_monorepo_v2/src/install/common_msgs/share/common_msgs/package.zsh'
[3.280s] Level 1:colcon.colcon_core.environment:create_file_with_runtime_dependencies(/home/leungjch/Documents/repos/wato_monorepo_v2/src/install/common_msgs/share/colcon-core/packages/common_msgs)
[3.283s] Level 1:colcon.colcon_core.environment:create_environment_scripts_only(tutorial_interfaces)
[3.290s] Level 1:colcon.colcon_core.environment:checking '/home/leungjch/Documents/repos/wato_monorepo_v2/src/install/tutorial_interfaces' for CMake module files
[3.291s] DEBUG:colcon.colcon_core.event_handler.log_command:Invoked command in '/home/leungjch/Documents/repos/wato_monorepo_v2/src/build/tutorial_interfaces' returned '0': CMAKE_PREFIX_PATH=${CMAKE_PREFIX_PATH}:/home/leungjch/Documents/repos/wato_monorepo_v2/src/install/camera_detection:/opt/ros/humble CONDA_PROMPT_MODIFIER=(base) /usr/bin/cmake --install /home/leungjch/Documents/repos/wato_monorepo_v2/src/build/tutorial_interfaces
[3.293s] Level 1:colcon.colcon_core.environment:checking '/home/leungjch/Documents/repos/wato_monorepo_v2/src/install/tutorial_interfaces' for CMake config files
[3.294s] Level 1:colcon.colcon_core.shell:create_environment_hook('tutorial_interfaces', 'cmake_prefix_path')
[3.297s] INFO:colcon.colcon_core.shell:Creating environment hook '/home/leungjch/Documents/repos/wato_monorepo_v2/src/install/tutorial_interfaces/share/tutorial_interfaces/hook/cmake_prefix_path.ps1'
[3.299s] INFO:colcon.colcon_core.shell:Creating environment descriptor '/home/leungjch/Documents/repos/wato_monorepo_v2/src/install/tutorial_interfaces/share/tutorial_interfaces/hook/cmake_prefix_path.dsv'
[3.301s] INFO:colcon.colcon_core.shell:Creating environment hook '/home/leungjch/Documents/repos/wato_monorepo_v2/src/install/tutorial_interfaces/share/tutorial_interfaces/hook/cmake_prefix_path.sh'
[3.303s] Level 1:colcon.colcon_core.environment:checking '/home/leungjch/Documents/repos/wato_monorepo_v2/src/install/tutorial_interfaces/lib'
[3.303s] Level 1:colcon.colcon_core.shell:create_environment_hook('tutorial_interfaces', 'ld_library_path_lib')
[3.305s] INFO:colcon.colcon_core.shell:Creating environment hook '/home/leungjch/Documents/repos/wato_monorepo_v2/src/install/tutorial_interfaces/share/tutorial_interfaces/hook/ld_library_path_lib.ps1'
[3.306s] INFO:colcon.colcon_core.shell:Creating environment descriptor '/home/leungjch/Documents/repos/wato_monorepo_v2/src/install/tutorial_interfaces/share/tutorial_interfaces/hook/ld_library_path_lib.dsv'
[3.306s] INFO:colcon.colcon_core.shell:Creating environment hook '/home/leungjch/Documents/repos/wato_monorepo_v2/src/install/tutorial_interfaces/share/tutorial_interfaces/hook/ld_library_path_lib.sh'
[3.306s] Level 1:colcon.colcon_core.environment:checking '/home/leungjch/Documents/repos/wato_monorepo_v2/src/install/tutorial_interfaces/bin'
[3.306s] Level 1:colcon.colcon_core.environment:checking '/home/leungjch/Documents/repos/wato_monorepo_v2/src/install/tutorial_interfaces/lib/pkgconfig/tutorial_interfaces.pc'
[3.307s] Level 1:colcon.colcon_core.environment:checking '/home/leungjch/Documents/repos/wato_monorepo_v2/src/install/tutorial_interfaces/lib/python3.10/site-packages'
[3.307s] Level 1:colcon.colcon_core.environment:checking '/home/leungjch/Documents/repos/wato_monorepo_v2/src/install/tutorial_interfaces/bin'
[3.309s] INFO:colcon.colcon_core.shell:Creating package script '/home/leungjch/Documents/repos/wato_monorepo_v2/src/install/tutorial_interfaces/share/tutorial_interfaces/package.ps1'
[3.309s] INFO:colcon.colcon_core.shell:Creating package descriptor '/home/leungjch/Documents/repos/wato_monorepo_v2/src/install/tutorial_interfaces/share/tutorial_interfaces/package.dsv'
[3.309s] INFO:colcon.colcon_core.shell:Creating package script '/home/leungjch/Documents/repos/wato_monorepo_v2/src/install/tutorial_interfaces/share/tutorial_interfaces/package.sh'
[3.310s] INFO:colcon.colcon_core.shell:Creating package script '/home/leungjch/Documents/repos/wato_monorepo_v2/src/install/tutorial_interfaces/share/tutorial_interfaces/package.bash'
[3.310s] INFO:colcon.colcon_core.shell:Creating package script '/home/leungjch/Documents/repos/wato_monorepo_v2/src/install/tutorial_interfaces/share/tutorial_interfaces/package.zsh'
[3.310s] Level 1:colcon.colcon_core.environment:create_file_with_runtime_dependencies(/home/leungjch/Documents/repos/wato_monorepo_v2/src/install/tutorial_interfaces/share/colcon-core/packages/tutorial_interfaces)
[3.373s] Level 1:colcon.colcon_core.environment:create_environment_scripts_only(common_msgs)
[3.376s] Level 1:colcon.colcon_core.environment:checking '/home/leungjch/Documents/repos/wato_monorepo_v2/src/install/common_msgs' for CMake module files
[3.377s] Level 1:colcon.colcon_core.environment:checking '/home/leungjch/Documents/repos/wato_monorepo_v2/src/install/common_msgs' for CMake config files
[3.378s] Level 1:colcon.colcon_core.shell:create_environment_hook('common_msgs', 'cmake_prefix_path')
[3.381s] INFO:colcon.colcon_core.shell:Creating environment hook '/home/leungjch/Documents/repos/wato_monorepo_v2/src/install/common_msgs/share/common_msgs/hook/cmake_prefix_path.ps1'
[3.383s] INFO:colcon.colcon_core.shell:Creating environment descriptor '/home/leungjch/Documents/repos/wato_monorepo_v2/src/install/common_msgs/share/common_msgs/hook/cmake_prefix_path.dsv'
[3.386s] INFO:colcon.colcon_core.shell:Creating environment hook '/home/leungjch/Documents/repos/wato_monorepo_v2/src/install/common_msgs/share/common_msgs/hook/cmake_prefix_path.sh'
[3.387s] Level 1:colcon.colcon_core.environment:checking '/home/leungjch/Documents/repos/wato_monorepo_v2/src/install/common_msgs/lib'
[3.387s] Level 1:colcon.colcon_core.shell:create_environment_hook('common_msgs', 'ld_library_path_lib')
[3.389s] INFO:colcon.colcon_core.shell:Creating environment hook '/home/leungjch/Documents/repos/wato_monorepo_v2/src/install/common_msgs/share/common_msgs/hook/ld_library_path_lib.ps1'
[3.389s] INFO:colcon.colcon_core.shell:Creating environment descriptor '/home/leungjch/Documents/repos/wato_monorepo_v2/src/install/common_msgs/share/common_msgs/hook/ld_library_path_lib.dsv'
[3.390s] INFO:colcon.colcon_core.shell:Creating environment hook '/home/leungjch/Documents/repos/wato_monorepo_v2/src/install/common_msgs/share/common_msgs/hook/ld_library_path_lib.sh'
[3.390s] Level 1:colcon.colcon_core.environment:checking '/home/leungjch/Documents/repos/wato_monorepo_v2/src/install/common_msgs/bin'
[3.390s] Level 1:colcon.colcon_core.environment:checking '/home/leungjch/Documents/repos/wato_monorepo_v2/src/install/common_msgs/lib/pkgconfig/common_msgs.pc'
[3.390s] Level 1:colcon.colcon_core.environment:checking '/home/leungjch/Documents/repos/wato_monorepo_v2/src/install/common_msgs/lib/python3.10/site-packages'
[3.391s] Level 1:colcon.colcon_core.environment:checking '/home/leungjch/Documents/repos/wato_monorepo_v2/src/install/common_msgs/bin'
[3.393s] INFO:colcon.colcon_core.shell:Creating package script '/home/leungjch/Documents/repos/wato_monorepo_v2/src/install/common_msgs/share/common_msgs/package.ps1'
[3.393s] INFO:colcon.colcon_core.shell:Creating package descriptor '/home/leungjch/Documents/repos/wato_monorepo_v2/src/install/common_msgs/share/common_msgs/package.dsv'
[3.394s] INFO:colcon.colcon_core.shell:Creating package script '/home/leungjch/Documents/repos/wato_monorepo_v2/src/install/common_msgs/share/common_msgs/package.sh'
[3.394s] INFO:colcon.colcon_core.shell:Creating package script '/home/leungjch/Documents/repos/wato_monorepo_v2/src/install/common_msgs/share/common_msgs/package.bash'
[3.395s] INFO:colcon.colcon_core.shell:Creating package script '/home/leungjch/Documents/repos/wato_monorepo_v2/src/install/common_msgs/share/common_msgs/package.zsh'
[3.395s] Level 1:colcon.colcon_core.environment:create_file_with_runtime_dependencies(/home/leungjch/Documents/repos/wato_monorepo_v2/src/install/common_msgs/share/colcon-core/packages/common_msgs)
[3.410s] Level 1:colcon.colcon_core.environment:create_environment_scripts_only(tutorial_interfaces)
[3.412s] Level 1:colcon.colcon_core.environment:checking '/home/leungjch/Documents/repos/wato_monorepo_v2/src/install/tutorial_interfaces' for CMake module files
[3.413s] Level 1:colcon.colcon_core.environment:checking '/home/leungjch/Documents/repos/wato_monorepo_v2/src/install/tutorial_interfaces' for CMake config files
[3.414s] Level 1:colcon.colcon_core.shell:create_environment_hook('tutorial_interfaces', 'cmake_prefix_path')
[3.417s] INFO:colcon.colcon_core.shell:Creating environment hook '/home/leungjch/Documents/repos/wato_monorepo_v2/src/install/tutorial_interfaces/share/tutorial_interfaces/hook/cmake_prefix_path.ps1'
[3.418s] INFO:colcon.colcon_core.shell:Creating environment descriptor '/home/leungjch/Documents/repos/wato_monorepo_v2/src/install/tutorial_interfaces/share/tutorial_interfaces/hook/cmake_prefix_path.dsv'
[3.418s] INFO:colcon.colcon_core.shell:Creating environment hook '/home/leungjch/Documents/repos/wato_monorepo_v2/src/install/tutorial_interfaces/share/tutorial_interfaces/hook/cmake_prefix_path.sh'
[3.419s] Level 1:colcon.colcon_core.environment:checking '/home/leungjch/Documents/repos/wato_monorepo_v2/src/install/tutorial_interfaces/lib'
[3.419s] Level 1:colcon.colcon_core.shell:create_environment_hook('tutorial_interfaces', 'ld_library_path_lib')
[3.421s] INFO:colcon.colcon_core.shell:Creating environment hook '/home/leungjch/Documents/repos/wato_monorepo_v2/src/install/tutorial_interfaces/share/tutorial_interfaces/hook/ld_library_path_lib.ps1'
[3.421s] INFO:colcon.colcon_core.shell:Creating environment descriptor '/home/leungjch/Documents/repos/wato_monorepo_v2/src/install/tutorial_interfaces/share/tutorial_interfaces/hook/ld_library_path_lib.dsv'
[3.422s] INFO:colcon.colcon_core.shell:Creating environment hook '/home/leungjch/Documents/repos/wato_monorepo_v2/src/install/tutorial_interfaces/share/tutorial_interfaces/hook/ld_library_path_lib.sh'
[3.422s] Level 1:colcon.colcon_core.environment:checking '/home/leungjch/Documents/repos/wato_monorepo_v2/src/install/tutorial_interfaces/bin'
[3.422s] Level 1:colcon.colcon_core.environment:checking '/home/leungjch/Documents/repos/wato_monorepo_v2/src/install/tutorial_interfaces/lib/pkgconfig/tutorial_interfaces.pc'
[3.422s] Level 1:colcon.colcon_core.environment:checking '/home/leungjch/Documents/repos/wato_monorepo_v2/src/install/tutorial_interfaces/lib/python3.10/site-packages'
[3.422s] Level 1:colcon.colcon_core.environment:checking '/home/leungjch/Documents/repos/wato_monorepo_v2/src/install/tutorial_interfaces/bin'
[3.424s] INFO:colcon.colcon_core.shell:Creating package script '/home/leungjch/Documents/repos/wato_monorepo_v2/src/install/tutorial_interfaces/share/tutorial_interfaces/package.ps1'
[3.425s] INFO:colcon.colcon_core.shell:Creating package descriptor '/home/leungjch/Documents/repos/wato_monorepo_v2/src/install/tutorial_interfaces/share/tutorial_interfaces/package.dsv'
[3.426s] INFO:colcon.colcon_core.shell:Creating package script '/home/leungjch/Documents/repos/wato_monorepo_v2/src/install/tutorial_interfaces/share/tutorial_interfaces/package.sh'
[3.426s] INFO:colcon.colcon_core.shell:Creating package script '/home/leungjch/Documents/repos/wato_monorepo_v2/src/install/tutorial_interfaces/share/tutorial_interfaces/package.bash'
[3.426s] INFO:colcon.colcon_core.shell:Creating package script '/home/leungjch/Documents/repos/wato_monorepo_v2/src/install/tutorial_interfaces/share/tutorial_interfaces/package.zsh'
[3.427s] Level 1:colcon.colcon_core.environment:create_file_with_runtime_dependencies(/home/leungjch/Documents/repos/wato_monorepo_v2/src/install/tutorial_interfaces/share/colcon-core/packages/tutorial_interfaces)
[3.696s] Level 1:colcon.colcon_core.environment:checking '/home/leungjch/Documents/repos/wato_monorepo_v2/src/install/camera_detection' for CMake module files
[3.696s] DEBUG:colcon.colcon_core.event_handler.log_command:Invoked command in '/home/leungjch/Documents/repos/wato_monorepo_v2/src/camera_detection' returned '0': CONDA_PROMPT_MODIFIER=(base) PYTHONPATH=/home/leungjch/Documents/repos/wato_monorepo_v2/src/build/camera_detection/prefix_override:/home/leungjch/Documents/repos/wato_monorepo_v2/src/install/camera_detection/lib/python3.10/site-packages:${PYTHONPATH} /usr/bin/python3 setup.py egg_info --egg-base ../build/camera_detection build --build-base /home/leungjch/Documents/repos/wato_monorepo_v2/src/build/camera_detection/build install --record /home/leungjch/Documents/repos/wato_monorepo_v2/src/build/camera_detection/install.log --single-version-externally-managed
[3.703s] Level 1:colcon.colcon_core.environment:checking '/home/leungjch/Documents/repos/wato_monorepo_v2/src/install/camera_detection' for CMake config files
[3.704s] Level 1:colcon.colcon_core.environment:checking '/home/leungjch/Documents/repos/wato_monorepo_v2/src/install/camera_detection/lib'
[3.704s] Level 1:colcon.colcon_core.environment:checking '/home/leungjch/Documents/repos/wato_monorepo_v2/src/install/camera_detection/bin'
[3.704s] Level 1:colcon.colcon_core.environment:checking '/home/leungjch/Documents/repos/wato_monorepo_v2/src/install/camera_detection/lib/pkgconfig/camera_detection.pc'
[3.704s] Level 1:colcon.colcon_core.environment:checking '/home/leungjch/Documents/repos/wato_monorepo_v2/src/install/camera_detection/lib/python3.10/site-packages'
[3.704s] Level 1:colcon.colcon_core.shell:create_environment_hook('camera_detection', 'pythonpath')
[3.706s] INFO:colcon.colcon_core.shell:Creating environment hook '/home/leungjch/Documents/repos/wato_monorepo_v2/src/install/camera_detection/share/camera_detection/hook/pythonpath.ps1'
[3.706s] INFO:colcon.colcon_core.shell:Creating environment descriptor '/home/leungjch/Documents/repos/wato_monorepo_v2/src/install/camera_detection/share/camera_detection/hook/pythonpath.dsv'
[3.707s] INFO:colcon.colcon_core.shell:Creating environment hook '/home/leungjch/Documents/repos/wato_monorepo_v2/src/install/camera_detection/share/camera_detection/hook/pythonpath.sh'
[3.707s] Level 1:colcon.colcon_core.environment:checking '/home/leungjch/Documents/repos/wato_monorepo_v2/src/install/camera_detection/bin'
[3.708s] Level 1:colcon.colcon_core.environment:create_environment_scripts_only(camera_detection)
[3.710s] INFO:colcon.colcon_core.shell:Creating package script '/home/leungjch/Documents/repos/wato_monorepo_v2/src/install/camera_detection/share/camera_detection/package.ps1'
[3.711s] INFO:colcon.colcon_core.shell:Creating package descriptor '/home/leungjch/Documents/repos/wato_monorepo_v2/src/install/camera_detection/share/camera_detection/package.dsv'
[3.711s] INFO:colcon.colcon_core.shell:Creating package script '/home/leungjch/Documents/repos/wato_monorepo_v2/src/install/camera_detection/share/camera_detection/package.sh'
[3.712s] INFO:colcon.colcon_core.shell:Creating package script '/home/leungjch/Documents/repos/wato_monorepo_v2/src/install/camera_detection/share/camera_detection/package.bash'
[3.712s] INFO:colcon.colcon_core.shell:Creating package script '/home/leungjch/Documents/repos/wato_monorepo_v2/src/install/camera_detection/share/camera_detection/package.zsh'
[3.712s] Level 1:colcon.colcon_core.environment:create_file_with_runtime_dependencies(/home/leungjch/Documents/repos/wato_monorepo_v2/src/install/camera_detection/share/colcon-core/packages/camera_detection)
[3.713s] DEBUG:colcon.colcon_parallel_executor.executor.parallel:closing loop
[3.713s] DEBUG:colcon.colcon_parallel_executor.executor.parallel:loop closed
[3.714s] DEBUG:colcon.colcon_parallel_executor.executor.parallel:run_until_complete finished with '0'
[3.714s] DEBUG:colcon.colcon_core.event_reactor:joining thread
[3.724s] INFO:colcon.colcon_core.plugin_system:Skipping extension 'colcon_notification.desktop_notification.notify_send': Could not find 'notify-send'
[3.725s] INFO:colcon.colcon_core.plugin_system:Skipping extension 'colcon_notification.desktop_notification.terminal_notifier': Not used on non-Darwin systems
[3.725s] INFO:colcon.colcon_core.plugin_system:Skipping extension 'colcon_notification.desktop_notification.win32': Not used on non-Windows systems
[3.725s] INFO:colcon.colcon_notification.desktop_notification:Sending desktop notification using 'notify2'
[3.746s] DEBUG:colcon.colcon_core.event_reactor:joined thread
[3.751s] INFO:colcon.colcon_core.shell:Creating prefix script '/home/leungjch/Documents/repos/wato_monorepo_v2/src/install/local_setup.ps1'
[3.754s] INFO:colcon.colcon_core.shell:Creating prefix util module '/home/leungjch/Documents/repos/wato_monorepo_v2/src/install/_local_setup_util_ps1.py'
[3.756s] INFO:colcon.colcon_core.shell:Creating prefix chain script '/home/leungjch/Documents/repos/wato_monorepo_v2/src/install/setup.ps1'
[3.759s] INFO:colcon.colcon_core.shell:Creating prefix script '/home/leungjch/Documents/repos/wato_monorepo_v2/src/install/local_setup.sh'
[3.760s] INFO:colcon.colcon_core.shell:Creating prefix util module '/home/leungjch/Documents/repos/wato_monorepo_v2/src/install/_local_setup_util_sh.py'
[3.761s] INFO:colcon.colcon_core.shell:Creating prefix chain script '/home/leungjch/Documents/repos/wato_monorepo_v2/src/install/setup.sh'
[3.764s] INFO:colcon.colcon_core.shell:Creating prefix script '/home/leungjch/Documents/repos/wato_monorepo_v2/src/install/local_setup.bash'
[3.765s] INFO:colcon.colcon_core.shell:Creating prefix chain script '/home/leungjch/Documents/repos/wato_monorepo_v2/src/install/setup.bash'
[3.770s] INFO:colcon.colcon_core.shell:Creating prefix script '/home/leungjch/Documents/repos/wato_monorepo_v2/src/install/local_setup.zsh'
[3.771s] INFO:colcon.colcon_core.shell:Creating prefix chain script '/home/leungjch/Documents/repos/wato_monorepo_v2/src/install/setup.zsh'
