[0.653s] Invoking command in '/home/leungjch/Documents/repos/wato_monorepo_v2/src/build/tutorial_interfaces': CMAKE_PREFIX_PATH=${CMAKE_PREFIX_PATH}:/home/leungjch/Documents/repos/wato_monorepo_v2/src/install/camera_detection:/opt/ros/humble CONDA_PROMPT_MODIFIER=(base) /usr/bin/cmake --build /home/leungjch/Documents/repos/wato_monorepo_v2/src/build/tutorial_interfaces -- -j16 -l16
[0.728s] [  2%] Built target tutorial_interfaces__cpp
[0.732s] [ 12%] Built target tutorial_interfaces__rosidl_generator_c
[0.749s] [ 12%] Built target ament_cmake_python_copy_tutorial_interfaces
[0.774s] [ 23%] Built target tutorial_interfaces__rosidl_typesupport_c
[0.776s] [ 34%] Built target tutorial_interfaces__rosidl_typesupport_fastrtps_cpp
[0.781s] [ 55%] Built target tutorial_interfaces__rosidl_typesupport_introspection_c
[0.781s] [ 59%] Built target tutorial_interfaces__rosidl_typesupport_cpp
[0.783s] [ 65%] Built target tutorial_interfaces__rosidl_typesupport_introspection_cpp
[0.801s] [ 76%] Built target tutorial_interfaces__rosidl_typesupport_fastrtps_c
[0.830s] [ 76%] Built target tutorial_interfaces
[0.853s] [ 78%] Built target tutorial_interfaces__py
[0.892s] [ 87%] Built target tutorial_interfaces__rosidl_generator_py
[0.920s] [ 95%] Built target tutorial_interfaces__rosidl_typesupport_fastrtps_c__pyext
[0.920s] [ 95%] Built target tutorial_interfaces__rosidl_typesupport_c__pyext
[0.923s] [100%] Built target tutorial_interfaces__rosidl_typesupport_introspection_c__pyext
[1.198s] running egg_info
[1.200s] writing tutorial_interfaces.egg-info/PKG-INFO
[1.200s] writing dependency_links to tutorial_interfaces.egg-info/dependency_links.txt
[1.201s] writing top-level names to tutorial_interfaces.egg-info/top_level.txt
[1.204s] reading manifest file 'tutorial_interfaces.egg-info/SOURCES.txt'
[1.205s] writing manifest file 'tutorial_interfaces.egg-info/SOURCES.txt'
[1.244s] [100%] Built target ament_cmake_python_build_tutorial_interfaces_egg
[1.263s] Invoked command in '/home/leungjch/Documents/repos/wato_monorepo_v2/src/build/tutorial_interfaces' returned '0': CMAKE_PREFIX_PATH=${CMAKE_PREFIX_PATH}:/home/leungjch/Documents/repos/wato_monorepo_v2/src/install/camera_detection:/opt/ros/humble CONDA_PROMPT_MODIFIER=(base) /usr/bin/cmake --build /home/leungjch/Documents/repos/wato_monorepo_v2/src/build/tutorial_interfaces -- -j16 -l16
[1.384s] Invoking command in '/home/leungjch/Documents/repos/wato_monorepo_v2/src/build/tutorial_interfaces': CMAKE_PREFIX_PATH=${CMAKE_PREFIX_PATH}:/home/leungjch/Documents/repos/wato_monorepo_v2/src/install/camera_detection:/opt/ros/humble CONDA_PROMPT_MODIFIER=(base) /usr/bin/cmake --install /home/leungjch/Documents/repos/wato_monorepo_v2/src/build/tutorial_interfaces
[1.393s] -- Install configuration: ""
[1.394s] -- Up-to-date: /home/leungjch/Documents/repos/wato_monorepo_v2/src/install/tutorial_interfaces/share/ament_index/resource_index/rosidl_interfaces/tutorial_interfaces
[1.394s] -- Up-to-date: /home/leungjch/Documents/repos/wato_monorepo_v2/src/install/tutorial_interfaces/include/tutorial_interfaces/tutorial_interfaces
[1.394s] -- Up-to-date: /home/leungjch/Documents/repos/wato_monorepo_v2/src/install/tutorial_interfaces/include/tutorial_interfaces/tutorial_interfaces/msg
[1.394s] -- Up-to-date: /home/leungjch/Documents/repos/wato_monorepo_v2/src/install/tutorial_interfaces/include/tutorial_interfaces/tutorial_interfaces/msg/rosidl_generator_c__visibility_control.h
[1.394s] -- Up-to-date: /home/leungjch/Documents/repos/wato_monorepo_v2/src/install/tutorial_interfaces/include/tutorial_interfaces/tutorial_interfaces/msg/num.h
[1.394s] -- Up-to-date: /home/leungjch/Documents/repos/wato_monorepo_v2/src/install/tutorial_interfaces/include/tutorial_interfaces/tutorial_interfaces/msg/sphere.h
[1.394s] -- Up-to-date: /home/leungjch/Documents/repos/wato_monorepo_v2/src/install/tutorial_interfaces/include/tutorial_interfaces/tutorial_interfaces/msg/detail
[1.394s] -- Up-to-date: /home/leungjch/Documents/repos/wato_monorepo_v2/src/install/tutorial_interfaces/include/tutorial_interfaces/tutorial_interfaces/msg/detail/sphere__functions.c
[1.394s] -- Up-to-date: /home/leungjch/Documents/repos/wato_monorepo_v2/src/install/tutorial_interfaces/include/tutorial_interfaces/tutorial_interfaces/msg/detail/sphere__struct.h
[1.395s] -- Up-to-date: /home/leungjch/Documents/repos/wato_monorepo_v2/src/install/tutorial_interfaces/include/tutorial_interfaces/tutorial_interfaces/msg/detail/num__type_support.h
[1.395s] -- Up-to-date: /home/leungjch/Documents/repos/wato_monorepo_v2/src/install/tutorial_interfaces/include/tutorial_interfaces/tutorial_interfaces/msg/detail/num__functions.h
[1.395s] -- Up-to-date: /home/leungjch/Documents/repos/wato_monorepo_v2/src/install/tutorial_interfaces/include/tutorial_interfaces/tutorial_interfaces/msg/detail/num__functions.c
[1.395s] -- Up-to-date: /home/leungjch/Documents/repos/wato_monorepo_v2/src/install/tutorial_interfaces/include/tutorial_interfaces/tutorial_interfaces/msg/detail/num__struct.h
[1.395s] -- Up-to-date: /home/leungjch/Documents/repos/wato_monorepo_v2/src/install/tutorial_interfaces/include/tutorial_interfaces/tutorial_interfaces/msg/detail/sphere__type_support.h
[1.395s] -- Up-to-date: /home/leungjch/Documents/repos/wato_monorepo_v2/src/install/tutorial_interfaces/include/tutorial_interfaces/tutorial_interfaces/msg/detail/sphere__functions.h
[1.395s] -- Up-to-date: /home/leungjch/Documents/repos/wato_monorepo_v2/src/install/tutorial_interfaces/include/tutorial_interfaces/tutorial_interfaces/srv
[1.395s] -- Up-to-date: /home/leungjch/Documents/repos/wato_monorepo_v2/src/install/tutorial_interfaces/include/tutorial_interfaces/tutorial_interfaces/srv/add_three_ints.h
[1.395s] -- Up-to-date: /home/leungjch/Documents/repos/wato_monorepo_v2/src/install/tutorial_interfaces/include/tutorial_interfaces/tutorial_interfaces/srv/detail
[1.395s] -- Up-to-date: /home/leungjch/Documents/repos/wato_monorepo_v2/src/install/tutorial_interfaces/include/tutorial_interfaces/tutorial_interfaces/srv/detail/add_three_ints__functions.c
[1.395s] -- Up-to-date: /home/leungjch/Documents/repos/wato_monorepo_v2/src/install/tutorial_interfaces/include/tutorial_interfaces/tutorial_interfaces/srv/detail/add_three_ints__functions.h
[1.395s] -- Up-to-date: /home/leungjch/Documents/repos/wato_monorepo_v2/src/install/tutorial_interfaces/include/tutorial_interfaces/tutorial_interfaces/srv/detail/add_three_ints__struct.h
[1.395s] -- Up-to-date: /home/leungjch/Documents/repos/wato_monorepo_v2/src/install/tutorial_interfaces/include/tutorial_interfaces/tutorial_interfaces/srv/detail/add_three_ints__type_support.h
[1.395s] -- Up-to-date: /home/leungjch/Documents/repos/wato_monorepo_v2/src/install/tutorial_interfaces/share/tutorial_interfaces/environment/library_path.sh
[1.396s] -- Up-to-date: /home/leungjch/Documents/repos/wato_monorepo_v2/src/install/tutorial_interfaces/share/tutorial_interfaces/environment/library_path.dsv
[1.396s] -- Up-to-date: /home/leungjch/Documents/repos/wato_monorepo_v2/src/install/tutorial_interfaces/lib/libtutorial_interfaces__rosidl_generator_c.so
[1.396s] -- Up-to-date: /home/leungjch/Documents/repos/wato_monorepo_v2/src/install/tutorial_interfaces/include/tutorial_interfaces/tutorial_interfaces
[1.396s] -- Up-to-date: /home/leungjch/Documents/repos/wato_monorepo_v2/src/install/tutorial_interfaces/include/tutorial_interfaces/tutorial_interfaces/msg
[1.396s] -- Up-to-date: /home/leungjch/Documents/repos/wato_monorepo_v2/src/install/tutorial_interfaces/include/tutorial_interfaces/tutorial_interfaces/msg/rosidl_typesupport_fastrtps_c__visibility_control.h
[1.397s] -- Up-to-date: /home/leungjch/Documents/repos/wato_monorepo_v2/src/install/tutorial_interfaces/include/tutorial_interfaces/tutorial_interfaces/msg/detail
[1.397s] -- Up-to-date: /home/leungjch/Documents/repos/wato_monorepo_v2/src/install/tutorial_interfaces/include/tutorial_interfaces/tutorial_interfaces/msg/detail/num__rosidl_typesupport_fastrtps_c.h
[1.397s] -- Up-to-date: /home/leungjch/Documents/repos/wato_monorepo_v2/src/install/tutorial_interfaces/include/tutorial_interfaces/tutorial_interfaces/msg/detail/sphere__rosidl_typesupport_fastrtps_c.h
[1.397s] -- Up-to-date: /home/leungjch/Documents/repos/wato_monorepo_v2/src/install/tutorial_interfaces/include/tutorial_interfaces/tutorial_interfaces/srv
[1.397s] -- Up-to-date: /home/leungjch/Documents/repos/wato_monorepo_v2/src/install/tutorial_interfaces/include/tutorial_interfaces/tutorial_interfaces/srv/detail
[1.397s] -- Up-to-date: /home/leungjch/Documents/repos/wato_monorepo_v2/src/install/tutorial_interfaces/include/tutorial_interfaces/tutorial_interfaces/srv/detail/add_three_ints__rosidl_typesupport_fastrtps_c.h
[1.397s] -- Up-to-date: /home/leungjch/Documents/repos/wato_monorepo_v2/src/install/tutorial_interfaces/lib/libtutorial_interfaces__rosidl_typesupport_fastrtps_c.so
[1.398s] -- Up-to-date: /home/leungjch/Documents/repos/wato_monorepo_v2/src/install/tutorial_interfaces/include/tutorial_interfaces/tutorial_interfaces
[1.398s] -- Up-to-date: /home/leungjch/Documents/repos/wato_monorepo_v2/src/install/tutorial_interfaces/include/tutorial_interfaces/tutorial_interfaces/msg
[1.398s] -- Up-to-date: /home/leungjch/Documents/repos/wato_monorepo_v2/src/install/tutorial_interfaces/include/tutorial_interfaces/tutorial_interfaces/msg/sphere.hpp
[1.398s] -- Up-to-date: /home/leungjch/Documents/repos/wato_monorepo_v2/src/install/tutorial_interfaces/include/tutorial_interfaces/tutorial_interfaces/msg/num.hpp
[1.398s] -- Up-to-date: /home/leungjch/Documents/repos/wato_monorepo_v2/src/install/tutorial_interfaces/include/tutorial_interfaces/tutorial_interfaces/msg/detail
[1.398s] -- Up-to-date: /home/leungjch/Documents/repos/wato_monorepo_v2/src/install/tutorial_interfaces/include/tutorial_interfaces/tutorial_interfaces/msg/detail/sphere__builder.hpp
[1.398s] -- Up-to-date: /home/leungjch/Documents/repos/wato_monorepo_v2/src/install/tutorial_interfaces/include/tutorial_interfaces/tutorial_interfaces/msg/detail/num__struct.hpp
[1.398s] -- Up-to-date: /home/leungjch/Documents/repos/wato_monorepo_v2/src/install/tutorial_interfaces/include/tutorial_interfaces/tutorial_interfaces/msg/detail/sphere__traits.hpp
[1.398s] -- Up-to-date: /home/leungjch/Documents/repos/wato_monorepo_v2/src/install/tutorial_interfaces/include/tutorial_interfaces/tutorial_interfaces/msg/detail/sphere__struct.hpp
[1.398s] -- Up-to-date: /home/leungjch/Documents/repos/wato_monorepo_v2/src/install/tutorial_interfaces/include/tutorial_interfaces/tutorial_interfaces/msg/detail/num__builder.hpp
[1.398s] -- Up-to-date: /home/leungjch/Documents/repos/wato_monorepo_v2/src/install/tutorial_interfaces/include/tutorial_interfaces/tutorial_interfaces/msg/detail/num__traits.hpp
[1.399s] -- Up-to-date: /home/leungjch/Documents/repos/wato_monorepo_v2/src/install/tutorial_interfaces/include/tutorial_interfaces/tutorial_interfaces/srv
[1.399s] -- Up-to-date: /home/leungjch/Documents/repos/wato_monorepo_v2/src/install/tutorial_interfaces/include/tutorial_interfaces/tutorial_interfaces/srv/detail
[1.399s] -- Up-to-date: /home/leungjch/Documents/repos/wato_monorepo_v2/src/install/tutorial_interfaces/include/tutorial_interfaces/tutorial_interfaces/srv/detail/add_three_ints__struct.hpp
[1.399s] -- Up-to-date: /home/leungjch/Documents/repos/wato_monorepo_v2/src/install/tutorial_interfaces/include/tutorial_interfaces/tutorial_interfaces/srv/detail/add_three_ints__builder.hpp
[1.399s] -- Up-to-date: /home/leungjch/Documents/repos/wato_monorepo_v2/src/install/tutorial_interfaces/include/tutorial_interfaces/tutorial_interfaces/srv/detail/add_three_ints__traits.hpp
[1.399s] -- Up-to-date: /home/leungjch/Documents/repos/wato_monorepo_v2/src/install/tutorial_interfaces/include/tutorial_interfaces/tutorial_interfaces/srv/add_three_ints.hpp
[1.399s] -- Up-to-date: /home/leungjch/Documents/repos/wato_monorepo_v2/src/install/tutorial_interfaces/include/tutorial_interfaces/tutorial_interfaces
[1.399s] -- Up-to-date: /home/leungjch/Documents/repos/wato_monorepo_v2/src/install/tutorial_interfaces/include/tutorial_interfaces/tutorial_interfaces/msg
[1.399s] -- Up-to-date: /home/leungjch/Documents/repos/wato_monorepo_v2/src/install/tutorial_interfaces/include/tutorial_interfaces/tutorial_interfaces/msg/detail
[1.399s] -- Up-to-date: /home/leungjch/Documents/repos/wato_monorepo_v2/src/install/tutorial_interfaces/include/tutorial_interfaces/tutorial_interfaces/msg/detail/dds_fastrtps
[1.399s] -- Up-to-date: /home/leungjch/Documents/repos/wato_monorepo_v2/src/install/tutorial_interfaces/include/tutorial_interfaces/tutorial_interfaces/msg/detail/num__rosidl_typesupport_fastrtps_cpp.hpp
[1.400s] -- Up-to-date: /home/leungjch/Documents/repos/wato_monorepo_v2/src/install/tutorial_interfaces/include/tutorial_interfaces/tutorial_interfaces/msg/detail/sphere__rosidl_typesupport_fastrtps_cpp.hpp
[1.400s] -- Up-to-date: /home/leungjch/Documents/repos/wato_monorepo_v2/src/install/tutorial_interfaces/include/tutorial_interfaces/tutorial_interfaces/msg/rosidl_typesupport_fastrtps_cpp__visibility_control.h
[1.400s] -- Up-to-date: /home/leungjch/Documents/repos/wato_monorepo_v2/src/install/tutorial_interfaces/include/tutorial_interfaces/tutorial_interfaces/srv
[1.400s] -- Up-to-date: /home/leungjch/Documents/repos/wato_monorepo_v2/src/install/tutorial_interfaces/include/tutorial_interfaces/tutorial_interfaces/srv/detail
[1.400s] -- Up-to-date: /home/leungjch/Documents/repos/wato_monorepo_v2/src/install/tutorial_interfaces/include/tutorial_interfaces/tutorial_interfaces/srv/detail/dds_fastrtps
[1.400s] -- Up-to-date: /home/leungjch/Documents/repos/wato_monorepo_v2/src/install/tutorial_interfaces/include/tutorial_interfaces/tutorial_interfaces/srv/detail/add_three_ints__rosidl_typesupport_fastrtps_cpp.hpp
[1.400s] -- Up-to-date: /home/leungjch/Documents/repos/wato_monorepo_v2/src/install/tutorial_interfaces/lib/libtutorial_interfaces__rosidl_typesupport_fastrtps_cpp.so
[1.400s] -- Up-to-date: /home/leungjch/Documents/repos/wato_monorepo_v2/src/install/tutorial_interfaces/include/tutorial_interfaces/tutorial_interfaces
[1.400s] -- Up-to-date: /home/leungjch/Documents/repos/wato_monorepo_v2/src/install/tutorial_interfaces/include/tutorial_interfaces/tutorial_interfaces/msg
[1.400s] -- Up-to-date: /home/leungjch/Documents/repos/wato_monorepo_v2/src/install/tutorial_interfaces/include/tutorial_interfaces/tutorial_interfaces/msg/rosidl_typesupport_introspection_c__visibility_control.h
[1.400s] -- Up-to-date: /home/leungjch/Documents/repos/wato_monorepo_v2/src/install/tutorial_interfaces/include/tutorial_interfaces/tutorial_interfaces/msg/detail
[1.400s] -- Up-to-date: /home/leungjch/Documents/repos/wato_monorepo_v2/src/install/tutorial_interfaces/include/tutorial_interfaces/tutorial_interfaces/msg/detail/num__type_support.c
[1.400s] -- Up-to-date: /home/leungjch/Documents/repos/wato_monorepo_v2/src/install/tutorial_interfaces/include/tutorial_interfaces/tutorial_interfaces/msg/detail/sphere__rosidl_typesupport_introspection_c.h
[1.400s] -- Up-to-date: /home/leungjch/Documents/repos/wato_monorepo_v2/src/install/tutorial_interfaces/include/tutorial_interfaces/tutorial_interfaces/msg/detail/num__rosidl_typesupport_introspection_c.h
[1.401s] -- Up-to-date: /home/leungjch/Documents/repos/wato_monorepo_v2/src/install/tutorial_interfaces/include/tutorial_interfaces/tutorial_interfaces/msg/detail/sphere__type_support.c
[1.401s] -- Up-to-date: /home/leungjch/Documents/repos/wato_monorepo_v2/src/install/tutorial_interfaces/include/tutorial_interfaces/tutorial_interfaces/srv
[1.401s] -- Up-to-date: /home/leungjch/Documents/repos/wato_monorepo_v2/src/install/tutorial_interfaces/include/tutorial_interfaces/tutorial_interfaces/srv/detail
[1.401s] -- Up-to-date: /home/leungjch/Documents/repos/wato_monorepo_v2/src/install/tutorial_interfaces/include/tutorial_interfaces/tutorial_interfaces/srv/detail/add_three_ints__type_support.c
[1.401s] -- Up-to-date: /home/leungjch/Documents/repos/wato_monorepo_v2/src/install/tutorial_interfaces/include/tutorial_interfaces/tutorial_interfaces/srv/detail/add_three_ints__rosidl_typesupport_introspection_c.h
[1.401s] -- Up-to-date: /home/leungjch/Documents/repos/wato_monorepo_v2/src/install/tutorial_interfaces/lib/libtutorial_interfaces__rosidl_typesupport_introspection_c.so
[1.401s] -- Up-to-date: /home/leungjch/Documents/repos/wato_monorepo_v2/src/install/tutorial_interfaces/lib/libtutorial_interfaces__rosidl_typesupport_c.so
[1.401s] -- Up-to-date: /home/leungjch/Documents/repos/wato_monorepo_v2/src/install/tutorial_interfaces/include/tutorial_interfaces/tutorial_interfaces
[1.401s] -- Up-to-date: /home/leungjch/Documents/repos/wato_monorepo_v2/src/install/tutorial_interfaces/include/tutorial_interfaces/tutorial_interfaces/msg
[1.401s] -- Up-to-date: /home/leungjch/Documents/repos/wato_monorepo_v2/src/install/tutorial_interfaces/include/tutorial_interfaces/tutorial_interfaces/msg/detail
[1.401s] -- Up-to-date: /home/leungjch/Documents/repos/wato_monorepo_v2/src/install/tutorial_interfaces/include/tutorial_interfaces/tutorial_interfaces/msg/detail/num__rosidl_typesupport_introspection_cpp.hpp
[1.401s] -- Up-to-date: /home/leungjch/Documents/repos/wato_monorepo_v2/src/install/tutorial_interfaces/include/tutorial_interfaces/tutorial_interfaces/msg/detail/sphere__rosidl_typesupport_introspection_cpp.hpp
[1.402s] -- Up-to-date: /home/leungjch/Documents/repos/wato_monorepo_v2/src/install/tutorial_interfaces/include/tutorial_interfaces/tutorial_interfaces/msg/detail/num__type_support.cpp
[1.402s] -- Up-to-date: /home/leungjch/Documents/repos/wato_monorepo_v2/src/install/tutorial_interfaces/include/tutorial_interfaces/tutorial_interfaces/msg/detail/sphere__type_support.cpp
[1.402s] -- Up-to-date: /home/leungjch/Documents/repos/wato_monorepo_v2/src/install/tutorial_interfaces/include/tutorial_interfaces/tutorial_interfaces/srv
[1.402s] -- Up-to-date: /home/leungjch/Documents/repos/wato_monorepo_v2/src/install/tutorial_interfaces/include/tutorial_interfaces/tutorial_interfaces/srv/detail
[1.402s] -- Up-to-date: /home/leungjch/Documents/repos/wato_monorepo_v2/src/install/tutorial_interfaces/include/tutorial_interfaces/tutorial_interfaces/srv/detail/add_three_ints__type_support.cpp
[1.402s] -- Up-to-date: /home/leungjch/Documents/repos/wato_monorepo_v2/src/install/tutorial_interfaces/include/tutorial_interfaces/tutorial_interfaces/srv/detail/add_three_ints__rosidl_typesupport_introspection_cpp.hpp
[1.402s] -- Up-to-date: /home/leungjch/Documents/repos/wato_monorepo_v2/src/install/tutorial_interfaces/lib/libtutorial_interfaces__rosidl_typesupport_introspection_cpp.so
[1.402s] -- Up-to-date: /home/leungjch/Documents/repos/wato_monorepo_v2/src/install/tutorial_interfaces/lib/libtutorial_interfaces__rosidl_typesupport_cpp.so
[1.402s] -- Up-to-date: /home/leungjch/Documents/repos/wato_monorepo_v2/src/install/tutorial_interfaces/share/tutorial_interfaces/environment/pythonpath.sh
[1.402s] -- Up-to-date: /home/leungjch/Documents/repos/wato_monorepo_v2/src/install/tutorial_interfaces/share/tutorial_interfaces/environment/pythonpath.dsv
[1.402s] -- Up-to-date: /home/leungjch/Documents/repos/wato_monorepo_v2/src/install/tutorial_interfaces/local/lib/python3.10/dist-packages/tutorial_interfaces-0.0.0-py3.10.egg-info
[1.402s] -- Installing: /home/leungjch/Documents/repos/wato_monorepo_v2/src/install/tutorial_interfaces/local/lib/python3.10/dist-packages/tutorial_interfaces-0.0.0-py3.10.egg-info/dependency_links.txt
[1.402s] -- Installing: /home/leungjch/Documents/repos/wato_monorepo_v2/src/install/tutorial_interfaces/local/lib/python3.10/dist-packages/tutorial_interfaces-0.0.0-py3.10.egg-info/top_level.txt
[1.403s] -- Installing: /home/leungjch/Documents/repos/wato_monorepo_v2/src/install/tutorial_interfaces/local/lib/python3.10/dist-packages/tutorial_interfaces-0.0.0-py3.10.egg-info/SOURCES.txt
[1.403s] -- Installing: /home/leungjch/Documents/repos/wato_monorepo_v2/src/install/tutorial_interfaces/local/lib/python3.10/dist-packages/tutorial_interfaces-0.0.0-py3.10.egg-info/PKG-INFO
[1.403s] -- Up-to-date: /home/leungjch/Documents/repos/wato_monorepo_v2/src/install/tutorial_interfaces/local/lib/python3.10/dist-packages/tutorial_interfaces
[1.403s] -- Up-to-date: /home/leungjch/Documents/repos/wato_monorepo_v2/src/install/tutorial_interfaces/local/lib/python3.10/dist-packages/tutorial_interfaces/_tutorial_interfaces_s.ep.rosidl_typesupport_fastrtps_c.c
[1.403s] -- Up-to-date: /home/leungjch/Documents/repos/wato_monorepo_v2/src/install/tutorial_interfaces/local/lib/python3.10/dist-packages/tutorial_interfaces/__init__.py
[1.403s] -- Up-to-date: /home/leungjch/Documents/repos/wato_monorepo_v2/src/install/tutorial_interfaces/local/lib/python3.10/dist-packages/tutorial_interfaces/_tutorial_interfaces_s.ep.rosidl_typesupport_c.c
[1.403s] -- Up-to-date: /home/leungjch/Documents/repos/wato_monorepo_v2/src/install/tutorial_interfaces/local/lib/python3.10/dist-packages/tutorial_interfaces/tutorial_interfaces_s__rosidl_typesupport_c.cpython-39-x86_64-linux-gnu.so
[1.403s] -- Up-to-date: /home/leungjch/Documents/repos/wato_monorepo_v2/src/install/tutorial_interfaces/local/lib/python3.10/dist-packages/tutorial_interfaces/msg
[1.403s] -- Up-to-date: /home/leungjch/Documents/repos/wato_monorepo_v2/src/install/tutorial_interfaces/local/lib/python3.10/dist-packages/tutorial_interfaces/msg/_num.py
[1.403s] -- Up-to-date: /home/leungjch/Documents/repos/wato_monorepo_v2/src/install/tutorial_interfaces/local/lib/python3.10/dist-packages/tutorial_interfaces/msg/_sphere.py
[1.404s] -- Up-to-date: /home/leungjch/Documents/repos/wato_monorepo_v2/src/install/tutorial_interfaces/local/lib/python3.10/dist-packages/tutorial_interfaces/msg/__init__.py
[1.404s] -- Up-to-date: /home/leungjch/Documents/repos/wato_monorepo_v2/src/install/tutorial_interfaces/local/lib/python3.10/dist-packages/tutorial_interfaces/msg/_num_s.c
[1.404s] -- Up-to-date: /home/leungjch/Documents/repos/wato_monorepo_v2/src/install/tutorial_interfaces/local/lib/python3.10/dist-packages/tutorial_interfaces/msg/_sphere_s.c
[1.404s] -- Up-to-date: /home/leungjch/Documents/repos/wato_monorepo_v2/src/install/tutorial_interfaces/local/lib/python3.10/dist-packages/tutorial_interfaces/_tutorial_interfaces_s.ep.rosidl_typesupport_introspection_c.c
[1.404s] -- Up-to-date: /home/leungjch/Documents/repos/wato_monorepo_v2/src/install/tutorial_interfaces/local/lib/python3.10/dist-packages/tutorial_interfaces/srv
[1.404s] -- Up-to-date: /home/leungjch/Documents/repos/wato_monorepo_v2/src/install/tutorial_interfaces/local/lib/python3.10/dist-packages/tutorial_interfaces/srv/_add_three_ints_s.c
[1.404s] -- Up-to-date: /home/leungjch/Documents/repos/wato_monorepo_v2/src/install/tutorial_interfaces/local/lib/python3.10/dist-packages/tutorial_interfaces/srv/_add_three_ints.py
[1.404s] -- Up-to-date: /home/leungjch/Documents/repos/wato_monorepo_v2/src/install/tutorial_interfaces/local/lib/python3.10/dist-packages/tutorial_interfaces/srv/__init__.py
[1.404s] -- Up-to-date: /home/leungjch/Documents/repos/wato_monorepo_v2/src/install/tutorial_interfaces/local/lib/python3.10/dist-packages/tutorial_interfaces/libtutorial_interfaces__rosidl_generator_py.so
[1.404s] -- Up-to-date: /home/leungjch/Documents/repos/wato_monorepo_v2/src/install/tutorial_interfaces/local/lib/python3.10/dist-packages/tutorial_interfaces/tutorial_interfaces_s__rosidl_typesupport_fastrtps_c.cpython-39-x86_64-linux-gnu.so
[1.404s] -- Up-to-date: /home/leungjch/Documents/repos/wato_monorepo_v2/src/install/tutorial_interfaces/local/lib/python3.10/dist-packages/tutorial_interfaces/tutorial_interfaces_s__rosidl_typesupport_introspection_c.cpython-39-x86_64-linux-gnu.so
[1.453s] Listing '/home/leungjch/Documents/repos/wato_monorepo_v2/src/install/tutorial_interfaces/local/lib/python3.10/dist-packages/tutorial_interfaces'...
[1.454s] Listing '/home/leungjch/Documents/repos/wato_monorepo_v2/src/install/tutorial_interfaces/local/lib/python3.10/dist-packages/tutorial_interfaces/msg'...
[1.454s] Listing '/home/leungjch/Documents/repos/wato_monorepo_v2/src/install/tutorial_interfaces/local/lib/python3.10/dist-packages/tutorial_interfaces/srv'...
[1.460s] -- Up-to-date: /home/leungjch/Documents/repos/wato_monorepo_v2/src/install/tutorial_interfaces/local/lib/python3.10/dist-packages/tutorial_interfaces/tutorial_interfaces_s__rosidl_typesupport_fastrtps_c.cpython-39-x86_64-linux-gnu.so
[1.460s] -- Up-to-date: /home/leungjch/Documents/repos/wato_monorepo_v2/src/install/tutorial_interfaces/local/lib/python3.10/dist-packages/tutorial_interfaces/tutorial_interfaces_s__rosidl_typesupport_introspection_c.cpython-39-x86_64-linux-gnu.so
[1.460s] -- Up-to-date: /home/leungjch/Documents/repos/wato_monorepo_v2/src/install/tutorial_interfaces/local/lib/python3.10/dist-packages/tutorial_interfaces/tutorial_interfaces_s__rosidl_typesupport_c.cpython-39-x86_64-linux-gnu.so
[1.461s] -- Up-to-date: /home/leungjch/Documents/repos/wato_monorepo_v2/src/install/tutorial_interfaces/lib/libtutorial_interfaces__rosidl_generator_py.so
[1.461s] -- Up-to-date: /home/leungjch/Documents/repos/wato_monorepo_v2/src/install/tutorial_interfaces/share/tutorial_interfaces/msg/Num.idl
[1.461s] -- Up-to-date: /home/leungjch/Documents/repos/wato_monorepo_v2/src/install/tutorial_interfaces/share/tutorial_interfaces/msg/Sphere.idl
[1.461s] -- Up-to-date: /home/leungjch/Documents/repos/wato_monorepo_v2/src/install/tutorial_interfaces/share/tutorial_interfaces/srv/AddThreeInts.idl
[1.462s] -- Up-to-date: /home/leungjch/Documents/repos/wato_monorepo_v2/src/install/tutorial_interfaces/share/tutorial_interfaces/msg/Num.msg
[1.463s] -- Up-to-date: /home/leungjch/Documents/repos/wato_monorepo_v2/src/install/tutorial_interfaces/share/tutorial_interfaces/msg/Sphere.msg
[1.464s] -- Up-to-date: /home/leungjch/Documents/repos/wato_monorepo_v2/src/install/tutorial_interfaces/share/tutorial_interfaces/srv/AddThreeInts.srv
[1.464s] -- Up-to-date: /home/leungjch/Documents/repos/wato_monorepo_v2/src/install/tutorial_interfaces/share/tutorial_interfaces/srv/AddThreeInts_Request.msg
[1.464s] -- Up-to-date: /home/leungjch/Documents/repos/wato_monorepo_v2/src/install/tutorial_interfaces/share/tutorial_interfaces/srv/AddThreeInts_Response.msg
[1.464s] -- Up-to-date: /home/leungjch/Documents/repos/wato_monorepo_v2/src/install/tutorial_interfaces/share/ament_index/resource_index/package_run_dependencies/tutorial_interfaces
[1.464s] -- Up-to-date: /home/leungjch/Documents/repos/wato_monorepo_v2/src/install/tutorial_interfaces/share/ament_index/resource_index/parent_prefix_path/tutorial_interfaces
[1.464s] -- Up-to-date: /home/leungjch/Documents/repos/wato_monorepo_v2/src/install/tutorial_interfaces/share/tutorial_interfaces/environment/ament_prefix_path.sh
[1.465s] -- Up-to-date: /home/leungjch/Documents/repos/wato_monorepo_v2/src/install/tutorial_interfaces/share/tutorial_interfaces/environment/ament_prefix_path.dsv
[1.465s] -- Up-to-date: /home/leungjch/Documents/repos/wato_monorepo_v2/src/install/tutorial_interfaces/share/tutorial_interfaces/environment/path.sh
[1.465s] -- Up-to-date: /home/leungjch/Documents/repos/wato_monorepo_v2/src/install/tutorial_interfaces/share/tutorial_interfaces/environment/path.dsv
[1.468s] -- Up-to-date: /home/leungjch/Documents/repos/wato_monorepo_v2/src/install/tutorial_interfaces/share/tutorial_interfaces/local_setup.bash
[1.468s] -- Up-to-date: /home/leungjch/Documents/repos/wato_monorepo_v2/src/install/tutorial_interfaces/share/tutorial_interfaces/local_setup.sh
[1.468s] -- Up-to-date: /home/leungjch/Documents/repos/wato_monorepo_v2/src/install/tutorial_interfaces/share/tutorial_interfaces/local_setup.zsh
[1.468s] -- Up-to-date: /home/leungjch/Documents/repos/wato_monorepo_v2/src/install/tutorial_interfaces/share/tutorial_interfaces/local_setup.dsv
[1.469s] -- Installing: /home/leungjch/Documents/repos/wato_monorepo_v2/src/install/tutorial_interfaces/share/tutorial_interfaces/package.dsv
[1.469s] -- Up-to-date: /home/leungjch/Documents/repos/wato_monorepo_v2/src/install/tutorial_interfaces/share/ament_index/resource_index/packages/tutorial_interfaces
[1.469s] -- Up-to-date: /home/leungjch/Documents/repos/wato_monorepo_v2/src/install/tutorial_interfaces/share/tutorial_interfaces/cmake/export_tutorial_interfaces__rosidl_generator_cExport.cmake
[1.469s] -- Up-to-date: /home/leungjch/Documents/repos/wato_monorepo_v2/src/install/tutorial_interfaces/share/tutorial_interfaces/cmake/export_tutorial_interfaces__rosidl_generator_cExport-noconfig.cmake
[1.469s] -- Up-to-date: /home/leungjch/Documents/repos/wato_monorepo_v2/src/install/tutorial_interfaces/share/tutorial_interfaces/cmake/export_tutorial_interfaces__rosidl_typesupport_fastrtps_cExport.cmake
[1.469s] -- Up-to-date: /home/leungjch/Documents/repos/wato_monorepo_v2/src/install/tutorial_interfaces/share/tutorial_interfaces/cmake/export_tutorial_interfaces__rosidl_typesupport_fastrtps_cExport-noconfig.cmake
[1.470s] -- Up-to-date: /home/leungjch/Documents/repos/wato_monorepo_v2/src/install/tutorial_interfaces/share/tutorial_interfaces/cmake/export_tutorial_interfaces__rosidl_generator_cppExport.cmake
[1.470s] -- Up-to-date: /home/leungjch/Documents/repos/wato_monorepo_v2/src/install/tutorial_interfaces/share/tutorial_interfaces/cmake/export_tutorial_interfaces__rosidl_typesupport_fastrtps_cppExport.cmake
[1.470s] -- Up-to-date: /home/leungjch/Documents/repos/wato_monorepo_v2/src/install/tutorial_interfaces/share/tutorial_interfaces/cmake/export_tutorial_interfaces__rosidl_typesupport_fastrtps_cppExport-noconfig.cmake
[1.470s] -- Up-to-date: /home/leungjch/Documents/repos/wato_monorepo_v2/src/install/tutorial_interfaces/share/tutorial_interfaces/cmake/tutorial_interfaces__rosidl_typesupport_introspection_cExport.cmake
[1.472s] -- Up-to-date: /home/leungjch/Documents/repos/wato_monorepo_v2/src/install/tutorial_interfaces/share/tutorial_interfaces/cmake/tutorial_interfaces__rosidl_typesupport_introspection_cExport-noconfig.cmake
[1.473s] -- Up-to-date: /home/leungjch/Documents/repos/wato_monorepo_v2/src/install/tutorial_interfaces/share/tutorial_interfaces/cmake/tutorial_interfaces__rosidl_typesupport_cExport.cmake
[1.473s] -- Up-to-date: /home/leungjch/Documents/repos/wato_monorepo_v2/src/install/tutorial_interfaces/share/tutorial_interfaces/cmake/tutorial_interfaces__rosidl_typesupport_cExport-noconfig.cmake
[1.473s] -- Up-to-date: /home/leungjch/Documents/repos/wato_monorepo_v2/src/install/tutorial_interfaces/share/tutorial_interfaces/cmake/tutorial_interfaces__rosidl_typesupport_introspection_cppExport.cmake
[1.473s] -- Up-to-date: /home/leungjch/Documents/repos/wato_monorepo_v2/src/install/tutorial_interfaces/share/tutorial_interfaces/cmake/tutorial_interfaces__rosidl_typesupport_introspection_cppExport-noconfig.cmake
[1.474s] -- Up-to-date: /home/leungjch/Documents/repos/wato_monorepo_v2/src/install/tutorial_interfaces/share/tutorial_interfaces/cmake/tutorial_interfaces__rosidl_typesupport_cppExport.cmake
[1.474s] -- Up-to-date: /home/leungjch/Documents/repos/wato_monorepo_v2/src/install/tutorial_interfaces/share/tutorial_interfaces/cmake/tutorial_interfaces__rosidl_typesupport_cppExport-noconfig.cmake
[1.474s] -- Up-to-date: /home/leungjch/Documents/repos/wato_monorepo_v2/src/install/tutorial_interfaces/share/tutorial_interfaces/cmake/export_tutorial_interfaces__rosidl_generator_pyExport.cmake
[1.474s] -- Up-to-date: /home/leungjch/Documents/repos/wato_monorepo_v2/src/install/tutorial_interfaces/share/tutorial_interfaces/cmake/export_tutorial_interfaces__rosidl_generator_pyExport-noconfig.cmake
[1.474s] -- Up-to-date: /home/leungjch/Documents/repos/wato_monorepo_v2/src/install/tutorial_interfaces/share/tutorial_interfaces/cmake/rosidl_cmake-extras.cmake
[1.474s] -- Up-to-date: /home/leungjch/Documents/repos/wato_monorepo_v2/src/install/tutorial_interfaces/share/tutorial_interfaces/cmake/ament_cmake_export_dependencies-extras.cmake
[1.474s] -- Up-to-date: /home/leungjch/Documents/repos/wato_monorepo_v2/src/install/tutorial_interfaces/share/tutorial_interfaces/cmake/ament_cmake_export_include_directories-extras.cmake
[1.475s] -- Up-to-date: /home/leungjch/Documents/repos/wato_monorepo_v2/src/install/tutorial_interfaces/share/tutorial_interfaces/cmake/ament_cmake_export_libraries-extras.cmake
[1.475s] -- Up-to-date: /home/leungjch/Documents/repos/wato_monorepo_v2/src/install/tutorial_interfaces/share/tutorial_interfaces/cmake/ament_cmake_export_targets-extras.cmake
[1.475s] -- Up-to-date: /home/leungjch/Documents/repos/wato_monorepo_v2/src/install/tutorial_interfaces/share/tutorial_interfaces/cmake/rosidl_cmake_export_typesupport_targets-extras.cmake
[1.476s] -- Up-to-date: /home/leungjch/Documents/repos/wato_monorepo_v2/src/install/tutorial_interfaces/share/tutorial_interfaces/cmake/rosidl_cmake_export_typesupport_libraries-extras.cmake
[1.476s] -- Up-to-date: /home/leungjch/Documents/repos/wato_monorepo_v2/src/install/tutorial_interfaces/share/tutorial_interfaces/cmake/tutorial_interfacesConfig.cmake
[1.476s] -- Up-to-date: /home/leungjch/Documents/repos/wato_monorepo_v2/src/install/tutorial_interfaces/share/tutorial_interfaces/cmake/tutorial_interfacesConfig-version.cmake
[1.476s] -- Up-to-date: /home/leungjch/Documents/repos/wato_monorepo_v2/src/install/tutorial_interfaces/share/tutorial_interfaces/package.xml
[1.488s] Invoked command in '/home/leungjch/Documents/repos/wato_monorepo_v2/src/build/tutorial_interfaces' returned '0': CMAKE_PREFIX_PATH=${CMAKE_PREFIX_PATH}:/home/leungjch/Documents/repos/wato_monorepo_v2/src/install/camera_detection:/opt/ros/humble CONDA_PROMPT_MODIFIER=(base) /usr/bin/cmake --install /home/leungjch/Documents/repos/wato_monorepo_v2/src/build/tutorial_interfaces
