[0.066s] Invoking command in '/home/leungjch/Documents/repos/wato_monorepo_v2/src/build/tutorial_interfaces': CMAKE_PREFIX_PATH=${CMAKE_PREFIX_PATH}:/home/leungjch/Documents/repos/wato_monorepo_v2/src/install/py_pubsub:/home/leungjch/Documents/repos/wato_monorepo_v2/src/install/camera_detection:/opt/ros/humble CONDA_PROMPT_MODIFIER=(base) /usr/bin/cmake --build /home/leungjch/Documents/repos/wato_monorepo_v2/src/build/tutorial_interfaces -- -j16 -l16
[0.684s] [  2%] Built target tutorial_interfaces__cpp
[0.684s] [ 12%] Built target tutorial_interfaces__rosidl_generator_c
[0.685s] [ 12%] Built target ament_cmake_python_copy_tutorial_interfaces
[0.685s] [ 23%] Built target tutorial_interfaces__rosidl_typesupport_cpp
[0.685s] [ 34%] Built target tutorial_interfaces__rosidl_typesupport_fastrtps_cpp
[0.685s] [ 44%] Built target tutorial_interfaces__rosidl_typesupport_introspection_c
[0.685s] [ 55%] Built target tutorial_interfaces__rosidl_typesupport_fastrtps_c
[0.685s] [ 76%] Built target tutorial_interfaces__rosidl_typesupport_introspection_cpp
[0.685s] [ 76%] Built target tutorial_interfaces__rosidl_typesupport_c
[0.685s] [ 76%] Built target tutorial_interfaces
[0.686s] [ 78%] Built target tutorial_interfaces__py
[0.686s] [ 87%] Built target tutorial_interfaces__rosidl_generator_py
[0.686s] [100%] Built target tutorial_interfaces__rosidl_typesupport_introspection_c__pyext
[0.686s] [100%] Built target tutorial_interfaces__rosidl_typesupport_fastrtps_c__pyext
[0.686s] [100%] Built target tutorial_interfaces__rosidl_typesupport_c__pyext
[0.968s] running egg_info
[0.969s] writing tutorial_interfaces.egg-info/PKG-INFO
[0.970s] writing dependency_links to tutorial_interfaces.egg-info/dependency_links.txt
[0.970s] writing top-level names to tutorial_interfaces.egg-info/top_level.txt
[0.979s] reading manifest file 'tutorial_interfaces.egg-info/SOURCES.txt'
[0.981s] writing manifest file 'tutorial_interfaces.egg-info/SOURCES.txt'
[1.078s] [100%] Built target ament_cmake_python_build_tutorial_interfaces_egg
[1.100s] Invoked command in '/home/leungjch/Documents/repos/wato_monorepo_v2/src/build/tutorial_interfaces' returned '0': CMAKE_PREFIX_PATH=${CMAKE_PREFIX_PATH}:/home/leungjch/Documents/repos/wato_monorepo_v2/src/install/py_pubsub:/home/leungjch/Documents/repos/wato_monorepo_v2/src/install/camera_detection:/opt/ros/humble CONDA_PROMPT_MODIFIER=(base) /usr/bin/cmake --build /home/leungjch/Documents/repos/wato_monorepo_v2/src/build/tutorial_interfaces -- -j16 -l16
[1.310s] Invoking command in '/home/leungjch/Documents/repos/wato_monorepo_v2/src/build/tutorial_interfaces': CMAKE_PREFIX_PATH=${CMAKE_PREFIX_PATH}:/home/leungjch/Documents/repos/wato_monorepo_v2/src/install/py_pubsub:/home/leungjch/Documents/repos/wato_monorepo_v2/src/install/camera_detection:/opt/ros/humble CONDA_PROMPT_MODIFIER=(base) /usr/bin/cmake --install /home/leungjch/Documents/repos/wato_monorepo_v2/src/build/tutorial_interfaces
[1.327s] -- Install configuration: ""
[1.327s] -- Up-to-date: /home/leungjch/Documents/repos/wato_monorepo_v2/src/install/tutorial_interfaces/share/ament_index/resource_index/rosidl_interfaces/tutorial_interfaces
[1.327s] -- Up-to-date: /home/leungjch/Documents/repos/wato_monorepo_v2/src/install/tutorial_interfaces/include/tutorial_interfaces/tutorial_interfaces
[1.329s] -- Up-to-date: /home/leungjch/Documents/repos/wato_monorepo_v2/src/install/tutorial_interfaces/include/tutorial_interfaces/tutorial_interfaces/msg
[1.329s] -- Up-to-date: /home/leungjch/Documents/repos/wato_monorepo_v2/src/install/tutorial_interfaces/include/tutorial_interfaces/tutorial_interfaces/msg/rosidl_generator_c__visibility_control.h
[1.329s] -- Up-to-date: /home/leungjch/Documents/repos/wato_monorepo_v2/src/install/tutorial_interfaces/include/tutorial_interfaces/tutorial_interfaces/msg/num.h
[1.329s] -- Up-to-date: /home/leungjch/Documents/repos/wato_monorepo_v2/src/install/tutorial_interfaces/include/tutorial_interfaces/tutorial_interfaces/msg/sphere.h
[1.329s] -- Up-to-date: /home/leungjch/Documents/repos/wato_monorepo_v2/src/install/tutorial_interfaces/include/tutorial_interfaces/tutorial_interfaces/msg/detail
[1.330s] -- Up-to-date: /home/leungjch/Documents/repos/wato_monorepo_v2/src/install/tutorial_interfaces/include/tutorial_interfaces/tutorial_interfaces/msg/detail/sphere__functions.c
[1.330s] -- Up-to-date: /home/leungjch/Documents/repos/wato_monorepo_v2/src/install/tutorial_interfaces/include/tutorial_interfaces/tutorial_interfaces/msg/detail/sphere__struct.h
[1.330s] -- Up-to-date: /home/leungjch/Documents/repos/wato_monorepo_v2/src/install/tutorial_interfaces/include/tutorial_interfaces/tutorial_interfaces/msg/detail/num__type_support.h
[1.330s] -- Up-to-date: /home/leungjch/Documents/repos/wato_monorepo_v2/src/install/tutorial_interfaces/include/tutorial_interfaces/tutorial_interfaces/msg/detail/num__functions.h
[1.330s] -- Up-to-date: /home/leungjch/Documents/repos/wato_monorepo_v2/src/install/tutorial_interfaces/include/tutorial_interfaces/tutorial_interfaces/msg/detail/num__functions.c
[1.330s] -- Up-to-date: /home/leungjch/Documents/repos/wato_monorepo_v2/src/install/tutorial_interfaces/include/tutorial_interfaces/tutorial_interfaces/msg/detail/num__struct.h
[1.330s] -- Up-to-date: /home/leungjch/Documents/repos/wato_monorepo_v2/src/install/tutorial_interfaces/include/tutorial_interfaces/tutorial_interfaces/msg/detail/sphere__type_support.h
[1.331s] -- Up-to-date: /home/leungjch/Documents/repos/wato_monorepo_v2/src/install/tutorial_interfaces/include/tutorial_interfaces/tutorial_interfaces/msg/detail/sphere__functions.h
[1.331s] -- Up-to-date: /home/leungjch/Documents/repos/wato_monorepo_v2/src/install/tutorial_interfaces/include/tutorial_interfaces/tutorial_interfaces/srv
[1.331s] -- Up-to-date: /home/leungjch/Documents/repos/wato_monorepo_v2/src/install/tutorial_interfaces/include/tutorial_interfaces/tutorial_interfaces/srv/add_three_ints.h
[1.331s] -- Up-to-date: /home/leungjch/Documents/repos/wato_monorepo_v2/src/install/tutorial_interfaces/include/tutorial_interfaces/tutorial_interfaces/srv/detail
[1.331s] -- Up-to-date: /home/leungjch/Documents/repos/wato_monorepo_v2/src/install/tutorial_interfaces/include/tutorial_interfaces/tutorial_interfaces/srv/detail/add_three_ints__functions.c
[1.331s] -- Up-to-date: /home/leungjch/Documents/repos/wato_monorepo_v2/src/install/tutorial_interfaces/include/tutorial_interfaces/tutorial_interfaces/srv/detail/add_three_ints__functions.h
[1.331s] -- Up-to-date: /home/leungjch/Documents/repos/wato_monorepo_v2/src/install/tutorial_interfaces/include/tutorial_interfaces/tutorial_interfaces/srv/detail/add_three_ints__struct.h
[1.332s] -- Up-to-date: /home/leungjch/Documents/repos/wato_monorepo_v2/src/install/tutorial_interfaces/include/tutorial_interfaces/tutorial_interfaces/srv/detail/add_three_ints__type_support.h
[1.332s] -- Up-to-date: /home/leungjch/Documents/repos/wato_monorepo_v2/src/install/tutorial_interfaces/share/tutorial_interfaces/environment/library_path.sh
[1.332s] -- Up-to-date: /home/leungjch/Documents/repos/wato_monorepo_v2/src/install/tutorial_interfaces/share/tutorial_interfaces/environment/library_path.dsv
[1.333s] -- Up-to-date: /home/leungjch/Documents/repos/wato_monorepo_v2/src/install/tutorial_interfaces/lib/libtutorial_interfaces__rosidl_generator_c.so
[1.333s] -- Up-to-date: /home/leungjch/Documents/repos/wato_monorepo_v2/src/install/tutorial_interfaces/include/tutorial_interfaces/tutorial_interfaces
[1.333s] -- Up-to-date: /home/leungjch/Documents/repos/wato_monorepo_v2/src/install/tutorial_interfaces/include/tutorial_interfaces/tutorial_interfaces/msg
[1.333s] -- Up-to-date: /home/leungjch/Documents/repos/wato_monorepo_v2/src/install/tutorial_interfaces/include/tutorial_interfaces/tutorial_interfaces/msg/rosidl_typesupport_fastrtps_c__visibility_control.h
[1.333s] -- Up-to-date: /home/leungjch/Documents/repos/wato_monorepo_v2/src/install/tutorial_interfaces/include/tutorial_interfaces/tutorial_interfaces/msg/detail
[1.333s] -- Up-to-date: /home/leungjch/Documents/repos/wato_monorepo_v2/src/install/tutorial_interfaces/include/tutorial_interfaces/tutorial_interfaces/msg/detail/num__rosidl_typesupport_fastrtps_c.h
[1.335s] -- Up-to-date: /home/leungjch/Documents/repos/wato_monorepo_v2/src/install/tutorial_interfaces/include/tutorial_interfaces/tutorial_interfaces/msg/detail/sphere__rosidl_typesupport_fastrtps_c.h
[1.335s] -- Up-to-date: /home/leungjch/Documents/repos/wato_monorepo_v2/src/install/tutorial_interfaces/include/tutorial_interfaces/tutorial_interfaces/srv
[1.335s] -- Up-to-date: /home/leungjch/Documents/repos/wato_monorepo_v2/src/install/tutorial_interfaces/include/tutorial_interfaces/tutorial_interfaces/srv/detail
[1.335s] -- Up-to-date: /home/leungjch/Documents/repos/wato_monorepo_v2/src/install/tutorial_interfaces/include/tutorial_interfaces/tutorial_interfaces/srv/detail/add_three_ints__rosidl_typesupport_fastrtps_c.h
[1.336s] -- Up-to-date: /home/leungjch/Documents/repos/wato_monorepo_v2/src/install/tutorial_interfaces/lib/libtutorial_interfaces__rosidl_typesupport_fastrtps_c.so
[1.339s] -- Up-to-date: /home/leungjch/Documents/repos/wato_monorepo_v2/src/install/tutorial_interfaces/include/tutorial_interfaces/tutorial_interfaces
[1.339s] -- Up-to-date: /home/leungjch/Documents/repos/wato_monorepo_v2/src/install/tutorial_interfaces/include/tutorial_interfaces/tutorial_interfaces/msg
[1.339s] -- Up-to-date: /home/leungjch/Documents/repos/wato_monorepo_v2/src/install/tutorial_interfaces/include/tutorial_interfaces/tutorial_interfaces/msg/sphere.hpp
[1.339s] -- Up-to-date: /home/leungjch/Documents/repos/wato_monorepo_v2/src/install/tutorial_interfaces/include/tutorial_interfaces/tutorial_interfaces/msg/num.hpp
[1.340s] -- Up-to-date: /home/leungjch/Documents/repos/wato_monorepo_v2/src/install/tutorial_interfaces/include/tutorial_interfaces/tutorial_interfaces/msg/detail
[1.340s] -- Up-to-date: /home/leungjch/Documents/repos/wato_monorepo_v2/src/install/tutorial_interfaces/include/tutorial_interfaces/tutorial_interfaces/msg/detail/sphere__builder.hpp
[1.340s] -- Up-to-date: /home/leungjch/Documents/repos/wato_monorepo_v2/src/install/tutorial_interfaces/include/tutorial_interfaces/tutorial_interfaces/msg/detail/num__struct.hpp
[1.340s] -- Up-to-date: /home/leungjch/Documents/repos/wato_monorepo_v2/src/install/tutorial_interfaces/include/tutorial_interfaces/tutorial_interfaces/msg/detail/sphere__traits.hpp
[1.340s] -- Up-to-date: /home/leungjch/Documents/repos/wato_monorepo_v2/src/install/tutorial_interfaces/include/tutorial_interfaces/tutorial_interfaces/msg/detail/sphere__struct.hpp
[1.340s] -- Up-to-date: /home/leungjch/Documents/repos/wato_monorepo_v2/src/install/tutorial_interfaces/include/tutorial_interfaces/tutorial_interfaces/msg/detail/num__builder.hpp
[1.340s] -- Up-to-date: /home/leungjch/Documents/repos/wato_monorepo_v2/src/install/tutorial_interfaces/include/tutorial_interfaces/tutorial_interfaces/msg/detail/num__traits.hpp
[1.341s] -- Up-to-date: /home/leungjch/Documents/repos/wato_monorepo_v2/src/install/tutorial_interfaces/include/tutorial_interfaces/tutorial_interfaces/srv
[1.341s] -- Up-to-date: /home/leungjch/Documents/repos/wato_monorepo_v2/src/install/tutorial_interfaces/include/tutorial_interfaces/tutorial_interfaces/srv/detail
[1.341s] -- Up-to-date: /home/leungjch/Documents/repos/wato_monorepo_v2/src/install/tutorial_interfaces/include/tutorial_interfaces/tutorial_interfaces/srv/detail/add_three_ints__struct.hpp
[1.341s] -- Up-to-date: /home/leungjch/Documents/repos/wato_monorepo_v2/src/install/tutorial_interfaces/include/tutorial_interfaces/tutorial_interfaces/srv/detail/add_three_ints__builder.hpp
[1.341s] -- Up-to-date: /home/leungjch/Documents/repos/wato_monorepo_v2/src/install/tutorial_interfaces/include/tutorial_interfaces/tutorial_interfaces/srv/detail/add_three_ints__traits.hpp
[1.341s] -- Up-to-date: /home/leungjch/Documents/repos/wato_monorepo_v2/src/install/tutorial_interfaces/include/tutorial_interfaces/tutorial_interfaces/srv/add_three_ints.hpp
[1.341s] -- Up-to-date: /home/leungjch/Documents/repos/wato_monorepo_v2/src/install/tutorial_interfaces/include/tutorial_interfaces/tutorial_interfaces
[1.342s] -- Up-to-date: /home/leungjch/Documents/repos/wato_monorepo_v2/src/install/tutorial_interfaces/include/tutorial_interfaces/tutorial_interfaces/msg
[1.342s] -- Up-to-date: /home/leungjch/Documents/repos/wato_monorepo_v2/src/install/tutorial_interfaces/include/tutorial_interfaces/tutorial_interfaces/msg/detail
[1.342s] -- Up-to-date: /home/leungjch/Documents/repos/wato_monorepo_v2/src/install/tutorial_interfaces/include/tutorial_interfaces/tutorial_interfaces/msg/detail/dds_fastrtps
[1.342s] -- Up-to-date: /home/leungjch/Documents/repos/wato_monorepo_v2/src/install/tutorial_interfaces/include/tutorial_interfaces/tutorial_interfaces/msg/detail/num__rosidl_typesupport_fastrtps_cpp.hpp
[1.342s] -- Up-to-date: /home/leungjch/Documents/repos/wato_monorepo_v2/src/install/tutorial_interfaces/include/tutorial_interfaces/tutorial_interfaces/msg/detail/sphere__rosidl_typesupport_fastrtps_cpp.hpp
[1.342s] -- Up-to-date: /home/leungjch/Documents/repos/wato_monorepo_v2/src/install/tutorial_interfaces/include/tutorial_interfaces/tutorial_interfaces/msg/rosidl_typesupport_fastrtps_cpp__visibility_control.h
[1.343s] -- Up-to-date: /home/leungjch/Documents/repos/wato_monorepo_v2/src/install/tutorial_interfaces/include/tutorial_interfaces/tutorial_interfaces/srv
[1.343s] -- Up-to-date: /home/leungjch/Documents/repos/wato_monorepo_v2/src/install/tutorial_interfaces/include/tutorial_interfaces/tutorial_interfaces/srv/detail
[1.343s] -- Up-to-date: /home/leungjch/Documents/repos/wato_monorepo_v2/src/install/tutorial_interfaces/include/tutorial_interfaces/tutorial_interfaces/srv/detail/dds_fastrtps
[1.343s] -- Up-to-date: /home/leungjch/Documents/repos/wato_monorepo_v2/src/install/tutorial_interfaces/include/tutorial_interfaces/tutorial_interfaces/srv/detail/add_three_ints__rosidl_typesupport_fastrtps_cpp.hpp
[1.343s] -- Up-to-date: /home/leungjch/Documents/repos/wato_monorepo_v2/src/install/tutorial_interfaces/lib/libtutorial_interfaces__rosidl_typesupport_fastrtps_cpp.so
[1.344s] -- Up-to-date: /home/leungjch/Documents/repos/wato_monorepo_v2/src/install/tutorial_interfaces/include/tutorial_interfaces/tutorial_interfaces
[1.344s] -- Up-to-date: /home/leungjch/Documents/repos/wato_monorepo_v2/src/install/tutorial_interfaces/include/tutorial_interfaces/tutorial_interfaces/msg
[1.344s] -- Up-to-date: /home/leungjch/Documents/repos/wato_monorepo_v2/src/install/tutorial_interfaces/include/tutorial_interfaces/tutorial_interfaces/msg/rosidl_typesupport_introspection_c__visibility_control.h
[1.344s] -- Up-to-date: /home/leungjch/Documents/repos/wato_monorepo_v2/src/install/tutorial_interfaces/include/tutorial_interfaces/tutorial_interfaces/msg/detail
[1.344s] -- Up-to-date: /home/leungjch/Documents/repos/wato_monorepo_v2/src/install/tutorial_interfaces/include/tutorial_interfaces/tutorial_interfaces/msg/detail/num__type_support.c
[1.344s] -- Up-to-date: /home/leungjch/Documents/repos/wato_monorepo_v2/src/install/tutorial_interfaces/include/tutorial_interfaces/tutorial_interfaces/msg/detail/sphere__rosidl_typesupport_introspection_c.h
[1.344s] -- Up-to-date: /home/leungjch/Documents/repos/wato_monorepo_v2/src/install/tutorial_interfaces/include/tutorial_interfaces/tutorial_interfaces/msg/detail/num__rosidl_typesupport_introspection_c.h
[1.344s] -- Up-to-date: /home/leungjch/Documents/repos/wato_monorepo_v2/src/install/tutorial_interfaces/include/tutorial_interfaces/tutorial_interfaces/msg/detail/sphere__type_support.c
[1.344s] -- Up-to-date: /home/leungjch/Documents/repos/wato_monorepo_v2/src/install/tutorial_interfaces/include/tutorial_interfaces/tutorial_interfaces/srv
[1.345s] -- Up-to-date: /home/leungjch/Documents/repos/wato_monorepo_v2/src/install/tutorial_interfaces/include/tutorial_interfaces/tutorial_interfaces/srv/detail
[1.345s] -- Up-to-date: /home/leungjch/Documents/repos/wato_monorepo_v2/src/install/tutorial_interfaces/include/tutorial_interfaces/tutorial_interfaces/srv/detail/add_three_ints__type_support.c
[1.345s] -- Up-to-date: /home/leungjch/Documents/repos/wato_monorepo_v2/src/install/tutorial_interfaces/include/tutorial_interfaces/tutorial_interfaces/srv/detail/add_three_ints__rosidl_typesupport_introspection_c.h
[1.345s] -- Up-to-date: /home/leungjch/Documents/repos/wato_monorepo_v2/src/install/tutorial_interfaces/lib/libtutorial_interfaces__rosidl_typesupport_introspection_c.so
[1.345s] -- Up-to-date: /home/leungjch/Documents/repos/wato_monorepo_v2/src/install/tutorial_interfaces/lib/libtutorial_interfaces__rosidl_typesupport_c.so
[1.346s] -- Up-to-date: /home/leungjch/Documents/repos/wato_monorepo_v2/src/install/tutorial_interfaces/include/tutorial_interfaces/tutorial_interfaces
[1.346s] -- Up-to-date: /home/leungjch/Documents/repos/wato_monorepo_v2/src/install/tutorial_interfaces/include/tutorial_interfaces/tutorial_interfaces/msg
[1.346s] -- Up-to-date: /home/leungjch/Documents/repos/wato_monorepo_v2/src/install/tutorial_interfaces/include/tutorial_interfaces/tutorial_interfaces/msg/detail
[1.346s] -- Up-to-date: /home/leungjch/Documents/repos/wato_monorepo_v2/src/install/tutorial_interfaces/include/tutorial_interfaces/tutorial_interfaces/msg/detail/num__rosidl_typesupport_introspection_cpp.hpp
[1.346s] -- Up-to-date: /home/leungjch/Documents/repos/wato_monorepo_v2/src/install/tutorial_interfaces/include/tutorial_interfaces/tutorial_interfaces/msg/detail/sphere__rosidl_typesupport_introspection_cpp.hpp
[1.346s] -- Up-to-date: /home/leungjch/Documents/repos/wato_monorepo_v2/src/install/tutorial_interfaces/include/tutorial_interfaces/tutorial_interfaces/msg/detail/num__type_support.cpp
[1.346s] -- Up-to-date: /home/leungjch/Documents/repos/wato_monorepo_v2/src/install/tutorial_interfaces/include/tutorial_interfaces/tutorial_interfaces/msg/detail/sphere__type_support.cpp
[1.347s] -- Up-to-date: /home/leungjch/Documents/repos/wato_monorepo_v2/src/install/tutorial_interfaces/include/tutorial_interfaces/tutorial_interfaces/srv
[1.347s] -- Up-to-date: /home/leungjch/Documents/repos/wato_monorepo_v2/src/install/tutorial_interfaces/include/tutorial_interfaces/tutorial_interfaces/srv/detail
[1.347s] -- Up-to-date: /home/leungjch/Documents/repos/wato_monorepo_v2/src/install/tutorial_interfaces/include/tutorial_interfaces/tutorial_interfaces/srv/detail/add_three_ints__type_support.cpp
[1.348s] -- Up-to-date: /home/leungjch/Documents/repos/wato_monorepo_v2/src/install/tutorial_interfaces/include/tutorial_interfaces/tutorial_interfaces/srv/detail/add_three_ints__rosidl_typesupport_introspection_cpp.hpp
[1.348s] -- Up-to-date: /home/leungjch/Documents/repos/wato_monorepo_v2/src/install/tutorial_interfaces/lib/libtutorial_interfaces__rosidl_typesupport_introspection_cpp.so
[1.348s] -- Up-to-date: /home/leungjch/Documents/repos/wato_monorepo_v2/src/install/tutorial_interfaces/lib/libtutorial_interfaces__rosidl_typesupport_cpp.so
[1.348s] -- Up-to-date: /home/leungjch/Documents/repos/wato_monorepo_v2/src/install/tutorial_interfaces/share/tutorial_interfaces/environment/pythonpath.sh
[1.348s] -- Up-to-date: /home/leungjch/Documents/repos/wato_monorepo_v2/src/install/tutorial_interfaces/share/tutorial_interfaces/environment/pythonpath.dsv
[1.348s] -- Up-to-date: /home/leungjch/Documents/repos/wato_monorepo_v2/src/install/tutorial_interfaces/local/lib/python3.10/dist-packages/tutorial_interfaces-0.0.0-py3.10.egg-info
[1.348s] -- Installing: /home/leungjch/Documents/repos/wato_monorepo_v2/src/install/tutorial_interfaces/local/lib/python3.10/dist-packages/tutorial_interfaces-0.0.0-py3.10.egg-info/dependency_links.txt
[1.349s] -- Installing: /home/leungjch/Documents/repos/wato_monorepo_v2/src/install/tutorial_interfaces/local/lib/python3.10/dist-packages/tutorial_interfaces-0.0.0-py3.10.egg-info/top_level.txt
[1.349s] -- Installing: /home/leungjch/Documents/repos/wato_monorepo_v2/src/install/tutorial_interfaces/local/lib/python3.10/dist-packages/tutorial_interfaces-0.0.0-py3.10.egg-info/SOURCES.txt
[1.349s] -- Installing: /home/leungjch/Documents/repos/wato_monorepo_v2/src/install/tutorial_interfaces/local/lib/python3.10/dist-packages/tutorial_interfaces-0.0.0-py3.10.egg-info/PKG-INFO
[1.349s] -- Up-to-date: /home/leungjch/Documents/repos/wato_monorepo_v2/src/install/tutorial_interfaces/local/lib/python3.10/dist-packages/tutorial_interfaces
[1.349s] -- Up-to-date: /home/leungjch/Documents/repos/wato_monorepo_v2/src/install/tutorial_interfaces/local/lib/python3.10/dist-packages/tutorial_interfaces/_tutorial_interfaces_s.ep.rosidl_typesupport_fastrtps_c.c
[1.349s] -- Up-to-date: /home/leungjch/Documents/repos/wato_monorepo_v2/src/install/tutorial_interfaces/local/lib/python3.10/dist-packages/tutorial_interfaces/__init__.py
[1.349s] -- Up-to-date: /home/leungjch/Documents/repos/wato_monorepo_v2/src/install/tutorial_interfaces/local/lib/python3.10/dist-packages/tutorial_interfaces/_tutorial_interfaces_s.ep.rosidl_typesupport_c.c
[1.349s] -- Up-to-date: /home/leungjch/Documents/repos/wato_monorepo_v2/src/install/tutorial_interfaces/local/lib/python3.10/dist-packages/tutorial_interfaces/tutorial_interfaces_s__rosidl_typesupport_c.cpython-39-x86_64-linux-gnu.so
[1.350s] -- Up-to-date: /home/leungjch/Documents/repos/wato_monorepo_v2/src/install/tutorial_interfaces/local/lib/python3.10/dist-packages/tutorial_interfaces/msg
[1.350s] -- Up-to-date: /home/leungjch/Documents/repos/wato_monorepo_v2/src/install/tutorial_interfaces/local/lib/python3.10/dist-packages/tutorial_interfaces/msg/_num.py
[1.350s] -- Up-to-date: /home/leungjch/Documents/repos/wato_monorepo_v2/src/install/tutorial_interfaces/local/lib/python3.10/dist-packages/tutorial_interfaces/msg/_sphere.py
[1.350s] -- Up-to-date: /home/leungjch/Documents/repos/wato_monorepo_v2/src/install/tutorial_interfaces/local/lib/python3.10/dist-packages/tutorial_interfaces/msg/__init__.py
[1.350s] -- Up-to-date: /home/leungjch/Documents/repos/wato_monorepo_v2/src/install/tutorial_interfaces/local/lib/python3.10/dist-packages/tutorial_interfaces/msg/_num_s.c
[1.350s] -- Up-to-date: /home/leungjch/Documents/repos/wato_monorepo_v2/src/install/tutorial_interfaces/local/lib/python3.10/dist-packages/tutorial_interfaces/msg/_sphere_s.c
[1.350s] -- Up-to-date: /home/leungjch/Documents/repos/wato_monorepo_v2/src/install/tutorial_interfaces/local/lib/python3.10/dist-packages/tutorial_interfaces/_tutorial_interfaces_s.ep.rosidl_typesupport_introspection_c.c
[1.350s] -- Up-to-date: /home/leungjch/Documents/repos/wato_monorepo_v2/src/install/tutorial_interfaces/local/lib/python3.10/dist-packages/tutorial_interfaces/srv
[1.350s] -- Up-to-date: /home/leungjch/Documents/repos/wato_monorepo_v2/src/install/tutorial_interfaces/local/lib/python3.10/dist-packages/tutorial_interfaces/srv/_add_three_ints_s.c
[1.350s] -- Up-to-date: /home/leungjch/Documents/repos/wato_monorepo_v2/src/install/tutorial_interfaces/local/lib/python3.10/dist-packages/tutorial_interfaces/srv/_add_three_ints.py
[1.351s] -- Up-to-date: /home/leungjch/Documents/repos/wato_monorepo_v2/src/install/tutorial_interfaces/local/lib/python3.10/dist-packages/tutorial_interfaces/srv/__init__.py
[1.351s] -- Up-to-date: /home/leungjch/Documents/repos/wato_monorepo_v2/src/install/tutorial_interfaces/local/lib/python3.10/dist-packages/tutorial_interfaces/libtutorial_interfaces__rosidl_generator_py.so
[1.351s] -- Up-to-date: /home/leungjch/Documents/repos/wato_monorepo_v2/src/install/tutorial_interfaces/local/lib/python3.10/dist-packages/tutorial_interfaces/tutorial_interfaces_s__rosidl_typesupport_fastrtps_c.cpython-39-x86_64-linux-gnu.so
[1.351s] -- Up-to-date: /home/leungjch/Documents/repos/wato_monorepo_v2/src/install/tutorial_interfaces/local/lib/python3.10/dist-packages/tutorial_interfaces/tutorial_interfaces_s__rosidl_typesupport_introspection_c.cpython-39-x86_64-linux-gnu.so
[1.425s] Listing '/home/leungjch/Documents/repos/wato_monorepo_v2/src/install/tutorial_interfaces/local/lib/python3.10/dist-packages/tutorial_interfaces'...
[1.425s] Listing '/home/leungjch/Documents/repos/wato_monorepo_v2/src/install/tutorial_interfaces/local/lib/python3.10/dist-packages/tutorial_interfaces/msg'...
[1.425s] Listing '/home/leungjch/Documents/repos/wato_monorepo_v2/src/install/tutorial_interfaces/local/lib/python3.10/dist-packages/tutorial_interfaces/srv'...
[1.440s] -- Up-to-date: /home/leungjch/Documents/repos/wato_monorepo_v2/src/install/tutorial_interfaces/local/lib/python3.10/dist-packages/tutorial_interfaces/tutorial_interfaces_s__rosidl_typesupport_fastrtps_c.cpython-39-x86_64-linux-gnu.so
[1.441s] -- Up-to-date: /home/leungjch/Documents/repos/wato_monorepo_v2/src/install/tutorial_interfaces/local/lib/python3.10/dist-packages/tutorial_interfaces/tutorial_interfaces_s__rosidl_typesupport_introspection_c.cpython-39-x86_64-linux-gnu.so
[1.441s] -- Up-to-date: /home/leungjch/Documents/repos/wato_monorepo_v2/src/install/tutorial_interfaces/local/lib/python3.10/dist-packages/tutorial_interfaces/tutorial_interfaces_s__rosidl_typesupport_c.cpython-39-x86_64-linux-gnu.so
[1.442s] -- Up-to-date: /home/leungjch/Documents/repos/wato_monorepo_v2/src/install/tutorial_interfaces/lib/libtutorial_interfaces__rosidl_generator_py.so
[1.443s] -- Up-to-date: /home/leungjch/Documents/repos/wato_monorepo_v2/src/install/tutorial_interfaces/share/tutorial_interfaces/msg/Num.idl
[1.444s] -- Up-to-date: /home/leungjch/Documents/repos/wato_monorepo_v2/src/install/tutorial_interfaces/share/tutorial_interfaces/msg/Sphere.idl
[1.444s] -- Up-to-date: /home/leungjch/Documents/repos/wato_monorepo_v2/src/install/tutorial_interfaces/share/tutorial_interfaces/srv/AddThreeInts.idl
[1.444s] -- Up-to-date: /home/leungjch/Documents/repos/wato_monorepo_v2/src/install/tutorial_interfaces/share/tutorial_interfaces/msg/Num.msg
[1.444s] -- Up-to-date: /home/leungjch/Documents/repos/wato_monorepo_v2/src/install/tutorial_interfaces/share/tutorial_interfaces/msg/Sphere.msg
[1.445s] -- Up-to-date: /home/leungjch/Documents/repos/wato_monorepo_v2/src/install/tutorial_interfaces/share/tutorial_interfaces/srv/AddThreeInts.srv
[1.445s] -- Up-to-date: /home/leungjch/Documents/repos/wato_monorepo_v2/src/install/tutorial_interfaces/share/tutorial_interfaces/srv/AddThreeInts_Request.msg
[1.445s] -- Up-to-date: /home/leungjch/Documents/repos/wato_monorepo_v2/src/install/tutorial_interfaces/share/tutorial_interfaces/srv/AddThreeInts_Response.msg
[1.447s] -- Up-to-date: /home/leungjch/Documents/repos/wato_monorepo_v2/src/install/tutorial_interfaces/share/ament_index/resource_index/package_run_dependencies/tutorial_interfaces
[1.447s] -- Up-to-date: /home/leungjch/Documents/repos/wato_monorepo_v2/src/install/tutorial_interfaces/share/ament_index/resource_index/parent_prefix_path/tutorial_interfaces
[1.447s] -- Up-to-date: /home/leungjch/Documents/repos/wato_monorepo_v2/src/install/tutorial_interfaces/share/tutorial_interfaces/environment/ament_prefix_path.sh
[1.447s] -- Up-to-date: /home/leungjch/Documents/repos/wato_monorepo_v2/src/install/tutorial_interfaces/share/tutorial_interfaces/environment/ament_prefix_path.dsv
[1.447s] -- Up-to-date: /home/leungjch/Documents/repos/wato_monorepo_v2/src/install/tutorial_interfaces/share/tutorial_interfaces/environment/path.sh
[1.448s] -- Up-to-date: /home/leungjch/Documents/repos/wato_monorepo_v2/src/install/tutorial_interfaces/share/tutorial_interfaces/environment/path.dsv
[1.448s] -- Up-to-date: /home/leungjch/Documents/repos/wato_monorepo_v2/src/install/tutorial_interfaces/share/tutorial_interfaces/local_setup.bash
[1.448s] -- Up-to-date: /home/leungjch/Documents/repos/wato_monorepo_v2/src/install/tutorial_interfaces/share/tutorial_interfaces/local_setup.sh
[1.448s] -- Up-to-date: /home/leungjch/Documents/repos/wato_monorepo_v2/src/install/tutorial_interfaces/share/tutorial_interfaces/local_setup.zsh
[1.448s] -- Up-to-date: /home/leungjch/Documents/repos/wato_monorepo_v2/src/install/tutorial_interfaces/share/tutorial_interfaces/local_setup.dsv
[1.448s] -- Installing: /home/leungjch/Documents/repos/wato_monorepo_v2/src/install/tutorial_interfaces/share/tutorial_interfaces/package.dsv
[1.448s] -- Up-to-date: /home/leungjch/Documents/repos/wato_monorepo_v2/src/install/tutorial_interfaces/share/ament_index/resource_index/packages/tutorial_interfaces
[1.448s] -- Up-to-date: /home/leungjch/Documents/repos/wato_monorepo_v2/src/install/tutorial_interfaces/share/tutorial_interfaces/cmake/export_tutorial_interfaces__rosidl_generator_cExport.cmake
[1.448s] -- Up-to-date: /home/leungjch/Documents/repos/wato_monorepo_v2/src/install/tutorial_interfaces/share/tutorial_interfaces/cmake/export_tutorial_interfaces__rosidl_generator_cExport-noconfig.cmake
[1.449s] -- Up-to-date: /home/leungjch/Documents/repos/wato_monorepo_v2/src/install/tutorial_interfaces/share/tutorial_interfaces/cmake/export_tutorial_interfaces__rosidl_typesupport_fastrtps_cExport.cmake
[1.449s] -- Up-to-date: /home/leungjch/Documents/repos/wato_monorepo_v2/src/install/tutorial_interfaces/share/tutorial_interfaces/cmake/export_tutorial_interfaces__rosidl_typesupport_fastrtps_cExport-noconfig.cmake
[1.449s] -- Up-to-date: /home/leungjch/Documents/repos/wato_monorepo_v2/src/install/tutorial_interfaces/share/tutorial_interfaces/cmake/export_tutorial_interfaces__rosidl_generator_cppExport.cmake
[1.449s] -- Up-to-date: /home/leungjch/Documents/repos/wato_monorepo_v2/src/install/tutorial_interfaces/share/tutorial_interfaces/cmake/export_tutorial_interfaces__rosidl_typesupport_fastrtps_cppExport.cmake
[1.449s] -- Up-to-date: /home/leungjch/Documents/repos/wato_monorepo_v2/src/install/tutorial_interfaces/share/tutorial_interfaces/cmake/export_tutorial_interfaces__rosidl_typesupport_fastrtps_cppExport-noconfig.cmake
[1.449s] -- Up-to-date: /home/leungjch/Documents/repos/wato_monorepo_v2/src/install/tutorial_interfaces/share/tutorial_interfaces/cmake/tutorial_interfaces__rosidl_typesupport_introspection_cExport.cmake
[1.450s] -- Up-to-date: /home/leungjch/Documents/repos/wato_monorepo_v2/src/install/tutorial_interfaces/share/tutorial_interfaces/cmake/tutorial_interfaces__rosidl_typesupport_introspection_cExport-noconfig.cmake
[1.450s] -- Up-to-date: /home/leungjch/Documents/repos/wato_monorepo_v2/src/install/tutorial_interfaces/share/tutorial_interfaces/cmake/tutorial_interfaces__rosidl_typesupport_cExport.cmake
[1.450s] -- Up-to-date: /home/leungjch/Documents/repos/wato_monorepo_v2/src/install/tutorial_interfaces/share/tutorial_interfaces/cmake/tutorial_interfaces__rosidl_typesupport_cExport-noconfig.cmake
[1.451s] -- Up-to-date: /home/leungjch/Documents/repos/wato_monorepo_v2/src/install/tutorial_interfaces/share/tutorial_interfaces/cmake/tutorial_interfaces__rosidl_typesupport_introspection_cppExport.cmake
[1.452s] -- Up-to-date: /home/leungjch/Documents/repos/wato_monorepo_v2/src/install/tutorial_interfaces/share/tutorial_interfaces/cmake/tutorial_interfaces__rosidl_typesupport_introspection_cppExport-noconfig.cmake
[1.452s] -- Up-to-date: /home/leungjch/Documents/repos/wato_monorepo_v2/src/install/tutorial_interfaces/share/tutorial_interfaces/cmake/tutorial_interfaces__rosidl_typesupport_cppExport.cmake
[1.452s] -- Up-to-date: /home/leungjch/Documents/repos/wato_monorepo_v2/src/install/tutorial_interfaces/share/tutorial_interfaces/cmake/tutorial_interfaces__rosidl_typesupport_cppExport-noconfig.cmake
[1.452s] -- Up-to-date: /home/leungjch/Documents/repos/wato_monorepo_v2/src/install/tutorial_interfaces/share/tutorial_interfaces/cmake/export_tutorial_interfaces__rosidl_generator_pyExport.cmake
[1.452s] -- Up-to-date: /home/leungjch/Documents/repos/wato_monorepo_v2/src/install/tutorial_interfaces/share/tutorial_interfaces/cmake/export_tutorial_interfaces__rosidl_generator_pyExport-noconfig.cmake
[1.452s] -- Up-to-date: /home/leungjch/Documents/repos/wato_monorepo_v2/src/install/tutorial_interfaces/share/tutorial_interfaces/cmake/rosidl_cmake-extras.cmake
[1.452s] -- Up-to-date: /home/leungjch/Documents/repos/wato_monorepo_v2/src/install/tutorial_interfaces/share/tutorial_interfaces/cmake/ament_cmake_export_dependencies-extras.cmake
[1.453s] -- Up-to-date: /home/leungjch/Documents/repos/wato_monorepo_v2/src/install/tutorial_interfaces/share/tutorial_interfaces/cmake/ament_cmake_export_include_directories-extras.cmake
[1.453s] -- Up-to-date: /home/leungjch/Documents/repos/wato_monorepo_v2/src/install/tutorial_interfaces/share/tutorial_interfaces/cmake/ament_cmake_export_libraries-extras.cmake
[1.453s] -- Up-to-date: /home/leungjch/Documents/repos/wato_monorepo_v2/src/install/tutorial_interfaces/share/tutorial_interfaces/cmake/ament_cmake_export_targets-extras.cmake
[1.453s] -- Up-to-date: /home/leungjch/Documents/repos/wato_monorepo_v2/src/install/tutorial_interfaces/share/tutorial_interfaces/cmake/rosidl_cmake_export_typesupport_targets-extras.cmake
[1.453s] -- Up-to-date: /home/leungjch/Documents/repos/wato_monorepo_v2/src/install/tutorial_interfaces/share/tutorial_interfaces/cmake/rosidl_cmake_export_typesupport_libraries-extras.cmake
[1.453s] -- Up-to-date: /home/leungjch/Documents/repos/wato_monorepo_v2/src/install/tutorial_interfaces/share/tutorial_interfaces/cmake/tutorial_interfacesConfig.cmake
[1.453s] -- Up-to-date: /home/leungjch/Documents/repos/wato_monorepo_v2/src/install/tutorial_interfaces/share/tutorial_interfaces/cmake/tutorial_interfacesConfig-version.cmake
[1.453s] -- Up-to-date: /home/leungjch/Documents/repos/wato_monorepo_v2/src/install/tutorial_interfaces/share/tutorial_interfaces/package.xml
[1.471s] Invoked command in '/home/leungjch/Documents/repos/wato_monorepo_v2/src/build/tutorial_interfaces' returned '0': CMAKE_PREFIX_PATH=${CMAKE_PREFIX_PATH}:/home/leungjch/Documents/repos/wato_monorepo_v2/src/install/py_pubsub:/home/leungjch/Documents/repos/wato_monorepo_v2/src/install/camera_detection:/opt/ros/humble CONDA_PROMPT_MODIFIER=(base) /usr/bin/cmake --install /home/leungjch/Documents/repos/wato_monorepo_v2/src/build/tutorial_interfaces
