In file included from [01m[K/opt/ros/humble/include/rclcpp/rclcpp/logging.hpp:24[m[K,
                 from [01m[K/opt/ros/humble/include/rclcpp/rclcpp/client.hpp:40[m[K,
                 from [01m[K/opt/ros/humble/include/rclcpp/rclcpp/callback_group.hpp:24[m[K,
                 from [01m[K/opt/ros/humble/include/rclcpp/rclcpp/any_executable.hpp:20[m[K,
                 from [01m[K/opt/ros/humble/include/rclcpp/rclcpp/memory_strategy.hpp:25[m[K,
                 from [01m[K/opt/ros/humble/include/rclcpp/rclcpp/memory_strategies.hpp:18[m[K,
                 from [01m[K/opt/ros/humble/include/rclcpp/rclcpp/executor_options.hpp:20[m[K,
                 from [01m[K/opt/ros/humble/include/rclcpp/rclcpp/executor.hpp:37[m[K,
                 from [01m[K/opt/ros/humble/include/rclcpp/rclcpp/executors/multi_threaded_executor.hpp:25[m[K,
                 from [01m[K/opt/ros/humble/include/rclcpp/rclcpp/executors.hpp:21[m[K,
                 from [01m[K/opt/ros/humble/include/rclcpp/rclcpp/rclcpp.hpp:155[m[K,
                 from [01m[K/home/leungjch/Documents/repos/wato_monorepo_v2/src/samples/cpp/producer/include/producer_node.hpp:6[m[K,
                 from [01m[K/home/leungjch/Documents/repos/wato_monorepo_v2/src/samples/cpp/producer/src/producer_node.cpp:5[m[K:
[01m[K/home/leungjch/Documents/repos/wato_monorepo_v2/src/samples/cpp/producer/src/producer_node.cpp:[m[K In member function ‘[01m[Krcl_interfaces::msg::SetParametersResult ProducerNode::parameters_callback(const std::vector<rclcpp::Parameter>&)[m[K’:
[01m[K/home/leungjch/Documents/repos/wato_monorepo_v2/src/samples/cpp/producer/src/producer_node.cpp:51:39:[m[K [01;35m[Kwarning: [m[Kformat ‘[01m[K%d[m[K’ expects argument of type ‘[01m[Kint[m[K’, but argument 5 has type ‘[01m[Kint64_t[m[K’ {aka ‘[01m[Klong int[m[K’} [[01;35m[K]8;;https://gcc.gnu.org/onlinedocs/gcc/Warning-Options.html#index-Wformat=-Wformat=]8;;[m[K]
   51 |       RCLCPP_INFO(this->get_logger(), [01;35m[K"Velocity successfully set to %d"[m[K, [32m[Kparameter.as_int()[m[K);
      |                                       [01;35m[K^~~~~~~~~~~~~~~~~~~~~~~~~~~~~~~~~[m[K  [32m[K~~~~~~~~~~~~~~~~~~[m[K
      |                                                                                          [32m[K|[m[K
      |                                                                                          [32m[Kint64_t {aka long int}[m[K
[01m[K/home/leungjch/Documents/repos/wato_monorepo_v2/src/samples/cpp/producer/src/producer_node.cpp:51:70:[m[K [01;36m[Knote: [m[Kformat string is defined here
   51 |       RCLCPP_INFO(this->get_logger(), "Velocity successfully set to [01;36m[K%d[m[K", parameter.as_int());
      |                                                                     [01;36m[K~^[m[K
      |                                                                      [01;36m[K|[m[K
      |                                                                      [01;36m[Kint[m[K
      |                                                                     [32m[K%ld[m[K
