[0.028s] Invoking command in '/home/leungjch/Documents/repos/wato_monorepo_v2/src/build/producer': CMAKE_PREFIX_PATH=/home/leungjch/Documents/repos/wato_monorepo_v2/src/install/sample_msgs:/home/leungjch/Documents/repos/wato_monorepo_v2/src/install/tutorial_interfaces:/home/leungjch/Documents/repos/wato_monorepo_v2/src/install/transformer:/home/leungjch/Documents/repos/wato_monorepo_v2/src/install/producer:/home/leungjch/Documents/repos/wato_monorepo_v2/src/install/aggregator:/home/leungjch/Documents/repos/wato_monorepo_v2/src/install/common_msgs:/home/leungjch/Documents/repos/wato_monorepo_v2/src/install/py_pubsub:/home/leungjch/Documents/repos/wato_monorepo_v2/src/install/camera_detection:/opt/ros/humble CONDA_PROMPT_MODIFIER=(base) LD_LIBRARY_PATH=/home/leungjch/Documents/repos/wato_monorepo_v2/src/install/sample_msgs/lib:/home/leungjch/Documents/repos/wato_monorepo_v2/src/install/tutorial_interfaces/lib:/home/leungjch/Documents/repos/wato_monorepo_v2/src/install/common_msgs/lib:/opt/ros/humble/opt/rviz_ogre_vendor/lib:/opt/ros/humble/lib/x86_64-linux-gnu:/opt/ros/humble/lib /usr/bin/cmake /home/leungjch/Documents/repos/wato_monorepo_v2/src/samples/cpp/producer -DCMAKE_INSTALL_PREFIX=/home/leungjch/Documents/repos/wato_monorepo_v2/src/install/producer
[0.089s] -- The C compiler identification is GNU 11.3.0
[0.154s] -- The CXX compiler identification is GNU 11.3.0
[0.161s] -- Detecting C compiler ABI info
[0.239s] -- Detecting C compiler ABI info - done
[0.248s] -- Check for working C compiler: /usr/bin/cc - skipped
[0.248s] -- Detecting C compile features
[0.249s] -- Detecting C compile features - done
[0.252s] -- Detecting CXX compiler ABI info
[0.345s] -- Detecting CXX compiler ABI info - done
[0.354s] -- Check for working CXX compiler: /usr/bin/c++ - skipped
[0.354s] -- Detecting CXX compile features
[0.354s] -- Detecting CXX compile features - done
[0.358s] -- Found ament_cmake: 1.3.3 (/opt/ros/humble/share/ament_cmake/cmake)
[0.637s] -- Found Python3: /usr/bin/python3.10 (found version "3.10.6") found components: Interpreter 
[0.778s] -- Found rclcpp: 16.0.3 (/opt/ros/humble/share/rclcpp/cmake)
[0.846s] -- Found rosidl_generator_c: 3.1.4 (/opt/ros/humble/share/rosidl_generator_c/cmake)
[0.852s] -- Found rosidl_adapter: 3.1.4 (/opt/ros/humble/share/rosidl_adapter/cmake)
[0.861s] -- Found rosidl_generator_cpp: 3.1.4 (/opt/ros/humble/share/rosidl_generator_cpp/cmake)
[0.877s] -- Using all available rosidl_typesupport_c: rosidl_typesupport_fastrtps_c;rosidl_typesupport_introspection_c
[0.900s] -- Using all available rosidl_typesupport_cpp: rosidl_typesupport_fastrtps_cpp;rosidl_typesupport_introspection_cpp
[0.999s] -- Found rmw_implementation_cmake: 6.1.1 (/opt/ros/humble/share/rmw_implementation_cmake/cmake)
[1.004s] -- Found rmw_fastrtps_cpp: 6.2.2 (/opt/ros/humble/share/rmw_fastrtps_cpp/cmake)
[1.156s] -- Found OpenSSL: /usr/lib/x86_64-linux-gnu/libcrypto.so (found version "3.0.2")  
[1.195s] -- Found FastRTPS: /opt/ros/humble/include  
[1.251s] -- Using RMW implementation 'rmw_fastrtps_cpp' as default
[1.267s] -- Looking for pthread.h
[1.344s] -- Looking for pthread.h - found
[1.345s] -- Performing Test CMAKE_HAVE_LIBC_PTHREAD
[1.432s] -- Performing Test CMAKE_HAVE_LIBC_PTHREAD - Success
[1.435s] -- Found Threads: TRUE  
[1.635s] -- Found sample_msgs: 0.0.0 (/home/leungjch/Documents/repos/wato_monorepo_v2/src/install/sample_msgs/share/sample_msgs/cmake)
[1.685s] -- Found ament_cmake_gtest: 1.3.3 (/opt/ros/humble/share/ament_cmake_gtest/cmake)
[1.693s] -- Found ament_lint_auto: 0.12.5 (/opt/ros/humble/share/ament_lint_auto/cmake)
[1.695s] -- Found ament_lint_common: 0.12.5 (/opt/ros/humble/share/ament_lint_common/cmake)
[1.794s] -- Found gtest sources under '/opt/ros/humble/src/gtest_vendor': C++ tests using 'Google Test' will be built
[1.804s] -- Added test 'cppcheck' to perform static code analysis on C / C++ code
[1.804s] -- Configured cppcheck include dirs: /home/leungjch/Documents/repos/wato_monorepo_v2/src/samples/cpp/producer/include
[1.805s] -- Configured cppcheck exclude dirs and/or files: 
[1.806s] -- Added test 'flake8' to check Python code syntax and style conventions
[1.807s] -- Added test 'lint_cmake' to check CMake code style
[1.809s] -- Added test 'pep257' to check Python code against some of the docstring style conventions in PEP 257
[1.811s] -- Added test 'uncrustify' to check C / C++ code style
[1.811s] -- Configured uncrustify additional arguments: 
[1.813s] -- Added test 'xmllint' to check XML markup files
[1.817s] -- Configuring done
[1.837s] -- Generating done
[1.839s] -- Build files have been written to: /home/leungjch/Documents/repos/wato_monorepo_v2/src/build/producer
[1.853s] Invoked command in '/home/leungjch/Documents/repos/wato_monorepo_v2/src/build/producer' returned '0': CMAKE_PREFIX_PATH=/home/leungjch/Documents/repos/wato_monorepo_v2/src/install/sample_msgs:/home/leungjch/Documents/repos/wato_monorepo_v2/src/install/tutorial_interfaces:/home/leungjch/Documents/repos/wato_monorepo_v2/src/install/transformer:/home/leungjch/Documents/repos/wato_monorepo_v2/src/install/producer:/home/leungjch/Documents/repos/wato_monorepo_v2/src/install/aggregator:/home/leungjch/Documents/repos/wato_monorepo_v2/src/install/common_msgs:/home/leungjch/Documents/repos/wato_monorepo_v2/src/install/py_pubsub:/home/leungjch/Documents/repos/wato_monorepo_v2/src/install/camera_detection:/opt/ros/humble CONDA_PROMPT_MODIFIER=(base) LD_LIBRARY_PATH=/home/leungjch/Documents/repos/wato_monorepo_v2/src/install/sample_msgs/lib:/home/leungjch/Documents/repos/wato_monorepo_v2/src/install/tutorial_interfaces/lib:/home/leungjch/Documents/repos/wato_monorepo_v2/src/install/common_msgs/lib:/opt/ros/humble/opt/rviz_ogre_vendor/lib:/opt/ros/humble/lib/x86_64-linux-gnu:/opt/ros/humble/lib /usr/bin/cmake /home/leungjch/Documents/repos/wato_monorepo_v2/src/samples/cpp/producer -DCMAKE_INSTALL_PREFIX=/home/leungjch/Documents/repos/wato_monorepo_v2/src/install/producer
[1.855s] Invoking command in '/home/leungjch/Documents/repos/wato_monorepo_v2/src/build/producer': CMAKE_PREFIX_PATH=/home/leungjch/Documents/repos/wato_monorepo_v2/src/install/sample_msgs:/home/leungjch/Documents/repos/wato_monorepo_v2/src/install/tutorial_interfaces:/home/leungjch/Documents/repos/wato_monorepo_v2/src/install/transformer:/home/leungjch/Documents/repos/wato_monorepo_v2/src/install/producer:/home/leungjch/Documents/repos/wato_monorepo_v2/src/install/aggregator:/home/leungjch/Documents/repos/wato_monorepo_v2/src/install/common_msgs:/home/leungjch/Documents/repos/wato_monorepo_v2/src/install/py_pubsub:/home/leungjch/Documents/repos/wato_monorepo_v2/src/install/camera_detection:/opt/ros/humble CONDA_PROMPT_MODIFIER=(base) LD_LIBRARY_PATH=/home/leungjch/Documents/repos/wato_monorepo_v2/src/install/sample_msgs/lib:/home/leungjch/Documents/repos/wato_monorepo_v2/src/install/tutorial_interfaces/lib:/home/leungjch/Documents/repos/wato_monorepo_v2/src/install/common_msgs/lib:/opt/ros/humble/opt/rviz_ogre_vendor/lib:/opt/ros/humble/lib/x86_64-linux-gnu:/opt/ros/humble/lib /usr/bin/cmake --build /home/leungjch/Documents/repos/wato_monorepo_v2/src/build/producer -- -j16 -l16
[1.916s] [ 20%] [32mBuilding CXX object gtest/CMakeFiles/gtest_main.dir/src/gtest_main.cc.o[0m
[1.916s] [ 20%] [32mBuilding CXX object gtest/CMakeFiles/gtest.dir/src/gtest-all.cc.o[0m
[1.925s] [ 30%] [32mBuilding CXX object CMakeFiles/producer_lib.dir/src/producer.cpp.o[0m
[3.112s] [ 40%] [32m[1mLinking CXX static library libgtest_main.a[0m
[3.467s] [ 40%] Built target gtest_main
[5.977s] [ 50%] [32m[1mLinking CXX static library libproducer_lib.a[0m
[6.073s] [ 50%] Built target producer_lib
[6.095s] [ 60%] [32mBuilding CXX object CMakeFiles/producer_node.dir/src/producer_node.cpp.o[0m
[6.232s] [ 70%] [32m[1mLinking CXX static library libgtest.a[0m
[6.355s] [ 70%] Built target gtest
[6.380s] [ 80%] [32mBuilding CXX object CMakeFiles/producer_test.dir/test/producer_test.cpp.o[0m
[9.049s] In file included from [01m[K/opt/ros/humble/include/rclcpp/rclcpp/logging.hpp:24[m[K,
[9.049s]                  from [01m[K/opt/ros/humble/include/rclcpp/rclcpp/client.hpp:40[m[K,
[9.049s]                  from [01m[K/opt/ros/humble/include/rclcpp/rclcpp/callback_group.hpp:24[m[K,
[9.049s]                  from [01m[K/opt/ros/humble/include/rclcpp/rclcpp/any_executable.hpp:20[m[K,
[9.049s]                  from [01m[K/opt/ros/humble/include/rclcpp/rclcpp/memory_strategy.hpp:25[m[K,
[9.049s]                  from [01m[K/opt/ros/humble/include/rclcpp/rclcpp/memory_strategies.hpp:18[m[K,
[9.049s]                  from [01m[K/opt/ros/humble/include/rclcpp/rclcpp/executor_options.hpp:20[m[K,
[9.049s]                  from [01m[K/opt/ros/humble/include/rclcpp/rclcpp/executor.hpp:37[m[K,
[9.050s]                  from [01m[K/opt/ros/humble/include/rclcpp/rclcpp/executors/multi_threaded_executor.hpp:25[m[K,
[9.050s]                  from [01m[K/opt/ros/humble/include/rclcpp/rclcpp/executors.hpp:21[m[K,
[9.050s]                  from [01m[K/opt/ros/humble/include/rclcpp/rclcpp/rclcpp.hpp:155[m[K,
[9.050s]                  from [01m[K/home/leungjch/Documents/repos/wato_monorepo_v2/src/samples/cpp/producer/include/producer_node.hpp:6[m[K,
[9.050s]                  from [01m[K/home/leungjch/Documents/repos/wato_monorepo_v2/src/samples/cpp/producer/src/producer_node.cpp:5[m[K:
[9.050s] [01m[K/home/leungjch/Documents/repos/wato_monorepo_v2/src/samples/cpp/producer/src/producer_node.cpp:[m[K In member function ‘[01m[Krcl_interfaces::msg::SetParametersResult ProducerNode::parameters_callback(const std::vector<rclcpp::Parameter>&)[m[K’:
[9.050s] [01m[K/home/leungjch/Documents/repos/wato_monorepo_v2/src/samples/cpp/producer/src/producer_node.cpp:51:39:[m[K [01;35m[Kwarning: [m[Kformat ‘[01m[K%d[m[K’ expects argument of type ‘[01m[Kint[m[K’, but argument 5 has type ‘[01m[Kint64_t[m[K’ {aka ‘[01m[Klong int[m[K’} [[01;35m[K]8;;https://gcc.gnu.org/onlinedocs/gcc/Warning-Options.html#index-Wformat=-Wformat=]8;;[m[K]
[9.050s]    51 |       RCLCPP_INFO(this->get_logger(), [01;35m[K"Velocity successfully set to %d"[m[K, [32m[Kparameter.as_int()[m[K);
[9.051s]       |                                       [01;35m[K^~~~~~~~~~~~~~~~~~~~~~~~~~~~~~~~~[m[K  [32m[K~~~~~~~~~~~~~~~~~~[m[K
[9.051s]       |                                                                                          [32m[K|[m[K
[9.051s]       |                                                                                          [32m[Kint64_t {aka long int}[m[K
[9.051s] [01m[K/home/leungjch/Documents/repos/wato_monorepo_v2/src/samples/cpp/producer/src/producer_node.cpp:51:70:[m[K [01;36m[Knote: [m[Kformat string is defined here
[9.051s]    51 |       RCLCPP_INFO(this->get_logger(), "Velocity successfully set to [01;36m[K%d[m[K", parameter.as_int());
[9.051s]       |                                                                     [01;36m[K~^[m[K
[9.051s]       |                                                                      [01;36m[K|[m[K
[9.051s]       |                                                                      [01;36m[Kint[m[K
[9.051s]       |                                                                     [32m[K%ld[m[K
[10.367s] [ 90%] [32m[1mLinking CXX executable producer_test[0m
[10.638s] [ 90%] Built target producer_test
[11.308s] [100%] [32m[1mLinking CXX executable producer_node[0m
[11.554s] [100%] Built target producer_node
[11.578s] Invoked command in '/home/leungjch/Documents/repos/wato_monorepo_v2/src/build/producer' returned '0': CMAKE_PREFIX_PATH=/home/leungjch/Documents/repos/wato_monorepo_v2/src/install/sample_msgs:/home/leungjch/Documents/repos/wato_monorepo_v2/src/install/tutorial_interfaces:/home/leungjch/Documents/repos/wato_monorepo_v2/src/install/transformer:/home/leungjch/Documents/repos/wato_monorepo_v2/src/install/producer:/home/leungjch/Documents/repos/wato_monorepo_v2/src/install/aggregator:/home/leungjch/Documents/repos/wato_monorepo_v2/src/install/common_msgs:/home/leungjch/Documents/repos/wato_monorepo_v2/src/install/py_pubsub:/home/leungjch/Documents/repos/wato_monorepo_v2/src/install/camera_detection:/opt/ros/humble CONDA_PROMPT_MODIFIER=(base) LD_LIBRARY_PATH=/home/leungjch/Documents/repos/wato_monorepo_v2/src/install/sample_msgs/lib:/home/leungjch/Documents/repos/wato_monorepo_v2/src/install/tutorial_interfaces/lib:/home/leungjch/Documents/repos/wato_monorepo_v2/src/install/common_msgs/lib:/opt/ros/humble/opt/rviz_ogre_vendor/lib:/opt/ros/humble/lib/x86_64-linux-gnu:/opt/ros/humble/lib /usr/bin/cmake --build /home/leungjch/Documents/repos/wato_monorepo_v2/src/build/producer -- -j16 -l16
[11.620s] Invoking command in '/home/leungjch/Documents/repos/wato_monorepo_v2/src/build/producer': CMAKE_PREFIX_PATH=/home/leungjch/Documents/repos/wato_monorepo_v2/src/install/sample_msgs:/home/leungjch/Documents/repos/wato_monorepo_v2/src/install/tutorial_interfaces:/home/leungjch/Documents/repos/wato_monorepo_v2/src/install/transformer:/home/leungjch/Documents/repos/wato_monorepo_v2/src/install/producer:/home/leungjch/Documents/repos/wato_monorepo_v2/src/install/aggregator:/home/leungjch/Documents/repos/wato_monorepo_v2/src/install/common_msgs:/home/leungjch/Documents/repos/wato_monorepo_v2/src/install/py_pubsub:/home/leungjch/Documents/repos/wato_monorepo_v2/src/install/camera_detection:/opt/ros/humble CONDA_PROMPT_MODIFIER=(base) LD_LIBRARY_PATH=/home/leungjch/Documents/repos/wato_monorepo_v2/src/install/sample_msgs/lib:/home/leungjch/Documents/repos/wato_monorepo_v2/src/install/tutorial_interfaces/lib:/home/leungjch/Documents/repos/wato_monorepo_v2/src/install/common_msgs/lib:/opt/ros/humble/opt/rviz_ogre_vendor/lib:/opt/ros/humble/lib/x86_64-linux-gnu:/opt/ros/humble/lib /usr/bin/cmake --install /home/leungjch/Documents/repos/wato_monorepo_v2/src/build/producer
[11.629s] -- Install configuration: ""
[11.629s] -- Installing: /home/leungjch/Documents/repos/wato_monorepo_v2/src/install/producer/lib/producer/producer_test
[11.631s] -- Set runtime path of "/home/leungjch/Documents/repos/wato_monorepo_v2/src/install/producer/lib/producer/producer_test" to ""
[11.631s] -- Installing: /home/leungjch/Documents/repos/wato_monorepo_v2/src/install/producer/lib/producer/producer_node
[11.633s] -- Set runtime path of "/home/leungjch/Documents/repos/wato_monorepo_v2/src/install/producer/lib/producer/producer_node" to ""
[11.633s] -- Installing: /home/leungjch/Documents/repos/wato_monorepo_v2/src/install/producer/share/producer/config
[11.633s] -- Installing: /home/leungjch/Documents/repos/wato_monorepo_v2/src/install/producer/share/producer/config/params.yaml
[11.634s] -- Installing: /home/leungjch/Documents/repos/wato_monorepo_v2/src/install/producer/share/producer/launch
[11.634s] -- Installing: /home/leungjch/Documents/repos/wato_monorepo_v2/src/install/producer/share/producer/launch/producer.launch.py
[11.634s] -- Installing: /home/leungjch/Documents/repos/wato_monorepo_v2/src/install/producer/share/ament_index/resource_index/package_run_dependencies/producer
[11.634s] -- Installing: /home/leungjch/Documents/repos/wato_monorepo_v2/src/install/producer/share/ament_index/resource_index/parent_prefix_path/producer
[11.634s] -- Installing: /home/leungjch/Documents/repos/wato_monorepo_v2/src/install/producer/share/producer/environment/ament_prefix_path.sh
[11.635s] -- Installing: /home/leungjch/Documents/repos/wato_monorepo_v2/src/install/producer/share/producer/environment/ament_prefix_path.dsv
[11.635s] -- Installing: /home/leungjch/Documents/repos/wato_monorepo_v2/src/install/producer/share/producer/environment/path.sh
[11.635s] -- Installing: /home/leungjch/Documents/repos/wato_monorepo_v2/src/install/producer/share/producer/environment/path.dsv
[11.635s] -- Installing: /home/leungjch/Documents/repos/wato_monorepo_v2/src/install/producer/share/producer/local_setup.bash
[11.635s] -- Installing: /home/leungjch/Documents/repos/wato_monorepo_v2/src/install/producer/share/producer/local_setup.sh
[11.635s] -- Installing: /home/leungjch/Documents/repos/wato_monorepo_v2/src/install/producer/share/producer/local_setup.zsh
[11.636s] -- Installing: /home/leungjch/Documents/repos/wato_monorepo_v2/src/install/producer/share/producer/local_setup.dsv
[11.636s] -- Installing: /home/leungjch/Documents/repos/wato_monorepo_v2/src/install/producer/share/producer/package.dsv
[11.636s] -- Installing: /home/leungjch/Documents/repos/wato_monorepo_v2/src/install/producer/share/ament_index/resource_index/packages/producer
[11.636s] -- Installing: /home/leungjch/Documents/repos/wato_monorepo_v2/src/install/producer/share/producer/cmake/producerConfig.cmake
[11.637s] -- Installing: /home/leungjch/Documents/repos/wato_monorepo_v2/src/install/producer/share/producer/cmake/producerConfig-version.cmake
[11.637s] -- Installing: /home/leungjch/Documents/repos/wato_monorepo_v2/src/install/producer/share/producer/package.xml
[11.645s] Invoked command in '/home/leungjch/Documents/repos/wato_monorepo_v2/src/build/producer' returned '0': CMAKE_PREFIX_PATH=/home/leungjch/Documents/repos/wato_monorepo_v2/src/install/sample_msgs:/home/leungjch/Documents/repos/wato_monorepo_v2/src/install/tutorial_interfaces:/home/leungjch/Documents/repos/wato_monorepo_v2/src/install/transformer:/home/leungjch/Documents/repos/wato_monorepo_v2/src/install/producer:/home/leungjch/Documents/repos/wato_monorepo_v2/src/install/aggregator:/home/leungjch/Documents/repos/wato_monorepo_v2/src/install/common_msgs:/home/leungjch/Documents/repos/wato_monorepo_v2/src/install/py_pubsub:/home/leungjch/Documents/repos/wato_monorepo_v2/src/install/camera_detection:/opt/ros/humble CONDA_PROMPT_MODIFIER=(base) LD_LIBRARY_PATH=/home/leungjch/Documents/repos/wato_monorepo_v2/src/install/sample_msgs/lib:/home/leungjch/Documents/repos/wato_monorepo_v2/src/install/tutorial_interfaces/lib:/home/leungjch/Documents/repos/wato_monorepo_v2/src/install/common_msgs/lib:/opt/ros/humble/opt/rviz_ogre_vendor/lib:/opt/ros/humble/lib/x86_64-linux-gnu:/opt/ros/humble/lib /usr/bin/cmake --install /home/leungjch/Documents/repos/wato_monorepo_v2/src/build/producer
