[0.044s] Invoking command in '/home/leungjch/Documents/repos/wato_monorepo_v2/src/build/common_msgs': CMAKE_PREFIX_PATH=${CMAKE_PREFIX_PATH}:/home/leungjch/Documents/repos/wato_monorepo_v2/src/install/py_pubsub:/home/leungjch/Documents/repos/wato_monorepo_v2/src/install/camera_detection:/opt/ros/humble CONDA_PROMPT_MODIFIER=(base) /usr/bin/cmake --build /home/leungjch/Documents/repos/wato_monorepo_v2/src/build/common_msgs -- -j16 -l16
[0.122s] [  2%] Built target common_msgs__cpp
[0.127s] [ 12%] Built target common_msgs__rosidl_generator_c
[0.156s] [ 12%] Built target ament_cmake_python_copy_common_msgs
[0.181s] [ 33%] Built target common_msgs__rosidl_typesupport_fastrtps_cpp
[0.182s] [ 33%] Built target common_msgs__rosidl_typesupport_cpp
[0.186s] [ 43%] Built target common_msgs__rosidl_typesupport_introspection_cpp
[0.194s] [ 53%] Built target common_msgs__rosidl_typesupport_c
[0.195s] [ 74%] Built target common_msgs__rosidl_typesupport_fastrtps_c
[0.195s] [ 74%] Built target common_msgs__rosidl_typesupport_introspection_c
[0.225s] [ 74%] Built target common_msgs
[0.251s] [ 76%] Built target common_msgs__py
[0.282s] [ 84%] Built target common_msgs__rosidl_generator_py
[0.315s] [ 94%] Built target common_msgs__rosidl_typesupport_introspection_c__pyext
[0.315s] [ 94%] Built target common_msgs__rosidl_typesupport_c__pyext
[0.315s] [100%] Built target common_msgs__rosidl_typesupport_fastrtps_c__pyext
[0.672s] running egg_info
[0.674s] writing common_msgs.egg-info/PKG-INFO
[0.675s] writing dependency_links to common_msgs.egg-info/dependency_links.txt
[0.675s] writing top-level names to common_msgs.egg-info/top_level.txt
[0.682s] reading manifest file 'common_msgs.egg-info/SOURCES.txt'
[0.682s] writing manifest file 'common_msgs.egg-info/SOURCES.txt'
[0.735s] [100%] Built target ament_cmake_python_build_common_msgs_egg
[0.759s] Invoked command in '/home/leungjch/Documents/repos/wato_monorepo_v2/src/build/common_msgs' returned '0': CMAKE_PREFIX_PATH=${CMAKE_PREFIX_PATH}:/home/leungjch/Documents/repos/wato_monorepo_v2/src/install/py_pubsub:/home/leungjch/Documents/repos/wato_monorepo_v2/src/install/camera_detection:/opt/ros/humble CONDA_PROMPT_MODIFIER=(base) /usr/bin/cmake --build /home/leungjch/Documents/repos/wato_monorepo_v2/src/build/common_msgs -- -j16 -l16
[0.855s] Invoking command in '/home/leungjch/Documents/repos/wato_monorepo_v2/src/build/common_msgs': CMAKE_PREFIX_PATH=${CMAKE_PREFIX_PATH}:/home/leungjch/Documents/repos/wato_monorepo_v2/src/install/py_pubsub:/home/leungjch/Documents/repos/wato_monorepo_v2/src/install/camera_detection:/opt/ros/humble CONDA_PROMPT_MODIFIER=(base) /usr/bin/cmake --install /home/leungjch/Documents/repos/wato_monorepo_v2/src/build/common_msgs
[0.881s] -- Install configuration: ""
[0.882s] -- Up-to-date: /home/leungjch/Documents/repos/wato_monorepo_v2/src/install/common_msgs/share/ament_index/resource_index/rosidl_interfaces/common_msgs
[0.882s] -- Up-to-date: /home/leungjch/Documents/repos/wato_monorepo_v2/src/install/common_msgs/include/common_msgs/common_msgs
[0.882s] -- Up-to-date: /home/leungjch/Documents/repos/wato_monorepo_v2/src/install/common_msgs/include/common_msgs/common_msgs/msg
[0.882s] -- Up-to-date: /home/leungjch/Documents/repos/wato_monorepo_v2/src/install/common_msgs/include/common_msgs/common_msgs/msg/rosidl_generator_c__visibility_control.h
[0.882s] -- Up-to-date: /home/leungjch/Documents/repos/wato_monorepo_v2/src/install/common_msgs/include/common_msgs/common_msgs/msg/obstacle.h
[0.882s] -- Up-to-date: /home/leungjch/Documents/repos/wato_monorepo_v2/src/install/common_msgs/include/common_msgs/common_msgs/msg/obstacle_list.h
[0.882s] -- Up-to-date: /home/leungjch/Documents/repos/wato_monorepo_v2/src/install/common_msgs/include/common_msgs/common_msgs/msg/detail
[0.883s] -- Up-to-date: /home/leungjch/Documents/repos/wato_monorepo_v2/src/install/common_msgs/include/common_msgs/common_msgs/msg/detail/obstacle__type_support.h
[0.883s] -- Up-to-date: /home/leungjch/Documents/repos/wato_monorepo_v2/src/install/common_msgs/include/common_msgs/common_msgs/msg/detail/obstacle_list__functions.c
[0.883s] -- Up-to-date: /home/leungjch/Documents/repos/wato_monorepo_v2/src/install/common_msgs/include/common_msgs/common_msgs/msg/detail/obstacle_list__type_support.h
[0.883s] -- Up-to-date: /home/leungjch/Documents/repos/wato_monorepo_v2/src/install/common_msgs/include/common_msgs/common_msgs/msg/detail/obstacle_list__struct.h
[0.883s] -- Up-to-date: /home/leungjch/Documents/repos/wato_monorepo_v2/src/install/common_msgs/include/common_msgs/common_msgs/msg/detail/obstacle_list__functions.h
[0.884s] -- Up-to-date: /home/leungjch/Documents/repos/wato_monorepo_v2/src/install/common_msgs/include/common_msgs/common_msgs/msg/detail/obstacle__functions.h
[0.886s] -- Up-to-date: /home/leungjch/Documents/repos/wato_monorepo_v2/src/install/common_msgs/include/common_msgs/common_msgs/msg/detail/obstacle__struct.h
[0.887s] -- Up-to-date: /home/leungjch/Documents/repos/wato_monorepo_v2/src/install/common_msgs/include/common_msgs/common_msgs/msg/detail/obstacle__functions.c
[0.888s] -- Up-to-date: /home/leungjch/Documents/repos/wato_monorepo_v2/src/install/common_msgs/share/common_msgs/environment/library_path.sh
[0.888s] -- Up-to-date: /home/leungjch/Documents/repos/wato_monorepo_v2/src/install/common_msgs/share/common_msgs/environment/library_path.dsv
[0.888s] -- Up-to-date: /home/leungjch/Documents/repos/wato_monorepo_v2/src/install/common_msgs/lib/libcommon_msgs__rosidl_generator_c.so
[0.889s] -- Up-to-date: /home/leungjch/Documents/repos/wato_monorepo_v2/src/install/common_msgs/include/common_msgs/common_msgs
[0.889s] -- Up-to-date: /home/leungjch/Documents/repos/wato_monorepo_v2/src/install/common_msgs/include/common_msgs/common_msgs/msg
[0.889s] -- Up-to-date: /home/leungjch/Documents/repos/wato_monorepo_v2/src/install/common_msgs/include/common_msgs/common_msgs/msg/rosidl_typesupport_fastrtps_c__visibility_control.h
[0.889s] -- Up-to-date: /home/leungjch/Documents/repos/wato_monorepo_v2/src/install/common_msgs/include/common_msgs/common_msgs/msg/detail
[0.889s] -- Up-to-date: /home/leungjch/Documents/repos/wato_monorepo_v2/src/install/common_msgs/include/common_msgs/common_msgs/msg/detail/obstacle_list__rosidl_typesupport_fastrtps_c.h
[0.890s] -- Up-to-date: /home/leungjch/Documents/repos/wato_monorepo_v2/src/install/common_msgs/include/common_msgs/common_msgs/msg/detail/obstacle__rosidl_typesupport_fastrtps_c.h
[0.891s] -- Up-to-date: /home/leungjch/Documents/repos/wato_monorepo_v2/src/install/common_msgs/lib/libcommon_msgs__rosidl_typesupport_fastrtps_c.so
[0.891s] -- Up-to-date: /home/leungjch/Documents/repos/wato_monorepo_v2/src/install/common_msgs/include/common_msgs/common_msgs
[0.891s] -- Up-to-date: /home/leungjch/Documents/repos/wato_monorepo_v2/src/install/common_msgs/include/common_msgs/common_msgs/msg
[0.891s] -- Up-to-date: /home/leungjch/Documents/repos/wato_monorepo_v2/src/install/common_msgs/include/common_msgs/common_msgs/msg/rosidl_typesupport_introspection_c__visibility_control.h
[0.892s] -- Up-to-date: /home/leungjch/Documents/repos/wato_monorepo_v2/src/install/common_msgs/include/common_msgs/common_msgs/msg/detail
[0.892s] -- Up-to-date: /home/leungjch/Documents/repos/wato_monorepo_v2/src/install/common_msgs/include/common_msgs/common_msgs/msg/detail/obstacle_list__type_support.c
[0.892s] -- Up-to-date: /home/leungjch/Documents/repos/wato_monorepo_v2/src/install/common_msgs/include/common_msgs/common_msgs/msg/detail/obstacle__type_support.c
[0.892s] -- Up-to-date: /home/leungjch/Documents/repos/wato_monorepo_v2/src/install/common_msgs/include/common_msgs/common_msgs/msg/detail/obstacle__rosidl_typesupport_introspection_c.h
[0.898s] -- Up-to-date: /home/leungjch/Documents/repos/wato_monorepo_v2/src/install/common_msgs/include/common_msgs/common_msgs/msg/detail/obstacle_list__rosidl_typesupport_introspection_c.h
[0.898s] -- Up-to-date: /home/leungjch/Documents/repos/wato_monorepo_v2/src/install/common_msgs/lib/libcommon_msgs__rosidl_typesupport_introspection_c.so
[0.898s] -- Up-to-date: /home/leungjch/Documents/repos/wato_monorepo_v2/src/install/common_msgs/lib/libcommon_msgs__rosidl_typesupport_c.so
[0.899s] -- Up-to-date: /home/leungjch/Documents/repos/wato_monorepo_v2/src/install/common_msgs/include/common_msgs/common_msgs
[0.899s] -- Up-to-date: /home/leungjch/Documents/repos/wato_monorepo_v2/src/install/common_msgs/include/common_msgs/common_msgs/msg
[0.899s] -- Up-to-date: /home/leungjch/Documents/repos/wato_monorepo_v2/src/install/common_msgs/include/common_msgs/common_msgs/msg/obstacle_list.hpp
[0.900s] -- Up-to-date: /home/leungjch/Documents/repos/wato_monorepo_v2/src/install/common_msgs/include/common_msgs/common_msgs/msg/detail
[0.900s] -- Up-to-date: /home/leungjch/Documents/repos/wato_monorepo_v2/src/install/common_msgs/include/common_msgs/common_msgs/msg/detail/obstacle_list__builder.hpp
[0.900s] -- Up-to-date: /home/leungjch/Documents/repos/wato_monorepo_v2/src/install/common_msgs/include/common_msgs/common_msgs/msg/detail/obstacle__builder.hpp
[0.900s] -- Up-to-date: /home/leungjch/Documents/repos/wato_monorepo_v2/src/install/common_msgs/include/common_msgs/common_msgs/msg/detail/obstacle_list__struct.hpp
[0.900s] -- Up-to-date: /home/leungjch/Documents/repos/wato_monorepo_v2/src/install/common_msgs/include/common_msgs/common_msgs/msg/detail/obstacle_list__traits.hpp
[0.901s] -- Up-to-date: /home/leungjch/Documents/repos/wato_monorepo_v2/src/install/common_msgs/include/common_msgs/common_msgs/msg/detail/obstacle__traits.hpp
[0.901s] -- Up-to-date: /home/leungjch/Documents/repos/wato_monorepo_v2/src/install/common_msgs/include/common_msgs/common_msgs/msg/detail/obstacle__struct.hpp
[0.901s] -- Up-to-date: /home/leungjch/Documents/repos/wato_monorepo_v2/src/install/common_msgs/include/common_msgs/common_msgs/msg/obstacle.hpp
[0.901s] -- Up-to-date: /home/leungjch/Documents/repos/wato_monorepo_v2/src/install/common_msgs/include/common_msgs/common_msgs
[0.901s] -- Up-to-date: /home/leungjch/Documents/repos/wato_monorepo_v2/src/install/common_msgs/include/common_msgs/common_msgs/msg
[0.902s] -- Up-to-date: /home/leungjch/Documents/repos/wato_monorepo_v2/src/install/common_msgs/include/common_msgs/common_msgs/msg/detail
[0.902s] -- Up-to-date: /home/leungjch/Documents/repos/wato_monorepo_v2/src/install/common_msgs/include/common_msgs/common_msgs/msg/detail/obstacle__rosidl_typesupport_fastrtps_cpp.hpp
[0.902s] -- Up-to-date: /home/leungjch/Documents/repos/wato_monorepo_v2/src/install/common_msgs/include/common_msgs/common_msgs/msg/detail/dds_fastrtps
[0.902s] -- Up-to-date: /home/leungjch/Documents/repos/wato_monorepo_v2/src/install/common_msgs/include/common_msgs/common_msgs/msg/detail/obstacle_list__rosidl_typesupport_fastrtps_cpp.hpp
[0.902s] -- Up-to-date: /home/leungjch/Documents/repos/wato_monorepo_v2/src/install/common_msgs/include/common_msgs/common_msgs/msg/rosidl_typesupport_fastrtps_cpp__visibility_control.h
[0.902s] -- Up-to-date: /home/leungjch/Documents/repos/wato_monorepo_v2/src/install/common_msgs/lib/libcommon_msgs__rosidl_typesupport_fastrtps_cpp.so
[0.903s] -- Up-to-date: /home/leungjch/Documents/repos/wato_monorepo_v2/src/install/common_msgs/include/common_msgs/common_msgs
[0.903s] -- Up-to-date: /home/leungjch/Documents/repos/wato_monorepo_v2/src/install/common_msgs/include/common_msgs/common_msgs/msg
[0.903s] -- Up-to-date: /home/leungjch/Documents/repos/wato_monorepo_v2/src/install/common_msgs/include/common_msgs/common_msgs/msg/detail
[0.903s] -- Up-to-date: /home/leungjch/Documents/repos/wato_monorepo_v2/src/install/common_msgs/include/common_msgs/common_msgs/msg/detail/obstacle__rosidl_typesupport_introspection_cpp.hpp
[0.904s] -- Up-to-date: /home/leungjch/Documents/repos/wato_monorepo_v2/src/install/common_msgs/include/common_msgs/common_msgs/msg/detail/obstacle_list__rosidl_typesupport_introspection_cpp.hpp
[0.904s] -- Up-to-date: /home/leungjch/Documents/repos/wato_monorepo_v2/src/install/common_msgs/include/common_msgs/common_msgs/msg/detail/obstacle__type_support.cpp
[0.904s] -- Up-to-date: /home/leungjch/Documents/repos/wato_monorepo_v2/src/install/common_msgs/include/common_msgs/common_msgs/msg/detail/obstacle_list__type_support.cpp
[0.904s] -- Up-to-date: /home/leungjch/Documents/repos/wato_monorepo_v2/src/install/common_msgs/lib/libcommon_msgs__rosidl_typesupport_introspection_cpp.so
[0.904s] -- Up-to-date: /home/leungjch/Documents/repos/wato_monorepo_v2/src/install/common_msgs/lib/libcommon_msgs__rosidl_typesupport_cpp.so
[0.904s] -- Up-to-date: /home/leungjch/Documents/repos/wato_monorepo_v2/src/install/common_msgs/share/common_msgs/environment/pythonpath.sh
[0.905s] -- Up-to-date: /home/leungjch/Documents/repos/wato_monorepo_v2/src/install/common_msgs/share/common_msgs/environment/pythonpath.dsv
[0.905s] -- Up-to-date: /home/leungjch/Documents/repos/wato_monorepo_v2/src/install/common_msgs/local/lib/python3.10/dist-packages/common_msgs-0.0.0-py3.10.egg-info
[0.905s] -- Installing: /home/leungjch/Documents/repos/wato_monorepo_v2/src/install/common_msgs/local/lib/python3.10/dist-packages/common_msgs-0.0.0-py3.10.egg-info/dependency_links.txt
[0.905s] -- Installing: /home/leungjch/Documents/repos/wato_monorepo_v2/src/install/common_msgs/local/lib/python3.10/dist-packages/common_msgs-0.0.0-py3.10.egg-info/top_level.txt
[0.905s] -- Installing: /home/leungjch/Documents/repos/wato_monorepo_v2/src/install/common_msgs/local/lib/python3.10/dist-packages/common_msgs-0.0.0-py3.10.egg-info/SOURCES.txt
[0.905s] -- Installing: /home/leungjch/Documents/repos/wato_monorepo_v2/src/install/common_msgs/local/lib/python3.10/dist-packages/common_msgs-0.0.0-py3.10.egg-info/PKG-INFO
[0.905s] -- Up-to-date: /home/leungjch/Documents/repos/wato_monorepo_v2/src/install/common_msgs/local/lib/python3.10/dist-packages/common_msgs
[0.905s] -- Up-to-date: /home/leungjch/Documents/repos/wato_monorepo_v2/src/install/common_msgs/local/lib/python3.10/dist-packages/common_msgs/libcommon_msgs__rosidl_generator_py.so
[0.905s] -- Up-to-date: /home/leungjch/Documents/repos/wato_monorepo_v2/src/install/common_msgs/local/lib/python3.10/dist-packages/common_msgs/_common_msgs_s.ep.rosidl_typesupport_c.c
[0.906s] -- Up-to-date: /home/leungjch/Documents/repos/wato_monorepo_v2/src/install/common_msgs/local/lib/python3.10/dist-packages/common_msgs/common_msgs_s__rosidl_typesupport_fastrtps_c.cpython-39-x86_64-linux-gnu.so
[0.906s] -- Up-to-date: /home/leungjch/Documents/repos/wato_monorepo_v2/src/install/common_msgs/local/lib/python3.10/dist-packages/common_msgs/__init__.py
[0.906s] -- Up-to-date: /home/leungjch/Documents/repos/wato_monorepo_v2/src/install/common_msgs/local/lib/python3.10/dist-packages/common_msgs/_common_msgs_s.ep.rosidl_typesupport_introspection_c.c
[0.906s] -- Up-to-date: /home/leungjch/Documents/repos/wato_monorepo_v2/src/install/common_msgs/local/lib/python3.10/dist-packages/common_msgs/common_msgs_s__rosidl_typesupport_c.cpython-39-x86_64-linux-gnu.so
[0.906s] -- Up-to-date: /home/leungjch/Documents/repos/wato_monorepo_v2/src/install/common_msgs/local/lib/python3.10/dist-packages/common_msgs/msg
[0.906s] -- Up-to-date: /home/leungjch/Documents/repos/wato_monorepo_v2/src/install/common_msgs/local/lib/python3.10/dist-packages/common_msgs/msg/__init__.py
[0.906s] -- Up-to-date: /home/leungjch/Documents/repos/wato_monorepo_v2/src/install/common_msgs/local/lib/python3.10/dist-packages/common_msgs/msg/_obstacle.py
[0.906s] -- Up-to-date: /home/leungjch/Documents/repos/wato_monorepo_v2/src/install/common_msgs/local/lib/python3.10/dist-packages/common_msgs/msg/_obstacle_list.py
[0.906s] -- Up-to-date: /home/leungjch/Documents/repos/wato_monorepo_v2/src/install/common_msgs/local/lib/python3.10/dist-packages/common_msgs/msg/_obstacle_list_s.c
[0.907s] -- Up-to-date: /home/leungjch/Documents/repos/wato_monorepo_v2/src/install/common_msgs/local/lib/python3.10/dist-packages/common_msgs/msg/_obstacle_s.c
[0.907s] -- Up-to-date: /home/leungjch/Documents/repos/wato_monorepo_v2/src/install/common_msgs/local/lib/python3.10/dist-packages/common_msgs/_common_msgs_s.ep.rosidl_typesupport_fastrtps_c.c
[0.907s] -- Up-to-date: /home/leungjch/Documents/repos/wato_monorepo_v2/src/install/common_msgs/local/lib/python3.10/dist-packages/common_msgs/common_msgs_s__rosidl_typesupport_introspection_c.cpython-39-x86_64-linux-gnu.so
[0.922s] Listing '/home/leungjch/Documents/repos/wato_monorepo_v2/src/install/common_msgs/local/lib/python3.10/dist-packages/common_msgs'...
[0.922s] Listing '/home/leungjch/Documents/repos/wato_monorepo_v2/src/install/common_msgs/local/lib/python3.10/dist-packages/common_msgs/msg'...
[0.928s] -- Up-to-date: /home/leungjch/Documents/repos/wato_monorepo_v2/src/install/common_msgs/local/lib/python3.10/dist-packages/common_msgs/common_msgs_s__rosidl_typesupport_fastrtps_c.cpython-39-x86_64-linux-gnu.so
[0.928s] -- Up-to-date: /home/leungjch/Documents/repos/wato_monorepo_v2/src/install/common_msgs/local/lib/python3.10/dist-packages/common_msgs/common_msgs_s__rosidl_typesupport_introspection_c.cpython-39-x86_64-linux-gnu.so
[0.929s] -- Up-to-date: /home/leungjch/Documents/repos/wato_monorepo_v2/src/install/common_msgs/local/lib/python3.10/dist-packages/common_msgs/common_msgs_s__rosidl_typesupport_c.cpython-39-x86_64-linux-gnu.so
[0.929s] -- Up-to-date: /home/leungjch/Documents/repos/wato_monorepo_v2/src/install/common_msgs/lib/libcommon_msgs__rosidl_generator_py.so
[0.930s] -- Up-to-date: /home/leungjch/Documents/repos/wato_monorepo_v2/src/install/common_msgs/share/common_msgs/msg/Obstacle.idl
[0.930s] -- Up-to-date: /home/leungjch/Documents/repos/wato_monorepo_v2/src/install/common_msgs/share/common_msgs/msg/ObstacleList.idl
[0.930s] -- Up-to-date: /home/leungjch/Documents/repos/wato_monorepo_v2/src/install/common_msgs/share/common_msgs/msg/Obstacle.msg
[0.930s] -- Up-to-date: /home/leungjch/Documents/repos/wato_monorepo_v2/src/install/common_msgs/share/common_msgs/msg/ObstacleList.msg
[0.930s] -- Up-to-date: /home/leungjch/Documents/repos/wato_monorepo_v2/src/install/common_msgs/share/ament_index/resource_index/package_run_dependencies/common_msgs
[0.930s] -- Up-to-date: /home/leungjch/Documents/repos/wato_monorepo_v2/src/install/common_msgs/share/ament_index/resource_index/parent_prefix_path/common_msgs
[0.930s] -- Up-to-date: /home/leungjch/Documents/repos/wato_monorepo_v2/src/install/common_msgs/share/common_msgs/environment/ament_prefix_path.sh
[0.930s] -- Up-to-date: /home/leungjch/Documents/repos/wato_monorepo_v2/src/install/common_msgs/share/common_msgs/environment/ament_prefix_path.dsv
[0.931s] -- Up-to-date: /home/leungjch/Documents/repos/wato_monorepo_v2/src/install/common_msgs/share/common_msgs/environment/path.sh
[0.931s] -- Up-to-date: /home/leungjch/Documents/repos/wato_monorepo_v2/src/install/common_msgs/share/common_msgs/environment/path.dsv
[0.931s] -- Up-to-date: /home/leungjch/Documents/repos/wato_monorepo_v2/src/install/common_msgs/share/common_msgs/local_setup.bash
[0.931s] -- Up-to-date: /home/leungjch/Documents/repos/wato_monorepo_v2/src/install/common_msgs/share/common_msgs/local_setup.sh
[0.931s] -- Up-to-date: /home/leungjch/Documents/repos/wato_monorepo_v2/src/install/common_msgs/share/common_msgs/local_setup.zsh
[0.931s] -- Up-to-date: /home/leungjch/Documents/repos/wato_monorepo_v2/src/install/common_msgs/share/common_msgs/local_setup.dsv
[0.931s] -- Installing: /home/leungjch/Documents/repos/wato_monorepo_v2/src/install/common_msgs/share/common_msgs/package.dsv
[0.931s] -- Up-to-date: /home/leungjch/Documents/repos/wato_monorepo_v2/src/install/common_msgs/share/ament_index/resource_index/packages/common_msgs
[0.931s] -- Up-to-date: /home/leungjch/Documents/repos/wato_monorepo_v2/src/install/common_msgs/share/common_msgs/cmake/export_common_msgs__rosidl_generator_cExport.cmake
[0.932s] -- Up-to-date: /home/leungjch/Documents/repos/wato_monorepo_v2/src/install/common_msgs/share/common_msgs/cmake/export_common_msgs__rosidl_generator_cExport-noconfig.cmake
[0.932s] -- Up-to-date: /home/leungjch/Documents/repos/wato_monorepo_v2/src/install/common_msgs/share/common_msgs/cmake/export_common_msgs__rosidl_typesupport_fastrtps_cExport.cmake
[0.932s] -- Up-to-date: /home/leungjch/Documents/repos/wato_monorepo_v2/src/install/common_msgs/share/common_msgs/cmake/export_common_msgs__rosidl_typesupport_fastrtps_cExport-noconfig.cmake
[0.932s] -- Up-to-date: /home/leungjch/Documents/repos/wato_monorepo_v2/src/install/common_msgs/share/common_msgs/cmake/common_msgs__rosidl_typesupport_introspection_cExport.cmake
[0.932s] -- Up-to-date: /home/leungjch/Documents/repos/wato_monorepo_v2/src/install/common_msgs/share/common_msgs/cmake/common_msgs__rosidl_typesupport_introspection_cExport-noconfig.cmake
[0.932s] -- Up-to-date: /home/leungjch/Documents/repos/wato_monorepo_v2/src/install/common_msgs/share/common_msgs/cmake/common_msgs__rosidl_typesupport_cExport.cmake
[0.932s] -- Up-to-date: /home/leungjch/Documents/repos/wato_monorepo_v2/src/install/common_msgs/share/common_msgs/cmake/common_msgs__rosidl_typesupport_cExport-noconfig.cmake
[0.932s] -- Up-to-date: /home/leungjch/Documents/repos/wato_monorepo_v2/src/install/common_msgs/share/common_msgs/cmake/export_common_msgs__rosidl_generator_cppExport.cmake
[0.933s] -- Up-to-date: /home/leungjch/Documents/repos/wato_monorepo_v2/src/install/common_msgs/share/common_msgs/cmake/export_common_msgs__rosidl_typesupport_fastrtps_cppExport.cmake
[0.933s] -- Up-to-date: /home/leungjch/Documents/repos/wato_monorepo_v2/src/install/common_msgs/share/common_msgs/cmake/export_common_msgs__rosidl_typesupport_fastrtps_cppExport-noconfig.cmake
[0.933s] -- Up-to-date: /home/leungjch/Documents/repos/wato_monorepo_v2/src/install/common_msgs/share/common_msgs/cmake/common_msgs__rosidl_typesupport_introspection_cppExport.cmake
[0.933s] -- Up-to-date: /home/leungjch/Documents/repos/wato_monorepo_v2/src/install/common_msgs/share/common_msgs/cmake/common_msgs__rosidl_typesupport_introspection_cppExport-noconfig.cmake
[0.934s] -- Up-to-date: /home/leungjch/Documents/repos/wato_monorepo_v2/src/install/common_msgs/share/common_msgs/cmake/common_msgs__rosidl_typesupport_cppExport.cmake
[0.934s] -- Up-to-date: /home/leungjch/Documents/repos/wato_monorepo_v2/src/install/common_msgs/share/common_msgs/cmake/common_msgs__rosidl_typesupport_cppExport-noconfig.cmake
[0.934s] -- Up-to-date: /home/leungjch/Documents/repos/wato_monorepo_v2/src/install/common_msgs/share/common_msgs/cmake/export_common_msgs__rosidl_generator_pyExport.cmake
[0.934s] -- Up-to-date: /home/leungjch/Documents/repos/wato_monorepo_v2/src/install/common_msgs/share/common_msgs/cmake/export_common_msgs__rosidl_generator_pyExport-noconfig.cmake
[0.934s] -- Up-to-date: /home/leungjch/Documents/repos/wato_monorepo_v2/src/install/common_msgs/share/common_msgs/cmake/rosidl_cmake-extras.cmake
[0.934s] -- Up-to-date: /home/leungjch/Documents/repos/wato_monorepo_v2/src/install/common_msgs/share/common_msgs/cmake/ament_cmake_export_dependencies-extras.cmake
[0.935s] -- Up-to-date: /home/leungjch/Documents/repos/wato_monorepo_v2/src/install/common_msgs/share/common_msgs/cmake/ament_cmake_export_include_directories-extras.cmake
[0.935s] -- Up-to-date: /home/leungjch/Documents/repos/wato_monorepo_v2/src/install/common_msgs/share/common_msgs/cmake/ament_cmake_export_libraries-extras.cmake
[0.935s] -- Up-to-date: /home/leungjch/Documents/repos/wato_monorepo_v2/src/install/common_msgs/share/common_msgs/cmake/ament_cmake_export_targets-extras.cmake
[0.935s] -- Up-to-date: /home/leungjch/Documents/repos/wato_monorepo_v2/src/install/common_msgs/share/common_msgs/cmake/rosidl_cmake_export_typesupport_targets-extras.cmake
[0.935s] -- Up-to-date: /home/leungjch/Documents/repos/wato_monorepo_v2/src/install/common_msgs/share/common_msgs/cmake/rosidl_cmake_export_typesupport_libraries-extras.cmake
[0.935s] -- Up-to-date: /home/leungjch/Documents/repos/wato_monorepo_v2/src/install/common_msgs/share/common_msgs/cmake/common_msgsConfig.cmake
[0.935s] -- Up-to-date: /home/leungjch/Documents/repos/wato_monorepo_v2/src/install/common_msgs/share/common_msgs/cmake/common_msgsConfig-version.cmake
[0.935s] -- Up-to-date: /home/leungjch/Documents/repos/wato_monorepo_v2/src/install/common_msgs/share/common_msgs/package.xml
[0.940s] Invoked command in '/home/leungjch/Documents/repos/wato_monorepo_v2/src/build/common_msgs' returned '0': CMAKE_PREFIX_PATH=${CMAKE_PREFIX_PATH}:/home/leungjch/Documents/repos/wato_monorepo_v2/src/install/py_pubsub:/home/leungjch/Documents/repos/wato_monorepo_v2/src/install/camera_detection:/opt/ros/humble CONDA_PROMPT_MODIFIER=(base) /usr/bin/cmake --install /home/leungjch/Documents/repos/wato_monorepo_v2/src/build/common_msgs
