[  2%] Built target sample_msgs__cpp
[ 16%] Built target sample_msgs__rosidl_generator_c
[ 32%] Built target sample_msgs__rosidl_typesupport_cpp
[ 60%] Built target sample_msgs__rosidl_typesupport_introspection_c
[ 60%] Built target sample_msgs__rosidl_typesupport_fastrtps_c
[ 74%] Built target sample_msgs__rosidl_typesupport_fastrtps_cpp
[ 86%] Built target sample_msgs__rosidl_typesupport_introspection_cpp
[100%] Built target sample_msgs__rosidl_typesupport_c
[100%] Built target sample_msgs
-- Install configuration: ""
-- Up-to-date: /home/leungjch/Documents/repos/wato_monorepo_v2/src/install/sample_msgs/share/ament_index/resource_index/rosidl_interfaces/sample_msgs
-- Up-to-date: /home/leungjch/Documents/repos/wato_monorepo_v2/src/install/sample_msgs/include/sample_msgs/sample_msgs
-- Up-to-date: /home/leungjch/Documents/repos/wato_monorepo_v2/src/install/sample_msgs/include/sample_msgs/sample_msgs/msg
-- Up-to-date: /home/leungjch/Documents/repos/wato_monorepo_v2/src/install/sample_msgs/include/sample_msgs/sample_msgs/msg/filtered.h
-- Up-to-date: /home/leungjch/Documents/repos/wato_monorepo_v2/src/install/sample_msgs/include/sample_msgs/sample_msgs/msg/rosidl_generator_c__visibility_control.h
-- Up-to-date: /home/leungjch/Documents/repos/wato_monorepo_v2/src/install/sample_msgs/include/sample_msgs/sample_msgs/msg/filtered_array.h
-- Up-to-date: /home/leungjch/Documents/repos/wato_monorepo_v2/src/install/sample_msgs/include/sample_msgs/sample_msgs/msg/metadata.h
-- Up-to-date: /home/leungjch/Documents/repos/wato_monorepo_v2/src/install/sample_msgs/include/sample_msgs/sample_msgs/msg/unfiltered.h
-- Up-to-date: /home/leungjch/Documents/repos/wato_monorepo_v2/src/install/sample_msgs/include/sample_msgs/sample_msgs/msg/detail
-- Up-to-date: /home/leungjch/Documents/repos/wato_monorepo_v2/src/install/sample_msgs/include/sample_msgs/sample_msgs/msg/detail/unfiltered__functions.c
-- Up-to-date: /home/leungjch/Documents/repos/wato_monorepo_v2/src/install/sample_msgs/include/sample_msgs/sample_msgs/msg/detail/metadata__struct.h
-- Up-to-date: /home/leungjch/Documents/repos/wato_monorepo_v2/src/install/sample_msgs/include/sample_msgs/sample_msgs/msg/detail/unfiltered__type_support.h
-- Up-to-date: /home/leungjch/Documents/repos/wato_monorepo_v2/src/install/sample_msgs/include/sample_msgs/sample_msgs/msg/detail/filtered__functions.c
-- Up-to-date: /home/leungjch/Documents/repos/wato_monorepo_v2/src/install/sample_msgs/include/sample_msgs/sample_msgs/msg/detail/filtered_array__functions.c
-- Up-to-date: /home/leungjch/Documents/repos/wato_monorepo_v2/src/install/sample_msgs/include/sample_msgs/sample_msgs/msg/detail/unfiltered__functions.h
-- Up-to-date: /home/leungjch/Documents/repos/wato_monorepo_v2/src/install/sample_msgs/include/sample_msgs/sample_msgs/msg/detail/filtered_array__struct.h
-- Up-to-date: /home/leungjch/Documents/repos/wato_monorepo_v2/src/install/sample_msgs/include/sample_msgs/sample_msgs/msg/detail/metadata__type_support.h
-- Up-to-date: /home/leungjch/Documents/repos/wato_monorepo_v2/src/install/sample_msgs/include/sample_msgs/sample_msgs/msg/detail/unfiltered__struct.h
-- Up-to-date: /home/leungjch/Documents/repos/wato_monorepo_v2/src/install/sample_msgs/include/sample_msgs/sample_msgs/msg/detail/filtered__struct.h
-- Up-to-date: /home/leungjch/Documents/repos/wato_monorepo_v2/src/install/sample_msgs/include/sample_msgs/sample_msgs/msg/detail/filtered__functions.h
-- Up-to-date: /home/leungjch/Documents/repos/wato_monorepo_v2/src/install/sample_msgs/include/sample_msgs/sample_msgs/msg/detail/metadata__functions.c
-- Up-to-date: /home/leungjch/Documents/repos/wato_monorepo_v2/src/install/sample_msgs/include/sample_msgs/sample_msgs/msg/detail/filtered__type_support.h
-- Up-to-date: /home/leungjch/Documents/repos/wato_monorepo_v2/src/install/sample_msgs/include/sample_msgs/sample_msgs/msg/detail/filtered_array__type_support.h
-- Up-to-date: /home/leungjch/Documents/repos/wato_monorepo_v2/src/install/sample_msgs/include/sample_msgs/sample_msgs/msg/detail/metadata__functions.h
-- Up-to-date: /home/leungjch/Documents/repos/wato_monorepo_v2/src/install/sample_msgs/include/sample_msgs/sample_msgs/msg/detail/filtered_array__functions.h
-- Up-to-date: /home/leungjch/Documents/repos/wato_monorepo_v2/src/install/sample_msgs/share/sample_msgs/environment/library_path.sh
-- Up-to-date: /home/leungjch/Documents/repos/wato_monorepo_v2/src/install/sample_msgs/share/sample_msgs/environment/library_path.dsv
-- Up-to-date: /home/leungjch/Documents/repos/wato_monorepo_v2/src/install/sample_msgs/lib/libsample_msgs__rosidl_generator_c.so
-- Up-to-date: /home/leungjch/Documents/repos/wato_monorepo_v2/src/install/sample_msgs/include/sample_msgs/sample_msgs
-- Up-to-date: /home/leungjch/Documents/repos/wato_monorepo_v2/src/install/sample_msgs/include/sample_msgs/sample_msgs/msg
-- Up-to-date: /home/leungjch/Documents/repos/wato_monorepo_v2/src/install/sample_msgs/include/sample_msgs/sample_msgs/msg/rosidl_typesupport_fastrtps_c__visibility_control.h
-- Up-to-date: /home/leungjch/Documents/repos/wato_monorepo_v2/src/install/sample_msgs/include/sample_msgs/sample_msgs/msg/detail
-- Up-to-date: /home/leungjch/Documents/repos/wato_monorepo_v2/src/install/sample_msgs/include/sample_msgs/sample_msgs/msg/detail/filtered_array__rosidl_typesupport_fastrtps_c.h
-- Up-to-date: /home/leungjch/Documents/repos/wato_monorepo_v2/src/install/sample_msgs/include/sample_msgs/sample_msgs/msg/detail/metadata__rosidl_typesupport_fastrtps_c.h
-- Up-to-date: /home/leungjch/Documents/repos/wato_monorepo_v2/src/install/sample_msgs/include/sample_msgs/sample_msgs/msg/detail/filtered__rosidl_typesupport_fastrtps_c.h
-- Up-to-date: /home/leungjch/Documents/repos/wato_monorepo_v2/src/install/sample_msgs/include/sample_msgs/sample_msgs/msg/detail/unfiltered__rosidl_typesupport_fastrtps_c.h
-- Up-to-date: /home/leungjch/Documents/repos/wato_monorepo_v2/src/install/sample_msgs/lib/libsample_msgs__rosidl_typesupport_fastrtps_c.so
-- Up-to-date: /home/leungjch/Documents/repos/wato_monorepo_v2/src/install/sample_msgs/include/sample_msgs/sample_msgs
-- Up-to-date: /home/leungjch/Documents/repos/wato_monorepo_v2/src/install/sample_msgs/include/sample_msgs/sample_msgs/msg
-- Up-to-date: /home/leungjch/Documents/repos/wato_monorepo_v2/src/install/sample_msgs/include/sample_msgs/sample_msgs/msg/filtered.hpp
-- Up-to-date: /home/leungjch/Documents/repos/wato_monorepo_v2/src/install/sample_msgs/include/sample_msgs/sample_msgs/msg/filtered_array.hpp
-- Up-to-date: /home/leungjch/Documents/repos/wato_monorepo_v2/src/install/sample_msgs/include/sample_msgs/sample_msgs/msg/unfiltered.hpp
-- Up-to-date: /home/leungjch/Documents/repos/wato_monorepo_v2/src/install/sample_msgs/include/sample_msgs/sample_msgs/msg/metadata.hpp
-- Up-to-date: /home/leungjch/Documents/repos/wato_monorepo_v2/src/install/sample_msgs/include/sample_msgs/sample_msgs/msg/detail
-- Up-to-date: /home/leungjch/Documents/repos/wato_monorepo_v2/src/install/sample_msgs/include/sample_msgs/sample_msgs/msg/detail/metadata__struct.hpp
-- Up-to-date: /home/leungjch/Documents/repos/wato_monorepo_v2/src/install/sample_msgs/include/sample_msgs/sample_msgs/msg/detail/filtered_array__struct.hpp
-- Up-to-date: /home/leungjch/Documents/repos/wato_monorepo_v2/src/install/sample_msgs/include/sample_msgs/sample_msgs/msg/detail/filtered_array__builder.hpp
-- Up-to-date: /home/leungjch/Documents/repos/wato_monorepo_v2/src/install/sample_msgs/include/sample_msgs/sample_msgs/msg/detail/filtered__builder.hpp
-- Up-to-date: /home/leungjch/Documents/repos/wato_monorepo_v2/src/install/sample_msgs/include/sample_msgs/sample_msgs/msg/detail/unfiltered__builder.hpp
-- Up-to-date: /home/leungjch/Documents/repos/wato_monorepo_v2/src/install/sample_msgs/include/sample_msgs/sample_msgs/msg/detail/filtered_array__traits.hpp
-- Up-to-date: /home/leungjch/Documents/repos/wato_monorepo_v2/src/install/sample_msgs/include/sample_msgs/sample_msgs/msg/detail/unfiltered__traits.hpp
-- Up-to-date: /home/leungjch/Documents/repos/wato_monorepo_v2/src/install/sample_msgs/include/sample_msgs/sample_msgs/msg/detail/metadata__traits.hpp
-- Up-to-date: /home/leungjch/Documents/repos/wato_monorepo_v2/src/install/sample_msgs/include/sample_msgs/sample_msgs/msg/detail/metadata__builder.hpp
-- Up-to-date: /home/leungjch/Documents/repos/wato_monorepo_v2/src/install/sample_msgs/include/sample_msgs/sample_msgs/msg/detail/filtered__traits.hpp
-- Up-to-date: /home/leungjch/Documents/repos/wato_monorepo_v2/src/install/sample_msgs/include/sample_msgs/sample_msgs/msg/detail/unfiltered__struct.hpp
-- Up-to-date: /home/leungjch/Documents/repos/wato_monorepo_v2/src/install/sample_msgs/include/sample_msgs/sample_msgs/msg/detail/filtered__struct.hpp
-- Up-to-date: /home/leungjch/Documents/repos/wato_monorepo_v2/src/install/sample_msgs/include/sample_msgs/sample_msgs
-- Up-to-date: /home/leungjch/Documents/repos/wato_monorepo_v2/src/install/sample_msgs/include/sample_msgs/sample_msgs/msg
-- Up-to-date: /home/leungjch/Documents/repos/wato_monorepo_v2/src/install/sample_msgs/include/sample_msgs/sample_msgs/msg/detail
-- Up-to-date: /home/leungjch/Documents/repos/wato_monorepo_v2/src/install/sample_msgs/include/sample_msgs/sample_msgs/msg/detail/dds_fastrtps
-- Up-to-date: /home/leungjch/Documents/repos/wato_monorepo_v2/src/install/sample_msgs/include/sample_msgs/sample_msgs/msg/detail/unfiltered__rosidl_typesupport_fastrtps_cpp.hpp
-- Up-to-date: /home/leungjch/Documents/repos/wato_monorepo_v2/src/install/sample_msgs/include/sample_msgs/sample_msgs/msg/detail/filtered__rosidl_typesupport_fastrtps_cpp.hpp
-- Up-to-date: /home/leungjch/Documents/repos/wato_monorepo_v2/src/install/sample_msgs/include/sample_msgs/sample_msgs/msg/detail/filtered_array__rosidl_typesupport_fastrtps_cpp.hpp
-- Up-to-date: /home/leungjch/Documents/repos/wato_monorepo_v2/src/install/sample_msgs/include/sample_msgs/sample_msgs/msg/detail/metadata__rosidl_typesupport_fastrtps_cpp.hpp
-- Up-to-date: /home/leungjch/Documents/repos/wato_monorepo_v2/src/install/sample_msgs/include/sample_msgs/sample_msgs/msg/rosidl_typesupport_fastrtps_cpp__visibility_control.h
-- Up-to-date: /home/leungjch/Documents/repos/wato_monorepo_v2/src/install/sample_msgs/lib/libsample_msgs__rosidl_typesupport_fastrtps_cpp.so
-- Up-to-date: /home/leungjch/Documents/repos/wato_monorepo_v2/src/install/sample_msgs/include/sample_msgs/sample_msgs
-- Up-to-date: /home/leungjch/Documents/repos/wato_monorepo_v2/src/install/sample_msgs/include/sample_msgs/sample_msgs/msg
-- Up-to-date: /home/leungjch/Documents/repos/wato_monorepo_v2/src/install/sample_msgs/include/sample_msgs/sample_msgs/msg/rosidl_typesupport_introspection_c__visibility_control.h
-- Up-to-date: /home/leungjch/Documents/repos/wato_monorepo_v2/src/install/sample_msgs/include/sample_msgs/sample_msgs/msg/detail
-- Up-to-date: /home/leungjch/Documents/repos/wato_monorepo_v2/src/install/sample_msgs/include/sample_msgs/sample_msgs/msg/detail/unfiltered__type_support.c
-- Up-to-date: /home/leungjch/Documents/repos/wato_monorepo_v2/src/install/sample_msgs/include/sample_msgs/sample_msgs/msg/detail/filtered__rosidl_typesupport_introspection_c.h
-- Up-to-date: /home/leungjch/Documents/repos/wato_monorepo_v2/src/install/sample_msgs/include/sample_msgs/sample_msgs/msg/detail/filtered_array__rosidl_typesupport_introspection_c.h
-- Up-to-date: /home/leungjch/Documents/repos/wato_monorepo_v2/src/install/sample_msgs/include/sample_msgs/sample_msgs/msg/detail/filtered_array__type_support.c
-- Up-to-date: /home/leungjch/Documents/repos/wato_monorepo_v2/src/install/sample_msgs/include/sample_msgs/sample_msgs/msg/detail/metadata__type_support.c
-- Up-to-date: /home/leungjch/Documents/repos/wato_monorepo_v2/src/install/sample_msgs/include/sample_msgs/sample_msgs/msg/detail/filtered__type_support.c
-- Up-to-date: /home/leungjch/Documents/repos/wato_monorepo_v2/src/install/sample_msgs/include/sample_msgs/sample_msgs/msg/detail/metadata__rosidl_typesupport_introspection_c.h
-- Up-to-date: /home/leungjch/Documents/repos/wato_monorepo_v2/src/install/sample_msgs/include/sample_msgs/sample_msgs/msg/detail/unfiltered__rosidl_typesupport_introspection_c.h
-- Up-to-date: /home/leungjch/Documents/repos/wato_monorepo_v2/src/install/sample_msgs/lib/libsample_msgs__rosidl_typesupport_introspection_c.so
-- Up-to-date: /home/leungjch/Documents/repos/wato_monorepo_v2/src/install/sample_msgs/lib/libsample_msgs__rosidl_typesupport_c.so
-- Up-to-date: /home/leungjch/Documents/repos/wato_monorepo_v2/src/install/sample_msgs/include/sample_msgs/sample_msgs
-- Up-to-date: /home/leungjch/Documents/repos/wato_monorepo_v2/src/install/sample_msgs/include/sample_msgs/sample_msgs/msg
-- Up-to-date: /home/leungjch/Documents/repos/wato_monorepo_v2/src/install/sample_msgs/include/sample_msgs/sample_msgs/msg/detail
-- Up-to-date: /home/leungjch/Documents/repos/wato_monorepo_v2/src/install/sample_msgs/include/sample_msgs/sample_msgs/msg/detail/filtered__type_support.cpp
-- Up-to-date: /home/leungjch/Documents/repos/wato_monorepo_v2/src/install/sample_msgs/include/sample_msgs/sample_msgs/msg/detail/filtered_array__rosidl_typesupport_introspection_cpp.hpp
-- Up-to-date: /home/leungjch/Documents/repos/wato_monorepo_v2/src/install/sample_msgs/include/sample_msgs/sample_msgs/msg/detail/unfiltered__type_support.cpp
-- Up-to-date: /home/leungjch/Documents/repos/wato_monorepo_v2/src/install/sample_msgs/include/sample_msgs/sample_msgs/msg/detail/metadata__type_support.cpp
-- Up-to-date: /home/leungjch/Documents/repos/wato_monorepo_v2/src/install/sample_msgs/include/sample_msgs/sample_msgs/msg/detail/filtered_array__type_support.cpp
-- Up-to-date: /home/leungjch/Documents/repos/wato_monorepo_v2/src/install/sample_msgs/include/sample_msgs/sample_msgs/msg/detail/filtered__rosidl_typesupport_introspection_cpp.hpp
-- Up-to-date: /home/leungjch/Documents/repos/wato_monorepo_v2/src/install/sample_msgs/include/sample_msgs/sample_msgs/msg/detail/metadata__rosidl_typesupport_introspection_cpp.hpp
-- Up-to-date: /home/leungjch/Documents/repos/wato_monorepo_v2/src/install/sample_msgs/include/sample_msgs/sample_msgs/msg/detail/unfiltered__rosidl_typesupport_introspection_cpp.hpp
-- Up-to-date: /home/leungjch/Documents/repos/wato_monorepo_v2/src/install/sample_msgs/lib/libsample_msgs__rosidl_typesupport_introspection_cpp.so
-- Up-to-date: /home/leungjch/Documents/repos/wato_monorepo_v2/src/install/sample_msgs/lib/libsample_msgs__rosidl_typesupport_cpp.so
-- Up-to-date: /home/leungjch/Documents/repos/wato_monorepo_v2/src/install/sample_msgs/share/sample_msgs/msg/Filtered.idl
-- Up-to-date: /home/leungjch/Documents/repos/wato_monorepo_v2/src/install/sample_msgs/share/sample_msgs/msg/FilteredArray.idl
-- Up-to-date: /home/leungjch/Documents/repos/wato_monorepo_v2/src/install/sample_msgs/share/sample_msgs/msg/Unfiltered.idl
-- Up-to-date: /home/leungjch/Documents/repos/wato_monorepo_v2/src/install/sample_msgs/share/sample_msgs/msg/Metadata.idl
-- Up-to-date: /home/leungjch/Documents/repos/wato_monorepo_v2/src/install/sample_msgs/share/sample_msgs/msg/Filtered.msg
-- Up-to-date: /home/leungjch/Documents/repos/wato_monorepo_v2/src/install/sample_msgs/share/sample_msgs/msg/FilteredArray.msg
-- Up-to-date: /home/leungjch/Documents/repos/wato_monorepo_v2/src/install/sample_msgs/share/sample_msgs/msg/Unfiltered.msg
-- Up-to-date: /home/leungjch/Documents/repos/wato_monorepo_v2/src/install/sample_msgs/share/sample_msgs/msg/Metadata.msg
-- Up-to-date: /home/leungjch/Documents/repos/wato_monorepo_v2/src/install/sample_msgs/share/ament_index/resource_index/package_run_dependencies/sample_msgs
-- Up-to-date: /home/leungjch/Documents/repos/wato_monorepo_v2/src/install/sample_msgs/share/ament_index/resource_index/parent_prefix_path/sample_msgs
-- Up-to-date: /home/leungjch/Documents/repos/wato_monorepo_v2/src/install/sample_msgs/share/sample_msgs/environment/ament_prefix_path.sh
-- Up-to-date: /home/leungjch/Documents/repos/wato_monorepo_v2/src/install/sample_msgs/share/sample_msgs/environment/ament_prefix_path.dsv
-- Up-to-date: /home/leungjch/Documents/repos/wato_monorepo_v2/src/install/sample_msgs/share/sample_msgs/environment/path.sh
-- Up-to-date: /home/leungjch/Documents/repos/wato_monorepo_v2/src/install/sample_msgs/share/sample_msgs/environment/path.dsv
-- Up-to-date: /home/leungjch/Documents/repos/wato_monorepo_v2/src/install/sample_msgs/share/sample_msgs/local_setup.bash
-- Up-to-date: /home/leungjch/Documents/repos/wato_monorepo_v2/src/install/sample_msgs/share/sample_msgs/local_setup.sh
-- Up-to-date: /home/leungjch/Documents/repos/wato_monorepo_v2/src/install/sample_msgs/share/sample_msgs/local_setup.zsh
-- Up-to-date: /home/leungjch/Documents/repos/wato_monorepo_v2/src/install/sample_msgs/share/sample_msgs/local_setup.dsv
-- Installing: /home/leungjch/Documents/repos/wato_monorepo_v2/src/install/sample_msgs/share/sample_msgs/package.dsv
-- Up-to-date: /home/leungjch/Documents/repos/wato_monorepo_v2/src/install/sample_msgs/share/ament_index/resource_index/packages/sample_msgs
-- Up-to-date: /home/leungjch/Documents/repos/wato_monorepo_v2/src/install/sample_msgs/share/sample_msgs/cmake/export_sample_msgs__rosidl_generator_cExport.cmake
-- Up-to-date: /home/leungjch/Documents/repos/wato_monorepo_v2/src/install/sample_msgs/share/sample_msgs/cmake/export_sample_msgs__rosidl_generator_cExport-noconfig.cmake
-- Up-to-date: /home/leungjch/Documents/repos/wato_monorepo_v2/src/install/sample_msgs/share/sample_msgs/cmake/export_sample_msgs__rosidl_typesupport_fastrtps_cExport.cmake
-- Up-to-date: /home/leungjch/Documents/repos/wato_monorepo_v2/src/install/sample_msgs/share/sample_msgs/cmake/export_sample_msgs__rosidl_typesupport_fastrtps_cExport-noconfig.cmake
-- Up-to-date: /home/leungjch/Documents/repos/wato_monorepo_v2/src/install/sample_msgs/share/sample_msgs/cmake/export_sample_msgs__rosidl_generator_cppExport.cmake
-- Up-to-date: /home/leungjch/Documents/repos/wato_monorepo_v2/src/install/sample_msgs/share/sample_msgs/cmake/export_sample_msgs__rosidl_typesupport_fastrtps_cppExport.cmake
-- Up-to-date: /home/leungjch/Documents/repos/wato_monorepo_v2/src/install/sample_msgs/share/sample_msgs/cmake/export_sample_msgs__rosidl_typesupport_fastrtps_cppExport-noconfig.cmake
-- Up-to-date: /home/leungjch/Documents/repos/wato_monorepo_v2/src/install/sample_msgs/share/sample_msgs/cmake/sample_msgs__rosidl_typesupport_introspection_cExport.cmake
-- Up-to-date: /home/leungjch/Documents/repos/wato_monorepo_v2/src/install/sample_msgs/share/sample_msgs/cmake/sample_msgs__rosidl_typesupport_introspection_cExport-noconfig.cmake
-- Up-to-date: /home/leungjch/Documents/repos/wato_monorepo_v2/src/install/sample_msgs/share/sample_msgs/cmake/sample_msgs__rosidl_typesupport_cExport.cmake
-- Up-to-date: /home/leungjch/Documents/repos/wato_monorepo_v2/src/install/sample_msgs/share/sample_msgs/cmake/sample_msgs__rosidl_typesupport_cExport-noconfig.cmake
-- Up-to-date: /home/leungjch/Documents/repos/wato_monorepo_v2/src/install/sample_msgs/share/sample_msgs/cmake/sample_msgs__rosidl_typesupport_introspection_cppExport.cmake
-- Up-to-date: /home/leungjch/Documents/repos/wato_monorepo_v2/src/install/sample_msgs/share/sample_msgs/cmake/sample_msgs__rosidl_typesupport_introspection_cppExport-noconfig.cmake
-- Up-to-date: /home/leungjch/Documents/repos/wato_monorepo_v2/src/install/sample_msgs/share/sample_msgs/cmake/sample_msgs__rosidl_typesupport_cppExport.cmake
-- Up-to-date: /home/leungjch/Documents/repos/wato_monorepo_v2/src/install/sample_msgs/share/sample_msgs/cmake/sample_msgs__rosidl_typesupport_cppExport-noconfig.cmake
-- Up-to-date: /home/leungjch/Documents/repos/wato_monorepo_v2/src/install/sample_msgs/share/sample_msgs/cmake/rosidl_cmake-extras.cmake
-- Up-to-date: /home/leungjch/Documents/repos/wato_monorepo_v2/src/install/sample_msgs/share/sample_msgs/cmake/ament_cmake_export_dependencies-extras.cmake
-- Up-to-date: /home/leungjch/Documents/repos/wato_monorepo_v2/src/install/sample_msgs/share/sample_msgs/cmake/ament_cmake_export_include_directories-extras.cmake
-- Up-to-date: /home/leungjch/Documents/repos/wato_monorepo_v2/src/install/sample_msgs/share/sample_msgs/cmake/ament_cmake_export_libraries-extras.cmake
-- Up-to-date: /home/leungjch/Documents/repos/wato_monorepo_v2/src/install/sample_msgs/share/sample_msgs/cmake/ament_cmake_export_targets-extras.cmake
-- Up-to-date: /home/leungjch/Documents/repos/wato_monorepo_v2/src/install/sample_msgs/share/sample_msgs/cmake/rosidl_cmake_export_typesupport_targets-extras.cmake
-- Up-to-date: /home/leungjch/Documents/repos/wato_monorepo_v2/src/install/sample_msgs/share/sample_msgs/cmake/rosidl_cmake_export_typesupport_libraries-extras.cmake
-- Up-to-date: /home/leungjch/Documents/repos/wato_monorepo_v2/src/install/sample_msgs/share/sample_msgs/cmake/sample_msgsConfig.cmake
-- Up-to-date: /home/leungjch/Documents/repos/wato_monorepo_v2/src/install/sample_msgs/share/sample_msgs/cmake/sample_msgsConfig-version.cmake
-- Up-to-date: /home/leungjch/Documents/repos/wato_monorepo_v2/src/install/sample_msgs/share/sample_msgs/package.xml
