[0.017s] Invoking command in '/home/leungjch/Documents/repos/wato_monorepo_v2/src/build/transformer': CMAKE_PREFIX_PATH=/home/leungjch/Documents/repos/wato_monorepo_v2/src/install/sample_msgs:/home/leungjch/Documents/repos/wato_monorepo_v2/src/install/tutorial_interfaces:/home/leungjch/Documents/repos/wato_monorepo_v2/src/install/transformer:/home/leungjch/Documents/repos/wato_monorepo_v2/src/install/producer:/home/leungjch/Documents/repos/wato_monorepo_v2/src/install/aggregator:/home/leungjch/Documents/repos/wato_monorepo_v2/src/install/common_msgs:/home/leungjch/Documents/repos/wato_monorepo_v2/src/install/py_pubsub:/home/leungjch/Documents/repos/wato_monorepo_v2/src/install/camera_detection:/opt/ros/humble CONDA_PROMPT_MODIFIER=(base) LD_LIBRARY_PATH=/home/leungjch/Documents/repos/wato_monorepo_v2/src/install/sample_msgs/lib:/home/leungjch/Documents/repos/wato_monorepo_v2/src/install/tutorial_interfaces/lib:/home/leungjch/Documents/repos/wato_monorepo_v2/src/install/common_msgs/lib:/opt/ros/humble/opt/rviz_ogre_vendor/lib:/opt/ros/humble/lib/x86_64-linux-gnu:/opt/ros/humble/lib /usr/bin/cmake /home/leungjch/Documents/repos/wato_monorepo_v2/src/samples/cpp/transformer -DCMAKE_INSTALL_PREFIX=/home/leungjch/Documents/repos/wato_monorepo_v2/src/install/transformer
[0.076s] -- The C compiler identification is GNU 11.3.0
[0.147s] -- The CXX compiler identification is GNU 11.3.0
[0.161s] -- Detecting C compiler ABI info
[0.236s] -- Detecting C compiler ABI info - done
[0.251s] -- Check for working C compiler: /usr/bin/cc - skipped
[0.251s] -- Detecting C compile features
[0.252s] -- Detecting C compile features - done
[0.256s] -- Detecting CXX compiler ABI info
[0.369s] -- Detecting CXX compiler ABI info - done
[0.383s] -- Check for working CXX compiler: /usr/bin/c++ - skipped
[0.384s] -- Detecting CXX compile features
[0.384s] -- Detecting CXX compile features - done
[0.384s] -- Found ament_cmake: 1.3.3 (/opt/ros/humble/share/ament_cmake/cmake)
[0.683s] -- Found Python3: /usr/bin/python3.10 (found version "3.10.6") found components: Interpreter 
[0.824s] -- Found rclcpp: 16.0.3 (/opt/ros/humble/share/rclcpp/cmake)
[0.879s] -- Found rosidl_generator_c: 3.1.4 (/opt/ros/humble/share/rosidl_generator_c/cmake)
[0.886s] -- Found rosidl_adapter: 3.1.4 (/opt/ros/humble/share/rosidl_adapter/cmake)
[0.896s] -- Found rosidl_generator_cpp: 3.1.4 (/opt/ros/humble/share/rosidl_generator_cpp/cmake)
[0.910s] -- Using all available rosidl_typesupport_c: rosidl_typesupport_fastrtps_c;rosidl_typesupport_introspection_c
[0.932s] -- Using all available rosidl_typesupport_cpp: rosidl_typesupport_fastrtps_cpp;rosidl_typesupport_introspection_cpp
[1.008s] -- Found rmw_implementation_cmake: 6.1.1 (/opt/ros/humble/share/rmw_implementation_cmake/cmake)
[1.011s] -- Found rmw_fastrtps_cpp: 6.2.2 (/opt/ros/humble/share/rmw_fastrtps_cpp/cmake)
[1.145s] -- Found OpenSSL: /usr/lib/x86_64-linux-gnu/libcrypto.so (found version "3.0.2")  
[1.202s] -- Found FastRTPS: /opt/ros/humble/include  
[1.257s] -- Using RMW implementation 'rmw_fastrtps_cpp' as default
[1.271s] -- Looking for pthread.h
[1.358s] -- Looking for pthread.h - found
[1.358s] -- Performing Test CMAKE_HAVE_LIBC_PTHREAD
[1.449s] -- Performing Test CMAKE_HAVE_LIBC_PTHREAD - Success
[1.450s] -- Found Threads: TRUE  
[1.630s] -- Found sample_msgs: 0.0.0 (/home/leungjch/Documents/repos/wato_monorepo_v2/src/install/sample_msgs/share/sample_msgs/cmake)
[1.679s] -- Found ament_cmake_gtest: 1.3.3 (/opt/ros/humble/share/ament_cmake_gtest/cmake)
[1.681s] -- Found ament_lint_auto: 0.12.5 (/opt/ros/humble/share/ament_lint_auto/cmake)
[1.683s] -- Found ament_lint_common: 0.12.5 (/opt/ros/humble/share/ament_lint_common/cmake)
[1.780s] -- Found gtest sources under '/opt/ros/humble/src/gtest_vendor': C++ tests using 'Google Test' will be built
[1.789s] -- Added test 'cppcheck' to perform static code analysis on C / C++ code
[1.790s] -- Configured cppcheck include dirs: /home/leungjch/Documents/repos/wato_monorepo_v2/src/samples/cpp/transformer/include
[1.790s] -- Configured cppcheck exclude dirs and/or files: 
[1.791s] -- Added test 'flake8' to check Python code syntax and style conventions
[1.793s] -- Added test 'lint_cmake' to check CMake code style
[1.794s] -- Added test 'pep257' to check Python code against some of the docstring style conventions in PEP 257
[1.795s] -- Added test 'uncrustify' to check C / C++ code style
[1.795s] -- Configured uncrustify additional arguments: 
[1.796s] -- Added test 'xmllint' to check XML markup files
[1.799s] -- Configuring done
[1.826s] -- Generating done
[1.829s] -- Build files have been written to: /home/leungjch/Documents/repos/wato_monorepo_v2/src/build/transformer
[1.844s] Invoked command in '/home/leungjch/Documents/repos/wato_monorepo_v2/src/build/transformer' returned '0': CMAKE_PREFIX_PATH=/home/leungjch/Documents/repos/wato_monorepo_v2/src/install/sample_msgs:/home/leungjch/Documents/repos/wato_monorepo_v2/src/install/tutorial_interfaces:/home/leungjch/Documents/repos/wato_monorepo_v2/src/install/transformer:/home/leungjch/Documents/repos/wato_monorepo_v2/src/install/producer:/home/leungjch/Documents/repos/wato_monorepo_v2/src/install/aggregator:/home/leungjch/Documents/repos/wato_monorepo_v2/src/install/common_msgs:/home/leungjch/Documents/repos/wato_monorepo_v2/src/install/py_pubsub:/home/leungjch/Documents/repos/wato_monorepo_v2/src/install/camera_detection:/opt/ros/humble CONDA_PROMPT_MODIFIER=(base) LD_LIBRARY_PATH=/home/leungjch/Documents/repos/wato_monorepo_v2/src/install/sample_msgs/lib:/home/leungjch/Documents/repos/wato_monorepo_v2/src/install/tutorial_interfaces/lib:/home/leungjch/Documents/repos/wato_monorepo_v2/src/install/common_msgs/lib:/opt/ros/humble/opt/rviz_ogre_vendor/lib:/opt/ros/humble/lib/x86_64-linux-gnu:/opt/ros/humble/lib /usr/bin/cmake /home/leungjch/Documents/repos/wato_monorepo_v2/src/samples/cpp/transformer -DCMAKE_INSTALL_PREFIX=/home/leungjch/Documents/repos/wato_monorepo_v2/src/install/transformer
[1.846s] Invoking command in '/home/leungjch/Documents/repos/wato_monorepo_v2/src/build/transformer': CMAKE_PREFIX_PATH=/home/leungjch/Documents/repos/wato_monorepo_v2/src/install/sample_msgs:/home/leungjch/Documents/repos/wato_monorepo_v2/src/install/tutorial_interfaces:/home/leungjch/Documents/repos/wato_monorepo_v2/src/install/transformer:/home/leungjch/Documents/repos/wato_monorepo_v2/src/install/producer:/home/leungjch/Documents/repos/wato_monorepo_v2/src/install/aggregator:/home/leungjch/Documents/repos/wato_monorepo_v2/src/install/common_msgs:/home/leungjch/Documents/repos/wato_monorepo_v2/src/install/py_pubsub:/home/leungjch/Documents/repos/wato_monorepo_v2/src/install/camera_detection:/opt/ros/humble CONDA_PROMPT_MODIFIER=(base) LD_LIBRARY_PATH=/home/leungjch/Documents/repos/wato_monorepo_v2/src/install/sample_msgs/lib:/home/leungjch/Documents/repos/wato_monorepo_v2/src/install/tutorial_interfaces/lib:/home/leungjch/Documents/repos/wato_monorepo_v2/src/install/common_msgs/lib:/opt/ros/humble/opt/rviz_ogre_vendor/lib:/opt/ros/humble/lib/x86_64-linux-gnu:/opt/ros/humble/lib /usr/bin/cmake --build /home/leungjch/Documents/repos/wato_monorepo_v2/src/build/transformer -- -j16 -l16
[1.913s] [ 10%] [32mBuilding CXX object gtest/CMakeFiles/gtest.dir/src/gtest-all.cc.o[0m
[1.913s] [ 20%] [32mBuilding CXX object CMakeFiles/transformer_lib.dir/src/transformer.cpp.o[0m
[1.916s] [ 30%] [32mBuilding CXX object gtest/CMakeFiles/gtest_main.dir/src/gtest_main.cc.o[0m
[3.131s] [ 40%] [32m[1mLinking CXX static library libgtest_main.a[0m
[3.455s] [ 40%] Built target gtest_main
[5.836s] [ 50%] [32m[1mLinking CXX static library libtransformer_lib.a[0m
[5.919s] [ 50%] Built target transformer_lib
[5.955s] [ 60%] [32mBuilding CXX object CMakeFiles/transformer_node.dir/src/transformer_node.cpp.o[0m
[6.136s] [ 70%] [32m[1mLinking CXX static library libgtest.a[0m
[6.260s] [ 70%] Built target gtest
[6.292s] [ 80%] [32mBuilding CXX object CMakeFiles/transformer_test.dir/test/transformer_test.cpp.o[0m
[9.742s] In file included from [01m[K/opt/ros/humble/src/gtest_vendor/include/gtest/gtest.h:67[m[K,
[9.742s]                  from [01m[K/home/leungjch/Documents/repos/wato_monorepo_v2/src/samples/cpp/transformer/test/transformer_test.cpp:5[m[K:
[9.742s] [01m[K/opt/ros/humble/src/gtest_vendor/include/gtest/gtest-param-test.h:496:38:[m[K [01;35m[Kwarning: [m[K‘[01m[Kconstexpr bool testing::internal::InstantiateTestCase_P_IsDeprecated()[m[K’ is deprecated: INSTANTIATE_TEST_CASE_P is deprecated, please use INSTANTIATE_TEST_SUITE_P [[01;35m[K]8;;https://gcc.gnu.org/onlinedocs/gcc/Warning-Options.html#index-Wdeprecated-declarations-Wdeprecated-declarations]8;;[m[K]
[9.743s]   496 |   static_assert(::testing::internal::[01;35m[KInstantiateTestCase_P_IsDeprecated[m[K(), \
[9.743s]       |                                      [01;35m[K^~~~~~~~~~~~~~~~~~~~~~~~~~~~~~~~~~[m[K
[9.743s] [01m[K/opt/ros/humble/src/gtest_vendor/include/gtest/gtest-param-test.h:496:38:[m[K [01;36m[Knote: [m[Kin definition of macro ‘[01m[KINSTANTIATE_TEST_CASE_P[m[K’
[9.743s]   496 |   static_assert(::testing::internal::[01;36m[KInstantiateTestCase_P_IsDeprecated[m[K(), \
[9.743s]       |                                      [01;36m[K^~~~~~~~~~~~~~~~~~~~~~~~~~~~~~~~~~[m[K
[9.743s] In file included from [01m[K/opt/ros/humble/src/gtest_vendor/include/gtest/gtest.h:62[m[K,
[9.743s]                  from [01m[K/home/leungjch/Documents/repos/wato_monorepo_v2/src/samples/cpp/transformer/test/transformer_test.cpp:5[m[K:
[9.744s] [01m[K/opt/ros/humble/src/gtest_vendor/include/gtest/internal/gtest-internal.h:1210:16:[m[K [01;36m[Knote: [m[Kdeclared here
[9.744s]  1210 | constexpr bool [01;36m[KInstantiateTestCase_P_IsDeprecated[m[K() { return true; }
[9.744s]       |                [01;36m[K^~~~~~~~~~~~~~~~~~~~~~~~~~~~~~~~~~[m[K
[9.744s] In file included from [01m[K/opt/ros/humble/src/gtest_vendor/include/gtest/gtest.h:67[m[K,
[9.744s]                  from [01m[K/home/leungjch/Documents/repos/wato_monorepo_v2/src/samples/cpp/transformer/test/transformer_test.cpp:5[m[K:
[9.744s] [01m[K/opt/ros/humble/src/gtest_vendor/include/gtest/gtest-param-test.h:496:72:[m[K [01;35m[Kwarning: [m[K‘[01m[Kconstexpr bool testing::internal::InstantiateTestCase_P_IsDeprecated()[m[K’ is deprecated: INSTANTIATE_TEST_CASE_P is deprecated, please use INSTANTIATE_TEST_SUITE_P [[01;35m[K]8;;https://gcc.gnu.org/onlinedocs/gcc/Warning-Options.html#index-Wdeprecated-declarations-Wdeprecated-declarations]8;;[m[K]
[9.744s]   496 |   static_assert([01;35m[K::testing::internal::InstantiateTestCase_P_IsDeprecated()[m[K, \
[9.744s]       |                 [01;35m[K~~~~~~~~~~~~~~~~~~~~~~~~~~~~~~~~~~~~~~~~~~~~~~~~~~~~~~~^~[m[K
[9.745s] [01m[K/home/leungjch/Documents/repos/wato_monorepo_v2/src/samples/cpp/transformer/test/transformer_test.cpp:95:1:[m[K [01;36m[Knote: [m[Kin expansion of macro ‘[01m[KINSTANTIATE_TEST_CASE_P[m[K’
[9.745s]    95 | [01;36m[KINSTANTIATE_TEST_CASE_P[m[K(
[9.745s]       | [01;36m[K^~~~~~~~~~~~~~~~~~~~~~~[m[K
[9.745s] In file included from [01m[K/opt/ros/humble/src/gtest_vendor/include/gtest/gtest.h:62[m[K,
[9.745s]                  from [01m[K/home/leungjch/Documents/repos/wato_monorepo_v2/src/samples/cpp/transformer/test/transformer_test.cpp:5[m[K:
[9.745s] [01m[K/opt/ros/humble/src/gtest_vendor/include/gtest/internal/gtest-internal.h:1210:16:[m[K [01;36m[Knote: [m[Kdeclared here
[9.745s]  1210 | constexpr bool [01;36m[KInstantiateTestCase_P_IsDeprecated[m[K() { return true; }
[9.745s]       |                [01;36m[K^~~~~~~~~~~~~~~~~~~~~~~~~~~~~~~~~~[m[K
[10.948s] [ 90%] [32m[1mLinking CXX executable transformer_test[0m
[11.197s] [ 90%] Built target transformer_test
[15.528s] [100%] [32m[1mLinking CXX executable transformer_node[0m
[16.023s] [100%] Built target transformer_node
[16.043s] Invoked command in '/home/leungjch/Documents/repos/wato_monorepo_v2/src/build/transformer' returned '0': CMAKE_PREFIX_PATH=/home/leungjch/Documents/repos/wato_monorepo_v2/src/install/sample_msgs:/home/leungjch/Documents/repos/wato_monorepo_v2/src/install/tutorial_interfaces:/home/leungjch/Documents/repos/wato_monorepo_v2/src/install/transformer:/home/leungjch/Documents/repos/wato_monorepo_v2/src/install/producer:/home/leungjch/Documents/repos/wato_monorepo_v2/src/install/aggregator:/home/leungjch/Documents/repos/wato_monorepo_v2/src/install/common_msgs:/home/leungjch/Documents/repos/wato_monorepo_v2/src/install/py_pubsub:/home/leungjch/Documents/repos/wato_monorepo_v2/src/install/camera_detection:/opt/ros/humble CONDA_PROMPT_MODIFIER=(base) LD_LIBRARY_PATH=/home/leungjch/Documents/repos/wato_monorepo_v2/src/install/sample_msgs/lib:/home/leungjch/Documents/repos/wato_monorepo_v2/src/install/tutorial_interfaces/lib:/home/leungjch/Documents/repos/wato_monorepo_v2/src/install/common_msgs/lib:/opt/ros/humble/opt/rviz_ogre_vendor/lib:/opt/ros/humble/lib/x86_64-linux-gnu:/opt/ros/humble/lib /usr/bin/cmake --build /home/leungjch/Documents/repos/wato_monorepo_v2/src/build/transformer -- -j16 -l16
[16.088s] Invoking command in '/home/leungjch/Documents/repos/wato_monorepo_v2/src/build/transformer': CMAKE_PREFIX_PATH=/home/leungjch/Documents/repos/wato_monorepo_v2/src/install/sample_msgs:/home/leungjch/Documents/repos/wato_monorepo_v2/src/install/tutorial_interfaces:/home/leungjch/Documents/repos/wato_monorepo_v2/src/install/transformer:/home/leungjch/Documents/repos/wato_monorepo_v2/src/install/producer:/home/leungjch/Documents/repos/wato_monorepo_v2/src/install/aggregator:/home/leungjch/Documents/repos/wato_monorepo_v2/src/install/common_msgs:/home/leungjch/Documents/repos/wato_monorepo_v2/src/install/py_pubsub:/home/leungjch/Documents/repos/wato_monorepo_v2/src/install/camera_detection:/opt/ros/humble CONDA_PROMPT_MODIFIER=(base) LD_LIBRARY_PATH=/home/leungjch/Documents/repos/wato_monorepo_v2/src/install/sample_msgs/lib:/home/leungjch/Documents/repos/wato_monorepo_v2/src/install/tutorial_interfaces/lib:/home/leungjch/Documents/repos/wato_monorepo_v2/src/install/common_msgs/lib:/opt/ros/humble/opt/rviz_ogre_vendor/lib:/opt/ros/humble/lib/x86_64-linux-gnu:/opt/ros/humble/lib /usr/bin/cmake --install /home/leungjch/Documents/repos/wato_monorepo_v2/src/build/transformer
[16.101s] -- Install configuration: ""
[16.101s] -- Installing: /home/leungjch/Documents/repos/wato_monorepo_v2/src/install/transformer/lib/transformer/transformer_test
[16.104s] -- Set runtime path of "/home/leungjch/Documents/repos/wato_monorepo_v2/src/install/transformer/lib/transformer/transformer_test" to ""
[16.104s] -- Installing: /home/leungjch/Documents/repos/wato_monorepo_v2/src/install/transformer/lib/transformer/transformer_node
[16.112s] -- Set runtime path of "/home/leungjch/Documents/repos/wato_monorepo_v2/src/install/transformer/lib/transformer/transformer_node" to ""
[16.112s] -- Installing: /home/leungjch/Documents/repos/wato_monorepo_v2/src/install/transformer/share/transformer/config
[16.113s] -- Installing: /home/leungjch/Documents/repos/wato_monorepo_v2/src/install/transformer/share/transformer/config/params.yaml
[16.114s] -- Installing: /home/leungjch/Documents/repos/wato_monorepo_v2/src/install/transformer/share/transformer/launch
[16.114s] -- Installing: /home/leungjch/Documents/repos/wato_monorepo_v2/src/install/transformer/share/transformer/launch/transformer.launch.py
[16.116s] -- Installing: /home/leungjch/Documents/repos/wato_monorepo_v2/src/install/transformer/share/ament_index/resource_index/package_run_dependencies/transformer
[16.116s] -- Installing: /home/leungjch/Documents/repos/wato_monorepo_v2/src/install/transformer/share/ament_index/resource_index/parent_prefix_path/transformer
[16.116s] -- Installing: /home/leungjch/Documents/repos/wato_monorepo_v2/src/install/transformer/share/transformer/environment/ament_prefix_path.sh
[16.117s] -- Installing: /home/leungjch/Documents/repos/wato_monorepo_v2/src/install/transformer/share/transformer/environment/ament_prefix_path.dsv
[16.117s] -- Installing: /home/leungjch/Documents/repos/wato_monorepo_v2/src/install/transformer/share/transformer/environment/path.sh
[16.118s] -- Installing: /home/leungjch/Documents/repos/wato_monorepo_v2/src/install/transformer/share/transformer/environment/path.dsv
[16.118s] -- Installing: /home/leungjch/Documents/repos/wato_monorepo_v2/src/install/transformer/share/transformer/local_setup.bash
[16.119s] -- Installing: /home/leungjch/Documents/repos/wato_monorepo_v2/src/install/transformer/share/transformer/local_setup.sh
[16.119s] -- Installing: /home/leungjch/Documents/repos/wato_monorepo_v2/src/install/transformer/share/transformer/local_setup.zsh
[16.119s] -- Installing: /home/leungjch/Documents/repos/wato_monorepo_v2/src/install/transformer/share/transformer/local_setup.dsv
[16.119s] -- Installing: /home/leungjch/Documents/repos/wato_monorepo_v2/src/install/transformer/share/transformer/package.dsv
[16.120s] -- Installing: /home/leungjch/Documents/repos/wato_monorepo_v2/src/install/transformer/share/ament_index/resource_index/packages/transformer
[16.120s] -- Installing: /home/leungjch/Documents/repos/wato_monorepo_v2/src/install/transformer/share/transformer/cmake/transformerConfig.cmake
[16.120s] -- Installing: /home/leungjch/Documents/repos/wato_monorepo_v2/src/install/transformer/share/transformer/cmake/transformerConfig-version.cmake
[16.120s] -- Installing: /home/leungjch/Documents/repos/wato_monorepo_v2/src/install/transformer/share/transformer/package.xml
[16.128s] Invoked command in '/home/leungjch/Documents/repos/wato_monorepo_v2/src/build/transformer' returned '0': CMAKE_PREFIX_PATH=/home/leungjch/Documents/repos/wato_monorepo_v2/src/install/sample_msgs:/home/leungjch/Documents/repos/wato_monorepo_v2/src/install/tutorial_interfaces:/home/leungjch/Documents/repos/wato_monorepo_v2/src/install/transformer:/home/leungjch/Documents/repos/wato_monorepo_v2/src/install/producer:/home/leungjch/Documents/repos/wato_monorepo_v2/src/install/aggregator:/home/leungjch/Documents/repos/wato_monorepo_v2/src/install/common_msgs:/home/leungjch/Documents/repos/wato_monorepo_v2/src/install/py_pubsub:/home/leungjch/Documents/repos/wato_monorepo_v2/src/install/camera_detection:/opt/ros/humble CONDA_PROMPT_MODIFIER=(base) LD_LIBRARY_PATH=/home/leungjch/Documents/repos/wato_monorepo_v2/src/install/sample_msgs/lib:/home/leungjch/Documents/repos/wato_monorepo_v2/src/install/tutorial_interfaces/lib:/home/leungjch/Documents/repos/wato_monorepo_v2/src/install/common_msgs/lib:/opt/ros/humble/opt/rviz_ogre_vendor/lib:/opt/ros/humble/lib/x86_64-linux-gnu:/opt/ros/humble/lib /usr/bin/cmake --install /home/leungjch/Documents/repos/wato_monorepo_v2/src/build/transformer
