[1.136s] Invoking command in '/home/leungjch/Documents/repos/wato_monorepo_v2/src/camera_detection': CONDA_PROMPT_MODIFIER=(base) PYTHONPATH=/home/leungjch/Documents/repos/wato_monorepo_v2/src/build/camera_detection/prefix_override:/home/leungjch/Documents/repos/wato_monorepo_v2/src/install/camera_detection/lib/python3.10/site-packages:${PYTHONPATH} /usr/bin/python3 setup.py egg_info --egg-base ../build/camera_detection build --build-base /home/leungjch/Documents/repos/wato_monorepo_v2/src/build/camera_detection/build install --record /home/leungjch/Documents/repos/wato_monorepo_v2/src/build/camera_detection/install.log --single-version-externally-managed
[1.523s] running egg_info
[1.524s] writing ../build/camera_detection/camera_detection.egg-info/PKG-INFO
[1.525s] writing dependency_links to ../build/camera_detection/camera_detection.egg-info/dependency_links.txt
[1.525s] writing entry points to ../build/camera_detection/camera_detection.egg-info/entry_points.txt
[1.525s] writing requirements to ../build/camera_detection/camera_detection.egg-info/requires.txt
[1.525s] writing top-level names to ../build/camera_detection/camera_detection.egg-info/top_level.txt
[1.527s] reading manifest file '../build/camera_detection/camera_detection.egg-info/SOURCES.txt'
[1.528s] writing manifest file '../build/camera_detection/camera_detection.egg-info/SOURCES.txt'
[1.528s] running build
[1.528s] running build_py
[1.529s] copying camera_detection/yolov5_detection.py -> /home/leungjch/Documents/repos/wato_monorepo_v2/src/build/camera_detection/build/lib/camera_detection
[1.529s] copying camera_detection/publisher.py -> /home/leungjch/Documents/repos/wato_monorepo_v2/src/build/camera_detection/build/lib/camera_detection
[1.529s] running install
[1.529s] running install_lib
[1.530s] copying /home/leungjch/Documents/repos/wato_monorepo_v2/src/build/camera_detection/build/lib/camera_detection/yolov5_detection.py -> /home/leungjch/Documents/repos/wato_monorepo_v2/src/install/camera_detection/lib/python3.10/site-packages/camera_detection
[1.530s] copying /home/leungjch/Documents/repos/wato_monorepo_v2/src/build/camera_detection/build/lib/camera_detection/publisher.py -> /home/leungjch/Documents/repos/wato_monorepo_v2/src/install/camera_detection/lib/python3.10/site-packages/camera_detection
[1.531s] byte-compiling /home/leungjch/Documents/repos/wato_monorepo_v2/src/install/camera_detection/lib/python3.10/site-packages/camera_detection/yolov5_detection.py to yolov5_detection.cpython-310.pyc
[1.533s] byte-compiling /home/leungjch/Documents/repos/wato_monorepo_v2/src/install/camera_detection/lib/python3.10/site-packages/camera_detection/publisher.py to publisher.cpython-310.pyc
[1.533s] running install_data
[1.534s] running install_egg_info
[1.536s] removing '/home/leungjch/Documents/repos/wato_monorepo_v2/src/install/camera_detection/lib/python3.10/site-packages/camera_detection-0.0.0-py3.10.egg-info' (and everything under it)
[1.536s] Copying ../build/camera_detection/camera_detection.egg-info to /home/leungjch/Documents/repos/wato_monorepo_v2/src/install/camera_detection/lib/python3.10/site-packages/camera_detection-0.0.0-py3.10.egg-info
[1.538s] running install_scripts
[1.557s] Installing camera_detection_node script to /home/leungjch/Documents/repos/wato_monorepo_v2/src/install/camera_detection/lib/camera_detection
[1.557s] writing list of installed files to '/home/leungjch/Documents/repos/wato_monorepo_v2/src/build/camera_detection/install.log'
[1.594s] Invoked command in '/home/leungjch/Documents/repos/wato_monorepo_v2/src/camera_detection' returned '0': CONDA_PROMPT_MODIFIER=(base) PYTHONPATH=/home/leungjch/Documents/repos/wato_monorepo_v2/src/build/camera_detection/prefix_override:/home/leungjch/Documents/repos/wato_monorepo_v2/src/install/camera_detection/lib/python3.10/site-packages:${PYTHONPATH} /usr/bin/python3 setup.py egg_info --egg-base ../build/camera_detection build --build-base /home/leungjch/Documents/repos/wato_monorepo_v2/src/build/camera_detection/build install --record /home/leungjch/Documents/repos/wato_monorepo_v2/src/build/camera_detection/install.log --single-version-externally-managed
