Performing C SOURCE FILE Test CMAKE_HAVE_LIBC_PTHREAD failed with the following output:
Change Dir: /home/docker/ament_ws/src/lidar_object_detection/lidar_object_detection_node/build/pp_infer/CMakeFiles/CMakeTmp

Run Build Command(s):/usr/bin/make -f Makefile cmTC_9e23c/fast && /usr/bin/make  -f CMakeFiles/cmTC_9e23c.dir/build.make CMakeFiles/cmTC_9e23c.dir/build
make[1]: Entering directory '/home/docker/ament_ws/src/lidar_object_detection/lidar_object_detection_node/build/pp_infer/CMakeFiles/CMakeTmp'
Building C object CMakeFiles/cmTC_9e23c.dir/src.c.o
/usr/bin/cc -DCMAKE_HAVE_LIBC_PTHREAD   -o CMakeFiles/cmTC_9e23c.dir/src.c.o -c /home/docker/ament_ws/src/lidar_object_detection/lidar_object_detection_node/build/pp_infer/CMakeFiles/CMakeTmp/src.c
Linking C executable cmTC_9e23c
/usr/local/bin/cmake -E cmake_link_script CMakeFiles/cmTC_9e23c.dir/link.txt --verbose=1
/usr/bin/cc CMakeFiles/cmTC_9e23c.dir/src.c.o -o cmTC_9e23c 
/usr/bin/ld: CMakeFiles/cmTC_9e23c.dir/src.c.o: in function `main':
src.c:(.text+0x46): undefined reference to `pthread_create'
/usr/bin/ld: src.c:(.text+0x52): undefined reference to `pthread_detach'
/usr/bin/ld: src.c:(.text+0x5e): undefined reference to `pthread_cancel'
/usr/bin/ld: src.c:(.text+0x6f): undefined reference to `pthread_join'
collect2: error: ld returned 1 exit status
make[1]: *** [CMakeFiles/cmTC_9e23c.dir/build.make:99: cmTC_9e23c] Error 1
make[1]: Leaving directory '/home/docker/ament_ws/src/lidar_object_detection/lidar_object_detection_node/build/pp_infer/CMakeFiles/CMakeTmp'
make: *** [Makefile:127: cmTC_9e23c/fast] Error 2


Source file was:
#include <pthread.h>

static void* test_func(void* data)
{
  return data;
}

int main(void)
{
  pthread_t thread;
  pthread_create(&thread, NULL, test_func, NULL);
  pthread_detach(thread);
  pthread_cancel(thread);
  pthread_join(thread, NULL);
  pthread_atfork(NULL, NULL, NULL);
  pthread_exit(NULL);

  return 0;
}

Determining if the function pthread_create exists in the pthreads failed with the following output:
Change Dir: /home/docker/ament_ws/src/lidar_object_detection/lidar_object_detection_node/build/pp_infer/CMakeFiles/CMakeTmp

Run Build Command(s):/usr/bin/make -f Makefile cmTC_cf638/fast && /usr/bin/make  -f CMakeFiles/cmTC_cf638.dir/build.make CMakeFiles/cmTC_cf638.dir/build
make[1]: Entering directory '/home/docker/ament_ws/src/lidar_object_detection/lidar_object_detection_node/build/pp_infer/CMakeFiles/CMakeTmp'
Building C object CMakeFiles/cmTC_cf638.dir/CheckFunctionExists.c.o
/usr/bin/cc   -DCHECK_FUNCTION_EXISTS=pthread_create -o CMakeFiles/cmTC_cf638.dir/CheckFunctionExists.c.o -c /usr/local/share/cmake-3.24/Modules/CheckFunctionExists.c
Linking C executable cmTC_cf638
/usr/local/bin/cmake -E cmake_link_script CMakeFiles/cmTC_cf638.dir/link.txt --verbose=1
/usr/bin/cc  -DCHECK_FUNCTION_EXISTS=pthread_create CMakeFiles/cmTC_cf638.dir/CheckFunctionExists.c.o -o cmTC_cf638  -lpthreads 
/usr/bin/ld: cannot find -lpthreads
collect2: error: ld returned 1 exit status
make[1]: *** [CMakeFiles/cmTC_cf638.dir/build.make:99: cmTC_cf638] Error 1
make[1]: Leaving directory '/home/docker/ament_ws/src/lidar_object_detection/lidar_object_detection_node/build/pp_infer/CMakeFiles/CMakeTmp'
make: *** [Makefile:127: cmTC_cf638/fast] Error 2



