-- The C compiler identification is GNU 11.3.0
-- The CXX compiler identification is GNU 11.3.0
-- Detecting C compiler ABI info
-- Detecting C compiler ABI info - done
-- Check for working C compiler: /usr/bin/cc - skipped
-- Detecting C compile features
-- Detecting C compile features - done
-- Detecting CXX compiler ABI info
-- Detecting CXX compiler ABI info - done
-- Check for working CXX compiler: /usr/bin/c++ - skipped
-- Detecting CXX compile features
-- Detecting CXX compile features - done
-- Found ament_cmake: 1.3.4 (/opt/ros/humble/share/ament_cmake/cmake)
-- Found Python3: /usr/bin/python3.10 (found version "3.10.6") found components: Interpreter 
-- Found rclcpp: 16.0.4 (/opt/ros/humble/share/rclcpp/cmake)
-- Found rosidl_generator_c: 3.1.4 (/opt/ros/humble/share/rosidl_generator_c/cmake)
-- Found rosidl_adapter: 3.1.4 (/opt/ros/humble/share/rosidl_adapter/cmake)
-- Found rosidl_generator_cpp: 3.1.4 (/opt/ros/humble/share/rosidl_generator_cpp/cmake)
-- Using all available rosidl_typesupport_c: rosidl_typesupport_fastrtps_c;rosidl_typesupport_introspection_c
-- Using all available rosidl_typesupport_cpp: rosidl_typesupport_fastrtps_cpp;rosidl_typesupport_introspection_cpp
-- Found rmw_implementation_cmake: 6.1.1 (/opt/ros/humble/share/rmw_implementation_cmake/cmake)
-- Found rmw_fastrtps_cpp: 6.2.2 (/opt/ros/humble/share/rmw_fastrtps_cpp/cmake)
-- Found OpenSSL: /usr/lib/aarch64-linux-gnu/libcrypto.so (found version "3.0.2")  
-- Found FastRTPS: /opt/ros/humble/include  
-- Using RMW implementation 'rmw_fastrtps_cpp' as default
-- Looking for pthread.h
-- Looking for pthread.h - found
-- Performing Test CMAKE_HAVE_LIBC_PTHREAD
-- Performing Test CMAKE_HAVE_LIBC_PTHREAD - Success
-- Found Threads: TRUE  
-- Found ament_lint_auto: 0.12.6 (/opt/ros/humble/share/ament_lint_auto/cmake)
-- Added test 'cppcheck' to perform static code analysis on C / C++ code
-- Configured cppcheck include dirs: 
-- Configured cppcheck exclude dirs and/or files: 
-- Added test 'lint_cmake' to check CMake code style
-- Added test 'uncrustify' to check C / C++ code style
-- Configured uncrustify additional arguments: 
-- Added test 'xmllint' to check XML markup files
-- Configuring done
-- Generating done
-- Build files have been written to: /wato_monorepo_v2/src/lidar_object_detection/build/lidar_object_detection
[ 50%] [32mBuilding CXX object CMakeFiles/lidar_detection_node.dir/src/lidar_detection_node.cpp.o[0m
[100%] [32m[1mLinking CXX executable lidar_detection_node[0m
[100%] Built target lidar_detection_node
-- Install configuration: ""
-- Installing: /wato_monorepo_v2/src/lidar_object_detection/install/lidar_object_detection/lib/lidar_object_detection/lidar_detection_node
-- Set runtime path of "/wato_monorepo_v2/src/lidar_object_detection/install/lidar_object_detection/lib/lidar_object_detection/lidar_detection_node" to ""
-- Installing: /wato_monorepo_v2/src/lidar_object_detection/install/lidar_object_detection/share/ament_index/resource_index/package_run_dependencies/lidar_object_detection
-- Installing: /wato_monorepo_v2/src/lidar_object_detection/install/lidar_object_detection/share/ament_index/resource_index/parent_prefix_path/lidar_object_detection
-- Installing: /wato_monorepo_v2/src/lidar_object_detection/install/lidar_object_detection/share/lidar_object_detection/environment/ament_prefix_path.sh
-- Installing: /wato_monorepo_v2/src/lidar_object_detection/install/lidar_object_detection/share/lidar_object_detection/environment/ament_prefix_path.dsv
-- Installing: /wato_monorepo_v2/src/lidar_object_detection/install/lidar_object_detection/share/lidar_object_detection/environment/path.sh
-- Installing: /wato_monorepo_v2/src/lidar_object_detection/install/lidar_object_detection/share/lidar_object_detection/environment/path.dsv
-- Installing: /wato_monorepo_v2/src/lidar_object_detection/install/lidar_object_detection/share/lidar_object_detection/local_setup.bash
-- Installing: /wato_monorepo_v2/src/lidar_object_detection/install/lidar_object_detection/share/lidar_object_detection/local_setup.sh
-- Installing: /wato_monorepo_v2/src/lidar_object_detection/install/lidar_object_detection/share/lidar_object_detection/local_setup.zsh
-- Installing: /wato_monorepo_v2/src/lidar_object_detection/install/lidar_object_detection/share/lidar_object_detection/local_setup.dsv
-- Installing: /wato_monorepo_v2/src/lidar_object_detection/install/lidar_object_detection/share/lidar_object_detection/package.dsv
-- Installing: /wato_monorepo_v2/src/lidar_object_detection/install/lidar_object_detection/share/ament_index/resource_index/packages/lidar_object_detection
-- Installing: /wato_monorepo_v2/src/lidar_object_detection/install/lidar_object_detection/share/lidar_object_detection/cmake/lidar_object_detectionConfig.cmake
-- Installing: /wato_monorepo_v2/src/lidar_object_detection/install/lidar_object_detection/share/lidar_object_detection/cmake/lidar_object_detectionConfig-version.cmake
-- Installing: /wato_monorepo_v2/src/lidar_object_detection/install/lidar_object_detection/share/lidar_object_detection/package.xml
