running egg_info
creating ../build/camera_detection_new/camera_detection_new.egg-info
writing ../build/camera_detection_new/camera_detection_new.egg-info/PKG-INFO
writing dependency_links to ../build/camera_detection_new/camera_detection_new.egg-info/dependency_links.txt
writing entry points to ../build/camera_detection_new/camera_detection_new.egg-info/entry_points.txt
writing requirements to ../build/camera_detection_new/camera_detection_new.egg-info/requires.txt
writing top-level names to ../build/camera_detection_new/camera_detection_new.egg-info/top_level.txt
writing manifest file '../build/camera_detection_new/camera_detection_new.egg-info/SOURCES.txt'
reading manifest file '../build/camera_detection_new/camera_detection_new.egg-info/SOURCES.txt'
writing manifest file '../build/camera_detection_new/camera_detection_new.egg-info/SOURCES.txt'
running build
running build_py
creating /home/leungjch/Documents/repos/wato_monorepo_v2/src/build/camera_detection_new/build
creating /home/leungjch/Documents/repos/wato_monorepo_v2/src/build/camera_detection_new/build/lib
creating /home/leungjch/Documents/repos/wato_monorepo_v2/src/build/camera_detection_new/build/lib/camera_detection_new
copying camera_detection_new/__init__.py -> /home/leungjch/Documents/repos/wato_monorepo_v2/src/build/camera_detection_new/build/lib/camera_detection_new
running install
running install_lib
creating /home/leungjch/Documents/repos/wato_monorepo_v2/src/install/camera_detection_new/lib/python3.10/site-packages/camera_detection_new
copying /home/leungjch/Documents/repos/wato_monorepo_v2/src/build/camera_detection_new/build/lib/camera_detection_new/__init__.py -> /home/leungjch/Documents/repos/wato_monorepo_v2/src/install/camera_detection_new/lib/python3.10/site-packages/camera_detection_new
byte-compiling /home/leungjch/Documents/repos/wato_monorepo_v2/src/install/camera_detection_new/lib/python3.10/site-packages/camera_detection_new/__init__.py to __init__.cpython-310.pyc
running install_data
creating /home/leungjch/Documents/repos/wato_monorepo_v2/src/install/camera_detection_new/share/ament_index
creating /home/leungjch/Documents/repos/wato_monorepo_v2/src/install/camera_detection_new/share/ament_index/resource_index
creating /home/leungjch/Documents/repos/wato_monorepo_v2/src/install/camera_detection_new/share/ament_index/resource_index/packages
copying resource/camera_detection_new -> /home/leungjch/Documents/repos/wato_monorepo_v2/src/install/camera_detection_new/share/ament_index/resource_index/packages
copying package.xml -> /home/leungjch/Documents/repos/wato_monorepo_v2/src/install/camera_detection_new/share/camera_detection_new
running install_egg_info
Copying ../build/camera_detection_new/camera_detection_new.egg-info to /home/leungjch/Documents/repos/wato_monorepo_v2/src/install/camera_detection_new/lib/python3.10/site-packages/camera_detection_new-0.0.0-py3.10.egg-info
running install_scripts
writing list of installed files to '/home/leungjch/Documents/repos/wato_monorepo_v2/src/build/camera_detection_new/install.log'
