[0.412s] Invoking command in '/home/leungjch/Documents/repos/wato_monorepo_v2/src/build/tutorial_interfaces': CMAKE_PREFIX_PATH=${CMAKE_PREFIX_PATH}:/home/leungjch/Documents/repos/wato_monorepo_v2/src/install/camera_detection:/opt/ros/humble CONDA_PROMPT_MODIFIER=(base) /usr/bin/cmake --build /home/leungjch/Documents/repos/wato_monorepo_v2/src/build/tutorial_interfaces -- -j16 -l16
[0.433s] [33mCMake Warning (dev) in CMakeLists.txt:
[0.433s]   No project() command is present.  The top-level CMakeLists.txt file must
[0.433s]   contain a literal, direct call to the project() command.  Add a line of
[0.433s]   code such as
[0.433s] 
[0.433s]     project(ProjectName)
[0.433s] 
[0.434s]   near the top of the file, but after cmake_minimum_required().
[0.434s] 
[0.434s]   CMake is pretending there is a "project(Project)" command on the first
[0.434s]   line.
[0.434s] This warning is for project developers.  Use -Wno-dev to suppress it.
[0.434s] [0m
[0.444s] -- Found geometry_msgs: 4.2.3 (/opt/ros/humble/share/geometry_msgs/cmake)
[0.562s] [33mCMake Warning (dev) at /usr/share/cmake-3.22/Modules/FindPython/Support.cmake:1831 (list):
[0.562s]   Policy CMP0007 is not set: list command no longer ignores empty elements.
[0.562s]   Run "cmake --help-policy CMP0007" for policy details.  Use the cmake_policy
[0.562s]   command to set the policy and suppress this warning.  List has value =
[0.562s]   [Python;3;10;6;64;;cpython-310-x86_64-linux-gnu;/usr/lib/python3.10;/usr/lib/python3.10;/usr/lib/python3/dist-packages;/usr/lib/python3/dist-packages].
[0.562s] Call Stack (most recent call first):
[0.562s]   /usr/share/cmake-3.22/Modules/FindPython3.cmake:490 (include)
[0.562s]   /opt/ros/humble/share/ament_cmake_core/cmake/core/python.cmake:21 (find_package)
[0.562s]   /opt/ros/humble/share/ament_cmake_core/cmake/core/all.cmake:54 (include)
[0.562s]   /opt/ros/humble/share/ament_cmake_core/cmake/ament_cmake_core-extras.cmake:17 (include)
[0.562s]   /opt/ros/humble/share/ament_cmake_core/cmake/ament_cmake_coreConfig.cmake:41 (include)
[0.562s]   /opt/ros/humble/share/geometry_msgs/cmake/ament_cmake_export_dependencies-extras.cmake:15 (find_package)
[0.563s]   /opt/ros/humble/share/geometry_msgs/cmake/geometry_msgsConfig.cmake:41 (include)
[0.563s]   CMakeLists.txt:1 (find_package)
[0.563s] This warning is for project developers.  Use -Wno-dev to suppress it.
[0.563s] [0m
[0.563s] [33mCMake Warning (dev) at /usr/share/cmake-3.22/Modules/FindPython/Support.cmake:1833 (list):
[0.563s]   Policy CMP0007 is not set: list command no longer ignores empty elements.
[0.563s]   Run "cmake --help-policy CMP0007" for policy details.  Use the cmake_policy
[0.563s]   command to set the policy and suppress this warning.  List has value =
[0.563s]   [Python;3;10;6;64;;cpython-310-x86_64-linux-gnu;/usr/lib/python3.10;/usr/lib/python3.10;/usr/lib/python3/dist-packages;/usr/lib/python3/dist-packages].
[0.563s] Call Stack (most recent call first):
[0.563s]   /usr/share/cmake-3.22/Modules/FindPython3.cmake:490 (include)
[0.563s]   /opt/ros/humble/share/ament_cmake_core/cmake/core/python.cmake:21 (find_package)
[0.563s]   /opt/ros/humble/share/ament_cmake_core/cmake/core/all.cmake:54 (include)
[0.563s]   /opt/ros/humble/share/ament_cmake_core/cmake/ament_cmake_core-extras.cmake:17 (include)
[0.564s]   /opt/ros/humble/share/ament_cmake_core/cmake/ament_cmake_coreConfig.cmake:41 (include)
[0.564s]   /opt/ros/humble/share/geometry_msgs/cmake/ament_cmake_export_dependencies-extras.cmake:15 (find_package)
[0.564s]   /opt/ros/humble/share/geometry_msgs/cmake/geometry_msgsConfig.cmake:41 (include)
[0.564s]   CMakeLists.txt:1 (find_package)
[0.564s] This warning is for project developers.  Use -Wno-dev to suppress it.
[0.564s] [0m
[0.564s] [33mCMake Warning (dev) at /usr/share/cmake-3.22/Modules/FindPython/Support.cmake:1834 (list):
[0.564s]   Policy CMP0007 is not set: list command no longer ignores empty elements.
[0.564s]   Run "cmake --help-policy CMP0007" for policy details.  Use the cmake_policy
[0.564s]   command to set the policy and suppress this warning.  List has value =
[0.564s]   [Python;3;10;6;64;;cpython-310-x86_64-linux-gnu;/usr/lib/python3.10;/usr/lib/python3.10;/usr/lib/python3/dist-packages;/usr/lib/python3/dist-packages].
[0.564s] Call Stack (most recent call first):
[0.564s]   /usr/share/cmake-3.22/Modules/FindPython3.cmake:490 (include)
[0.565s]   /opt/ros/humble/share/ament_cmake_core/cmake/core/python.cmake:21 (find_package)
[0.565s]   /opt/ros/humble/share/ament_cmake_core/cmake/core/all.cmake:54 (include)
[0.565s]   /opt/ros/humble/share/ament_cmake_core/cmake/ament_cmake_core-extras.cmake:17 (include)
[0.565s]   /opt/ros/humble/share/ament_cmake_core/cmake/ament_cmake_coreConfig.cmake:41 (include)
[0.565s]   /opt/ros/humble/share/geometry_msgs/cmake/ament_cmake_export_dependencies-extras.cmake:15 (find_package)
[0.565s]   /opt/ros/humble/share/geometry_msgs/cmake/geometry_msgsConfig.cmake:41 (include)
[0.565s]   CMakeLists.txt:1 (find_package)
[0.565s] This warning is for project developers.  Use -Wno-dev to suppress it.
[0.565s] [0m
[0.565s] [33mCMake Warning (dev) at /usr/share/cmake-3.22/Modules/FindPython/Support.cmake:1835 (list):
[0.565s]   Policy CMP0007 is not set: list command no longer ignores empty elements.
[0.565s]   Run "cmake --help-policy CMP0007" for policy details.  Use the cmake_policy
[0.565s]   command to set the policy and suppress this warning.  List has value =
[0.565s]   [Python;3;10;6;64;;cpython-310-x86_64-linux-gnu;/usr/lib/python3.10;/usr/lib/python3.10;/usr/lib/python3/dist-packages;/usr/lib/python3/dist-packages].
[0.565s] Call Stack (most recent call first):
[0.566s]   /usr/share/cmake-3.22/Modules/FindPython3.cmake:490 (include)
[0.566s]   /opt/ros/humble/share/ament_cmake_core/cmake/core/python.cmake:21 (find_package)
[0.566s]   /opt/ros/humble/share/ament_cmake_core/cmake/core/all.cmake:54 (include)
[0.566s]   /opt/ros/humble/share/ament_cmake_core/cmake/ament_cmake_core-extras.cmake:17 (include)
[0.566s]   /opt/ros/humble/share/ament_cmake_core/cmake/ament_cmake_coreConfig.cmake:41 (include)
[0.566s]   /opt/ros/humble/share/geometry_msgs/cmake/ament_cmake_export_dependencies-extras.cmake:15 (find_package)
[0.566s]   /opt/ros/humble/share/geometry_msgs/cmake/geometry_msgsConfig.cmake:41 (include)
[0.566s]   CMakeLists.txt:1 (find_package)
[0.566s] This warning is for project developers.  Use -Wno-dev to suppress it.
[0.566s] [0m
[0.566s] [33mCMake Warning (dev) at /usr/share/cmake-3.22/Modules/FindPython/Support.cmake:1837 (list):
[0.566s]   Policy CMP0007 is not set: list command no longer ignores empty elements.
[0.566s]   Run "cmake --help-policy CMP0007" for policy details.  Use the cmake_policy
[0.566s]   command to set the policy and suppress this warning.  List has value =
[0.566s]   [Python;3;10;6;64;;cpython-310-x86_64-linux-gnu;/usr/lib/python3.10;/usr/lib/python3.10;/usr/lib/python3/dist-packages;/usr/lib/python3/dist-packages].
[0.567s] Call Stack (most recent call first):
[0.567s]   /usr/share/cmake-3.22/Modules/FindPython3.cmake:490 (include)
[0.567s]   /opt/ros/humble/share/ament_cmake_core/cmake/core/python.cmake:21 (find_package)
[0.567s]   /opt/ros/humble/share/ament_cmake_core/cmake/core/all.cmake:54 (include)
[0.567s]   /opt/ros/humble/share/ament_cmake_core/cmake/ament_cmake_core-extras.cmake:17 (include)
[0.567s]   /opt/ros/humble/share/ament_cmake_core/cmake/ament_cmake_coreConfig.cmake:41 (include)
[0.567s]   /opt/ros/humble/share/geometry_msgs/cmake/ament_cmake_export_dependencies-extras.cmake:15 (find_package)
[0.567s]   /opt/ros/humble/share/geometry_msgs/cmake/geometry_msgsConfig.cmake:41 (include)
[0.567s]   CMakeLists.txt:1 (find_package)
[0.567s] This warning is for project developers.  Use -Wno-dev to suppress it.
[0.567s] [0m
[0.567s] [33mCMake Warning (dev) at /usr/share/cmake-3.22/Modules/FindPython/Support.cmake:1840 (list):
[0.567s]   Policy CMP0007 is not set: list command no longer ignores empty elements.
[0.567s]   Run "cmake --help-policy CMP0007" for policy details.  Use the cmake_policy
[0.567s]   command to set the policy and suppress this warning.  List has value =
[0.568s]   [Python;3;10;6;64;;cpython-310-x86_64-linux-gnu;/usr/lib/python3.10;/usr/lib/python3.10;/usr/lib/python3/dist-packages;/usr/lib/python3/dist-packages].
[0.568s] Call Stack (most recent call first):
[0.568s]   /usr/share/cmake-3.22/Modules/FindPython3.cmake:490 (include)
[0.568s]   /opt/ros/humble/share/ament_cmake_core/cmake/core/python.cmake:21 (find_package)
[0.568s]   /opt/ros/humble/share/ament_cmake_core/cmake/core/all.cmake:54 (include)
[0.568s]   /opt/ros/humble/share/ament_cmake_core/cmake/ament_cmake_core-extras.cmake:17 (include)
[0.568s]   /opt/ros/humble/share/ament_cmake_core/cmake/ament_cmake_coreConfig.cmake:41 (include)
[0.568s]   /opt/ros/humble/share/geometry_msgs/cmake/ament_cmake_export_dependencies-extras.cmake:15 (find_package)
[0.568s]   /opt/ros/humble/share/geometry_msgs/cmake/geometry_msgsConfig.cmake:41 (include)
[0.568s]   CMakeLists.txt:1 (find_package)
[0.568s] This warning is for project developers.  Use -Wno-dev to suppress it.
[0.568s] [0m
[0.568s] [33mCMake Warning (dev) at /usr/share/cmake-3.22/Modules/FindPython/Support.cmake:1841 (list):
[0.568s]   Policy CMP0007 is not set: list command no longer ignores empty elements.
[0.569s]   Run "cmake --help-policy CMP0007" for policy details.  Use the cmake_policy
[0.569s]   command to set the policy and suppress this warning.  List has value =
[0.569s]   [Python;3;10;6;64;;cpython-310-x86_64-linux-gnu;/usr/lib/python3.10;/usr/lib/python3.10;/usr/lib/python3/dist-packages;/usr/lib/python3/dist-packages].
[0.569s] Call Stack (most recent call first):
[0.569s]   /usr/share/cmake-3.22/Modules/FindPython3.cmake:490 (include)
[0.569s]   /opt/ros/humble/share/ament_cmake_core/cmake/core/python.cmake:21 (find_package)
[0.569s]   /opt/ros/humble/share/ament_cmake_core/cmake/core/all.cmake:54 (include)
[0.569s]   /opt/ros/humble/share/ament_cmake_core/cmake/ament_cmake_core-extras.cmake:17 (include)
[0.569s]   /opt/ros/humble/share/ament_cmake_core/cmake/ament_cmake_coreConfig.cmake:41 (include)
[0.569s]   /opt/ros/humble/share/geometry_msgs/cmake/ament_cmake_export_dependencies-extras.cmake:15 (find_package)
[0.569s]   /opt/ros/humble/share/geometry_msgs/cmake/geometry_msgsConfig.cmake:41 (include)
[0.569s]   CMakeLists.txt:1 (find_package)
[0.569s] This warning is for project developers.  Use -Wno-dev to suppress it.
[0.569s] [0m
[0.569s] [33mCMake Warning (dev) at /usr/share/cmake-3.22/Modules/FindPython/Support.cmake:1843 (list):
[0.570s]   Policy CMP0007 is not set: list command no longer ignores empty elements.
[0.570s]   Run "cmake --help-policy CMP0007" for policy details.  Use the cmake_policy
[0.570s]   command to set the policy and suppress this warning.  List has value =
[0.570s]   [Python;3;10;6;64;;cpython-310-x86_64-linux-gnu;/usr/lib/python3.10;/usr/lib/python3.10;/usr/lib/python3/dist-packages;/usr/lib/python3/dist-packages].
[0.570s] Call Stack (most recent call first):
[0.570s]   /usr/share/cmake-3.22/Modules/FindPython3.cmake:490 (include)
[0.570s]   /opt/ros/humble/share/ament_cmake_core/cmake/core/python.cmake:21 (find_package)
[0.570s]   /opt/ros/humble/share/ament_cmake_core/cmake/core/all.cmake:54 (include)
[0.570s]   /opt/ros/humble/share/ament_cmake_core/cmake/ament_cmake_core-extras.cmake:17 (include)
[0.570s]   /opt/ros/humble/share/ament_cmake_core/cmake/ament_cmake_coreConfig.cmake:41 (include)
[0.570s]   /opt/ros/humble/share/geometry_msgs/cmake/ament_cmake_export_dependencies-extras.cmake:15 (find_package)
[0.570s]   /opt/ros/humble/share/geometry_msgs/cmake/geometry_msgsConfig.cmake:41 (include)
[0.570s]   CMakeLists.txt:1 (find_package)
[0.570s] This warning is for project developers.  Use -Wno-dev to suppress it.
[0.570s] [0m
[0.571s] [33mCMake Warning (dev) at /usr/share/cmake-3.22/Modules/FindPython/Support.cmake:1844 (list):
[0.571s]   Policy CMP0007 is not set: list command no longer ignores empty elements.
[0.571s]   Run "cmake --help-policy CMP0007" for policy details.  Use the cmake_policy
[0.571s]   command to set the policy and suppress this warning.  List has value =
[0.571s]   [Python;3;10;6;64;;cpython-310-x86_64-linux-gnu;/usr/lib/python3.10;/usr/lib/python3.10;/usr/lib/python3/dist-packages;/usr/lib/python3/dist-packages].
[0.571s] Call Stack (most recent call first):
[0.571s]   /usr/share/cmake-3.22/Modules/FindPython3.cmake:490 (include)
[0.571s]   /opt/ros/humble/share/ament_cmake_core/cmake/core/python.cmake:21 (find_package)
[0.571s]   /opt/ros/humble/share/ament_cmake_core/cmake/core/all.cmake:54 (include)
[0.571s]   /opt/ros/humble/share/ament_cmake_core/cmake/ament_cmake_core-extras.cmake:17 (include)
[0.571s]   /opt/ros/humble/share/ament_cmake_core/cmake/ament_cmake_coreConfig.cmake:41 (include)
[0.571s]   /opt/ros/humble/share/geometry_msgs/cmake/ament_cmake_export_dependencies-extras.cmake:15 (find_package)
[0.571s]   /opt/ros/humble/share/geometry_msgs/cmake/geometry_msgsConfig.cmake:41 (include)
[0.571s]   CMakeLists.txt:1 (find_package)
[0.572s] This warning is for project developers.  Use -Wno-dev to suppress it.
[0.572s] [0m
[0.572s] [33mCMake Warning (dev) at /usr/share/cmake-3.22/Modules/FindPython/Support.cmake:1845 (list):
[0.572s]   Policy CMP0007 is not set: list command no longer ignores empty elements.
[0.572s]   Run "cmake --help-policy CMP0007" for policy details.  Use the cmake_policy
[0.572s]   command to set the policy and suppress this warning.  List has value =
[0.572s]   [Python;3;10;6;64;;cpython-310-x86_64-linux-gnu;/usr/lib/python3.10;/usr/lib/python3.10;/usr/lib/python3/dist-packages;/usr/lib/python3/dist-packages].
[0.572s] Call Stack (most recent call first):
[0.572s]   /usr/share/cmake-3.22/Modules/FindPython3.cmake:490 (include)
[0.572s]   /opt/ros/humble/share/ament_cmake_core/cmake/core/python.cmake:21 (find_package)
[0.572s]   /opt/ros/humble/share/ament_cmake_core/cmake/core/all.cmake:54 (include)
[0.572s]   /opt/ros/humble/share/ament_cmake_core/cmake/ament_cmake_core-extras.cmake:17 (include)
[0.572s]   /opt/ros/humble/share/ament_cmake_core/cmake/ament_cmake_coreConfig.cmake:41 (include)
[0.572s]   /opt/ros/humble/share/geometry_msgs/cmake/ament_cmake_export_dependencies-extras.cmake:15 (find_package)
[0.572s]   /opt/ros/humble/share/geometry_msgs/cmake/geometry_msgsConfig.cmake:41 (include)
[0.573s]   CMakeLists.txt:1 (find_package)
[0.573s] This warning is for project developers.  Use -Wno-dev to suppress it.
[0.573s] [0m
[0.573s] [33mCMake Warning (dev) at /usr/share/cmake-3.22/Modules/FindPython/Support.cmake:1846 (list):
[0.573s]   Policy CMP0007 is not set: list command no longer ignores empty elements.
[0.573s]   Run "cmake --help-policy CMP0007" for policy details.  Use the cmake_policy
[0.573s]   command to set the policy and suppress this warning.  List has value =
[0.573s]   [Python;3;10;6;64;;cpython-310-x86_64-linux-gnu;/usr/lib/python3.10;/usr/lib/python3.10;/usr/lib/python3/dist-packages;/usr/lib/python3/dist-packages].
[0.573s] Call Stack (most recent call first):
[0.573s]   /usr/share/cmake-3.22/Modules/FindPython3.cmake:490 (include)
[0.573s]   /opt/ros/humble/share/ament_cmake_core/cmake/core/python.cmake:21 (find_package)
[0.573s]   /opt/ros/humble/share/ament_cmake_core/cmake/core/all.cmake:54 (include)
[0.573s]   /opt/ros/humble/share/ament_cmake_core/cmake/ament_cmake_core-extras.cmake:17 (include)
[0.573s]   /opt/ros/humble/share/ament_cmake_core/cmake/ament_cmake_coreConfig.cmake:41 (include)
[0.573s]   /opt/ros/humble/share/geometry_msgs/cmake/ament_cmake_export_dependencies-extras.cmake:15 (find_package)
[0.574s]   /opt/ros/humble/share/geometry_msgs/cmake/geometry_msgsConfig.cmake:41 (include)
[0.574s]   CMakeLists.txt:1 (find_package)
[0.574s] This warning is for project developers.  Use -Wno-dev to suppress it.
[0.574s] [0m
[0.574s] [31mCMake Error at /usr/share/cmake-3.22/Modules/FindPython/Support.cmake:1846 (list):
[0.574s]   list index: 10 out of range (-10, 9)
[0.574s] Call Stack (most recent call first):
[0.574s]   /usr/share/cmake-3.22/Modules/FindPython3.cmake:490 (include)
[0.574s]   /opt/ros/humble/share/ament_cmake_core/cmake/core/python.cmake:21 (find_package)
[0.574s]   /opt/ros/humble/share/ament_cmake_core/cmake/core/all.cmake:54 (include)
[0.574s]   /opt/ros/humble/share/ament_cmake_core/cmake/ament_cmake_core-extras.cmake:17 (include)
[0.574s]   /opt/ros/humble/share/ament_cmake_core/cmake/ament_cmake_coreConfig.cmake:41 (include)
[0.574s]   /opt/ros/humble/share/geometry_msgs/cmake/ament_cmake_export_dependencies-extras.cmake:15 (find_package)
[0.574s]   /opt/ros/humble/share/geometry_msgs/cmake/geometry_msgsConfig.cmake:41 (include)
[0.575s]   CMakeLists.txt:1 (find_package)
[0.575s] 
[0.575s] [0m
[0.646s] [33mCMake Warning (dev) at /opt/ros/humble/share/ament_cmake_core/cmake/core/normalize_path.cmake:52 (while):
[0.646s]   had incorrect arguments:
[0.646s] 
[0.646s]     "TRUE"
[0.646s] 
[0.646s]   An argument named "TRUE" appears in a conditional statement.  Policy
[0.646s]   CMP0012 is not set: if() recognizes numbers and boolean constants.  Run
[0.646s]   "cmake --help-policy CMP0012" for policy details.  Use the cmake_policy
[0.646s]   command to set the policy and suppress this warning.
[0.647s] Call Stack (most recent call first):
[0.647s]   /opt/ros/humble/share/ament_cmake_core/cmake/core/normalize_path.cmake:34 (_normalize_path__collapse_redundant)
[0.647s]   /opt/ros/humble/share/builtin_interfaces/cmake/ament_cmake_export_include_directories-extras.cmake:13 (normalize_path)
[0.647s]   /opt/ros/humble/share/builtin_interfaces/cmake/builtin_interfacesConfig.cmake:41 (include)
[0.647s]   /opt/ros/humble/share/std_msgs/cmake/ament_cmake_export_dependencies-extras.cmake:21 (find_package)
[0.647s]   /opt/ros/humble/share/std_msgs/cmake/std_msgsConfig.cmake:41 (include)
[0.647s]   /opt/ros/humble/share/geometry_msgs/cmake/ament_cmake_export_dependencies-extras.cmake:21 (find_package)
[0.647s]   /opt/ros/humble/share/geometry_msgs/cmake/geometry_msgsConfig.cmake:41 (include)
[0.647s]   CMakeLists.txt:1 (find_package)
[0.648s] This warning is for project developers.  Use -Wno-dev to suppress it.
[0.648s] [0m
[0.648s] [33mCMake Warning (dev) at /opt/ros/humble/share/ament_cmake_core/cmake/core/normalize_path.cmake:72 (while):
[0.648s]   had incorrect arguments:
[0.648s] 
[0.648s]     "TRUE"
[0.648s] 
[0.648s]   An argument named "TRUE" appears in a conditional statement.  Policy
[0.648s]   CMP0012 is not set: if() recognizes numbers and boolean constants.  Run
[0.648s]   "cmake --help-policy CMP0012" for policy details.  Use the cmake_policy
[0.649s]   command to set the policy and suppress this warning.
[0.649s] Call Stack (most recent call first):
[0.649s]   /opt/ros/humble/share/ament_cmake_core/cmake/core/normalize_path.cmake:35 (_normalize_path__collapse_uplevel_reference)
[0.649s]   /opt/ros/humble/share/builtin_interfaces/cmake/ament_cmake_export_include_directories-extras.cmake:13 (normalize_path)
[0.649s]   /opt/ros/humble/share/builtin_interfaces/cmake/builtin_interfacesConfig.cmake:41 (include)
[0.649s]   /opt/ros/humble/share/std_msgs/cmake/ament_cmake_export_dependencies-extras.cmake:21 (find_package)
[0.649s]   /opt/ros/humble/share/std_msgs/cmake/std_msgsConfig.cmake:41 (include)
[0.649s]   /opt/ros/humble/share/geometry_msgs/cmake/ament_cmake_export_dependencies-extras.cmake:21 (find_package)
[0.649s]   /opt/ros/humble/share/geometry_msgs/cmake/geometry_msgsConfig.cmake:41 (include)
[0.650s]   CMakeLists.txt:1 (find_package)
[0.650s] This warning is for project developers.  Use -Wno-dev to suppress it.
[0.650s] [0m
[0.658s] [33mCMake Warning (dev) at /opt/ros/humble/share/ament_cmake_core/cmake/core/normalize_path.cmake:52 (while):
[0.658s]   had incorrect arguments:
[0.658s] 
[0.659s]     "TRUE"
[0.659s] 
[0.659s]   An argument named "TRUE" appears in a conditional statement.  Policy
[0.659s]   CMP0012 is not set: if() recognizes numbers and boolean constants.  Run
[0.659s]   "cmake --help-policy CMP0012" for policy details.  Use the cmake_policy
[0.659s]   command to set the policy and suppress this warning.
[0.659s] Call Stack (most recent call first):
[0.659s]   /opt/ros/humble/share/ament_cmake_core/cmake/core/normalize_path.cmake:34 (_normalize_path__collapse_redundant)
[0.659s]   /opt/ros/humble/share/rcutils/cmake/ament_cmake_export_include_directories-extras.cmake:13 (normalize_path)
[0.660s]   /opt/ros/humble/share/rcutils/cmake/rcutilsConfig.cmake:41 (include)
[0.660s]   /opt/ros/humble/share/rosidl_runtime_c/cmake/ament_cmake_export_dependencies-extras.cmake:21 (find_package)
[0.660s]   /opt/ros/humble/share/rosidl_runtime_c/cmake/rosidl_runtime_cConfig.cmake:41 (include)
[0.660s]   /opt/ros/humble/share/builtin_interfaces/cmake/ament_cmake_export_dependencies-extras.cmake:21 (find_package)
[0.660s]   /opt/ros/humble/share/builtin_interfaces/cmake/builtin_interfacesConfig.cmake:41 (include)
[0.660s]   /opt/ros/humble/share/std_msgs/cmake/ament_cmake_export_dependencies-extras.cmake:21 (find_package)
[0.660s]   /opt/ros/humble/share/std_msgs/cmake/std_msgsConfig.cmake:41 (include)
[0.660s]   /opt/ros/humble/share/geometry_msgs/cmake/ament_cmake_export_dependencies-extras.cmake:21 (find_package)
[0.660s]   /opt/ros/humble/share/geometry_msgs/cmake/geometry_msgsConfig.cmake:41 (include)
[0.660s]   CMakeLists.txt:1 (find_package)
[0.661s] This warning is for project developers.  Use -Wno-dev to suppress it.
[0.661s] [0m
[0.661s] [33mCMake Warning (dev) at /opt/ros/humble/share/ament_cmake_core/cmake/core/normalize_path.cmake:72 (while):
[0.661s]   had incorrect arguments:
[0.661s] 
[0.661s]     "TRUE"
[0.661s] 
[0.661s]   An argument named "TRUE" appears in a conditional statement.  Policy
[0.661s]   CMP0012 is not set: if() recognizes numbers and boolean constants.  Run
[0.661s]   "cmake --help-policy CMP0012" for policy details.  Use the cmake_policy
[0.661s]   command to set the policy and suppress this warning.
[0.662s] Call Stack (most recent call first):
[0.662s]   /opt/ros/humble/share/ament_cmake_core/cmake/core/normalize_path.cmake:35 (_normalize_path__collapse_uplevel_reference)
[0.662s]   /opt/ros/humble/share/rcutils/cmake/ament_cmake_export_include_directories-extras.cmake:13 (normalize_path)
[0.662s]   /opt/ros/humble/share/rcutils/cmake/rcutilsConfig.cmake:41 (include)
[0.662s]   /opt/ros/humble/share/rosidl_runtime_c/cmake/ament_cmake_export_dependencies-extras.cmake:21 (find_package)
[0.662s]   /opt/ros/humble/share/rosidl_runtime_c/cmake/rosidl_runtime_cConfig.cmake:41 (include)
[0.662s]   /opt/ros/humble/share/builtin_interfaces/cmake/ament_cmake_export_dependencies-extras.cmake:21 (find_package)
[0.662s]   /opt/ros/humble/share/builtin_interfaces/cmake/builtin_interfacesConfig.cmake:41 (include)
[0.662s]   /opt/ros/humble/share/std_msgs/cmake/ament_cmake_export_dependencies-extras.cmake:21 (find_package)
[0.663s]   /opt/ros/humble/share/std_msgs/cmake/std_msgsConfig.cmake:41 (include)
[0.663s]   /opt/ros/humble/share/geometry_msgs/cmake/ament_cmake_export_dependencies-extras.cmake:21 (find_package)
[0.663s]   /opt/ros/humble/share/geometry_msgs/cmake/geometry_msgsConfig.cmake:41 (include)
[0.663s]   CMakeLists.txt:1 (find_package)
[0.663s] This warning is for project developers.  Use -Wno-dev to suppress it.
[0.663s] [0m
[0.692s] [33mCMake Warning (dev) at /opt/ros/humble/share/ament_cmake_core/cmake/core/list_append_unique.cmake:30 (if):
[0.692s]   Policy CMP0057 is not set: Support new IN_LIST if() operator.  Run "cmake
[0.692s]   --help-policy CMP0057" for policy details.  Use the cmake_policy command to
[0.692s]   set the policy and suppress this warning.
[0.692s] 
[0.692s]   IN_LIST will be interpreted as an operator when the policy is set to NEW.
[0.692s]   Since the policy is not set the OLD behavior will be used.
[0.692s] Call Stack (most recent call first):
[0.692s]   /opt/ros/humble/share/rcutils/cmake/ament_cmake_export_dependencies-extras.cmake:84 (list_append_unique)
[0.692s]   /opt/ros/humble/share/rcutils/cmake/rcutilsConfig.cmake:41 (include)
[0.693s]   /opt/ros/humble/share/rosidl_runtime_c/cmake/ament_cmake_export_dependencies-extras.cmake:21 (find_package)
[0.693s]   /opt/ros/humble/share/rosidl_runtime_c/cmake/rosidl_runtime_cConfig.cmake:41 (include)
[0.693s]   /opt/ros/humble/share/builtin_interfaces/cmake/ament_cmake_export_dependencies-extras.cmake:21 (find_package)
[0.693s]   /opt/ros/humble/share/builtin_interfaces/cmake/builtin_interfacesConfig.cmake:41 (include)
[0.693s]   /opt/ros/humble/share/std_msgs/cmake/ament_cmake_export_dependencies-extras.cmake:21 (find_package)
[0.693s]   /opt/ros/humble/share/std_msgs/cmake/std_msgsConfig.cmake:41 (include)
[0.693s]   /opt/ros/humble/share/geometry_msgs/cmake/ament_cmake_export_dependencies-extras.cmake:21 (find_package)
[0.693s]   /opt/ros/humble/share/geometry_msgs/cmake/geometry_msgsConfig.cmake:41 (include)
[0.693s]   CMakeLists.txt:1 (find_package)
[0.693s] This warning is for project developers.  Use -Wno-dev to suppress it.
[0.693s] [0m
[0.693s] [31mCMake Error at /opt/ros/humble/share/ament_cmake_core/cmake/core/list_append_unique.cmake:30 (if):
[0.694s]   if given arguments:
[0.694s] 
[0.694s]     "NOT" "element" "IN_LIST" "rcutils_RECURSIVE_DEPENDENCIES"
[0.694s] 
[0.694s]   Unknown arguments specified
[0.694s] Call Stack (most recent call first):
[0.694s]   /opt/ros/humble/share/rcutils/cmake/ament_cmake_export_dependencies-extras.cmake:84 (list_append_unique)
[0.694s]   /opt/ros/humble/share/rcutils/cmake/rcutilsConfig.cmake:41 (include)
[0.694s]   /opt/ros/humble/share/rosidl_runtime_c/cmake/ament_cmake_export_dependencies-extras.cmake:21 (find_package)
[0.694s]   /opt/ros/humble/share/rosidl_runtime_c/cmake/rosidl_runtime_cConfig.cmake:41 (include)
[0.694s]   /opt/ros/humble/share/builtin_interfaces/cmake/ament_cmake_export_dependencies-extras.cmake:21 (find_package)
[0.694s]   /opt/ros/humble/share/builtin_interfaces/cmake/builtin_interfacesConfig.cmake:41 (include)
[0.694s]   /opt/ros/humble/share/std_msgs/cmake/ament_cmake_export_dependencies-extras.cmake:21 (find_package)
[0.695s]   /opt/ros/humble/share/std_msgs/cmake/std_msgsConfig.cmake:41 (include)
[0.695s]   /opt/ros/humble/share/geometry_msgs/cmake/ament_cmake_export_dependencies-extras.cmake:21 (find_package)
[0.695s]   /opt/ros/humble/share/geometry_msgs/cmake/geometry_msgsConfig.cmake:41 (include)
[0.695s]   CMakeLists.txt:1 (find_package)
[0.695s] 
[0.695s] [0m
[0.695s] [33mCMake Warning (dev) in CMakeLists.txt:
[0.695s]   No cmake_minimum_required command is present.  A line of code such as
[0.695s] 
[0.695s]     cmake_minimum_required(VERSION 3.22)
[0.695s] 
[0.696s]   should be added at the top of the file.  The version specified may be lower
[0.696s]   if you wish to support older CMake versions for this project.  For more
[0.696s]   information run "cmake --help-policy CMP0000".
[0.696s] This warning is for project developers.  Use -Wno-dev to suppress it.
[0.696s] [0m
[0.696s] -- Configuring incomplete, errors occurred!
[0.696s] See also "/home/leungjch/Documents/repos/wato_monorepo_v2/src/build/tutorial_interfaces/CMakeFiles/CMakeOutput.log".
[0.696s] gmake: *** [Makefile:1179: cmake_check_build_system] Error 1
[0.699s] Invoked command in '/home/leungjch/Documents/repos/wato_monorepo_v2/src/build/tutorial_interfaces' returned '2': CMAKE_PREFIX_PATH=${CMAKE_PREFIX_PATH}:/home/leungjch/Documents/repos/wato_monorepo_v2/src/install/camera_detection:/opt/ros/humble CONDA_PROMPT_MODIFIER=(base) /usr/bin/cmake --build /home/leungjch/Documents/repos/wato_monorepo_v2/src/build/tutorial_interfaces -- -j16 -l16
