[0.456s] Invoking command in '/home/leungjch/Documents/repos/wato_monorepo_v2/src/build/common_msgs': CMAKE_PREFIX_PATH=${CMAKE_PREFIX_PATH}:/home/leungjch/Documents/repos/wato_monorepo_v2/src/install/py_pubsub:/home/leungjch/Documents/repos/wato_monorepo_v2/src/install/camera_detection:/opt/ros/humble CONDA_PROMPT_MODIFIER=(base) /usr/bin/cmake --build /home/leungjch/Documents/repos/wato_monorepo_v2/src/build/common_msgs -- -j16 -l16
[0.520s] [ 10%] Built target common_msgs__cpp
[0.520s] [ 12%] Built target common_msgs__rosidl_generator_c
[0.545s] [ 12%] Built target ament_cmake_python_copy_common_msgs
[0.566s] [ 23%] Built target common_msgs__rosidl_typesupport_fastrtps_cpp
[0.567s] [ 33%] Built target common_msgs__rosidl_typesupport_fastrtps_c
[0.577s] [ 43%] Built target common_msgs__rosidl_typesupport_cpp
[0.583s] [ 53%] Built target common_msgs__rosidl_typesupport_introspection_cpp
[0.585s] [ 64%] Built target common_msgs__rosidl_typesupport_introspection_c
[0.591s] [ 74%] Built target common_msgs__rosidl_typesupport_c
[0.642s] [ 74%] Built target common_msgs
[0.671s] [ 76%] Built target common_msgs__py
[0.707s] [ 84%] Built target common_msgs__rosidl_generator_py
[0.738s] [ 94%] Built target common_msgs__rosidl_typesupport_introspection_c__pyext
[0.738s] [ 94%] Built target common_msgs__rosidl_typesupport_c__pyext
[0.739s] [100%] Built target common_msgs__rosidl_typesupport_fastrtps_c__pyext
[1.009s] running egg_info
[1.010s] writing common_msgs.egg-info/PKG-INFO
[1.011s] writing dependency_links to common_msgs.egg-info/dependency_links.txt
[1.011s] writing top-level names to common_msgs.egg-info/top_level.txt
[1.015s] reading manifest file 'common_msgs.egg-info/SOURCES.txt'
[1.015s] writing manifest file 'common_msgs.egg-info/SOURCES.txt'
[1.076s] [100%] Built target ament_cmake_python_build_common_msgs_egg
[1.092s] Invoked command in '/home/leungjch/Documents/repos/wato_monorepo_v2/src/build/common_msgs' returned '0': CMAKE_PREFIX_PATH=${CMAKE_PREFIX_PATH}:/home/leungjch/Documents/repos/wato_monorepo_v2/src/install/py_pubsub:/home/leungjch/Documents/repos/wato_monorepo_v2/src/install/camera_detection:/opt/ros/humble CONDA_PROMPT_MODIFIER=(base) /usr/bin/cmake --build /home/leungjch/Documents/repos/wato_monorepo_v2/src/build/common_msgs -- -j16 -l16
[1.189s] Invoking command in '/home/leungjch/Documents/repos/wato_monorepo_v2/src/build/common_msgs': CMAKE_PREFIX_PATH=${CMAKE_PREFIX_PATH}:/home/leungjch/Documents/repos/wato_monorepo_v2/src/install/py_pubsub:/home/leungjch/Documents/repos/wato_monorepo_v2/src/install/camera_detection:/opt/ros/humble CONDA_PROMPT_MODIFIER=(base) /usr/bin/cmake --install /home/leungjch/Documents/repos/wato_monorepo_v2/src/build/common_msgs
[1.200s] -- Install configuration: ""
[1.200s] -- Up-to-date: /home/leungjch/Documents/repos/wato_monorepo_v2/src/install/common_msgs/share/ament_index/resource_index/rosidl_interfaces/common_msgs
[1.200s] -- Up-to-date: /home/leungjch/Documents/repos/wato_monorepo_v2/src/install/common_msgs/include/common_msgs/common_msgs
[1.201s] -- Up-to-date: /home/leungjch/Documents/repos/wato_monorepo_v2/src/install/common_msgs/include/common_msgs/common_msgs/msg
[1.201s] -- Up-to-date: /home/leungjch/Documents/repos/wato_monorepo_v2/src/install/common_msgs/include/common_msgs/common_msgs/msg/rosidl_generator_c__visibility_control.h
[1.201s] -- Up-to-date: /home/leungjch/Documents/repos/wato_monorepo_v2/src/install/common_msgs/include/common_msgs/common_msgs/msg/obstacle.h
[1.201s] -- Up-to-date: /home/leungjch/Documents/repos/wato_monorepo_v2/src/install/common_msgs/include/common_msgs/common_msgs/msg/obstacle_list.h
[1.201s] -- Up-to-date: /home/leungjch/Documents/repos/wato_monorepo_v2/src/install/common_msgs/include/common_msgs/common_msgs/msg/detail
[1.201s] -- Up-to-date: /home/leungjch/Documents/repos/wato_monorepo_v2/src/install/common_msgs/include/common_msgs/common_msgs/msg/detail/obstacle__type_support.h
[1.201s] -- Up-to-date: /home/leungjch/Documents/repos/wato_monorepo_v2/src/install/common_msgs/include/common_msgs/common_msgs/msg/detail/obstacle_list__functions.c
[1.201s] -- Up-to-date: /home/leungjch/Documents/repos/wato_monorepo_v2/src/install/common_msgs/include/common_msgs/common_msgs/msg/detail/obstacle_list__type_support.h
[1.201s] -- Up-to-date: /home/leungjch/Documents/repos/wato_monorepo_v2/src/install/common_msgs/include/common_msgs/common_msgs/msg/detail/obstacle_list__struct.h
[1.202s] -- Up-to-date: /home/leungjch/Documents/repos/wato_monorepo_v2/src/install/common_msgs/include/common_msgs/common_msgs/msg/detail/obstacle_list__functions.h
[1.202s] -- Up-to-date: /home/leungjch/Documents/repos/wato_monorepo_v2/src/install/common_msgs/include/common_msgs/common_msgs/msg/detail/obstacle__functions.h
[1.202s] -- Up-to-date: /home/leungjch/Documents/repos/wato_monorepo_v2/src/install/common_msgs/include/common_msgs/common_msgs/msg/detail/obstacle__struct.h
[1.202s] -- Up-to-date: /home/leungjch/Documents/repos/wato_monorepo_v2/src/install/common_msgs/include/common_msgs/common_msgs/msg/detail/obstacle__functions.c
[1.202s] -- Up-to-date: /home/leungjch/Documents/repos/wato_monorepo_v2/src/install/common_msgs/share/common_msgs/environment/library_path.sh
[1.202s] -- Up-to-date: /home/leungjch/Documents/repos/wato_monorepo_v2/src/install/common_msgs/share/common_msgs/environment/library_path.dsv
[1.202s] -- Up-to-date: /home/leungjch/Documents/repos/wato_monorepo_v2/src/install/common_msgs/lib/libcommon_msgs__rosidl_generator_c.so
[1.202s] -- Up-to-date: /home/leungjch/Documents/repos/wato_monorepo_v2/src/install/common_msgs/include/common_msgs/common_msgs
[1.202s] -- Up-to-date: /home/leungjch/Documents/repos/wato_monorepo_v2/src/install/common_msgs/include/common_msgs/common_msgs/msg
[1.202s] -- Up-to-date: /home/leungjch/Documents/repos/wato_monorepo_v2/src/install/common_msgs/include/common_msgs/common_msgs/msg/rosidl_typesupport_fastrtps_c__visibility_control.h
[1.203s] -- Up-to-date: /home/leungjch/Documents/repos/wato_monorepo_v2/src/install/common_msgs/include/common_msgs/common_msgs/msg/detail
[1.203s] -- Up-to-date: /home/leungjch/Documents/repos/wato_monorepo_v2/src/install/common_msgs/include/common_msgs/common_msgs/msg/detail/obstacle_list__rosidl_typesupport_fastrtps_c.h
[1.203s] -- Up-to-date: /home/leungjch/Documents/repos/wato_monorepo_v2/src/install/common_msgs/include/common_msgs/common_msgs/msg/detail/obstacle__rosidl_typesupport_fastrtps_c.h
[1.203s] -- Up-to-date: /home/leungjch/Documents/repos/wato_monorepo_v2/src/install/common_msgs/lib/libcommon_msgs__rosidl_typesupport_fastrtps_c.so
[1.203s] -- Up-to-date: /home/leungjch/Documents/repos/wato_monorepo_v2/src/install/common_msgs/include/common_msgs/common_msgs
[1.203s] -- Up-to-date: /home/leungjch/Documents/repos/wato_monorepo_v2/src/install/common_msgs/include/common_msgs/common_msgs/msg
[1.203s] -- Up-to-date: /home/leungjch/Documents/repos/wato_monorepo_v2/src/install/common_msgs/include/common_msgs/common_msgs/msg/rosidl_typesupport_introspection_c__visibility_control.h
[1.203s] -- Up-to-date: /home/leungjch/Documents/repos/wato_monorepo_v2/src/install/common_msgs/include/common_msgs/common_msgs/msg/detail
[1.203s] -- Up-to-date: /home/leungjch/Documents/repos/wato_monorepo_v2/src/install/common_msgs/include/common_msgs/common_msgs/msg/detail/obstacle_list__type_support.c
[1.203s] -- Up-to-date: /home/leungjch/Documents/repos/wato_monorepo_v2/src/install/common_msgs/include/common_msgs/common_msgs/msg/detail/obstacle__type_support.c
[1.203s] -- Up-to-date: /home/leungjch/Documents/repos/wato_monorepo_v2/src/install/common_msgs/include/common_msgs/common_msgs/msg/detail/obstacle__rosidl_typesupport_introspection_c.h
[1.203s] -- Up-to-date: /home/leungjch/Documents/repos/wato_monorepo_v2/src/install/common_msgs/include/common_msgs/common_msgs/msg/detail/obstacle_list__rosidl_typesupport_introspection_c.h
[1.203s] -- Up-to-date: /home/leungjch/Documents/repos/wato_monorepo_v2/src/install/common_msgs/lib/libcommon_msgs__rosidl_typesupport_introspection_c.so
[1.204s] -- Up-to-date: /home/leungjch/Documents/repos/wato_monorepo_v2/src/install/common_msgs/lib/libcommon_msgs__rosidl_typesupport_c.so
[1.204s] -- Up-to-date: /home/leungjch/Documents/repos/wato_monorepo_v2/src/install/common_msgs/include/common_msgs/common_msgs
[1.204s] -- Up-to-date: /home/leungjch/Documents/repos/wato_monorepo_v2/src/install/common_msgs/include/common_msgs/common_msgs/msg
[1.204s] -- Up-to-date: /home/leungjch/Documents/repos/wato_monorepo_v2/src/install/common_msgs/include/common_msgs/common_msgs/msg/obstacle_list.hpp
[1.204s] -- Up-to-date: /home/leungjch/Documents/repos/wato_monorepo_v2/src/install/common_msgs/include/common_msgs/common_msgs/msg/detail
[1.204s] -- Up-to-date: /home/leungjch/Documents/repos/wato_monorepo_v2/src/install/common_msgs/include/common_msgs/common_msgs/msg/detail/obstacle_list__builder.hpp
[1.204s] -- Up-to-date: /home/leungjch/Documents/repos/wato_monorepo_v2/src/install/common_msgs/include/common_msgs/common_msgs/msg/detail/obstacle__builder.hpp
[1.204s] -- Up-to-date: /home/leungjch/Documents/repos/wato_monorepo_v2/src/install/common_msgs/include/common_msgs/common_msgs/msg/detail/obstacle_list__struct.hpp
[1.204s] -- Up-to-date: /home/leungjch/Documents/repos/wato_monorepo_v2/src/install/common_msgs/include/common_msgs/common_msgs/msg/detail/obstacle_list__traits.hpp
[1.204s] -- Up-to-date: /home/leungjch/Documents/repos/wato_monorepo_v2/src/install/common_msgs/include/common_msgs/common_msgs/msg/detail/obstacle__traits.hpp
[1.205s] -- Up-to-date: /home/leungjch/Documents/repos/wato_monorepo_v2/src/install/common_msgs/include/common_msgs/common_msgs/msg/detail/obstacle__struct.hpp
[1.205s] -- Up-to-date: /home/leungjch/Documents/repos/wato_monorepo_v2/src/install/common_msgs/include/common_msgs/common_msgs/msg/obstacle.hpp
[1.205s] -- Up-to-date: /home/leungjch/Documents/repos/wato_monorepo_v2/src/install/common_msgs/include/common_msgs/common_msgs
[1.205s] -- Up-to-date: /home/leungjch/Documents/repos/wato_monorepo_v2/src/install/common_msgs/include/common_msgs/common_msgs/msg
[1.205s] -- Up-to-date: /home/leungjch/Documents/repos/wato_monorepo_v2/src/install/common_msgs/include/common_msgs/common_msgs/msg/detail
[1.205s] -- Up-to-date: /home/leungjch/Documents/repos/wato_monorepo_v2/src/install/common_msgs/include/common_msgs/common_msgs/msg/detail/obstacle__rosidl_typesupport_fastrtps_cpp.hpp
[1.205s] -- Up-to-date: /home/leungjch/Documents/repos/wato_monorepo_v2/src/install/common_msgs/include/common_msgs/common_msgs/msg/detail/dds_fastrtps
[1.205s] -- Up-to-date: /home/leungjch/Documents/repos/wato_monorepo_v2/src/install/common_msgs/include/common_msgs/common_msgs/msg/detail/obstacle_list__rosidl_typesupport_fastrtps_cpp.hpp
[1.205s] -- Up-to-date: /home/leungjch/Documents/repos/wato_monorepo_v2/src/install/common_msgs/include/common_msgs/common_msgs/msg/rosidl_typesupport_fastrtps_cpp__visibility_control.h
[1.205s] -- Up-to-date: /home/leungjch/Documents/repos/wato_monorepo_v2/src/install/common_msgs/lib/libcommon_msgs__rosidl_typesupport_fastrtps_cpp.so
[1.205s] -- Up-to-date: /home/leungjch/Documents/repos/wato_monorepo_v2/src/install/common_msgs/include/common_msgs/common_msgs
[1.205s] -- Up-to-date: /home/leungjch/Documents/repos/wato_monorepo_v2/src/install/common_msgs/include/common_msgs/common_msgs/msg
[1.205s] -- Up-to-date: /home/leungjch/Documents/repos/wato_monorepo_v2/src/install/common_msgs/include/common_msgs/common_msgs/msg/detail
[1.206s] -- Up-to-date: /home/leungjch/Documents/repos/wato_monorepo_v2/src/install/common_msgs/include/common_msgs/common_msgs/msg/detail/obstacle__rosidl_typesupport_introspection_cpp.hpp
[1.206s] -- Up-to-date: /home/leungjch/Documents/repos/wato_monorepo_v2/src/install/common_msgs/include/common_msgs/common_msgs/msg/detail/obstacle_list__rosidl_typesupport_introspection_cpp.hpp
[1.206s] -- Up-to-date: /home/leungjch/Documents/repos/wato_monorepo_v2/src/install/common_msgs/include/common_msgs/common_msgs/msg/detail/obstacle__type_support.cpp
[1.206s] -- Up-to-date: /home/leungjch/Documents/repos/wato_monorepo_v2/src/install/common_msgs/include/common_msgs/common_msgs/msg/detail/obstacle_list__type_support.cpp
[1.206s] -- Up-to-date: /home/leungjch/Documents/repos/wato_monorepo_v2/src/install/common_msgs/lib/libcommon_msgs__rosidl_typesupport_introspection_cpp.so
[1.206s] -- Up-to-date: /home/leungjch/Documents/repos/wato_monorepo_v2/src/install/common_msgs/lib/libcommon_msgs__rosidl_typesupport_cpp.so
[1.207s] -- Up-to-date: /home/leungjch/Documents/repos/wato_monorepo_v2/src/install/common_msgs/share/common_msgs/environment/pythonpath.sh
[1.207s] -- Up-to-date: /home/leungjch/Documents/repos/wato_monorepo_v2/src/install/common_msgs/share/common_msgs/environment/pythonpath.dsv
[1.207s] -- Up-to-date: /home/leungjch/Documents/repos/wato_monorepo_v2/src/install/common_msgs/local/lib/python3.10/dist-packages/common_msgs-0.0.0-py3.10.egg-info
[1.207s] -- Installing: /home/leungjch/Documents/repos/wato_monorepo_v2/src/install/common_msgs/local/lib/python3.10/dist-packages/common_msgs-0.0.0-py3.10.egg-info/dependency_links.txt
[1.207s] -- Installing: /home/leungjch/Documents/repos/wato_monorepo_v2/src/install/common_msgs/local/lib/python3.10/dist-packages/common_msgs-0.0.0-py3.10.egg-info/top_level.txt
[1.207s] -- Installing: /home/leungjch/Documents/repos/wato_monorepo_v2/src/install/common_msgs/local/lib/python3.10/dist-packages/common_msgs-0.0.0-py3.10.egg-info/SOURCES.txt
[1.207s] -- Installing: /home/leungjch/Documents/repos/wato_monorepo_v2/src/install/common_msgs/local/lib/python3.10/dist-packages/common_msgs-0.0.0-py3.10.egg-info/PKG-INFO
[1.207s] -- Up-to-date: /home/leungjch/Documents/repos/wato_monorepo_v2/src/install/common_msgs/local/lib/python3.10/dist-packages/common_msgs
[1.207s] -- Up-to-date: /home/leungjch/Documents/repos/wato_monorepo_v2/src/install/common_msgs/local/lib/python3.10/dist-packages/common_msgs/libcommon_msgs__rosidl_generator_py.so
[1.208s] -- Up-to-date: /home/leungjch/Documents/repos/wato_monorepo_v2/src/install/common_msgs/local/lib/python3.10/dist-packages/common_msgs/_common_msgs_s.ep.rosidl_typesupport_c.c
[1.208s] -- Up-to-date: /home/leungjch/Documents/repos/wato_monorepo_v2/src/install/common_msgs/local/lib/python3.10/dist-packages/common_msgs/common_msgs_s__rosidl_typesupport_fastrtps_c.cpython-39-x86_64-linux-gnu.so
[1.208s] -- Up-to-date: /home/leungjch/Documents/repos/wato_monorepo_v2/src/install/common_msgs/local/lib/python3.10/dist-packages/common_msgs/__init__.py
[1.208s] -- Up-to-date: /home/leungjch/Documents/repos/wato_monorepo_v2/src/install/common_msgs/local/lib/python3.10/dist-packages/common_msgs/_common_msgs_s.ep.rosidl_typesupport_introspection_c.c
[1.208s] -- Up-to-date: /home/leungjch/Documents/repos/wato_monorepo_v2/src/install/common_msgs/local/lib/python3.10/dist-packages/common_msgs/common_msgs_s__rosidl_typesupport_c.cpython-39-x86_64-linux-gnu.so
[1.208s] -- Up-to-date: /home/leungjch/Documents/repos/wato_monorepo_v2/src/install/common_msgs/local/lib/python3.10/dist-packages/common_msgs/msg
[1.208s] -- Up-to-date: /home/leungjch/Documents/repos/wato_monorepo_v2/src/install/common_msgs/local/lib/python3.10/dist-packages/common_msgs/msg/__init__.py
[1.208s] -- Up-to-date: /home/leungjch/Documents/repos/wato_monorepo_v2/src/install/common_msgs/local/lib/python3.10/dist-packages/common_msgs/msg/_obstacle.py
[1.208s] -- Up-to-date: /home/leungjch/Documents/repos/wato_monorepo_v2/src/install/common_msgs/local/lib/python3.10/dist-packages/common_msgs/msg/_obstacle_list.py
[1.208s] -- Up-to-date: /home/leungjch/Documents/repos/wato_monorepo_v2/src/install/common_msgs/local/lib/python3.10/dist-packages/common_msgs/msg/_obstacle_list_s.c
[1.208s] -- Up-to-date: /home/leungjch/Documents/repos/wato_monorepo_v2/src/install/common_msgs/local/lib/python3.10/dist-packages/common_msgs/msg/_obstacle_s.c
[1.208s] -- Up-to-date: /home/leungjch/Documents/repos/wato_monorepo_v2/src/install/common_msgs/local/lib/python3.10/dist-packages/common_msgs/_common_msgs_s.ep.rosidl_typesupport_fastrtps_c.c
[1.208s] -- Up-to-date: /home/leungjch/Documents/repos/wato_monorepo_v2/src/install/common_msgs/local/lib/python3.10/dist-packages/common_msgs/common_msgs_s__rosidl_typesupport_introspection_c.cpython-39-x86_64-linux-gnu.so
[1.245s] Listing '/home/leungjch/Documents/repos/wato_monorepo_v2/src/install/common_msgs/local/lib/python3.10/dist-packages/common_msgs'...
[1.246s] Listing '/home/leungjch/Documents/repos/wato_monorepo_v2/src/install/common_msgs/local/lib/python3.10/dist-packages/common_msgs/msg'...
[1.251s] -- Up-to-date: /home/leungjch/Documents/repos/wato_monorepo_v2/src/install/common_msgs/local/lib/python3.10/dist-packages/common_msgs/common_msgs_s__rosidl_typesupport_fastrtps_c.cpython-39-x86_64-linux-gnu.so
[1.251s] -- Up-to-date: /home/leungjch/Documents/repos/wato_monorepo_v2/src/install/common_msgs/local/lib/python3.10/dist-packages/common_msgs/common_msgs_s__rosidl_typesupport_introspection_c.cpython-39-x86_64-linux-gnu.so
[1.252s] -- Up-to-date: /home/leungjch/Documents/repos/wato_monorepo_v2/src/install/common_msgs/local/lib/python3.10/dist-packages/common_msgs/common_msgs_s__rosidl_typesupport_c.cpython-39-x86_64-linux-gnu.so
[1.252s] -- Up-to-date: /home/leungjch/Documents/repos/wato_monorepo_v2/src/install/common_msgs/lib/libcommon_msgs__rosidl_generator_py.so
[1.252s] -- Up-to-date: /home/leungjch/Documents/repos/wato_monorepo_v2/src/install/common_msgs/share/common_msgs/msg/Obstacle.idl
[1.253s] -- Up-to-date: /home/leungjch/Documents/repos/wato_monorepo_v2/src/install/common_msgs/share/common_msgs/msg/ObstacleList.idl
[1.253s] -- Up-to-date: /home/leungjch/Documents/repos/wato_monorepo_v2/src/install/common_msgs/share/common_msgs/msg/Obstacle.msg
[1.253s] -- Up-to-date: /home/leungjch/Documents/repos/wato_monorepo_v2/src/install/common_msgs/share/common_msgs/msg/ObstacleList.msg
[1.253s] -- Up-to-date: /home/leungjch/Documents/repos/wato_monorepo_v2/src/install/common_msgs/share/ament_index/resource_index/package_run_dependencies/common_msgs
[1.253s] -- Up-to-date: /home/leungjch/Documents/repos/wato_monorepo_v2/src/install/common_msgs/share/ament_index/resource_index/parent_prefix_path/common_msgs
[1.253s] -- Up-to-date: /home/leungjch/Documents/repos/wato_monorepo_v2/src/install/common_msgs/share/common_msgs/environment/ament_prefix_path.sh
[1.253s] -- Up-to-date: /home/leungjch/Documents/repos/wato_monorepo_v2/src/install/common_msgs/share/common_msgs/environment/ament_prefix_path.dsv
[1.254s] -- Up-to-date: /home/leungjch/Documents/repos/wato_monorepo_v2/src/install/common_msgs/share/common_msgs/environment/path.sh
[1.254s] -- Up-to-date: /home/leungjch/Documents/repos/wato_monorepo_v2/src/install/common_msgs/share/common_msgs/environment/path.dsv
[1.254s] -- Up-to-date: /home/leungjch/Documents/repos/wato_monorepo_v2/src/install/common_msgs/share/common_msgs/local_setup.bash
[1.254s] -- Up-to-date: /home/leungjch/Documents/repos/wato_monorepo_v2/src/install/common_msgs/share/common_msgs/local_setup.sh
[1.254s] -- Up-to-date: /home/leungjch/Documents/repos/wato_monorepo_v2/src/install/common_msgs/share/common_msgs/local_setup.zsh
[1.254s] -- Up-to-date: /home/leungjch/Documents/repos/wato_monorepo_v2/src/install/common_msgs/share/common_msgs/local_setup.dsv
[1.254s] -- Installing: /home/leungjch/Documents/repos/wato_monorepo_v2/src/install/common_msgs/share/common_msgs/package.dsv
[1.255s] -- Up-to-date: /home/leungjch/Documents/repos/wato_monorepo_v2/src/install/common_msgs/share/ament_index/resource_index/packages/common_msgs
[1.255s] -- Up-to-date: /home/leungjch/Documents/repos/wato_monorepo_v2/src/install/common_msgs/share/common_msgs/cmake/export_common_msgs__rosidl_generator_cExport.cmake
[1.255s] -- Up-to-date: /home/leungjch/Documents/repos/wato_monorepo_v2/src/install/common_msgs/share/common_msgs/cmake/export_common_msgs__rosidl_generator_cExport-noconfig.cmake
[1.255s] -- Up-to-date: /home/leungjch/Documents/repos/wato_monorepo_v2/src/install/common_msgs/share/common_msgs/cmake/export_common_msgs__rosidl_typesupport_fastrtps_cExport.cmake
[1.255s] -- Up-to-date: /home/leungjch/Documents/repos/wato_monorepo_v2/src/install/common_msgs/share/common_msgs/cmake/export_common_msgs__rosidl_typesupport_fastrtps_cExport-noconfig.cmake
[1.255s] -- Up-to-date: /home/leungjch/Documents/repos/wato_monorepo_v2/src/install/common_msgs/share/common_msgs/cmake/common_msgs__rosidl_typesupport_introspection_cExport.cmake
[1.255s] -- Up-to-date: /home/leungjch/Documents/repos/wato_monorepo_v2/src/install/common_msgs/share/common_msgs/cmake/common_msgs__rosidl_typesupport_introspection_cExport-noconfig.cmake
[1.255s] -- Up-to-date: /home/leungjch/Documents/repos/wato_monorepo_v2/src/install/common_msgs/share/common_msgs/cmake/common_msgs__rosidl_typesupport_cExport.cmake
[1.256s] -- Up-to-date: /home/leungjch/Documents/repos/wato_monorepo_v2/src/install/common_msgs/share/common_msgs/cmake/common_msgs__rosidl_typesupport_cExport-noconfig.cmake
[1.256s] -- Up-to-date: /home/leungjch/Documents/repos/wato_monorepo_v2/src/install/common_msgs/share/common_msgs/cmake/export_common_msgs__rosidl_generator_cppExport.cmake
[1.256s] -- Up-to-date: /home/leungjch/Documents/repos/wato_monorepo_v2/src/install/common_msgs/share/common_msgs/cmake/export_common_msgs__rosidl_typesupport_fastrtps_cppExport.cmake
[1.256s] -- Up-to-date: /home/leungjch/Documents/repos/wato_monorepo_v2/src/install/common_msgs/share/common_msgs/cmake/export_common_msgs__rosidl_typesupport_fastrtps_cppExport-noconfig.cmake
[1.256s] -- Up-to-date: /home/leungjch/Documents/repos/wato_monorepo_v2/src/install/common_msgs/share/common_msgs/cmake/common_msgs__rosidl_typesupport_introspection_cppExport.cmake
[1.256s] -- Up-to-date: /home/leungjch/Documents/repos/wato_monorepo_v2/src/install/common_msgs/share/common_msgs/cmake/common_msgs__rosidl_typesupport_introspection_cppExport-noconfig.cmake
[1.257s] -- Up-to-date: /home/leungjch/Documents/repos/wato_monorepo_v2/src/install/common_msgs/share/common_msgs/cmake/common_msgs__rosidl_typesupport_cppExport.cmake
[1.257s] -- Up-to-date: /home/leungjch/Documents/repos/wato_monorepo_v2/src/install/common_msgs/share/common_msgs/cmake/common_msgs__rosidl_typesupport_cppExport-noconfig.cmake
[1.257s] -- Up-to-date: /home/leungjch/Documents/repos/wato_monorepo_v2/src/install/common_msgs/share/common_msgs/cmake/export_common_msgs__rosidl_generator_pyExport.cmake
[1.257s] -- Up-to-date: /home/leungjch/Documents/repos/wato_monorepo_v2/src/install/common_msgs/share/common_msgs/cmake/export_common_msgs__rosidl_generator_pyExport-noconfig.cmake
[1.257s] -- Up-to-date: /home/leungjch/Documents/repos/wato_monorepo_v2/src/install/common_msgs/share/common_msgs/cmake/rosidl_cmake-extras.cmake
[1.257s] -- Up-to-date: /home/leungjch/Documents/repos/wato_monorepo_v2/src/install/common_msgs/share/common_msgs/cmake/ament_cmake_export_dependencies-extras.cmake
[1.258s] -- Up-to-date: /home/leungjch/Documents/repos/wato_monorepo_v2/src/install/common_msgs/share/common_msgs/cmake/ament_cmake_export_include_directories-extras.cmake
[1.258s] -- Up-to-date: /home/leungjch/Documents/repos/wato_monorepo_v2/src/install/common_msgs/share/common_msgs/cmake/ament_cmake_export_libraries-extras.cmake
[1.258s] -- Up-to-date: /home/leungjch/Documents/repos/wato_monorepo_v2/src/install/common_msgs/share/common_msgs/cmake/ament_cmake_export_targets-extras.cmake
[1.258s] -- Up-to-date: /home/leungjch/Documents/repos/wato_monorepo_v2/src/install/common_msgs/share/common_msgs/cmake/rosidl_cmake_export_typesupport_targets-extras.cmake
[1.258s] -- Up-to-date: /home/leungjch/Documents/repos/wato_monorepo_v2/src/install/common_msgs/share/common_msgs/cmake/rosidl_cmake_export_typesupport_libraries-extras.cmake
[1.258s] -- Up-to-date: /home/leungjch/Documents/repos/wato_monorepo_v2/src/install/common_msgs/share/common_msgs/cmake/common_msgsConfig.cmake
[1.258s] -- Up-to-date: /home/leungjch/Documents/repos/wato_monorepo_v2/src/install/common_msgs/share/common_msgs/cmake/common_msgsConfig-version.cmake
[1.259s] -- Up-to-date: /home/leungjch/Documents/repos/wato_monorepo_v2/src/install/common_msgs/share/common_msgs/package.xml
[1.262s] Invoked command in '/home/leungjch/Documents/repos/wato_monorepo_v2/src/build/common_msgs' returned '0': CMAKE_PREFIX_PATH=${CMAKE_PREFIX_PATH}:/home/leungjch/Documents/repos/wato_monorepo_v2/src/install/py_pubsub:/home/leungjch/Documents/repos/wato_monorepo_v2/src/install/camera_detection:/opt/ros/humble CONDA_PROMPT_MODIFIER=(base) /usr/bin/cmake --install /home/leungjch/Documents/repos/wato_monorepo_v2/src/build/common_msgs
