[0.988s] Invoking command in '/home/leungjch/Documents/repos/wato_monorepo_v2/src/py_pubsub': CONDA_PROMPT_MODIFIER=(base) PYTHONPATH=/home/leungjch/Documents/repos/wato_monorepo_v2/src/build/py_pubsub/prefix_override:/home/leungjch/Documents/repos/wato_monorepo_v2/src/install/py_pubsub/lib/python3.10/site-packages:${PYTHONPATH} /usr/bin/python3 setup.py egg_info --egg-base ../build/py_pubsub build --build-base /home/leungjch/Documents/repos/wato_monorepo_v2/src/build/py_pubsub/build install --record /home/leungjch/Documents/repos/wato_monorepo_v2/src/build/py_pubsub/install.log --single-version-externally-managed
[1.362s] running egg_info
[1.363s] creating ../build/py_pubsub/py_pubsub.egg-info
[1.363s] writing ../build/py_pubsub/py_pubsub.egg-info/PKG-INFO
[1.363s] writing dependency_links to ../build/py_pubsub/py_pubsub.egg-info/dependency_links.txt
[1.363s] writing entry points to ../build/py_pubsub/py_pubsub.egg-info/entry_points.txt
[1.363s] writing requirements to ../build/py_pubsub/py_pubsub.egg-info/requires.txt
[1.363s] writing top-level names to ../build/py_pubsub/py_pubsub.egg-info/top_level.txt
[1.364s] writing manifest file '../build/py_pubsub/py_pubsub.egg-info/SOURCES.txt'
[1.371s] reading manifest file '../build/py_pubsub/py_pubsub.egg-info/SOURCES.txt'
[1.372s] writing manifest file '../build/py_pubsub/py_pubsub.egg-info/SOURCES.txt'
[1.372s] running build
[1.372s] running build_py
[1.372s] creating /home/leungjch/Documents/repos/wato_monorepo_v2/src/build/py_pubsub/build
[1.372s] creating /home/leungjch/Documents/repos/wato_monorepo_v2/src/build/py_pubsub/build/lib
[1.372s] creating /home/leungjch/Documents/repos/wato_monorepo_v2/src/build/py_pubsub/build/lib/py_pubsub
[1.372s] copying py_pubsub/__init__.py -> /home/leungjch/Documents/repos/wato_monorepo_v2/src/build/py_pubsub/build/lib/py_pubsub
[1.372s] copying py_pubsub/publisher_member_function.py -> /home/leungjch/Documents/repos/wato_monorepo_v2/src/build/py_pubsub/build/lib/py_pubsub
[1.372s] running install
[1.373s] running install_lib
[1.373s] creating /home/leungjch/Documents/repos/wato_monorepo_v2/src/install/py_pubsub/lib/python3.10/site-packages/py_pubsub
[1.373s] copying /home/leungjch/Documents/repos/wato_monorepo_v2/src/build/py_pubsub/build/lib/py_pubsub/__init__.py -> /home/leungjch/Documents/repos/wato_monorepo_v2/src/install/py_pubsub/lib/python3.10/site-packages/py_pubsub
[1.373s] copying /home/leungjch/Documents/repos/wato_monorepo_v2/src/build/py_pubsub/build/lib/py_pubsub/publisher_member_function.py -> /home/leungjch/Documents/repos/wato_monorepo_v2/src/install/py_pubsub/lib/python3.10/site-packages/py_pubsub
[1.374s] byte-compiling /home/leungjch/Documents/repos/wato_monorepo_v2/src/install/py_pubsub/lib/python3.10/site-packages/py_pubsub/__init__.py to __init__.cpython-310.pyc
[1.374s] byte-compiling /home/leungjch/Documents/repos/wato_monorepo_v2/src/install/py_pubsub/lib/python3.10/site-packages/py_pubsub/publisher_member_function.py to publisher_member_function.cpython-310.pyc
[1.374s] running install_data
[1.375s] creating /home/leungjch/Documents/repos/wato_monorepo_v2/src/install/py_pubsub/share/ament_index
[1.375s] creating /home/leungjch/Documents/repos/wato_monorepo_v2/src/install/py_pubsub/share/ament_index/resource_index
[1.375s] creating /home/leungjch/Documents/repos/wato_monorepo_v2/src/install/py_pubsub/share/ament_index/resource_index/packages
[1.375s] copying resource/py_pubsub -> /home/leungjch/Documents/repos/wato_monorepo_v2/src/install/py_pubsub/share/ament_index/resource_index/packages
[1.375s] copying package.xml -> /home/leungjch/Documents/repos/wato_monorepo_v2/src/install/py_pubsub/share/py_pubsub
[1.375s] running install_egg_info
[1.376s] Copying ../build/py_pubsub/py_pubsub.egg-info to /home/leungjch/Documents/repos/wato_monorepo_v2/src/install/py_pubsub/lib/python3.10/site-packages/py_pubsub-0.0.0-py3.10.egg-info
[1.377s] running install_scripts
[1.399s] Installing talker script to /home/leungjch/Documents/repos/wato_monorepo_v2/src/install/py_pubsub/lib/py_pubsub
[1.399s] writing list of installed files to '/home/leungjch/Documents/repos/wato_monorepo_v2/src/build/py_pubsub/install.log'
[1.435s] Invoked command in '/home/leungjch/Documents/repos/wato_monorepo_v2/src/py_pubsub' returned '0': CONDA_PROMPT_MODIFIER=(base) PYTHONPATH=/home/leungjch/Documents/repos/wato_monorepo_v2/src/build/py_pubsub/prefix_override:/home/leungjch/Documents/repos/wato_monorepo_v2/src/install/py_pubsub/lib/python3.10/site-packages:${PYTHONPATH} /usr/bin/python3 setup.py egg_info --egg-base ../build/py_pubsub build --build-base /home/leungjch/Documents/repos/wato_monorepo_v2/src/build/py_pubsub/build install --record /home/leungjch/Documents/repos/wato_monorepo_v2/src/build/py_pubsub/install.log --single-version-externally-managed
