[35m[1mConsolidate compiler generated dependencies of target gtest_main[0m
[35m[1mConsolidate compiler generated dependencies of target gtest[0m
[35m[1mConsolidate compiler generated dependencies of target producer_lib[0m
[ 20%] Built target gtest_main
[ 40%] Built target producer_lib
[ 60%] Built target gtest
[35m[1mConsolidate compiler generated dependencies of target producer_test[0m
[35m[1mConsolidate compiler generated dependencies of target producer_node[0m
[ 80%] Built target producer_node
[100%] Built target producer_test
-- Install configuration: ""
-- Up-to-date: /home/leungjch/Documents/repos/wato_monorepo_v2/src/install/producer/lib/producer/producer_test
-- Up-to-date: /home/leungjch/Documents/repos/wato_monorepo_v2/src/install/producer/lib/producer/producer_node
-- Up-to-date: /home/leungjch/Documents/repos/wato_monorepo_v2/src/install/producer/share/producer/config
-- Up-to-date: /home/leungjch/Documents/repos/wato_monorepo_v2/src/install/producer/share/producer/config/params.yaml
-- Up-to-date: /home/leungjch/Documents/repos/wato_monorepo_v2/src/install/producer/share/producer/launch
-- Up-to-date: /home/leungjch/Documents/repos/wato_monorepo_v2/src/install/producer/share/producer/launch/producer.launch.py
-- Up-to-date: /home/leungjch/Documents/repos/wato_monorepo_v2/src/install/producer/share/ament_index/resource_index/package_run_dependencies/producer
-- Up-to-date: /home/leungjch/Documents/repos/wato_monorepo_v2/src/install/producer/share/ament_index/resource_index/parent_prefix_path/producer
-- Up-to-date: /home/leungjch/Documents/repos/wato_monorepo_v2/src/install/producer/share/producer/environment/ament_prefix_path.sh
-- Up-to-date: /home/leungjch/Documents/repos/wato_monorepo_v2/src/install/producer/share/producer/environment/ament_prefix_path.dsv
-- Up-to-date: /home/leungjch/Documents/repos/wato_monorepo_v2/src/install/producer/share/producer/environment/path.sh
-- Up-to-date: /home/leungjch/Documents/repos/wato_monorepo_v2/src/install/producer/share/producer/environment/path.dsv
-- Up-to-date: /home/leungjch/Documents/repos/wato_monorepo_v2/src/install/producer/share/producer/local_setup.bash
-- Up-to-date: /home/leungjch/Documents/repos/wato_monorepo_v2/src/install/producer/share/producer/local_setup.sh
-- Up-to-date: /home/leungjch/Documents/repos/wato_monorepo_v2/src/install/producer/share/producer/local_setup.zsh
-- Up-to-date: /home/leungjch/Documents/repos/wato_monorepo_v2/src/install/producer/share/producer/local_setup.dsv
-- Installing: /home/leungjch/Documents/repos/wato_monorepo_v2/src/install/producer/share/producer/package.dsv
-- Up-to-date: /home/leungjch/Documents/repos/wato_monorepo_v2/src/install/producer/share/ament_index/resource_index/packages/producer
-- Up-to-date: /home/leungjch/Documents/repos/wato_monorepo_v2/src/install/producer/share/producer/cmake/producerConfig.cmake
-- Up-to-date: /home/leungjch/Documents/repos/wato_monorepo_v2/src/install/producer/share/producer/cmake/producerConfig-version.cmake
-- Up-to-date: /home/leungjch/Documents/repos/wato_monorepo_v2/src/install/producer/share/producer/package.xml
