[0.275s] Invoking command in '/home/docker/ament_ws/src/lidar_object_detection/build/pp_infer': CMAKE_PREFIX_PATH=${CMAKE_PREFIX_PATH}:/opt/ros/humble/install/ros2bag:/opt/ros/humble/install/tf2_tools:/opt/ros/humble/install/tf2_ros_py:/opt/ros/humble/install/sros2:/opt/ros/humble/install/ros2topic:/opt/ros/humble/install/ros2test:/opt/ros/humble/install/ros2component:/opt/ros/humble/install/ros2param:/opt/ros/humble/install/ros2lifecycle:/opt/ros/humble/install/ros2service:/opt/ros/humble/install/ros2run:/opt/ros/humble/install/ros2launch:/opt/ros/humble/install/ros2pkg:/opt/ros/humble/install/ros2node:/opt/ros/humble/install/ros2multicast:/opt/ros/humble/install/ros2interface:/opt/ros/humble/install/ros2doctor:/opt/ros/humble/install/ros2action:/opt/ros/humble/install/ros2cli:/opt/ros/humble/install/launch_testing_ros:/opt/ros/humble/install/launch_ros:/opt/ros/humble/install/ament_uncrustify:/opt/ros/humble/install/rpyutils:/opt/ros/humble/install/rosidl_runtime_py:/opt/ros/humble/install/rosidl_cli:/opt/ros/humble/install/launch_testing:/opt/ros/humble/install/launch_yaml:/opt/ros/humble/install/launch_xml:/opt/ros/humble/install/launch:/opt/ros/humble/install/osrf_pycommon:/opt/ros/humble/install/domain_coordinator:/opt/ros/humble/install/ament_xmllint:/opt/ros/humble/install/ament_pycodestyle:/opt/ros/humble/install/ament_pep257:/opt/ros/humble/install/ament_package:/opt/ros/humble/install/ament_mypy:/opt/ros/humble/install/ament_lint_cmake:/opt/ros/humble/install/ament_flake8:/opt/ros/humble/install/ament_copyright:/opt/ros/humble/install/ament_lint:/opt/ros/humble/install/ament_index_python:/opt/ros/humble/install/ament_cpplint:/opt/ros/humble/install/ament_cppcheck _=/usr/bin/env /usr/local/bin/cmake --build /home/docker/ament_ws/src/lidar_object_detection/build/pp_infer -- -j120 -l120
[0.357s] [35m[1mConsolidate compiler generated dependencies of target pp_infer[0m
[0.425s] [ 25%] [32mBuilding CXX object CMakeFiles/pp_infer.dir/src/pp_inference_node.cpp.o[0m
[2.991s] In file included from [01m[K/home/docker/ament_ws/src/lidar_object_detection/lidar_object_detection_node/src/pp_inference_node.cpp:49[m[K:
[2.991s] [01m[K/opt/ros/humble/src/geometry2/tf2_geometry_msgs/include/tf2_geometry_msgs/tf2_geometry_msgs.h:35:2:[m[K [01;35m[Kwarning: [m[K#warning This header is obsolete, please include tf2_geometry_msgs/tf2_geometry_msgs.hpp instead [[01;35m[K-Wcpp[m[K]
[2.991s]    35 | #[01;35m[Kwarning[m[K This header is obsolete, please include tf2_geometry_msgs/tf2_geometry_msgs.hpp instead
[2.991s]       |  [01;35m[K^~~~~~~[m[K
[7.281s] In file included from [01m[K/opt/ros/humble/build/rclcpp/include/rclcpp/logging.hpp:24[m[K,
[7.281s]                  from [01m[K/opt/ros/humble/src/rclcpp/rclcpp/include/rclcpp/client.hpp:40[m[K,
[7.281s]                  from [01m[K/opt/ros/humble/src/rclcpp/rclcpp/include/rclcpp/callback_group.hpp:24[m[K,
[7.281s]                  from [01m[K/opt/ros/humble/src/rclcpp/rclcpp/include/rclcpp/any_executable.hpp:20[m[K,
[7.282s]                  from [01m[K/opt/ros/humble/src/rclcpp/rclcpp/include/rclcpp/memory_strategy.hpp:25[m[K,
[7.282s]                  from [01m[K/opt/ros/humble/src/rclcpp/rclcpp/include/rclcpp/memory_strategies.hpp:18[m[K,
[7.282s]                  from [01m[K/opt/ros/humble/src/rclcpp/rclcpp/include/rclcpp/executor_options.hpp:20[m[K,
[7.282s]                  from [01m[K/opt/ros/humble/src/rclcpp/rclcpp/include/rclcpp/executor.hpp:37[m[K,
[7.282s]                  from [01m[K/opt/ros/humble/src/rclcpp/rclcpp/include/rclcpp/executors/multi_threaded_executor.hpp:25[m[K,
[7.282s]                  from [01m[K/opt/ros/humble/src/rclcpp/rclcpp/include/rclcpp/executors.hpp:21[m[K,
[7.282s]                  from [01m[K/opt/ros/humble/src/rclcpp/rclcpp/include/rclcpp/rclcpp.hpp:155[m[K,
[7.282s]                  from [01m[K/home/docker/ament_ws/src/lidar_object_detection/lidar_object_detection_node/src/../include/pp_infer/pointpillar.h:31[m[K,
[7.283s]                  from [01m[K/home/docker/ament_ws/src/lidar_object_detection/lidar_object_detection_node/src/pp_inference_node.cpp:39[m[K:
[7.283s] [01m[K/home/docker/ament_ws/src/lidar_object_detection/lidar_object_detection_node/src/pp_inference_node.cpp:[m[K In constructor ‘[01m[KMinimalPublisher::MinimalPublisher()[m[K’:
[7.283s] [01m[K/home/docker/ament_ws/src/lidar_object_detection/lidar_object_detection_node/src/pp_inference_node.cpp:188:41:[m[K [01;35m[Kwarning: [m[Kformat ‘[01m[K%d[m[K’ expects argument of type ‘[01m[Kint[m[K’, but argument 5 has type ‘[01m[Kstd::vector<Bndbox>::size_type[m[K’ {aka ‘[01m[Klong unsigned int[m[K’} [[01;35m[K-Wformat=[m[K]
[7.283s]   188 |         RCLCPP_INFO(this->get_logger(), [01;35m[K"  done inference! %d "[m[K, [32m[Knms_pred.size()[m[K);
[7.283s]       |                                         [01;35m[K^~~~~~~~~~~~~~~~~~~~~~~[m[K  [32m[K~~~~~~~~~~~~~~~[m[K
[7.283s]       |                                                                               [32m[K|[m[K
[7.283s]       |                                                                               [32m[Kstd::vector<Bndbox>::size_type {aka long unsigned int}[m[K
[7.283s] [01m[K/home/docker/ament_ws/src/lidar_object_detection/lidar_object_detection_node/src/pp_inference_node.cpp:188:61:[m[K [01;36m[Knote: [m[Kformat string is defined here
[7.283s]   188 |         RCLCPP_INFO(this->get_logger(), "  done inference! [01;36m[K%d[m[K ", nms_pred.size());
[7.283s]       |                                                            [01;36m[K~^[m[K
[7.284s]       |                                                             [01;36m[K|[m[K
[7.284s]       |                                                             [01;36m[Kint[m[K
[7.284s]       |                                                            [32m[K%ld[m[K
[7.284s] [01m[K/home/docker/ament_ws/src/lidar_object_detection/lidar_object_detection_node/src/pp_inference_node.cpp:191:27:[m[K [01;35m[Kwarning: [m[Kcomparison of integer expressions of different signedness: ‘[01m[Kint[m[K’ and ‘[01m[Kstd::vector<Bndbox>::size_type[m[K’ {aka ‘[01m[Klong unsigned int[m[K’} [[01;35m[K-Wsign-compare[m[K]
[7.284s]   191 |         for (int i = 0; [01;35m[Ki < nms_pred.size()[m[K; i++)
[7.284s]       |                         [01;35m[K~~^~~~~~~~~~~~~~~~~[m[K
[7.294s] [01m[K/home/docker/ament_ws/src/lidar_object_detection/lidar_object_detection_node/src/pp_inference_node.cpp:170:28:[m[K [01;35m[Kwarning: [m[Kunused variable ‘[01m[Kstop[m[K’ [[01;35m[K-Wunused-variable[m[K]
[7.294s]   170 |         cudaEvent_t start, [01;35m[Kstop[m[K;
[7.294s]       |                            [01;35m[K^~~~[m[K
[7.313s] [01m[K/home/docker/ament_ws/src/lidar_object_detection/lidar_object_detection_node/src/pp_inference_node.cpp:[m[K In member function ‘[01m[Kvoid MinimalPublisher::topic_callback(sensor_msgs::msg::PointCloud2_<std::allocator<void> >::ConstSharedPtr)[m[K’:
[7.313s] [01m[K/home/docker/ament_ws/src/lidar_object_detection/lidar_object_detection_node/src/pp_inference_node.cpp:279:23:[m[K [01;35m[Kwarning: [m[Kcomparison of integer expressions of different signedness: ‘[01m[Kint[m[K’ and ‘[01m[Kstd::vector<Bndbox>::size_type[m[K’ {aka ‘[01m[Klong unsigned int[m[K’} [[01;35m[K-Wsign-compare[m[K]
[7.314s]   279 |     for (int i = 0; [01;35m[Ki < nms_pred.size()[m[K; i++)
[7.314s]       |                     [01;35m[K~~^~~~~~~~~~~~~~~~~[m[K
[7.316s] [01m[K/home/docker/ament_ws/src/lidar_object_detection/lidar_object_detection_node/src/pp_inference_node.cpp:349:23:[m[K [01;35m[Kwarning: [m[Kcomparison of integer expressions of different signedness: ‘[01m[Kint[m[K’ and ‘[01m[Kstd::vector<pcl::PointXYZI, Eigen::aligned_allocator<pcl::PointXYZI> >::size_type[m[K’ {aka ‘[01m[Klong unsigned int[m[K’} [[01;35m[K-Wsign-compare[m[K]
[7.316s]   349 |     for (int i = 0; [01;35m[Ki < pcl_cloud->points.size()[m[K; i++)
[7.316s]       |                     [01;35m[K~~^~~~~~~~~~~~~~~~~~~~~~~~~~[m[K
[7.320s] [01m[K/home/docker/ament_ws/src/lidar_object_detection/lidar_object_detection_node/src/pp_inference_node.cpp:237:18:[m[K [01;35m[Kwarning: [m[Kunused variable ‘[01m[Knum_point_values[m[K’ [[01;35m[K-Wunused-variable[m[K]
[7.320s]   237 |     unsigned int [01;35m[Knum_point_values[m[K = pcl_cloud->size();
[7.321s]       |                  [01;35m[K^~~~~~~~~~~~~~~~[m[K
[17.250s] [01m[K/home/docker/ament_ws/src/lidar_object_detection/lidar_object_detection_node/src/pp_inference_node.cpp:[m[K In constructor ‘[01m[KMinimalPublisher::MinimalPublisher()[m[K’:
[17.250s] [01m[K/home/docker/ament_ws/src/lidar_object_detection/lidar_object_detection_node/src/pp_inference_node.cpp:178:24:[m[K [01;35m[Kwarning: [m[K‘[01m[Kstart[m[K’ may be used uninitialized in this function [[01;35m[K-Wmaybe-uninitialized[m[K]
[17.250s]   178 |         [01;35m[KcudaEventRecord(start, stream)[m[K;
[17.250s]       |         [01;35m[K~~~~~~~~~~~~~~~^~~~~~~~~~~~~~~[m[K
[18.192s] make[2]: *** wait: No child processes.  Stop.
[18.192s] make[2]: *** Waiting for unfinished jobs....
[18.192s] make[2]: *** wait: No child processes.  Stop.
[18.193s] make[1]: *** [CMakeFiles/Makefile2:137: CMakeFiles/pp_infer.dir/all] Error 2
[18.193s] make: *** [Makefile:146: all] Interrupt
[18.195s] Invoked command in '/home/docker/ament_ws/src/lidar_object_detection/build/pp_infer' returned '-2': CMAKE_PREFIX_PATH=${CMAKE_PREFIX_PATH}:/opt/ros/humble/install/ros2bag:/opt/ros/humble/install/tf2_tools:/opt/ros/humble/install/tf2_ros_py:/opt/ros/humble/install/sros2:/opt/ros/humble/install/ros2topic:/opt/ros/humble/install/ros2test:/opt/ros/humble/install/ros2component:/opt/ros/humble/install/ros2param:/opt/ros/humble/install/ros2lifecycle:/opt/ros/humble/install/ros2service:/opt/ros/humble/install/ros2run:/opt/ros/humble/install/ros2launch:/opt/ros/humble/install/ros2pkg:/opt/ros/humble/install/ros2node:/opt/ros/humble/install/ros2multicast:/opt/ros/humble/install/ros2interface:/opt/ros/humble/install/ros2doctor:/opt/ros/humble/install/ros2action:/opt/ros/humble/install/ros2cli:/opt/ros/humble/install/launch_testing_ros:/opt/ros/humble/install/launch_ros:/opt/ros/humble/install/ament_uncrustify:/opt/ros/humble/install/rpyutils:/opt/ros/humble/install/rosidl_runtime_py:/opt/ros/humble/install/rosidl_cli:/opt/ros/humble/install/launch_testing:/opt/ros/humble/install/launch_yaml:/opt/ros/humble/install/launch_xml:/opt/ros/humble/install/launch:/opt/ros/humble/install/osrf_pycommon:/opt/ros/humble/install/domain_coordinator:/opt/ros/humble/install/ament_xmllint:/opt/ros/humble/install/ament_pycodestyle:/opt/ros/humble/install/ament_pep257:/opt/ros/humble/install/ament_package:/opt/ros/humble/install/ament_mypy:/opt/ros/humble/install/ament_lint_cmake:/opt/ros/humble/install/ament_flake8:/opt/ros/humble/install/ament_copyright:/opt/ros/humble/install/ament_lint:/opt/ros/humble/install/ament_index_python:/opt/ros/humble/install/ament_cpplint:/opt/ros/humble/install/ament_cppcheck _=/usr/bin/env /usr/local/bin/cmake --build /home/docker/ament_ws/src/lidar_object_detection/build/pp_infer -- -j120 -l120
