[0.111s] Invoking command in '/home/leungjch/Documents/repos/wato_monorepo_v2/src/build/producer': CMAKE_PREFIX_PATH=/home/leungjch/Documents/repos/wato_monorepo_v2/src/install/sample_msgs:/home/leungjch/Documents/repos/wato_monorepo_v2/src/install/tutorial_interfaces:/home/leungjch/Documents/repos/wato_monorepo_v2/src/install/transformer:/home/leungjch/Documents/repos/wato_monorepo_v2/src/install/producer:/home/leungjch/Documents/repos/wato_monorepo_v2/src/install/aggregator:/home/leungjch/Documents/repos/wato_monorepo_v2/src/install/common_msgs:/home/leungjch/Documents/repos/wato_monorepo_v2/src/install/py_pubsub:/home/leungjch/Documents/repos/wato_monorepo_v2/src/install/camera_detection:/opt/ros/humble CONDA_PROMPT_MODIFIER=(base) LD_LIBRARY_PATH=/home/leungjch/Documents/repos/wato_monorepo_v2/src/install/sample_msgs/lib:/home/leungjch/Documents/repos/wato_monorepo_v2/src/install/tutorial_interfaces/lib:/home/leungjch/Documents/repos/wato_monorepo_v2/src/install/common_msgs/lib:/opt/ros/humble/opt/rviz_ogre_vendor/lib:/opt/ros/humble/lib/x86_64-linux-gnu:/opt/ros/humble/lib /usr/bin/cmake --build /home/leungjch/Documents/repos/wato_monorepo_v2/src/build/producer -- -j16 -l16
[0.221s] [ 20%] Built target gtest_main
[0.224s] [ 40%] Built target gtest
[0.235s] [ 60%] Built target producer_lib
[0.282s] [100%] Built target producer_test
[0.282s] [100%] Built target producer_node
[0.365s] Invoked command in '/home/leungjch/Documents/repos/wato_monorepo_v2/src/build/producer' returned '0': CMAKE_PREFIX_PATH=/home/leungjch/Documents/repos/wato_monorepo_v2/src/install/sample_msgs:/home/leungjch/Documents/repos/wato_monorepo_v2/src/install/tutorial_interfaces:/home/leungjch/Documents/repos/wato_monorepo_v2/src/install/transformer:/home/leungjch/Documents/repos/wato_monorepo_v2/src/install/producer:/home/leungjch/Documents/repos/wato_monorepo_v2/src/install/aggregator:/home/leungjch/Documents/repos/wato_monorepo_v2/src/install/common_msgs:/home/leungjch/Documents/repos/wato_monorepo_v2/src/install/py_pubsub:/home/leungjch/Documents/repos/wato_monorepo_v2/src/install/camera_detection:/opt/ros/humble CONDA_PROMPT_MODIFIER=(base) LD_LIBRARY_PATH=/home/leungjch/Documents/repos/wato_monorepo_v2/src/install/sample_msgs/lib:/home/leungjch/Documents/repos/wato_monorepo_v2/src/install/tutorial_interfaces/lib:/home/leungjch/Documents/repos/wato_monorepo_v2/src/install/common_msgs/lib:/opt/ros/humble/opt/rviz_ogre_vendor/lib:/opt/ros/humble/lib/x86_64-linux-gnu:/opt/ros/humble/lib /usr/bin/cmake --build /home/leungjch/Documents/repos/wato_monorepo_v2/src/build/producer -- -j16 -l16
[1.742s] Invoking command in '/home/leungjch/Documents/repos/wato_monorepo_v2/src/build/producer': CMAKE_PREFIX_PATH=/home/leungjch/Documents/repos/wato_monorepo_v2/src/install/sample_msgs:/home/leungjch/Documents/repos/wato_monorepo_v2/src/install/tutorial_interfaces:/home/leungjch/Documents/repos/wato_monorepo_v2/src/install/transformer:/home/leungjch/Documents/repos/wato_monorepo_v2/src/install/producer:/home/leungjch/Documents/repos/wato_monorepo_v2/src/install/aggregator:/home/leungjch/Documents/repos/wato_monorepo_v2/src/install/common_msgs:/home/leungjch/Documents/repos/wato_monorepo_v2/src/install/py_pubsub:/home/leungjch/Documents/repos/wato_monorepo_v2/src/install/camera_detection:/opt/ros/humble CONDA_PROMPT_MODIFIER=(base) LD_LIBRARY_PATH=/home/leungjch/Documents/repos/wato_monorepo_v2/src/install/sample_msgs/lib:/home/leungjch/Documents/repos/wato_monorepo_v2/src/install/tutorial_interfaces/lib:/home/leungjch/Documents/repos/wato_monorepo_v2/src/install/common_msgs/lib:/opt/ros/humble/opt/rviz_ogre_vendor/lib:/opt/ros/humble/lib/x86_64-linux-gnu:/opt/ros/humble/lib /usr/bin/cmake --install /home/leungjch/Documents/repos/wato_monorepo_v2/src/build/producer
[1.767s] -- Install configuration: ""
[1.767s] -- Up-to-date: /home/leungjch/Documents/repos/wato_monorepo_v2/src/install/producer/lib/producer/producer_test
[1.767s] -- Up-to-date: /home/leungjch/Documents/repos/wato_monorepo_v2/src/install/producer/lib/producer/producer_node
[1.769s] -- Up-to-date: /home/leungjch/Documents/repos/wato_monorepo_v2/src/install/producer/share/producer/config
[1.770s] -- Up-to-date: /home/leungjch/Documents/repos/wato_monorepo_v2/src/install/producer/share/producer/config/params.yaml
[1.776s] -- Up-to-date: /home/leungjch/Documents/repos/wato_monorepo_v2/src/install/producer/share/producer/launch
[1.776s] -- Up-to-date: /home/leungjch/Documents/repos/wato_monorepo_v2/src/install/producer/share/producer/launch/producer.launch.py
[1.776s] -- Up-to-date: /home/leungjch/Documents/repos/wato_monorepo_v2/src/install/producer/share/ament_index/resource_index/package_run_dependencies/producer
[1.776s] -- Up-to-date: /home/leungjch/Documents/repos/wato_monorepo_v2/src/install/producer/share/ament_index/resource_index/parent_prefix_path/producer
[1.776s] -- Up-to-date: /home/leungjch/Documents/repos/wato_monorepo_v2/src/install/producer/share/producer/environment/ament_prefix_path.sh
[1.777s] -- Up-to-date: /home/leungjch/Documents/repos/wato_monorepo_v2/src/install/producer/share/producer/environment/ament_prefix_path.dsv
[1.777s] -- Up-to-date: /home/leungjch/Documents/repos/wato_monorepo_v2/src/install/producer/share/producer/environment/path.sh
[1.777s] -- Up-to-date: /home/leungjch/Documents/repos/wato_monorepo_v2/src/install/producer/share/producer/environment/path.dsv
[1.777s] -- Up-to-date: /home/leungjch/Documents/repos/wato_monorepo_v2/src/install/producer/share/producer/local_setup.bash
[1.777s] -- Up-to-date: /home/leungjch/Documents/repos/wato_monorepo_v2/src/install/producer/share/producer/local_setup.sh
[1.777s] -- Up-to-date: /home/leungjch/Documents/repos/wato_monorepo_v2/src/install/producer/share/producer/local_setup.zsh
[1.777s] -- Up-to-date: /home/leungjch/Documents/repos/wato_monorepo_v2/src/install/producer/share/producer/local_setup.dsv
[1.778s] -- Installing: /home/leungjch/Documents/repos/wato_monorepo_v2/src/install/producer/share/producer/package.dsv
[1.778s] -- Up-to-date: /home/leungjch/Documents/repos/wato_monorepo_v2/src/install/producer/share/ament_index/resource_index/packages/producer
[1.778s] -- Up-to-date: /home/leungjch/Documents/repos/wato_monorepo_v2/src/install/producer/share/producer/cmake/producerConfig.cmake
[1.778s] -- Up-to-date: /home/leungjch/Documents/repos/wato_monorepo_v2/src/install/producer/share/producer/cmake/producerConfig-version.cmake
[1.778s] -- Up-to-date: /home/leungjch/Documents/repos/wato_monorepo_v2/src/install/producer/share/producer/package.xml
[1.803s] Invoked command in '/home/leungjch/Documents/repos/wato_monorepo_v2/src/build/producer' returned '0': CMAKE_PREFIX_PATH=/home/leungjch/Documents/repos/wato_monorepo_v2/src/install/sample_msgs:/home/leungjch/Documents/repos/wato_monorepo_v2/src/install/tutorial_interfaces:/home/leungjch/Documents/repos/wato_monorepo_v2/src/install/transformer:/home/leungjch/Documents/repos/wato_monorepo_v2/src/install/producer:/home/leungjch/Documents/repos/wato_monorepo_v2/src/install/aggregator:/home/leungjch/Documents/repos/wato_monorepo_v2/src/install/common_msgs:/home/leungjch/Documents/repos/wato_monorepo_v2/src/install/py_pubsub:/home/leungjch/Documents/repos/wato_monorepo_v2/src/install/camera_detection:/opt/ros/humble CONDA_PROMPT_MODIFIER=(base) LD_LIBRARY_PATH=/home/leungjch/Documents/repos/wato_monorepo_v2/src/install/sample_msgs/lib:/home/leungjch/Documents/repos/wato_monorepo_v2/src/install/tutorial_interfaces/lib:/home/leungjch/Documents/repos/wato_monorepo_v2/src/install/common_msgs/lib:/opt/ros/humble/opt/rviz_ogre_vendor/lib:/opt/ros/humble/lib/x86_64-linux-gnu:/opt/ros/humble/lib /usr/bin/cmake --install /home/leungjch/Documents/repos/wato_monorepo_v2/src/build/producer
