[2.057s] DEBUG:colcon:Command line arguments: ['/usr/bin/colcon', 'build', '--packages-select', 'camera_detection']
[2.057s] DEBUG:colcon:Parsed command line arguments: Namespace(ament_cmake_args=None, base_paths=['.'], build_base='build', catkin_cmake_args=None, catkin_skip_building_tests=False, cmake_args=None, cmake_clean_cache=False, cmake_clean_first=False, cmake_force_configure=False, cmake_target=None, cmake_target_skip_unavailable=False, continue_on_error=False, event_handlers=None, executor='parallel', ignore_user_meta=False, install_base='install', log_base=None, log_level=None, main=<bound method BuildVerb.main of <colcon_core.verb.build.BuildVerb object at 0x7fa19e2c91f0>>, merge_install=False, metas=['./colcon.meta'], packages_above=None, packages_above_and_dependencies=None, packages_above_depth=None, packages_end=None, packages_ignore=None, packages_ignore_regex=None, packages_select=['camera_detection'], packages_select_build_failed=False, packages_select_by_dep=None, packages_select_regex=None, packages_select_test_failures=False, packages_skip=None, packages_skip_build_finished=False, packages_skip_by_dep=None, packages_skip_regex=None, packages_skip_test_passed=False, packages_skip_up_to=None, packages_start=None, packages_up_to=None, packages_up_to_regex=None, parallel_workers=2, paths=None, symlink_install=False, test_result_base=None, verb_extension=<colcon_core.verb.build.BuildVerb object at 0x7fa19e2c91f0>, verb_name='build', verb_parser=<colcon_defaults.argument_parser.defaults.DefaultArgumentsDecorator object at 0x7fa19e2c9730>)
[2.272s] Level 1:colcon.colcon_core.package_discovery:discover_packages(colcon_meta) check parameters
[2.273s] Level 1:colcon.colcon_core.package_discovery:discover_packages(recursive) check parameters
[2.277s] Level 1:colcon.colcon_core.package_discovery:discover_packages(ignore) check parameters
[2.283s] Level 1:colcon.colcon_core.package_discovery:discover_packages(path) check parameters
[2.284s] Level 1:colcon.colcon_core.package_discovery:discover_packages(colcon_meta) discover
[2.285s] Level 1:colcon.colcon_core.package_discovery:discover_packages(recursive) discover
[2.285s] INFO:colcon.colcon_core.package_discovery:Crawling recursively for packages in '/home/deepracer/Documents/wato_monorepo_v2/src/camera_detection'
[2.286s] Level 1:colcon.colcon_core.package_identification:_identify(.) by extensions ['ignore', 'ignore_ament_install']
[2.287s] Level 1:colcon.colcon_core.package_identification:_identify(.) by extension 'ignore'
[2.288s] Level 1:colcon.colcon_core.package_identification:_identify(.) by extension 'ignore_ament_install'
[2.288s] Level 1:colcon.colcon_core.package_identification:_identify(.) by extensions ['colcon_pkg']
[2.289s] Level 1:colcon.colcon_core.package_identification:_identify(.) by extension 'colcon_pkg'
[2.289s] Level 1:colcon.colcon_core.package_identification:_identify(.) by extensions ['colcon_meta']
[2.290s] Level 1:colcon.colcon_core.package_identification:_identify(.) by extension 'colcon_meta'
[2.290s] Level 1:colcon.colcon_core.package_identification:_identify(.) by extensions ['ros']
[2.291s] Level 1:colcon.colcon_core.package_identification:_identify(.) by extension 'ros'
[2.603s] DEBUG:colcon.colcon_core.package_identification:Package '.' with type 'ros.ament_python' and name 'camera_detection'
[2.607s] Level 1:colcon.colcon_core.package_discovery:discover_packages(recursive) using defaults
[2.608s] Level 1:colcon.colcon_core.package_discovery:discover_packages(ignore) discover
[2.608s] Level 1:colcon.colcon_core.package_discovery:discover_packages(ignore) using defaults
[2.608s] Level 1:colcon.colcon_core.package_discovery:discover_packages(path) discover
[2.608s] Level 1:colcon.colcon_core.package_discovery:discover_packages(path) using defaults
[2.815s] Level 5:colcon.colcon_core.verb:set package 'camera_detection' build argument 'cmake_args' from command line to 'None'
[2.815s] Level 5:colcon.colcon_core.verb:set package 'camera_detection' build argument 'cmake_target' from command line to 'None'
[2.819s] Level 5:colcon.colcon_core.verb:set package 'camera_detection' build argument 'cmake_target_skip_unavailable' from command line to 'False'
[2.819s] Level 5:colcon.colcon_core.verb:set package 'camera_detection' build argument 'cmake_clean_cache' from command line to 'False'
[2.819s] Level 5:colcon.colcon_core.verb:set package 'camera_detection' build argument 'cmake_clean_first' from command line to 'False'
[2.820s] Level 5:colcon.colcon_core.verb:set package 'camera_detection' build argument 'cmake_force_configure' from command line to 'False'
[2.820s] Level 5:colcon.colcon_core.verb:set package 'camera_detection' build argument 'ament_cmake_args' from command line to 'None'
[2.820s] Level 5:colcon.colcon_core.verb:set package 'camera_detection' build argument 'catkin_cmake_args' from command line to 'None'
[2.820s] Level 5:colcon.colcon_core.verb:set package 'camera_detection' build argument 'catkin_skip_building_tests' from command line to 'False'
[2.820s] DEBUG:colcon.colcon_core.verb:Building package 'camera_detection' with the following arguments: {'ament_cmake_args': None, 'build_base': '/home/deepracer/Documents/wato_monorepo_v2/src/camera_detection/build/camera_detection', 'catkin_cmake_args': None, 'catkin_skip_building_tests': False, 'cmake_args': None, 'cmake_clean_cache': False, 'cmake_clean_first': False, 'cmake_force_configure': False, 'cmake_target': None, 'cmake_target_skip_unavailable': False, 'install_base': '/home/deepracer/Documents/wato_monorepo_v2/src/camera_detection/install/camera_detection', 'merge_install': False, 'path': '/home/deepracer/Documents/wato_monorepo_v2/src/camera_detection', 'symlink_install': False, 'test_result_base': None}
[2.822s] INFO:colcon.colcon_core.executor:Executing jobs using 'parallel' executor
[3.028s] DEBUG:colcon.colcon_parallel_executor.executor.parallel:run_until_complete
[3.035s] INFO:colcon.colcon_ros.task.ament_python.build:Building ROS package in '/home/deepracer/Documents/wato_monorepo_v2/src/camera_detection' with build type 'ament_python'
[3.036s] Level 1:colcon.colcon_core.shell:create_environment_hook('camera_detection', 'ament_prefix_path')
[3.081s] INFO:colcon.colcon_core.plugin_system:Skipping extension 'colcon_core.shell.bat': Not used on non-Windows systems
[3.082s] INFO:colcon.colcon_core.shell:Creating environment hook '/home/deepracer/Documents/wato_monorepo_v2/src/camera_detection/install/camera_detection/share/camera_detection/hook/ament_prefix_path.ps1'
[3.085s] INFO:colcon.colcon_core.shell:Creating environment descriptor '/home/deepracer/Documents/wato_monorepo_v2/src/camera_detection/install/camera_detection/share/camera_detection/hook/ament_prefix_path.dsv'
[3.087s] INFO:colcon.colcon_core.shell:Creating environment hook '/home/deepracer/Documents/wato_monorepo_v2/src/camera_detection/install/camera_detection/share/camera_detection/hook/ament_prefix_path.sh'
[3.099s] INFO:colcon.colcon_core.shell:Skip shell extension 'powershell' for command environment: Not usable outside of PowerShell
[3.100s] DEBUG:colcon.colcon_core.shell:Skip shell extension 'dsv' for command environment
[3.153s] DEBUG:colcon.colcon_core.shell:Ignoring prefix path '/opt/ros/foxy'
[6.123s] INFO:colcon.colcon_core.task.python.build:Building Python package in '/home/deepracer/Documents/wato_monorepo_v2/src/camera_detection'
[6.128s] INFO:colcon.colcon_core.shell:Skip shell extension 'powershell' for command environment: Not usable outside of PowerShell
[6.129s] DEBUG:colcon.colcon_core.shell:Skip shell extension 'dsv' for command environment
[6.166s] DEBUG:colcon.colcon_core.shell:Ignoring prefix path '/opt/ros/foxy'
[6.211s] DEBUG:colcon.colcon_core.event_handler.log_command:Invoking command in '/home/deepracer/Documents/wato_monorepo_v2/src/camera_detection': PYTHONPATH=/home/deepracer/Documents/wato_monorepo_v2/src/camera_detection/install/camera_detection/lib/python3.8/site-packages:${PYTHONPATH} /usr/bin/python3 setup.py egg_info --egg-base build/camera_detection build --build-base /home/deepracer/Documents/wato_monorepo_v2/src/camera_detection/build/camera_detection/build install --prefix /home/deepracer/Documents/wato_monorepo_v2/src/camera_detection/install/camera_detection --record /home/deepracer/Documents/wato_monorepo_v2/src/camera_detection/build/camera_detection/install.log --single-version-externally-managed
[9.408s] DEBUG:colcon.colcon_core.event_handler.log_command:Invoked command in '/home/deepracer/Documents/wato_monorepo_v2/src/camera_detection' returned '0': PYTHONPATH=/home/deepracer/Documents/wato_monorepo_v2/src/camera_detection/install/camera_detection/lib/python3.8/site-packages:${PYTHONPATH} /usr/bin/python3 setup.py egg_info --egg-base build/camera_detection build --build-base /home/deepracer/Documents/wato_monorepo_v2/src/camera_detection/build/camera_detection/build install --prefix /home/deepracer/Documents/wato_monorepo_v2/src/camera_detection/install/camera_detection --record /home/deepracer/Documents/wato_monorepo_v2/src/camera_detection/build/camera_detection/install.log --single-version-externally-managed
[9.480s] Level 1:colcon.colcon_core.environment:checking '/home/deepracer/Documents/wato_monorepo_v2/src/camera_detection/install/camera_detection' for CMake module files
[9.483s] Level 1:colcon.colcon_core.environment:checking '/home/deepracer/Documents/wato_monorepo_v2/src/camera_detection/install/camera_detection' for CMake config files
[9.486s] Level 1:colcon.colcon_core.environment:checking '/home/deepracer/Documents/wato_monorepo_v2/src/camera_detection/install/camera_detection/lib'
[9.500s] Level 1:colcon.colcon_core.environment:checking '/home/deepracer/Documents/wato_monorepo_v2/src/camera_detection/install/camera_detection/bin'
[9.501s] Level 1:colcon.colcon_core.environment:checking '/home/deepracer/Documents/wato_monorepo_v2/src/camera_detection/install/camera_detection/lib/pkgconfig/camera_detection.pc'
[9.502s] Level 1:colcon.colcon_core.environment:checking '/home/deepracer/Documents/wato_monorepo_v2/src/camera_detection/install/camera_detection/lib/python3.8/site-packages'
[9.502s] Level 1:colcon.colcon_core.shell:create_environment_hook('camera_detection', 'pythonpath')
[9.505s] INFO:colcon.colcon_core.shell:Creating environment hook '/home/deepracer/Documents/wato_monorepo_v2/src/camera_detection/install/camera_detection/share/camera_detection/hook/pythonpath.ps1'
[9.517s] INFO:colcon.colcon_core.shell:Creating environment descriptor '/home/deepracer/Documents/wato_monorepo_v2/src/camera_detection/install/camera_detection/share/camera_detection/hook/pythonpath.dsv'
[9.519s] INFO:colcon.colcon_core.shell:Creating environment hook '/home/deepracer/Documents/wato_monorepo_v2/src/camera_detection/install/camera_detection/share/camera_detection/hook/pythonpath.sh'
[9.531s] Level 1:colcon.colcon_core.environment:create_environment_scripts_only(camera_detection)
[9.537s] INFO:colcon.colcon_core.shell:Creating package script '/home/deepracer/Documents/wato_monorepo_v2/src/camera_detection/install/camera_detection/share/camera_detection/package.ps1'
[9.717s] INFO:colcon.colcon_core.shell:Creating package descriptor '/home/deepracer/Documents/wato_monorepo_v2/src/camera_detection/install/camera_detection/share/camera_detection/package.dsv'
[9.767s] INFO:colcon.colcon_core.shell:Creating package script '/home/deepracer/Documents/wato_monorepo_v2/src/camera_detection/install/camera_detection/share/camera_detection/package.sh'
[9.821s] INFO:colcon.colcon_core.shell:Creating package script '/home/deepracer/Documents/wato_monorepo_v2/src/camera_detection/install/camera_detection/share/camera_detection/package.bash'
[9.835s] INFO:colcon.colcon_core.shell:Creating package script '/home/deepracer/Documents/wato_monorepo_v2/src/camera_detection/install/camera_detection/share/camera_detection/package.zsh'
[9.931s] Level 1:colcon.colcon_core.environment:create_file_with_runtime_dependencies(/home/deepracer/Documents/wato_monorepo_v2/src/camera_detection/install/camera_detection/share/colcon-core/packages/camera_detection)
[9.943s] DEBUG:colcon.colcon_parallel_executor.executor.parallel:closing loop
[9.956s] DEBUG:colcon.colcon_parallel_executor.executor.parallel:loop closed
[9.961s] DEBUG:colcon.colcon_parallel_executor.executor.parallel:run_until_complete finished with '0'
[9.961s] DEBUG:colcon.colcon_core.event_reactor:joining thread
[10.071s] INFO:colcon.colcon_core.plugin_system:Skipping extension 'colcon_notification.desktop_notification.terminal_notifier': Not used on non-Darwin systems
[10.082s] INFO:colcon.colcon_core.plugin_system:Skipping extension 'colcon_notification.desktop_notification.win32': Not used on non-Windows systems
[10.083s] INFO:colcon.colcon_notification.desktop_notification:Sending desktop notification using 'notify2'
[35.111s] DEBUG:colcon.colcon_notification.desktop_notification.notify2:Failed to initialize notify2: org.freedesktop.DBus.Error.NoReply: Did not receive a reply. Possible causes include: the remote application did not send a reply, the message bus security policy blocked the reply, the reply timeout expired, or the network connection was broken.
[35.112s] DEBUG:colcon.colcon_core.event_reactor:joined thread
[35.114s] INFO:colcon.colcon_core.shell:Creating prefix script '/home/deepracer/Documents/wato_monorepo_v2/src/camera_detection/install/local_setup.ps1'
[35.279s] INFO:colcon.colcon_core.shell:Creating prefix util module '/home/deepracer/Documents/wato_monorepo_v2/src/camera_detection/install/_local_setup_util_ps1.py'
[35.287s] INFO:colcon.colcon_core.shell:Creating prefix chain script '/home/deepracer/Documents/wato_monorepo_v2/src/camera_detection/install/setup.ps1'
[35.304s] INFO:colcon.colcon_core.shell:Creating prefix script '/home/deepracer/Documents/wato_monorepo_v2/src/camera_detection/install/local_setup.sh'
[35.314s] INFO:colcon.colcon_core.shell:Creating prefix util module '/home/deepracer/Documents/wato_monorepo_v2/src/camera_detection/install/_local_setup_util_sh.py'
[35.321s] INFO:colcon.colcon_core.shell:Creating prefix chain script '/home/deepracer/Documents/wato_monorepo_v2/src/camera_detection/install/setup.sh'
[35.342s] INFO:colcon.colcon_core.shell:Creating prefix script '/home/deepracer/Documents/wato_monorepo_v2/src/camera_detection/install/local_setup.bash'
[35.350s] INFO:colcon.colcon_core.shell:Creating prefix chain script '/home/deepracer/Documents/wato_monorepo_v2/src/camera_detection/install/setup.bash'
[35.367s] INFO:colcon.colcon_core.shell:Creating prefix script '/home/deepracer/Documents/wato_monorepo_v2/src/camera_detection/install/local_setup.zsh'
[35.384s] INFO:colcon.colcon_core.shell:Creating prefix chain script '/home/deepracer/Documents/wato_monorepo_v2/src/camera_detection/install/setup.zsh'
