running egg_info
creating ../build/tracking/tracking.egg-info
writing ../build/tracking/tracking.egg-info/PKG-INFO
writing dependency_links to ../build/tracking/tracking.egg-info/dependency_links.txt
writing entry points to ../build/tracking/tracking.egg-info/entry_points.txt
writing requirements to ../build/tracking/tracking.egg-info/requires.txt
writing top-level names to ../build/tracking/tracking.egg-info/top_level.txt
writing manifest file '../build/tracking/tracking.egg-info/SOURCES.txt'
reading manifest file '../build/tracking/tracking.egg-info/SOURCES.txt'
writing manifest file '../build/tracking/tracking.egg-info/SOURCES.txt'
running build
running install
running install_data
creating /home/bolty/ament_ws/src/tracking/install/tracking/share/ament_index
creating /home/bolty/ament_ws/src/tracking/install/tracking/share/ament_index/resource_index
creating /home/bolty/ament_ws/src/tracking/install/tracking/share/ament_index/resource_index/packages
copying resource/tracking -> /home/bolty/ament_ws/src/tracking/install/tracking/share/ament_index/resource_index/packages
copying package.xml -> /home/bolty/ament_ws/src/tracking/install/tracking/share/tracking
running install_egg_info
Copying ../build/tracking/tracking.egg-info to /home/bolty/ament_ws/src/tracking/install/tracking/lib/python3.10/site-packages/tracking-0.0.0-py3.10.egg-info
running install_scripts
Installing detection_publisher script to /home/bolty/ament_ws/src/tracking/install/tracking/lib/tracking
Installing tracker_node script to /home/bolty/ament_ws/src/tracking/install/tracking/lib/tracking
writing list of installed files to '/home/bolty/ament_ws/src/tracking/build/tracking/install.log'
