[2.467s] Invoking command in '/home/docker/ament_ws/src/lidar_object_detection/lidar_object_detection_node/build/pp_infer': _=/usr/bin/env /usr/local/bin/cmake /home/docker/ament_ws/src/lidar_object_detection/lidar_object_detection_node -DCMAKE_INSTALL_PREFIX=/home/docker/ament_ws/src/lidar_object_detection/lidar_object_detection_node/install/pp_infer
[2.468s] -- Architecture: x86_64
[2.468s] [31mCMake Error at CMakeLists.txt:37 (find_package):
[2.468s]   By not providing "Findament_cmake.cmake" in CMAKE_MODULE_PATH this project
[2.468s]   has asked CMake to find a package configuration file provided by
[2.468s]   "ament_cmake", but CMake did not find one.
[2.468s] 
[2.468s]   Could not find a package configuration file provided by "ament_cmake" with
[2.468s]   any of the following names:
[2.468s] 
[2.468s]     ament_cmakeConfig.cmake
[2.468s]     ament_cmake-config.cmake
[2.468s] 
[2.469s]   Add the installation prefix of "ament_cmake" to CMAKE_PREFIX_PATH or set
[2.469s]   "ament_cmake_DIR" to a directory containing one of the above files.  If
[2.469s]   "ament_cmake" provides a separate development package or SDK, be sure it
[2.469s]   has been installed.
[2.469s] 
[2.469s] [0m
[2.469s] -- Configuring incomplete, errors occurred!
[2.469s] See also "/home/docker/ament_ws/src/lidar_object_detection/lidar_object_detection_node/build/pp_infer/CMakeFiles/CMakeOutput.log".
[2.596s] Invoked command in '/home/docker/ament_ws/src/lidar_object_detection/lidar_object_detection_node/build/pp_infer' returned '1': _=/usr/bin/env /usr/local/bin/cmake /home/docker/ament_ws/src/lidar_object_detection/lidar_object_detection_node -DCMAKE_INSTALL_PREFIX=/home/docker/ament_ws/src/lidar_object_detection/lidar_object_detection_node/install/pp_infer
