[0.408s] DEBUG:colcon:Command line arguments: ['/usr/bin/colcon', 'build', '--packages-select', 'camera_detection']
[0.409s] DEBUG:colcon:Parsed command line arguments: Namespace(log_base=None, log_level=None, verb_name='build', build_base='build', install_base='install', merge_install=False, symlink_install=False, test_result_base=None, continue_on_error=False, executor='parallel', parallel_workers=16, event_handlers=None, ignore_user_meta=False, metas=['./colcon.meta'], base_paths=['.'], packages_ignore=None, packages_ignore_regex=None, paths=None, packages_up_to=None, packages_up_to_regex=None, packages_above=None, packages_above_and_dependencies=None, packages_above_depth=None, packages_select_by_dep=None, packages_skip_by_dep=None, packages_skip_up_to=None, packages_select_build_failed=False, packages_skip_build_finished=False, packages_select_test_failures=False, packages_skip_test_passed=False, packages_select=['camera_detection'], packages_skip=None, packages_select_regex=None, packages_skip_regex=None, packages_start=None, packages_end=None, allow_overriding=[], cmake_args=None, cmake_target=None, cmake_target_skip_unavailable=False, cmake_clean_cache=False, cmake_clean_first=False, cmake_force_configure=False, ament_cmake_args=None, catkin_cmake_args=None, catkin_skip_building_tests=False, verb_parser=<colcon_defaults.argument_parser.defaults.DefaultArgumentsDecorator object at 0x7f4c4cc17790>, verb_extension=<colcon_core.verb.build.BuildVerb object at 0x7f4c4cc17220>, main=<bound method BuildVerb.main of <colcon_core.verb.build.BuildVerb object at 0x7f4c4cc17220>>)
[0.431s] Level 1:colcon.colcon_core.package_discovery:discover_packages(colcon_meta) check parameters
[0.431s] Level 1:colcon.colcon_core.package_discovery:discover_packages(recursive) check parameters
[0.431s] Level 1:colcon.colcon_core.package_discovery:discover_packages(ignore) check parameters
[0.431s] Level 1:colcon.colcon_core.package_discovery:discover_packages(path) check parameters
[0.431s] Level 1:colcon.colcon_core.package_discovery:discover_packages(colcon_meta) discover
[0.431s] Level 1:colcon.colcon_core.package_discovery:discover_packages(recursive) discover
[0.431s] INFO:colcon.colcon_core.package_discovery:Crawling recursively for packages in '/home/leungjch/Documents/repos/wato_monorepo_v2/src'
[0.431s] Level 1:colcon.colcon_core.package_identification:_identify(.) by extensions ['ignore', 'ignore_ament_install']
[0.431s] Level 1:colcon.colcon_core.package_identification:_identify(.) by extension 'ignore'
[0.431s] Level 1:colcon.colcon_core.package_identification:_identify(.) by extension 'ignore_ament_install'
[0.431s] Level 1:colcon.colcon_core.package_identification:_identify(.) by extensions ['colcon_pkg']
[0.431s] Level 1:colcon.colcon_core.package_identification:_identify(.) by extension 'colcon_pkg'
[0.431s] Level 1:colcon.colcon_core.package_identification:_identify(.) by extensions ['colcon_meta']
[0.431s] Level 1:colcon.colcon_core.package_identification:_identify(.) by extension 'colcon_meta'
[0.432s] Level 1:colcon.colcon_core.package_identification:_identify(.) by extensions ['ros']
[0.432s] Level 1:colcon.colcon_core.package_identification:_identify(.) by extension 'ros'
[0.442s] Level 1:colcon.colcon_core.package_identification:_identify(.) by extensions ['cmake', 'python']
[0.442s] Level 1:colcon.colcon_core.package_identification:_identify(.) by extension 'cmake'
[0.442s] Level 1:colcon.colcon_core.package_identification:_identify(.) by extension 'python'
[0.442s] Level 1:colcon.colcon_core.package_identification:_identify(.) by extensions ['python_setup_py']
[0.442s] Level 1:colcon.colcon_core.package_identification:_identify(.) by extension 'python_setup_py'
[0.442s] Level 1:colcon.colcon_core.package_identification:_identify(build) by extensions ['ignore', 'ignore_ament_install']
[0.442s] Level 1:colcon.colcon_core.package_identification:_identify(build) by extension 'ignore'
[0.442s] Level 1:colcon.colcon_core.package_identification:_identify(build) ignored
[0.443s] Level 1:colcon.colcon_core.package_identification:_identify(camera_detection) by extensions ['ignore', 'ignore_ament_install']
[0.443s] Level 1:colcon.colcon_core.package_identification:_identify(camera_detection) by extension 'ignore'
[0.443s] Level 1:colcon.colcon_core.package_identification:_identify(camera_detection) by extension 'ignore_ament_install'
[0.443s] Level 1:colcon.colcon_core.package_identification:_identify(camera_detection) by extensions ['colcon_pkg']
[0.443s] Level 1:colcon.colcon_core.package_identification:_identify(camera_detection) by extension 'colcon_pkg'
[0.443s] Level 1:colcon.colcon_core.package_identification:_identify(camera_detection) by extensions ['colcon_meta']
[0.443s] Level 1:colcon.colcon_core.package_identification:_identify(camera_detection) by extension 'colcon_meta'
[0.443s] Level 1:colcon.colcon_core.package_identification:_identify(camera_detection) by extensions ['ros']
[0.443s] Level 1:colcon.colcon_core.package_identification:_identify(camera_detection) by extension 'ros'
[0.445s] DEBUG:colcon.colcon_core.package_identification:Package 'camera_detection' with type 'ros.ament_python' and name 'camera_detection'
[0.445s] Level 1:colcon.colcon_core.package_identification:_identify(install) by extensions ['ignore', 'ignore_ament_install']
[0.445s] Level 1:colcon.colcon_core.package_identification:_identify(install) by extension 'ignore'
[0.445s] Level 1:colcon.colcon_core.package_identification:_identify(install) ignored
[0.445s] Level 1:colcon.colcon_core.package_identification:_identify(log) by extensions ['ignore', 'ignore_ament_install']
[0.445s] Level 1:colcon.colcon_core.package_identification:_identify(log) by extension 'ignore'
[0.445s] Level 1:colcon.colcon_core.package_identification:_identify(log) ignored
[0.446s] Level 1:colcon.colcon_core.package_identification:_identify(samples) by extensions ['ignore', 'ignore_ament_install']
[0.446s] Level 1:colcon.colcon_core.package_identification:_identify(samples) by extension 'ignore'
[0.446s] Level 1:colcon.colcon_core.package_identification:_identify(samples) by extension 'ignore_ament_install'
[0.446s] Level 1:colcon.colcon_core.package_identification:_identify(samples) by extensions ['colcon_pkg']
[0.446s] Level 1:colcon.colcon_core.package_identification:_identify(samples) by extension 'colcon_pkg'
[0.446s] Level 1:colcon.colcon_core.package_identification:_identify(samples) by extensions ['colcon_meta']
[0.446s] Level 1:colcon.colcon_core.package_identification:_identify(samples) by extension 'colcon_meta'
[0.446s] Level 1:colcon.colcon_core.package_identification:_identify(samples) by extensions ['ros']
[0.446s] Level 1:colcon.colcon_core.package_identification:_identify(samples) by extension 'ros'
[0.446s] Level 1:colcon.colcon_core.package_identification:_identify(samples) by extensions ['cmake', 'python']
[0.446s] Level 1:colcon.colcon_core.package_identification:_identify(samples) by extension 'cmake'
[0.446s] Level 1:colcon.colcon_core.package_identification:_identify(samples) by extension 'python'
[0.446s] Level 1:colcon.colcon_core.package_identification:_identify(samples) by extensions ['python_setup_py']
[0.446s] Level 1:colcon.colcon_core.package_identification:_identify(samples) by extension 'python_setup_py'
[0.446s] Level 1:colcon.colcon_core.package_identification:_identify(samples/cpp) by extensions ['ignore', 'ignore_ament_install']
[0.446s] Level 1:colcon.colcon_core.package_identification:_identify(samples/cpp) by extension 'ignore'
[0.446s] Level 1:colcon.colcon_core.package_identification:_identify(samples/cpp) by extension 'ignore_ament_install'
[0.446s] Level 1:colcon.colcon_core.package_identification:_identify(samples/cpp) by extensions ['colcon_pkg']
[0.446s] Level 1:colcon.colcon_core.package_identification:_identify(samples/cpp) by extension 'colcon_pkg'
[0.446s] Level 1:colcon.colcon_core.package_identification:_identify(samples/cpp) by extensions ['colcon_meta']
[0.447s] Level 1:colcon.colcon_core.package_identification:_identify(samples/cpp) by extension 'colcon_meta'
[0.447s] Level 1:colcon.colcon_core.package_identification:_identify(samples/cpp) by extensions ['ros']
[0.447s] Level 1:colcon.colcon_core.package_identification:_identify(samples/cpp) by extension 'ros'
[0.447s] Level 1:colcon.colcon_core.package_identification:_identify(samples/cpp) by extensions ['cmake', 'python']
[0.447s] Level 1:colcon.colcon_core.package_identification:_identify(samples/cpp) by extension 'cmake'
[0.447s] Level 1:colcon.colcon_core.package_identification:_identify(samples/cpp) by extension 'python'
[0.447s] Level 1:colcon.colcon_core.package_identification:_identify(samples/cpp) by extensions ['python_setup_py']
[0.447s] Level 1:colcon.colcon_core.package_identification:_identify(samples/cpp) by extension 'python_setup_py'
[0.447s] Level 1:colcon.colcon_core.package_identification:_identify(samples/cpp/aggregator) by extensions ['ignore', 'ignore_ament_install']
[0.447s] Level 1:colcon.colcon_core.package_identification:_identify(samples/cpp/aggregator) by extension 'ignore'
[0.447s] Level 1:colcon.colcon_core.package_identification:_identify(samples/cpp/aggregator) by extension 'ignore_ament_install'
[0.447s] Level 1:colcon.colcon_core.package_identification:_identify(samples/cpp/aggregator) by extensions ['colcon_pkg']
[0.447s] Level 1:colcon.colcon_core.package_identification:_identify(samples/cpp/aggregator) by extension 'colcon_pkg'
[0.447s] Level 1:colcon.colcon_core.package_identification:_identify(samples/cpp/aggregator) by extensions ['colcon_meta']
[0.447s] Level 1:colcon.colcon_core.package_identification:_identify(samples/cpp/aggregator) by extension 'colcon_meta'
[0.447s] Level 1:colcon.colcon_core.package_identification:_identify(samples/cpp/aggregator) by extensions ['ros']
[0.447s] Level 1:colcon.colcon_core.package_identification:_identify(samples/cpp/aggregator) by extension 'ros'
[0.448s] DEBUG:colcon.colcon_core.package_identification:Package 'samples/cpp/aggregator' with type 'ros.ament_cmake' and name 'aggregator'
[0.448s] Level 1:colcon.colcon_core.package_identification:_identify(samples/cpp/producer) by extensions ['ignore', 'ignore_ament_install']
[0.448s] Level 1:colcon.colcon_core.package_identification:_identify(samples/cpp/producer) by extension 'ignore'
[0.448s] Level 1:colcon.colcon_core.package_identification:_identify(samples/cpp/producer) by extension 'ignore_ament_install'
[0.448s] Level 1:colcon.colcon_core.package_identification:_identify(samples/cpp/producer) by extensions ['colcon_pkg']
[0.448s] Level 1:colcon.colcon_core.package_identification:_identify(samples/cpp/producer) by extension 'colcon_pkg'
[0.448s] Level 1:colcon.colcon_core.package_identification:_identify(samples/cpp/producer) by extensions ['colcon_meta']
[0.448s] Level 1:colcon.colcon_core.package_identification:_identify(samples/cpp/producer) by extension 'colcon_meta'
[0.448s] Level 1:colcon.colcon_core.package_identification:_identify(samples/cpp/producer) by extensions ['ros']
[0.448s] Level 1:colcon.colcon_core.package_identification:_identify(samples/cpp/producer) by extension 'ros'
[0.449s] DEBUG:colcon.colcon_core.package_identification:Package 'samples/cpp/producer' with type 'ros.ament_cmake' and name 'producer'
[0.449s] Level 1:colcon.colcon_core.package_identification:_identify(samples/cpp/transformer) by extensions ['ignore', 'ignore_ament_install']
[0.449s] Level 1:colcon.colcon_core.package_identification:_identify(samples/cpp/transformer) by extension 'ignore'
[0.449s] Level 1:colcon.colcon_core.package_identification:_identify(samples/cpp/transformer) by extension 'ignore_ament_install'
[0.449s] Level 1:colcon.colcon_core.package_identification:_identify(samples/cpp/transformer) by extensions ['colcon_pkg']
[0.449s] Level 1:colcon.colcon_core.package_identification:_identify(samples/cpp/transformer) by extension 'colcon_pkg'
[0.449s] Level 1:colcon.colcon_core.package_identification:_identify(samples/cpp/transformer) by extensions ['colcon_meta']
[0.449s] Level 1:colcon.colcon_core.package_identification:_identify(samples/cpp/transformer) by extension 'colcon_meta'
[0.449s] Level 1:colcon.colcon_core.package_identification:_identify(samples/cpp/transformer) by extensions ['ros']
[0.450s] Level 1:colcon.colcon_core.package_identification:_identify(samples/cpp/transformer) by extension 'ros'
[0.450s] DEBUG:colcon.colcon_core.package_identification:Package 'samples/cpp/transformer' with type 'ros.ament_cmake' and name 'transformer'
[0.450s] Level 1:colcon.colcon_core.package_identification:_identify(wato_msgs) by extensions ['ignore', 'ignore_ament_install']
[0.450s] Level 1:colcon.colcon_core.package_identification:_identify(wato_msgs) by extension 'ignore'
[0.450s] Level 1:colcon.colcon_core.package_identification:_identify(wato_msgs) by extension 'ignore_ament_install'
[0.451s] Level 1:colcon.colcon_core.package_identification:_identify(wato_msgs) by extensions ['colcon_pkg']
[0.451s] Level 1:colcon.colcon_core.package_identification:_identify(wato_msgs) by extension 'colcon_pkg'
[0.451s] Level 1:colcon.colcon_core.package_identification:_identify(wato_msgs) by extensions ['colcon_meta']
[0.451s] Level 1:colcon.colcon_core.package_identification:_identify(wato_msgs) by extension 'colcon_meta'
[0.451s] Level 1:colcon.colcon_core.package_identification:_identify(wato_msgs) by extensions ['ros']
[0.451s] Level 1:colcon.colcon_core.package_identification:_identify(wato_msgs) by extension 'ros'
[0.451s] Level 1:colcon.colcon_core.package_identification:_identify(wato_msgs) by extensions ['cmake', 'python']
[0.451s] Level 1:colcon.colcon_core.package_identification:_identify(wato_msgs) by extension 'cmake'
[0.451s] Level 1:colcon.colcon_core.package_identification:_identify(wato_msgs) by extension 'python'
[0.451s] Level 1:colcon.colcon_core.package_identification:_identify(wato_msgs) by extensions ['python_setup_py']
[0.451s] Level 1:colcon.colcon_core.package_identification:_identify(wato_msgs) by extension 'python_setup_py'
[0.451s] Level 1:colcon.colcon_core.package_identification:_identify(wato_msgs/sample_msgs) by extensions ['ignore', 'ignore_ament_install']
[0.451s] Level 1:colcon.colcon_core.package_identification:_identify(wato_msgs/sample_msgs) by extension 'ignore'
[0.451s] Level 1:colcon.colcon_core.package_identification:_identify(wato_msgs/sample_msgs) by extension 'ignore_ament_install'
[0.451s] Level 1:colcon.colcon_core.package_identification:_identify(wato_msgs/sample_msgs) by extensions ['colcon_pkg']
[0.451s] Level 1:colcon.colcon_core.package_identification:_identify(wato_msgs/sample_msgs) by extension 'colcon_pkg'
[0.451s] Level 1:colcon.colcon_core.package_identification:_identify(wato_msgs/sample_msgs) by extensions ['colcon_meta']
[0.451s] Level 1:colcon.colcon_core.package_identification:_identify(wato_msgs/sample_msgs) by extension 'colcon_meta'
[0.451s] Level 1:colcon.colcon_core.package_identification:_identify(wato_msgs/sample_msgs) by extensions ['ros']
[0.451s] Level 1:colcon.colcon_core.package_identification:_identify(wato_msgs/sample_msgs) by extension 'ros'
[0.452s] DEBUG:colcon.colcon_core.package_identification:Package 'wato_msgs/sample_msgs' with type 'ros.ament_cmake' and name 'sample_msgs'
[0.452s] Level 1:colcon.colcon_core.package_discovery:discover_packages(recursive) using defaults
[0.452s] Level 1:colcon.colcon_core.package_discovery:discover_packages(ignore) discover
[0.452s] Level 1:colcon.colcon_core.package_discovery:discover_packages(ignore) using defaults
[0.452s] Level 1:colcon.colcon_core.package_discovery:discover_packages(path) discover
[0.452s] Level 1:colcon.colcon_core.package_discovery:discover_packages(path) using defaults
[0.475s] INFO:colcon.colcon_core.package_selection:Skipping not selected package 'sample_msgs' in 'wato_msgs/sample_msgs'
[0.475s] INFO:colcon.colcon_core.package_selection:Skipping not selected package 'aggregator' in 'samples/cpp/aggregator'
[0.475s] INFO:colcon.colcon_core.package_selection:Skipping not selected package 'producer' in 'samples/cpp/producer'
[0.475s] INFO:colcon.colcon_core.package_selection:Skipping not selected package 'transformer' in 'samples/cpp/transformer'
[0.476s] Level 1:colcon.colcon_core.package_discovery:discover_packages(prefix_path) check parameters
[0.476s] Level 1:colcon.colcon_core.package_discovery:discover_packages(prefix_path) discover
[0.479s] DEBUG:colcon.colcon_installed_package_information.package_discovery:Found 1 installed packages in /home/leungjch/Documents/repos/wato_monorepo_v2/src/install
[0.480s] DEBUG:colcon.colcon_installed_package_information.package_discovery:Found 282 installed packages in /opt/ros/humble
[0.482s] Level 1:colcon.colcon_core.package_discovery:discover_packages(prefix_path) using defaults
[0.546s] Level 5:colcon.colcon_core.verb:set package 'camera_detection' build argument 'cmake_args' from command line to 'None'
[0.546s] Level 5:colcon.colcon_core.verb:set package 'camera_detection' build argument 'cmake_target' from command line to 'None'
[0.546s] Level 5:colcon.colcon_core.verb:set package 'camera_detection' build argument 'cmake_target_skip_unavailable' from command line to 'False'
[0.546s] Level 5:colcon.colcon_core.verb:set package 'camera_detection' build argument 'cmake_clean_cache' from command line to 'False'
[0.546s] Level 5:colcon.colcon_core.verb:set package 'camera_detection' build argument 'cmake_clean_first' from command line to 'False'
[0.546s] Level 5:colcon.colcon_core.verb:set package 'camera_detection' build argument 'cmake_force_configure' from command line to 'False'
[0.546s] Level 5:colcon.colcon_core.verb:set package 'camera_detection' build argument 'ament_cmake_args' from command line to 'None'
[0.546s] Level 5:colcon.colcon_core.verb:set package 'camera_detection' build argument 'catkin_cmake_args' from command line to 'None'
[0.546s] Level 5:colcon.colcon_core.verb:set package 'camera_detection' build argument 'catkin_skip_building_tests' from command line to 'False'
[0.546s] DEBUG:colcon.colcon_core.verb:Building package 'camera_detection' with the following arguments: {'ament_cmake_args': None, 'build_base': '/home/leungjch/Documents/repos/wato_monorepo_v2/src/build/camera_detection', 'catkin_cmake_args': None, 'catkin_skip_building_tests': False, 'cmake_args': None, 'cmake_clean_cache': False, 'cmake_clean_first': False, 'cmake_force_configure': False, 'cmake_target': None, 'cmake_target_skip_unavailable': False, 'install_base': '/home/leungjch/Documents/repos/wato_monorepo_v2/src/install/camera_detection', 'merge_install': False, 'path': '/home/leungjch/Documents/repos/wato_monorepo_v2/src/camera_detection', 'symlink_install': False, 'test_result_base': None}
[0.547s] INFO:colcon.colcon_core.executor:Executing jobs using 'parallel' executor
[0.551s] DEBUG:colcon.colcon_parallel_executor.executor.parallel:run_until_complete
[0.551s] INFO:colcon.colcon_ros.task.ament_python.build:Building ROS package in '/home/leungjch/Documents/repos/wato_monorepo_v2/src/camera_detection' with build type 'ament_python'
[0.551s] Level 1:colcon.colcon_core.shell:create_environment_hook('camera_detection', 'ament_prefix_path')
[0.556s] INFO:colcon.colcon_core.plugin_system:Skipping extension 'colcon_core.shell.bat': Not used on non-Windows systems
[0.556s] INFO:colcon.colcon_core.shell:Creating environment hook '/home/leungjch/Documents/repos/wato_monorepo_v2/src/install/camera_detection/share/camera_detection/hook/ament_prefix_path.ps1'
[0.557s] INFO:colcon.colcon_core.shell:Creating environment descriptor '/home/leungjch/Documents/repos/wato_monorepo_v2/src/install/camera_detection/share/camera_detection/hook/ament_prefix_path.dsv'
[0.557s] INFO:colcon.colcon_core.shell:Creating environment hook '/home/leungjch/Documents/repos/wato_monorepo_v2/src/install/camera_detection/share/camera_detection/hook/ament_prefix_path.sh'
[0.559s] INFO:colcon.colcon_core.shell:Skip shell extension 'powershell' for command environment: Not usable outside of PowerShell
[0.560s] DEBUG:colcon.colcon_core.shell:Skip shell extension 'dsv' for command environment
[0.918s] INFO:colcon.colcon_core.task.python.build:Building Python package in '/home/leungjch/Documents/repos/wato_monorepo_v2/src/camera_detection'
[0.920s] INFO:colcon.colcon_core.shell:Skip shell extension 'powershell' for command environment: Not usable outside of PowerShell
[0.921s] DEBUG:colcon.colcon_core.shell:Skip shell extension 'dsv' for command environment
[1.406s] DEBUG:colcon.colcon_core.event_handler.log_command:Invoking command in '/home/leungjch/Documents/repos/wato_monorepo_v2/src/camera_detection': CONDA_PROMPT_MODIFIER=(base) PYTHONPATH=/home/leungjch/Documents/repos/wato_monorepo_v2/src/build/camera_detection/prefix_override:/home/leungjch/Documents/repos/wato_monorepo_v2/src/install/camera_detection/lib/python3.10/site-packages:${PYTHONPATH} /usr/bin/python3 setup.py egg_info --egg-base ../build/camera_detection build --build-base /home/leungjch/Documents/repos/wato_monorepo_v2/src/build/camera_detection/build install --record /home/leungjch/Documents/repos/wato_monorepo_v2/src/build/camera_detection/install.log --single-version-externally-managed
[1.799s] DEBUG:colcon.colcon_core.event_handler.log_command:Invoked command in '/home/leungjch/Documents/repos/wato_monorepo_v2/src/camera_detection' returned '0': CONDA_PROMPT_MODIFIER=(base) PYTHONPATH=/home/leungjch/Documents/repos/wato_monorepo_v2/src/build/camera_detection/prefix_override:/home/leungjch/Documents/repos/wato_monorepo_v2/src/install/camera_detection/lib/python3.10/site-packages:${PYTHONPATH} /usr/bin/python3 setup.py egg_info --egg-base ../build/camera_detection build --build-base /home/leungjch/Documents/repos/wato_monorepo_v2/src/build/camera_detection/build install --record /home/leungjch/Documents/repos/wato_monorepo_v2/src/build/camera_detection/install.log --single-version-externally-managed
[1.804s] Level 1:colcon.colcon_core.environment:checking '/home/leungjch/Documents/repos/wato_monorepo_v2/src/install/camera_detection' for CMake module files
[1.804s] Level 1:colcon.colcon_core.environment:checking '/home/leungjch/Documents/repos/wato_monorepo_v2/src/install/camera_detection' for CMake config files
[1.805s] Level 1:colcon.colcon_core.environment:checking '/home/leungjch/Documents/repos/wato_monorepo_v2/src/install/camera_detection/lib'
[1.805s] Level 1:colcon.colcon_core.environment:checking '/home/leungjch/Documents/repos/wato_monorepo_v2/src/install/camera_detection/bin'
[1.805s] Level 1:colcon.colcon_core.environment:checking '/home/leungjch/Documents/repos/wato_monorepo_v2/src/install/camera_detection/lib/pkgconfig/camera_detection.pc'
[1.805s] Level 1:colcon.colcon_core.environment:checking '/home/leungjch/Documents/repos/wato_monorepo_v2/src/install/camera_detection/lib/python3.10/site-packages'
[1.805s] Level 1:colcon.colcon_core.shell:create_environment_hook('camera_detection', 'pythonpath')
[1.807s] INFO:colcon.colcon_core.shell:Creating environment hook '/home/leungjch/Documents/repos/wato_monorepo_v2/src/install/camera_detection/share/camera_detection/hook/pythonpath.ps1'
[1.807s] INFO:colcon.colcon_core.shell:Creating environment descriptor '/home/leungjch/Documents/repos/wato_monorepo_v2/src/install/camera_detection/share/camera_detection/hook/pythonpath.dsv'
[1.807s] INFO:colcon.colcon_core.shell:Creating environment hook '/home/leungjch/Documents/repos/wato_monorepo_v2/src/install/camera_detection/share/camera_detection/hook/pythonpath.sh'
[1.808s] Level 1:colcon.colcon_core.environment:checking '/home/leungjch/Documents/repos/wato_monorepo_v2/src/install/camera_detection/bin'
[1.808s] Level 1:colcon.colcon_core.environment:create_environment_scripts_only(camera_detection)
[1.809s] INFO:colcon.colcon_core.shell:Creating package script '/home/leungjch/Documents/repos/wato_monorepo_v2/src/install/camera_detection/share/camera_detection/package.ps1'
[1.810s] INFO:colcon.colcon_core.shell:Creating package descriptor '/home/leungjch/Documents/repos/wato_monorepo_v2/src/install/camera_detection/share/camera_detection/package.dsv'
[1.810s] INFO:colcon.colcon_core.shell:Creating package script '/home/leungjch/Documents/repos/wato_monorepo_v2/src/install/camera_detection/share/camera_detection/package.sh'
[1.811s] INFO:colcon.colcon_core.shell:Creating package script '/home/leungjch/Documents/repos/wato_monorepo_v2/src/install/camera_detection/share/camera_detection/package.bash'
[1.812s] INFO:colcon.colcon_core.shell:Creating package script '/home/leungjch/Documents/repos/wato_monorepo_v2/src/install/camera_detection/share/camera_detection/package.zsh'
[1.812s] Level 1:colcon.colcon_core.environment:create_file_with_runtime_dependencies(/home/leungjch/Documents/repos/wato_monorepo_v2/src/install/camera_detection/share/colcon-core/packages/camera_detection)
[1.813s] DEBUG:colcon.colcon_parallel_executor.executor.parallel:closing loop
[1.813s] DEBUG:colcon.colcon_parallel_executor.executor.parallel:loop closed
[1.813s] DEBUG:colcon.colcon_parallel_executor.executor.parallel:run_until_complete finished with '0'
[1.813s] DEBUG:colcon.colcon_core.event_reactor:joining thread
[1.822s] INFO:colcon.colcon_core.plugin_system:Skipping extension 'colcon_notification.desktop_notification.notify_send': Could not find 'notify-send'
[1.822s] INFO:colcon.colcon_core.plugin_system:Skipping extension 'colcon_notification.desktop_notification.terminal_notifier': Not used on non-Darwin systems
[1.822s] INFO:colcon.colcon_core.plugin_system:Skipping extension 'colcon_notification.desktop_notification.win32': Not used on non-Windows systems
[1.822s] INFO:colcon.colcon_notification.desktop_notification:Sending desktop notification using 'notify2'
[1.836s] DEBUG:colcon.colcon_core.event_reactor:joined thread
[1.840s] INFO:colcon.colcon_core.shell:Creating prefix script '/home/leungjch/Documents/repos/wato_monorepo_v2/src/install/local_setup.ps1'
[1.842s] INFO:colcon.colcon_core.shell:Creating prefix util module '/home/leungjch/Documents/repos/wato_monorepo_v2/src/install/_local_setup_util_ps1.py'
[1.846s] INFO:colcon.colcon_core.shell:Creating prefix chain script '/home/leungjch/Documents/repos/wato_monorepo_v2/src/install/setup.ps1'
[1.849s] INFO:colcon.colcon_core.shell:Creating prefix script '/home/leungjch/Documents/repos/wato_monorepo_v2/src/install/local_setup.sh'
[1.851s] INFO:colcon.colcon_core.shell:Creating prefix util module '/home/leungjch/Documents/repos/wato_monorepo_v2/src/install/_local_setup_util_sh.py'
[1.852s] INFO:colcon.colcon_core.shell:Creating prefix chain script '/home/leungjch/Documents/repos/wato_monorepo_v2/src/install/setup.sh'
[1.854s] INFO:colcon.colcon_core.shell:Creating prefix script '/home/leungjch/Documents/repos/wato_monorepo_v2/src/install/local_setup.bash'
[1.855s] INFO:colcon.colcon_core.shell:Creating prefix chain script '/home/leungjch/Documents/repos/wato_monorepo_v2/src/install/setup.bash'
[1.857s] INFO:colcon.colcon_core.shell:Creating prefix script '/home/leungjch/Documents/repos/wato_monorepo_v2/src/install/local_setup.zsh'
[1.858s] INFO:colcon.colcon_core.shell:Creating prefix chain script '/home/leungjch/Documents/repos/wato_monorepo_v2/src/install/setup.zsh'
