[0.055s] Invoking command in '/home/leungjch/Documents/repos/wato_monorepo_v2/src/build/sample_msgs': CMAKE_PREFIX_PATH=${CMAKE_PREFIX_PATH}:/home/leungjch/Documents/repos/wato_monorepo_v2/src/install/py_pubsub:/home/leungjch/Documents/repos/wato_monorepo_v2/src/install/camera_detection:/opt/ros/humble CONDA_PROMPT_MODIFIER=(base) /usr/bin/cmake /home/leungjch/Documents/repos/wato_monorepo_v2/src/wato_msgs/sample_msgs -DCMAKE_INSTALL_PREFIX=/home/leungjch/Documents/repos/wato_monorepo_v2/src/install/sample_msgs
[0.491s] -- The C compiler identification is GNU 11.3.0
[0.492s] -- The CXX compiler identification is GNU 11.3.0
[0.493s] -- Detecting C compiler ABI info
[0.493s] -- Detecting C compiler ABI info - done
[0.493s] -- Check for working C compiler: /usr/bin/cc - skipped
[0.493s] -- Detecting C compile features
[0.494s] -- Detecting C compile features - done
[0.494s] -- Detecting CXX compiler ABI info
[0.495s] -- Detecting CXX compiler ABI info - done
[0.496s] -- Check for working CXX compiler: /usr/bin/c++ - skipped
[0.496s] -- Detecting CXX compile features
[0.496s] -- Detecting CXX compile features - done
[0.497s] -- Found ament_cmake: 1.3.3 (/opt/ros/humble/share/ament_cmake/cmake)
[0.756s] -- Found Python3: /usr/bin/python3.10 (found version "3.10.6") found components: Interpreter 
[0.868s] -- Found std_msgs: 4.2.3 (/opt/ros/humble/share/std_msgs/cmake)
[0.910s] -- Found rosidl_generator_c: 3.1.4 (/opt/ros/humble/share/rosidl_generator_c/cmake)
[0.918s] -- Found rosidl_adapter: 3.1.4 (/opt/ros/humble/share/rosidl_adapter/cmake)
[0.927s] -- Found rosidl_generator_cpp: 3.1.4 (/opt/ros/humble/share/rosidl_generator_cpp/cmake)
[0.945s] -- Using all available rosidl_typesupport_c: rosidl_typesupport_fastrtps_c;rosidl_typesupport_introspection_c
[0.968s] -- Using all available rosidl_typesupport_cpp: rosidl_typesupport_fastrtps_cpp;rosidl_typesupport_introspection_cpp
[1.402s] -- Found ament_cmake_ros: 0.10.0 (/opt/ros/humble/share/ament_cmake_ros/cmake)
[1.967s] -- Using all available rosidl_typesupport_c: rosidl_typesupport_fastrtps_c;rosidl_typesupport_introspection_c
[2.217s] -- Using all available rosidl_typesupport_cpp: rosidl_typesupport_fastrtps_cpp;rosidl_typesupport_introspection_cpp
[2.226s] -- Configuring done
[2.260s] -- Generating done
[2.263s] -- Build files have been written to: /home/leungjch/Documents/repos/wato_monorepo_v2/src/build/sample_msgs
[2.281s] Invoked command in '/home/leungjch/Documents/repos/wato_monorepo_v2/src/build/sample_msgs' returned '0': CMAKE_PREFIX_PATH=${CMAKE_PREFIX_PATH}:/home/leungjch/Documents/repos/wato_monorepo_v2/src/install/py_pubsub:/home/leungjch/Documents/repos/wato_monorepo_v2/src/install/camera_detection:/opt/ros/humble CONDA_PROMPT_MODIFIER=(base) /usr/bin/cmake /home/leungjch/Documents/repos/wato_monorepo_v2/src/wato_msgs/sample_msgs -DCMAKE_INSTALL_PREFIX=/home/leungjch/Documents/repos/wato_monorepo_v2/src/install/sample_msgs
[2.283s] Invoking command in '/home/leungjch/Documents/repos/wato_monorepo_v2/src/build/sample_msgs': CMAKE_PREFIX_PATH=${CMAKE_PREFIX_PATH}:/home/leungjch/Documents/repos/wato_monorepo_v2/src/install/py_pubsub:/home/leungjch/Documents/repos/wato_monorepo_v2/src/install/camera_detection:/opt/ros/humble CONDA_PROMPT_MODIFIER=(base) /usr/bin/cmake --build /home/leungjch/Documents/repos/wato_monorepo_v2/src/build/sample_msgs -- -j16 -l16
[2.357s] [  2%] [34m[1mGenerating C code for ROS interfaces[0m
[2.373s] [  4%] [34m[1mGenerating C++ code for ROS interfaces[0m
[3.072s] [  4%] Built target sample_msgs__cpp
[3.089s] [  9%] [34m[1mGenerating C++ type support for eProsima Fast-RTPS[0m
[3.089s] [  9%] [34m[1mGenerating C++ introspection for ROS interfaces[0m
[3.091s] [ 11%] [34m[1mGenerating C++ type support dispatch for ROS interfaces[0m
[3.109s] [ 18%] [32mBuilding C object CMakeFiles/sample_msgs__rosidl_generator_c.dir/rosidl_generator_c/sample_msgs/msg/detail/filtered__functions.c.o[0m
[3.109s] [ 18%] [32mBuilding C object CMakeFiles/sample_msgs__rosidl_generator_c.dir/rosidl_generator_c/sample_msgs/msg/detail/unfiltered__functions.c.o[0m
[3.109s] [ 18%] [32mBuilding C object CMakeFiles/sample_msgs__rosidl_generator_c.dir/rosidl_generator_c/sample_msgs/msg/detail/filtered_array__functions.c.o[0m
[3.112s] [ 20%] [32mBuilding C object CMakeFiles/sample_msgs__rosidl_generator_c.dir/rosidl_generator_c/sample_msgs/msg/detail/metadata__functions.c.o[0m
[3.196s] [ 23%] [32m[1mLinking C shared library libsample_msgs__rosidl_generator_c.so[0m
[3.275s] [ 23%] Built target sample_msgs__rosidl_generator_c
[3.293s] [ 30%] [34m[1mGenerating C type support for eProsima Fast-RTPS[0m
[3.293s] [ 30%] [34m[1mGenerating C type support dispatch for ROS interfaces[0m
[3.293s] [ 30%] [34m[1mGenerating C introspection for ROS interfaces[0m
[3.600s] [ 32%] [32mBuilding CXX object CMakeFiles/sample_msgs__rosidl_typesupport_cpp.dir/rosidl_typesupport_cpp/sample_msgs/msg/filtered__type_support.cpp.o[0m
[3.602s] [ 34%] [32mBuilding CXX object CMakeFiles/sample_msgs__rosidl_typesupport_cpp.dir/rosidl_typesupport_cpp/sample_msgs/msg/filtered_array__type_support.cpp.o[0m
[3.603s] [ 39%] [32mBuilding CXX object CMakeFiles/sample_msgs__rosidl_typesupport_cpp.dir/rosidl_typesupport_cpp/sample_msgs/msg/metadata__type_support.cpp.o[0m
[3.603s] [ 39%] [32mBuilding CXX object CMakeFiles/sample_msgs__rosidl_typesupport_cpp.dir/rosidl_typesupport_cpp/sample_msgs/msg/unfiltered__type_support.cpp.o[0m
[3.613s] [ 46%] [32mBuilding CXX object CMakeFiles/sample_msgs__rosidl_typesupport_introspection_cpp.dir/rosidl_typesupport_introspection_cpp/sample_msgs/msg/detail/unfiltered__type_support.cpp.o[0m
[3.613s] [ 46%] [32mBuilding CXX object CMakeFiles/sample_msgs__rosidl_typesupport_introspection_cpp.dir/rosidl_typesupport_introspection_cpp/sample_msgs/msg/detail/filtered__type_support.cpp.o[0m
[3.613s] [ 46%] [32mBuilding CXX object CMakeFiles/sample_msgs__rosidl_typesupport_introspection_cpp.dir/rosidl_typesupport_introspection_cpp/sample_msgs/msg/detail/filtered_array__type_support.cpp.o[0m
[3.619s] [ 48%] [32mBuilding CXX object CMakeFiles/sample_msgs__rosidl_typesupport_introspection_cpp.dir/rosidl_typesupport_introspection_cpp/sample_msgs/msg/detail/metadata__type_support.cpp.o[0m
[3.725s] [ 51%] [32mBuilding CXX object CMakeFiles/sample_msgs__rosidl_typesupport_fastrtps_cpp.dir/rosidl_typesupport_fastrtps_cpp/sample_msgs/msg/detail/dds_fastrtps/filtered__type_support.cpp.o[0m
[3.729s] [ 53%] [32mBuilding CXX object CMakeFiles/sample_msgs__rosidl_typesupport_fastrtps_cpp.dir/rosidl_typesupport_fastrtps_cpp/sample_msgs/msg/detail/dds_fastrtps/filtered_array__type_support.cpp.o[0m
[3.733s] [ 55%] [32mBuilding CXX object CMakeFiles/sample_msgs__rosidl_typesupport_fastrtps_cpp.dir/rosidl_typesupport_fastrtps_cpp/sample_msgs/msg/detail/dds_fastrtps/unfiltered__type_support.cpp.o[0m
[3.744s] [ 58%] [32mBuilding CXX object CMakeFiles/sample_msgs__rosidl_typesupport_fastrtps_cpp.dir/rosidl_typesupport_fastrtps_cpp/sample_msgs/msg/detail/dds_fastrtps/metadata__type_support.cpp.o[0m
[3.831s] [ 60%] [32mBuilding CXX object CMakeFiles/sample_msgs__rosidl_typesupport_c.dir/rosidl_typesupport_c/sample_msgs/msg/filtered__type_support.cpp.o[0m
[3.839s] [ 62%] [32mBuilding CXX object CMakeFiles/sample_msgs__rosidl_typesupport_c.dir/rosidl_typesupport_c/sample_msgs/msg/filtered_array__type_support.cpp.o[0m
[3.989s] [ 65%] [32mBuilding CXX object CMakeFiles/sample_msgs__rosidl_typesupport_c.dir/rosidl_typesupport_c/sample_msgs/msg/unfiltered__type_support.cpp.o[0m
[3.996s] [ 67%] [32mBuilding CXX object CMakeFiles/sample_msgs__rosidl_typesupport_c.dir/rosidl_typesupport_c/sample_msgs/msg/metadata__type_support.cpp.o[0m
[4.081s] [ 69%] [32mBuilding C object CMakeFiles/sample_msgs__rosidl_typesupport_introspection_c.dir/rosidl_typesupport_introspection_c/sample_msgs/msg/detail/filtered_array__type_support.c.o[0m
[4.082s] [ 74%] [32mBuilding C object CMakeFiles/sample_msgs__rosidl_typesupport_introspection_c.dir/rosidl_typesupport_introspection_c/sample_msgs/msg/detail/unfiltered__type_support.c.o[0m
[4.083s] [ 74%] [32m[1mLinking CXX shared library libsample_msgs__rosidl_typesupport_c.so[0m
[4.084s] [ 76%] [32mBuilding C object CMakeFiles/sample_msgs__rosidl_typesupport_introspection_c.dir/rosidl_typesupport_introspection_c/sample_msgs/msg/detail/filtered__type_support.c.o[0m
[4.090s] [ 79%] [32mBuilding C object CMakeFiles/sample_msgs__rosidl_typesupport_introspection_c.dir/rosidl_typesupport_introspection_c/sample_msgs/msg/detail/metadata__type_support.c.o[0m
[4.098s] [ 81%] [32m[1mLinking CXX shared library libsample_msgs__rosidl_typesupport_cpp.so[0m
[4.122s] [ 83%] [32mBuilding CXX object CMakeFiles/sample_msgs__rosidl_typesupport_fastrtps_c.dir/rosidl_typesupport_fastrtps_c/sample_msgs/msg/detail/filtered_array__type_support_c.cpp.o[0m
[4.125s] [ 86%] [32mBuilding CXX object CMakeFiles/sample_msgs__rosidl_typesupport_fastrtps_c.dir/rosidl_typesupport_fastrtps_c/sample_msgs/msg/detail/filtered__type_support_c.cpp.o[0m
[4.156s] [ 88%] [32mBuilding CXX object CMakeFiles/sample_msgs__rosidl_typesupport_fastrtps_c.dir/rosidl_typesupport_fastrtps_c/sample_msgs/msg/detail/metadata__type_support_c.cpp.o[0m
[4.156s] [ 90%] [32mBuilding CXX object CMakeFiles/sample_msgs__rosidl_typesupport_fastrtps_c.dir/rosidl_typesupport_fastrtps_c/sample_msgs/msg/detail/unfiltered__type_support_c.cpp.o[0m
[4.201s] [ 93%] [32m[1mLinking C shared library libsample_msgs__rosidl_typesupport_introspection_c.so[0m
[4.222s] [ 93%] Built target sample_msgs__rosidl_typesupport_cpp
[4.230s] [ 93%] Built target sample_msgs__rosidl_typesupport_c
[4.278s] [ 93%] Built target sample_msgs__rosidl_typesupport_introspection_c
[4.335s] [ 95%] [32m[1mLinking CXX shared library libsample_msgs__rosidl_typesupport_introspection_cpp.so[0m
[4.503s] [ 95%] Built target sample_msgs__rosidl_typesupport_introspection_cpp
[4.561s] [ 97%] [32m[1mLinking CXX shared library libsample_msgs__rosidl_typesupport_fastrtps_cpp.so[0m
[4.642s] [100%] [32m[1mLinking CXX shared library libsample_msgs__rosidl_typesupport_fastrtps_c.so[0m
[4.686s] [100%] Built target sample_msgs__rosidl_typesupport_fastrtps_cpp
[4.730s] [100%] Built target sample_msgs__rosidl_typesupport_fastrtps_c
[4.749s] [100%] Built target sample_msgs
[4.766s] Invoked command in '/home/leungjch/Documents/repos/wato_monorepo_v2/src/build/sample_msgs' returned '0': CMAKE_PREFIX_PATH=${CMAKE_PREFIX_PATH}:/home/leungjch/Documents/repos/wato_monorepo_v2/src/install/py_pubsub:/home/leungjch/Documents/repos/wato_monorepo_v2/src/install/camera_detection:/opt/ros/humble CONDA_PROMPT_MODIFIER=(base) /usr/bin/cmake --build /home/leungjch/Documents/repos/wato_monorepo_v2/src/build/sample_msgs -- -j16 -l16
[4.859s] Invoking command in '/home/leungjch/Documents/repos/wato_monorepo_v2/src/build/sample_msgs': CMAKE_PREFIX_PATH=${CMAKE_PREFIX_PATH}:/home/leungjch/Documents/repos/wato_monorepo_v2/src/install/py_pubsub:/home/leungjch/Documents/repos/wato_monorepo_v2/src/install/camera_detection:/opt/ros/humble CONDA_PROMPT_MODIFIER=(base) /usr/bin/cmake --install /home/leungjch/Documents/repos/wato_monorepo_v2/src/build/sample_msgs
[4.866s] -- Install configuration: ""
[4.866s] -- Installing: /home/leungjch/Documents/repos/wato_monorepo_v2/src/install/sample_msgs/share/ament_index/resource_index/rosidl_interfaces/sample_msgs
[4.866s] -- Installing: /home/leungjch/Documents/repos/wato_monorepo_v2/src/install/sample_msgs/include/sample_msgs/sample_msgs
[4.866s] -- Installing: /home/leungjch/Documents/repos/wato_monorepo_v2/src/install/sample_msgs/include/sample_msgs/sample_msgs/msg
[4.866s] -- Installing: /home/leungjch/Documents/repos/wato_monorepo_v2/src/install/sample_msgs/include/sample_msgs/sample_msgs/msg/filtered.h
[4.866s] -- Installing: /home/leungjch/Documents/repos/wato_monorepo_v2/src/install/sample_msgs/include/sample_msgs/sample_msgs/msg/rosidl_generator_c__visibility_control.h
[4.866s] -- Installing: /home/leungjch/Documents/repos/wato_monorepo_v2/src/install/sample_msgs/include/sample_msgs/sample_msgs/msg/filtered_array.h
[4.866s] -- Installing: /home/leungjch/Documents/repos/wato_monorepo_v2/src/install/sample_msgs/include/sample_msgs/sample_msgs/msg/metadata.h
[4.867s] -- Installing: /home/leungjch/Documents/repos/wato_monorepo_v2/src/install/sample_msgs/include/sample_msgs/sample_msgs/msg/unfiltered.h
[4.867s] -- Installing: /home/leungjch/Documents/repos/wato_monorepo_v2/src/install/sample_msgs/include/sample_msgs/sample_msgs/msg/detail
[4.867s] -- Installing: /home/leungjch/Documents/repos/wato_monorepo_v2/src/install/sample_msgs/include/sample_msgs/sample_msgs/msg/detail/unfiltered__functions.c
[4.867s] -- Installing: /home/leungjch/Documents/repos/wato_monorepo_v2/src/install/sample_msgs/include/sample_msgs/sample_msgs/msg/detail/metadata__struct.h
[4.867s] -- Installing: /home/leungjch/Documents/repos/wato_monorepo_v2/src/install/sample_msgs/include/sample_msgs/sample_msgs/msg/detail/unfiltered__type_support.h
[4.867s] -- Installing: /home/leungjch/Documents/repos/wato_monorepo_v2/src/install/sample_msgs/include/sample_msgs/sample_msgs/msg/detail/filtered__functions.c
[4.867s] -- Installing: /home/leungjch/Documents/repos/wato_monorepo_v2/src/install/sample_msgs/include/sample_msgs/sample_msgs/msg/detail/filtered_array__functions.c
[4.867s] -- Installing: /home/leungjch/Documents/repos/wato_monorepo_v2/src/install/sample_msgs/include/sample_msgs/sample_msgs/msg/detail/unfiltered__functions.h
[4.867s] -- Installing: /home/leungjch/Documents/repos/wato_monorepo_v2/src/install/sample_msgs/include/sample_msgs/sample_msgs/msg/detail/filtered_array__struct.h
[4.867s] -- Installing: /home/leungjch/Documents/repos/wato_monorepo_v2/src/install/sample_msgs/include/sample_msgs/sample_msgs/msg/detail/metadata__type_support.h
[4.867s] -- Installing: /home/leungjch/Documents/repos/wato_monorepo_v2/src/install/sample_msgs/include/sample_msgs/sample_msgs/msg/detail/unfiltered__struct.h
[4.868s] -- Installing: /home/leungjch/Documents/repos/wato_monorepo_v2/src/install/sample_msgs/include/sample_msgs/sample_msgs/msg/detail/filtered__struct.h
[4.868s] -- Installing: /home/leungjch/Documents/repos/wato_monorepo_v2/src/install/sample_msgs/include/sample_msgs/sample_msgs/msg/detail/filtered__functions.h
[4.868s] -- Installing: /home/leungjch/Documents/repos/wato_monorepo_v2/src/install/sample_msgs/include/sample_msgs/sample_msgs/msg/detail/metadata__functions.c
[4.868s] -- Installing: /home/leungjch/Documents/repos/wato_monorepo_v2/src/install/sample_msgs/include/sample_msgs/sample_msgs/msg/detail/filtered__type_support.h
[4.868s] -- Installing: /home/leungjch/Documents/repos/wato_monorepo_v2/src/install/sample_msgs/include/sample_msgs/sample_msgs/msg/detail/filtered_array__type_support.h
[4.868s] -- Installing: /home/leungjch/Documents/repos/wato_monorepo_v2/src/install/sample_msgs/include/sample_msgs/sample_msgs/msg/detail/metadata__functions.h
[4.868s] -- Installing: /home/leungjch/Documents/repos/wato_monorepo_v2/src/install/sample_msgs/include/sample_msgs/sample_msgs/msg/detail/filtered_array__functions.h
[4.868s] -- Installing: /home/leungjch/Documents/repos/wato_monorepo_v2/src/install/sample_msgs/share/sample_msgs/environment/library_path.sh
[4.869s] -- Installing: /home/leungjch/Documents/repos/wato_monorepo_v2/src/install/sample_msgs/share/sample_msgs/environment/library_path.dsv
[4.869s] -- Installing: /home/leungjch/Documents/repos/wato_monorepo_v2/src/install/sample_msgs/lib/libsample_msgs__rosidl_generator_c.so
[4.869s] -- Set runtime path of "/home/leungjch/Documents/repos/wato_monorepo_v2/src/install/sample_msgs/lib/libsample_msgs__rosidl_generator_c.so" to ""
[4.869s] -- Up-to-date: /home/leungjch/Documents/repos/wato_monorepo_v2/src/install/sample_msgs/include/sample_msgs/sample_msgs
[4.869s] -- Up-to-date: /home/leungjch/Documents/repos/wato_monorepo_v2/src/install/sample_msgs/include/sample_msgs/sample_msgs/msg
[4.869s] -- Installing: /home/leungjch/Documents/repos/wato_monorepo_v2/src/install/sample_msgs/include/sample_msgs/sample_msgs/msg/rosidl_typesupport_fastrtps_c__visibility_control.h
[4.869s] -- Up-to-date: /home/leungjch/Documents/repos/wato_monorepo_v2/src/install/sample_msgs/include/sample_msgs/sample_msgs/msg/detail
[4.869s] -- Installing: /home/leungjch/Documents/repos/wato_monorepo_v2/src/install/sample_msgs/include/sample_msgs/sample_msgs/msg/detail/filtered_array__rosidl_typesupport_fastrtps_c.h
[4.870s] -- Installing: /home/leungjch/Documents/repos/wato_monorepo_v2/src/install/sample_msgs/include/sample_msgs/sample_msgs/msg/detail/metadata__rosidl_typesupport_fastrtps_c.h
[4.870s] -- Installing: /home/leungjch/Documents/repos/wato_monorepo_v2/src/install/sample_msgs/include/sample_msgs/sample_msgs/msg/detail/filtered__rosidl_typesupport_fastrtps_c.h
[4.870s] -- Installing: /home/leungjch/Documents/repos/wato_monorepo_v2/src/install/sample_msgs/include/sample_msgs/sample_msgs/msg/detail/unfiltered__rosidl_typesupport_fastrtps_c.h
[4.870s] -- Installing: /home/leungjch/Documents/repos/wato_monorepo_v2/src/install/sample_msgs/lib/libsample_msgs__rosidl_typesupport_fastrtps_c.so
[4.870s] -- Set runtime path of "/home/leungjch/Documents/repos/wato_monorepo_v2/src/install/sample_msgs/lib/libsample_msgs__rosidl_typesupport_fastrtps_c.so" to ""
[4.870s] -- Up-to-date: /home/leungjch/Documents/repos/wato_monorepo_v2/src/install/sample_msgs/include/sample_msgs/sample_msgs
[4.870s] -- Up-to-date: /home/leungjch/Documents/repos/wato_monorepo_v2/src/install/sample_msgs/include/sample_msgs/sample_msgs/msg
[4.870s] -- Installing: /home/leungjch/Documents/repos/wato_monorepo_v2/src/install/sample_msgs/include/sample_msgs/sample_msgs/msg/filtered.hpp
[4.870s] -- Installing: /home/leungjch/Documents/repos/wato_monorepo_v2/src/install/sample_msgs/include/sample_msgs/sample_msgs/msg/filtered_array.hpp
[4.870s] -- Installing: /home/leungjch/Documents/repos/wato_monorepo_v2/src/install/sample_msgs/include/sample_msgs/sample_msgs/msg/unfiltered.hpp
[4.870s] -- Installing: /home/leungjch/Documents/repos/wato_monorepo_v2/src/install/sample_msgs/include/sample_msgs/sample_msgs/msg/metadata.hpp
[4.871s] -- Up-to-date: /home/leungjch/Documents/repos/wato_monorepo_v2/src/install/sample_msgs/include/sample_msgs/sample_msgs/msg/detail
[4.871s] -- Installing: /home/leungjch/Documents/repos/wato_monorepo_v2/src/install/sample_msgs/include/sample_msgs/sample_msgs/msg/detail/metadata__struct.hpp
[4.871s] -- Installing: /home/leungjch/Documents/repos/wato_monorepo_v2/src/install/sample_msgs/include/sample_msgs/sample_msgs/msg/detail/filtered_array__struct.hpp
[4.871s] -- Installing: /home/leungjch/Documents/repos/wato_monorepo_v2/src/install/sample_msgs/include/sample_msgs/sample_msgs/msg/detail/filtered_array__builder.hpp
[4.871s] -- Installing: /home/leungjch/Documents/repos/wato_monorepo_v2/src/install/sample_msgs/include/sample_msgs/sample_msgs/msg/detail/filtered__builder.hpp
[4.871s] -- Installing: /home/leungjch/Documents/repos/wato_monorepo_v2/src/install/sample_msgs/include/sample_msgs/sample_msgs/msg/detail/unfiltered__builder.hpp
[4.871s] -- Installing: /home/leungjch/Documents/repos/wato_monorepo_v2/src/install/sample_msgs/include/sample_msgs/sample_msgs/msg/detail/filtered_array__traits.hpp
[4.871s] -- Installing: /home/leungjch/Documents/repos/wato_monorepo_v2/src/install/sample_msgs/include/sample_msgs/sample_msgs/msg/detail/unfiltered__traits.hpp
[4.871s] -- Installing: /home/leungjch/Documents/repos/wato_monorepo_v2/src/install/sample_msgs/include/sample_msgs/sample_msgs/msg/detail/metadata__traits.hpp
[4.871s] -- Installing: /home/leungjch/Documents/repos/wato_monorepo_v2/src/install/sample_msgs/include/sample_msgs/sample_msgs/msg/detail/metadata__builder.hpp
[4.872s] -- Installing: /home/leungjch/Documents/repos/wato_monorepo_v2/src/install/sample_msgs/include/sample_msgs/sample_msgs/msg/detail/filtered__traits.hpp
[4.872s] -- Installing: /home/leungjch/Documents/repos/wato_monorepo_v2/src/install/sample_msgs/include/sample_msgs/sample_msgs/msg/detail/unfiltered__struct.hpp
[4.872s] -- Installing: /home/leungjch/Documents/repos/wato_monorepo_v2/src/install/sample_msgs/include/sample_msgs/sample_msgs/msg/detail/filtered__struct.hpp
[4.872s] -- Up-to-date: /home/leungjch/Documents/repos/wato_monorepo_v2/src/install/sample_msgs/include/sample_msgs/sample_msgs
[4.872s] -- Up-to-date: /home/leungjch/Documents/repos/wato_monorepo_v2/src/install/sample_msgs/include/sample_msgs/sample_msgs/msg
[4.872s] -- Up-to-date: /home/leungjch/Documents/repos/wato_monorepo_v2/src/install/sample_msgs/include/sample_msgs/sample_msgs/msg/detail
[4.872s] -- Installing: /home/leungjch/Documents/repos/wato_monorepo_v2/src/install/sample_msgs/include/sample_msgs/sample_msgs/msg/detail/dds_fastrtps
[4.872s] -- Installing: /home/leungjch/Documents/repos/wato_monorepo_v2/src/install/sample_msgs/include/sample_msgs/sample_msgs/msg/detail/unfiltered__rosidl_typesupport_fastrtps_cpp.hpp
[4.872s] -- Installing: /home/leungjch/Documents/repos/wato_monorepo_v2/src/install/sample_msgs/include/sample_msgs/sample_msgs/msg/detail/filtered__rosidl_typesupport_fastrtps_cpp.hpp
[4.872s] -- Installing: /home/leungjch/Documents/repos/wato_monorepo_v2/src/install/sample_msgs/include/sample_msgs/sample_msgs/msg/detail/filtered_array__rosidl_typesupport_fastrtps_cpp.hpp
[4.872s] -- Installing: /home/leungjch/Documents/repos/wato_monorepo_v2/src/install/sample_msgs/include/sample_msgs/sample_msgs/msg/detail/metadata__rosidl_typesupport_fastrtps_cpp.hpp
[4.873s] -- Installing: /home/leungjch/Documents/repos/wato_monorepo_v2/src/install/sample_msgs/include/sample_msgs/sample_msgs/msg/rosidl_typesupport_fastrtps_cpp__visibility_control.h
[4.873s] -- Installing: /home/leungjch/Documents/repos/wato_monorepo_v2/src/install/sample_msgs/lib/libsample_msgs__rosidl_typesupport_fastrtps_cpp.so
[4.873s] -- Set runtime path of "/home/leungjch/Documents/repos/wato_monorepo_v2/src/install/sample_msgs/lib/libsample_msgs__rosidl_typesupport_fastrtps_cpp.so" to ""
[4.873s] -- Up-to-date: /home/leungjch/Documents/repos/wato_monorepo_v2/src/install/sample_msgs/include/sample_msgs/sample_msgs
[4.873s] -- Up-to-date: /home/leungjch/Documents/repos/wato_monorepo_v2/src/install/sample_msgs/include/sample_msgs/sample_msgs/msg
[4.873s] -- Installing: /home/leungjch/Documents/repos/wato_monorepo_v2/src/install/sample_msgs/include/sample_msgs/sample_msgs/msg/rosidl_typesupport_introspection_c__visibility_control.h
[4.873s] -- Up-to-date: /home/leungjch/Documents/repos/wato_monorepo_v2/src/install/sample_msgs/include/sample_msgs/sample_msgs/msg/detail
[4.873s] -- Installing: /home/leungjch/Documents/repos/wato_monorepo_v2/src/install/sample_msgs/include/sample_msgs/sample_msgs/msg/detail/unfiltered__type_support.c
[4.873s] -- Installing: /home/leungjch/Documents/repos/wato_monorepo_v2/src/install/sample_msgs/include/sample_msgs/sample_msgs/msg/detail/filtered__rosidl_typesupport_introspection_c.h
[4.873s] -- Installing: /home/leungjch/Documents/repos/wato_monorepo_v2/src/install/sample_msgs/include/sample_msgs/sample_msgs/msg/detail/filtered_array__rosidl_typesupport_introspection_c.h
[4.874s] -- Installing: /home/leungjch/Documents/repos/wato_monorepo_v2/src/install/sample_msgs/include/sample_msgs/sample_msgs/msg/detail/filtered_array__type_support.c
[4.874s] -- Installing: /home/leungjch/Documents/repos/wato_monorepo_v2/src/install/sample_msgs/include/sample_msgs/sample_msgs/msg/detail/metadata__type_support.c
[4.874s] -- Installing: /home/leungjch/Documents/repos/wato_monorepo_v2/src/install/sample_msgs/include/sample_msgs/sample_msgs/msg/detail/filtered__type_support.c
[4.874s] -- Installing: /home/leungjch/Documents/repos/wato_monorepo_v2/src/install/sample_msgs/include/sample_msgs/sample_msgs/msg/detail/metadata__rosidl_typesupport_introspection_c.h
[4.874s] -- Installing: /home/leungjch/Documents/repos/wato_monorepo_v2/src/install/sample_msgs/include/sample_msgs/sample_msgs/msg/detail/unfiltered__rosidl_typesupport_introspection_c.h
[4.874s] -- Installing: /home/leungjch/Documents/repos/wato_monorepo_v2/src/install/sample_msgs/lib/libsample_msgs__rosidl_typesupport_introspection_c.so
[4.874s] -- Set runtime path of "/home/leungjch/Documents/repos/wato_monorepo_v2/src/install/sample_msgs/lib/libsample_msgs__rosidl_typesupport_introspection_c.so" to ""
[4.874s] -- Installing: /home/leungjch/Documents/repos/wato_monorepo_v2/src/install/sample_msgs/lib/libsample_msgs__rosidl_typesupport_c.so
[4.874s] -- Set runtime path of "/home/leungjch/Documents/repos/wato_monorepo_v2/src/install/sample_msgs/lib/libsample_msgs__rosidl_typesupport_c.so" to ""
[4.874s] -- Up-to-date: /home/leungjch/Documents/repos/wato_monorepo_v2/src/install/sample_msgs/include/sample_msgs/sample_msgs
[4.874s] -- Up-to-date: /home/leungjch/Documents/repos/wato_monorepo_v2/src/install/sample_msgs/include/sample_msgs/sample_msgs/msg
[4.875s] -- Up-to-date: /home/leungjch/Documents/repos/wato_monorepo_v2/src/install/sample_msgs/include/sample_msgs/sample_msgs/msg/detail
[4.875s] -- Installing: /home/leungjch/Documents/repos/wato_monorepo_v2/src/install/sample_msgs/include/sample_msgs/sample_msgs/msg/detail/filtered__type_support.cpp
[4.875s] -- Installing: /home/leungjch/Documents/repos/wato_monorepo_v2/src/install/sample_msgs/include/sample_msgs/sample_msgs/msg/detail/filtered_array__rosidl_typesupport_introspection_cpp.hpp
[4.875s] -- Installing: /home/leungjch/Documents/repos/wato_monorepo_v2/src/install/sample_msgs/include/sample_msgs/sample_msgs/msg/detail/unfiltered__type_support.cpp
[4.875s] -- Installing: /home/leungjch/Documents/repos/wato_monorepo_v2/src/install/sample_msgs/include/sample_msgs/sample_msgs/msg/detail/metadata__type_support.cpp
[4.875s] -- Installing: /home/leungjch/Documents/repos/wato_monorepo_v2/src/install/sample_msgs/include/sample_msgs/sample_msgs/msg/detail/filtered_array__type_support.cpp
[4.875s] -- Installing: /home/leungjch/Documents/repos/wato_monorepo_v2/src/install/sample_msgs/include/sample_msgs/sample_msgs/msg/detail/filtered__rosidl_typesupport_introspection_cpp.hpp
[4.875s] -- Installing: /home/leungjch/Documents/repos/wato_monorepo_v2/src/install/sample_msgs/include/sample_msgs/sample_msgs/msg/detail/metadata__rosidl_typesupport_introspection_cpp.hpp
[4.875s] -- Installing: /home/leungjch/Documents/repos/wato_monorepo_v2/src/install/sample_msgs/include/sample_msgs/sample_msgs/msg/detail/unfiltered__rosidl_typesupport_introspection_cpp.hpp
[4.875s] -- Installing: /home/leungjch/Documents/repos/wato_monorepo_v2/src/install/sample_msgs/lib/libsample_msgs__rosidl_typesupport_introspection_cpp.so
[4.876s] -- Set runtime path of "/home/leungjch/Documents/repos/wato_monorepo_v2/src/install/sample_msgs/lib/libsample_msgs__rosidl_typesupport_introspection_cpp.so" to ""
[4.876s] -- Installing: /home/leungjch/Documents/repos/wato_monorepo_v2/src/install/sample_msgs/lib/libsample_msgs__rosidl_typesupport_cpp.so
[4.876s] -- Set runtime path of "/home/leungjch/Documents/repos/wato_monorepo_v2/src/install/sample_msgs/lib/libsample_msgs__rosidl_typesupport_cpp.so" to ""
[4.876s] -- Installing: /home/leungjch/Documents/repos/wato_monorepo_v2/src/install/sample_msgs/share/sample_msgs/msg/Filtered.idl
[4.876s] -- Installing: /home/leungjch/Documents/repos/wato_monorepo_v2/src/install/sample_msgs/share/sample_msgs/msg/FilteredArray.idl
[4.877s] -- Installing: /home/leungjch/Documents/repos/wato_monorepo_v2/src/install/sample_msgs/share/sample_msgs/msg/Unfiltered.idl
[4.877s] -- Installing: /home/leungjch/Documents/repos/wato_monorepo_v2/src/install/sample_msgs/share/sample_msgs/msg/Metadata.idl
[4.877s] -- Installing: /home/leungjch/Documents/repos/wato_monorepo_v2/src/install/sample_msgs/share/sample_msgs/msg/Filtered.msg
[4.877s] -- Installing: /home/leungjch/Documents/repos/wato_monorepo_v2/src/install/sample_msgs/share/sample_msgs/msg/FilteredArray.msg
[4.877s] -- Installing: /home/leungjch/Documents/repos/wato_monorepo_v2/src/install/sample_msgs/share/sample_msgs/msg/Unfiltered.msg
[4.877s] -- Installing: /home/leungjch/Documents/repos/wato_monorepo_v2/src/install/sample_msgs/share/sample_msgs/msg/Metadata.msg
[4.877s] -- Installing: /home/leungjch/Documents/repos/wato_monorepo_v2/src/install/sample_msgs/share/ament_index/resource_index/package_run_dependencies/sample_msgs
[4.877s] -- Installing: /home/leungjch/Documents/repos/wato_monorepo_v2/src/install/sample_msgs/share/ament_index/resource_index/parent_prefix_path/sample_msgs
[4.877s] -- Installing: /home/leungjch/Documents/repos/wato_monorepo_v2/src/install/sample_msgs/share/sample_msgs/environment/ament_prefix_path.sh
[4.878s] -- Installing: /home/leungjch/Documents/repos/wato_monorepo_v2/src/install/sample_msgs/share/sample_msgs/environment/ament_prefix_path.dsv
[4.878s] -- Installing: /home/leungjch/Documents/repos/wato_monorepo_v2/src/install/sample_msgs/share/sample_msgs/environment/path.sh
[4.878s] -- Installing: /home/leungjch/Documents/repos/wato_monorepo_v2/src/install/sample_msgs/share/sample_msgs/environment/path.dsv
[4.878s] -- Installing: /home/leungjch/Documents/repos/wato_monorepo_v2/src/install/sample_msgs/share/sample_msgs/local_setup.bash
[4.878s] -- Installing: /home/leungjch/Documents/repos/wato_monorepo_v2/src/install/sample_msgs/share/sample_msgs/local_setup.sh
[4.878s] -- Installing: /home/leungjch/Documents/repos/wato_monorepo_v2/src/install/sample_msgs/share/sample_msgs/local_setup.zsh
[4.878s] -- Installing: /home/leungjch/Documents/repos/wato_monorepo_v2/src/install/sample_msgs/share/sample_msgs/local_setup.dsv
[4.878s] -- Installing: /home/leungjch/Documents/repos/wato_monorepo_v2/src/install/sample_msgs/share/sample_msgs/package.dsv
[4.879s] -- Installing: /home/leungjch/Documents/repos/wato_monorepo_v2/src/install/sample_msgs/share/ament_index/resource_index/packages/sample_msgs
[4.879s] -- Installing: /home/leungjch/Documents/repos/wato_monorepo_v2/src/install/sample_msgs/share/sample_msgs/cmake/export_sample_msgs__rosidl_generator_cExport.cmake
[4.879s] -- Installing: /home/leungjch/Documents/repos/wato_monorepo_v2/src/install/sample_msgs/share/sample_msgs/cmake/export_sample_msgs__rosidl_generator_cExport-noconfig.cmake
[4.879s] -- Installing: /home/leungjch/Documents/repos/wato_monorepo_v2/src/install/sample_msgs/share/sample_msgs/cmake/export_sample_msgs__rosidl_typesupport_fastrtps_cExport.cmake
[4.879s] -- Installing: /home/leungjch/Documents/repos/wato_monorepo_v2/src/install/sample_msgs/share/sample_msgs/cmake/export_sample_msgs__rosidl_typesupport_fastrtps_cExport-noconfig.cmake
[4.879s] -- Installing: /home/leungjch/Documents/repos/wato_monorepo_v2/src/install/sample_msgs/share/sample_msgs/cmake/export_sample_msgs__rosidl_generator_cppExport.cmake
[4.879s] -- Installing: /home/leungjch/Documents/repos/wato_monorepo_v2/src/install/sample_msgs/share/sample_msgs/cmake/export_sample_msgs__rosidl_typesupport_fastrtps_cppExport.cmake
[4.879s] -- Installing: /home/leungjch/Documents/repos/wato_monorepo_v2/src/install/sample_msgs/share/sample_msgs/cmake/export_sample_msgs__rosidl_typesupport_fastrtps_cppExport-noconfig.cmake
[4.879s] -- Installing: /home/leungjch/Documents/repos/wato_monorepo_v2/src/install/sample_msgs/share/sample_msgs/cmake/sample_msgs__rosidl_typesupport_introspection_cExport.cmake
[4.880s] -- Installing: /home/leungjch/Documents/repos/wato_monorepo_v2/src/install/sample_msgs/share/sample_msgs/cmake/sample_msgs__rosidl_typesupport_introspection_cExport-noconfig.cmake
[4.880s] -- Installing: /home/leungjch/Documents/repos/wato_monorepo_v2/src/install/sample_msgs/share/sample_msgs/cmake/sample_msgs__rosidl_typesupport_cExport.cmake
[4.880s] -- Installing: /home/leungjch/Documents/repos/wato_monorepo_v2/src/install/sample_msgs/share/sample_msgs/cmake/sample_msgs__rosidl_typesupport_cExport-noconfig.cmake
[4.880s] -- Installing: /home/leungjch/Documents/repos/wato_monorepo_v2/src/install/sample_msgs/share/sample_msgs/cmake/sample_msgs__rosidl_typesupport_introspection_cppExport.cmake
[4.880s] -- Installing: /home/leungjch/Documents/repos/wato_monorepo_v2/src/install/sample_msgs/share/sample_msgs/cmake/sample_msgs__rosidl_typesupport_introspection_cppExport-noconfig.cmake
[4.880s] -- Installing: /home/leungjch/Documents/repos/wato_monorepo_v2/src/install/sample_msgs/share/sample_msgs/cmake/sample_msgs__rosidl_typesupport_cppExport.cmake
[4.880s] -- Installing: /home/leungjch/Documents/repos/wato_monorepo_v2/src/install/sample_msgs/share/sample_msgs/cmake/sample_msgs__rosidl_typesupport_cppExport-noconfig.cmake
[4.880s] -- Installing: /home/leungjch/Documents/repos/wato_monorepo_v2/src/install/sample_msgs/share/sample_msgs/cmake/rosidl_cmake-extras.cmake
[4.881s] -- Installing: /home/leungjch/Documents/repos/wato_monorepo_v2/src/install/sample_msgs/share/sample_msgs/cmake/ament_cmake_export_dependencies-extras.cmake
[4.881s] -- Installing: /home/leungjch/Documents/repos/wato_monorepo_v2/src/install/sample_msgs/share/sample_msgs/cmake/ament_cmake_export_include_directories-extras.cmake
[4.881s] -- Installing: /home/leungjch/Documents/repos/wato_monorepo_v2/src/install/sample_msgs/share/sample_msgs/cmake/ament_cmake_export_libraries-extras.cmake
[4.881s] -- Installing: /home/leungjch/Documents/repos/wato_monorepo_v2/src/install/sample_msgs/share/sample_msgs/cmake/ament_cmake_export_targets-extras.cmake
[4.881s] -- Installing: /home/leungjch/Documents/repos/wato_monorepo_v2/src/install/sample_msgs/share/sample_msgs/cmake/rosidl_cmake_export_typesupport_targets-extras.cmake
[4.881s] -- Installing: /home/leungjch/Documents/repos/wato_monorepo_v2/src/install/sample_msgs/share/sample_msgs/cmake/rosidl_cmake_export_typesupport_libraries-extras.cmake
[4.881s] -- Installing: /home/leungjch/Documents/repos/wato_monorepo_v2/src/install/sample_msgs/share/sample_msgs/cmake/sample_msgsConfig.cmake
[4.882s] -- Installing: /home/leungjch/Documents/repos/wato_monorepo_v2/src/install/sample_msgs/share/sample_msgs/cmake/sample_msgsConfig-version.cmake
[4.882s] -- Installing: /home/leungjch/Documents/repos/wato_monorepo_v2/src/install/sample_msgs/share/sample_msgs/package.xml
[4.887s] Invoked command in '/home/leungjch/Documents/repos/wato_monorepo_v2/src/build/sample_msgs' returned '0': CMAKE_PREFIX_PATH=${CMAKE_PREFIX_PATH}:/home/leungjch/Documents/repos/wato_monorepo_v2/src/install/py_pubsub:/home/leungjch/Documents/repos/wato_monorepo_v2/src/install/camera_detection:/opt/ros/humble CONDA_PROMPT_MODIFIER=(base) /usr/bin/cmake --install /home/leungjch/Documents/repos/wato_monorepo_v2/src/build/sample_msgs
