[0.036s] Invoking command in '/home/leungjch/Documents/repos/wato_monorepo_v2/src/build/tutorial_interfaces': CMAKE_PREFIX_PATH=${CMAKE_PREFIX_PATH}:/home/leungjch/Documents/repos/wato_monorepo_v2/src/install/py_pubsub:/home/leungjch/Documents/repos/wato_monorepo_v2/src/install/camera_detection:/opt/ros/humble CONDA_PROMPT_MODIFIER=(base) /usr/bin/cmake --build /home/leungjch/Documents/repos/wato_monorepo_v2/src/build/tutorial_interfaces -- -j16 -l16
[0.122s] [  2%] Built target tutorial_interfaces__cpp
[0.127s] [ 12%] Built target tutorial_interfaces__rosidl_generator_c
[0.147s] [ 12%] Built target ament_cmake_python_copy_tutorial_interfaces
[0.165s] [ 29%] Built target tutorial_interfaces__rosidl_typesupport_introspection_cpp
[0.167s] [ 34%] Built target tutorial_interfaces__rosidl_typesupport_cpp
[0.178s] [ 55%] Built target tutorial_interfaces__rosidl_typesupport_c
[0.178s] [ 55%] Built target tutorial_interfaces__rosidl_typesupport_fastrtps_cpp
[0.182s] [ 65%] Built target tutorial_interfaces__rosidl_typesupport_introspection_c
[0.185s] [ 76%] Built target tutorial_interfaces__rosidl_typesupport_fastrtps_c
[0.212s] [ 76%] Built target tutorial_interfaces
[0.235s] [ 78%] Built target tutorial_interfaces__py
[0.269s] [ 87%] Built target tutorial_interfaces__rosidl_generator_py
[0.299s] [ 95%] Built target tutorial_interfaces__rosidl_typesupport_fastrtps_c__pyext
[0.299s] [ 95%] Built target tutorial_interfaces__rosidl_typesupport_c__pyext
[0.303s] [100%] Built target tutorial_interfaces__rosidl_typesupport_introspection_c__pyext
[0.610s] running egg_info
[0.611s] writing tutorial_interfaces.egg-info/PKG-INFO
[0.612s] writing dependency_links to tutorial_interfaces.egg-info/dependency_links.txt
[0.612s] writing top-level names to tutorial_interfaces.egg-info/top_level.txt
[0.620s] reading manifest file 'tutorial_interfaces.egg-info/SOURCES.txt'
[0.622s] writing manifest file 'tutorial_interfaces.egg-info/SOURCES.txt'
[0.703s] [100%] Built target ament_cmake_python_build_tutorial_interfaces_egg
[0.727s] Invoked command in '/home/leungjch/Documents/repos/wato_monorepo_v2/src/build/tutorial_interfaces' returned '0': CMAKE_PREFIX_PATH=${CMAKE_PREFIX_PATH}:/home/leungjch/Documents/repos/wato_monorepo_v2/src/install/py_pubsub:/home/leungjch/Documents/repos/wato_monorepo_v2/src/install/camera_detection:/opt/ros/humble CONDA_PROMPT_MODIFIER=(base) /usr/bin/cmake --build /home/leungjch/Documents/repos/wato_monorepo_v2/src/build/tutorial_interfaces -- -j16 -l16
[0.855s] Invoking command in '/home/leungjch/Documents/repos/wato_monorepo_v2/src/build/tutorial_interfaces': CMAKE_PREFIX_PATH=${CMAKE_PREFIX_PATH}:/home/leungjch/Documents/repos/wato_monorepo_v2/src/install/py_pubsub:/home/leungjch/Documents/repos/wato_monorepo_v2/src/install/camera_detection:/opt/ros/humble CONDA_PROMPT_MODIFIER=(base) /usr/bin/cmake --install /home/leungjch/Documents/repos/wato_monorepo_v2/src/build/tutorial_interfaces
[0.906s] -- Install configuration: ""
[0.906s] -- Up-to-date: /home/leungjch/Documents/repos/wato_monorepo_v2/src/install/tutorial_interfaces/share/ament_index/resource_index/rosidl_interfaces/tutorial_interfaces
[0.906s] -- Up-to-date: /home/leungjch/Documents/repos/wato_monorepo_v2/src/install/tutorial_interfaces/include/tutorial_interfaces/tutorial_interfaces
[0.911s] -- Up-to-date: /home/leungjch/Documents/repos/wato_monorepo_v2/src/install/tutorial_interfaces/include/tutorial_interfaces/tutorial_interfaces/msg
[0.911s] -- Up-to-date: /home/leungjch/Documents/repos/wato_monorepo_v2/src/install/tutorial_interfaces/include/tutorial_interfaces/tutorial_interfaces/msg/rosidl_generator_c__visibility_control.h
[0.911s] -- Up-to-date: /home/leungjch/Documents/repos/wato_monorepo_v2/src/install/tutorial_interfaces/include/tutorial_interfaces/tutorial_interfaces/msg/num.h
[0.911s] -- Up-to-date: /home/leungjch/Documents/repos/wato_monorepo_v2/src/install/tutorial_interfaces/include/tutorial_interfaces/tutorial_interfaces/msg/sphere.h
[0.911s] -- Up-to-date: /home/leungjch/Documents/repos/wato_monorepo_v2/src/install/tutorial_interfaces/include/tutorial_interfaces/tutorial_interfaces/msg/detail
[0.911s] -- Up-to-date: /home/leungjch/Documents/repos/wato_monorepo_v2/src/install/tutorial_interfaces/include/tutorial_interfaces/tutorial_interfaces/msg/detail/sphere__functions.c
[0.912s] -- Up-to-date: /home/leungjch/Documents/repos/wato_monorepo_v2/src/install/tutorial_interfaces/include/tutorial_interfaces/tutorial_interfaces/msg/detail/sphere__struct.h
[0.912s] -- Up-to-date: /home/leungjch/Documents/repos/wato_monorepo_v2/src/install/tutorial_interfaces/include/tutorial_interfaces/tutorial_interfaces/msg/detail/num__type_support.h
[0.912s] -- Up-to-date: /home/leungjch/Documents/repos/wato_monorepo_v2/src/install/tutorial_interfaces/include/tutorial_interfaces/tutorial_interfaces/msg/detail/num__functions.h
[0.912s] -- Up-to-date: /home/leungjch/Documents/repos/wato_monorepo_v2/src/install/tutorial_interfaces/include/tutorial_interfaces/tutorial_interfaces/msg/detail/num__functions.c
[0.912s] -- Up-to-date: /home/leungjch/Documents/repos/wato_monorepo_v2/src/install/tutorial_interfaces/include/tutorial_interfaces/tutorial_interfaces/msg/detail/num__struct.h
[0.912s] -- Up-to-date: /home/leungjch/Documents/repos/wato_monorepo_v2/src/install/tutorial_interfaces/include/tutorial_interfaces/tutorial_interfaces/msg/detail/sphere__type_support.h
[0.912s] -- Up-to-date: /home/leungjch/Documents/repos/wato_monorepo_v2/src/install/tutorial_interfaces/include/tutorial_interfaces/tutorial_interfaces/msg/detail/sphere__functions.h
[0.912s] -- Up-to-date: /home/leungjch/Documents/repos/wato_monorepo_v2/src/install/tutorial_interfaces/include/tutorial_interfaces/tutorial_interfaces/srv
[0.913s] -- Up-to-date: /home/leungjch/Documents/repos/wato_monorepo_v2/src/install/tutorial_interfaces/include/tutorial_interfaces/tutorial_interfaces/srv/add_three_ints.h
[0.913s] -- Up-to-date: /home/leungjch/Documents/repos/wato_monorepo_v2/src/install/tutorial_interfaces/include/tutorial_interfaces/tutorial_interfaces/srv/detail
[0.913s] -- Up-to-date: /home/leungjch/Documents/repos/wato_monorepo_v2/src/install/tutorial_interfaces/include/tutorial_interfaces/tutorial_interfaces/srv/detail/add_three_ints__functions.c
[0.913s] -- Up-to-date: /home/leungjch/Documents/repos/wato_monorepo_v2/src/install/tutorial_interfaces/include/tutorial_interfaces/tutorial_interfaces/srv/detail/add_three_ints__functions.h
[0.913s] -- Up-to-date: /home/leungjch/Documents/repos/wato_monorepo_v2/src/install/tutorial_interfaces/include/tutorial_interfaces/tutorial_interfaces/srv/detail/add_three_ints__struct.h
[0.913s] -- Up-to-date: /home/leungjch/Documents/repos/wato_monorepo_v2/src/install/tutorial_interfaces/include/tutorial_interfaces/tutorial_interfaces/srv/detail/add_three_ints__type_support.h
[0.913s] -- Up-to-date: /home/leungjch/Documents/repos/wato_monorepo_v2/src/install/tutorial_interfaces/share/tutorial_interfaces/environment/library_path.sh
[0.913s] -- Up-to-date: /home/leungjch/Documents/repos/wato_monorepo_v2/src/install/tutorial_interfaces/share/tutorial_interfaces/environment/library_path.dsv
[0.913s] -- Up-to-date: /home/leungjch/Documents/repos/wato_monorepo_v2/src/install/tutorial_interfaces/lib/libtutorial_interfaces__rosidl_generator_c.so
[0.914s] -- Up-to-date: /home/leungjch/Documents/repos/wato_monorepo_v2/src/install/tutorial_interfaces/include/tutorial_interfaces/tutorial_interfaces
[0.916s] -- Up-to-date: /home/leungjch/Documents/repos/wato_monorepo_v2/src/install/tutorial_interfaces/include/tutorial_interfaces/tutorial_interfaces/msg
[0.916s] -- Up-to-date: /home/leungjch/Documents/repos/wato_monorepo_v2/src/install/tutorial_interfaces/include/tutorial_interfaces/tutorial_interfaces/msg/rosidl_typesupport_fastrtps_c__visibility_control.h
[0.916s] -- Up-to-date: /home/leungjch/Documents/repos/wato_monorepo_v2/src/install/tutorial_interfaces/include/tutorial_interfaces/tutorial_interfaces/msg/detail
[0.916s] -- Up-to-date: /home/leungjch/Documents/repos/wato_monorepo_v2/src/install/tutorial_interfaces/include/tutorial_interfaces/tutorial_interfaces/msg/detail/num__rosidl_typesupport_fastrtps_c.h
[0.917s] -- Up-to-date: /home/leungjch/Documents/repos/wato_monorepo_v2/src/install/tutorial_interfaces/include/tutorial_interfaces/tutorial_interfaces/msg/detail/sphere__rosidl_typesupport_fastrtps_c.h
[0.917s] -- Up-to-date: /home/leungjch/Documents/repos/wato_monorepo_v2/src/install/tutorial_interfaces/include/tutorial_interfaces/tutorial_interfaces/srv
[0.917s] -- Up-to-date: /home/leungjch/Documents/repos/wato_monorepo_v2/src/install/tutorial_interfaces/include/tutorial_interfaces/tutorial_interfaces/srv/detail
[0.917s] -- Up-to-date: /home/leungjch/Documents/repos/wato_monorepo_v2/src/install/tutorial_interfaces/include/tutorial_interfaces/tutorial_interfaces/srv/detail/add_three_ints__rosidl_typesupport_fastrtps_c.h
[0.917s] -- Up-to-date: /home/leungjch/Documents/repos/wato_monorepo_v2/src/install/tutorial_interfaces/lib/libtutorial_interfaces__rosidl_typesupport_fastrtps_c.so
[0.918s] -- Up-to-date: /home/leungjch/Documents/repos/wato_monorepo_v2/src/install/tutorial_interfaces/include/tutorial_interfaces/tutorial_interfaces
[0.918s] -- Up-to-date: /home/leungjch/Documents/repos/wato_monorepo_v2/src/install/tutorial_interfaces/include/tutorial_interfaces/tutorial_interfaces/msg
[0.918s] -- Up-to-date: /home/leungjch/Documents/repos/wato_monorepo_v2/src/install/tutorial_interfaces/include/tutorial_interfaces/tutorial_interfaces/msg/sphere.hpp
[0.918s] -- Up-to-date: /home/leungjch/Documents/repos/wato_monorepo_v2/src/install/tutorial_interfaces/include/tutorial_interfaces/tutorial_interfaces/msg/num.hpp
[0.918s] -- Up-to-date: /home/leungjch/Documents/repos/wato_monorepo_v2/src/install/tutorial_interfaces/include/tutorial_interfaces/tutorial_interfaces/msg/detail
[0.919s] -- Up-to-date: /home/leungjch/Documents/repos/wato_monorepo_v2/src/install/tutorial_interfaces/include/tutorial_interfaces/tutorial_interfaces/msg/detail/sphere__builder.hpp
[0.919s] -- Up-to-date: /home/leungjch/Documents/repos/wato_monorepo_v2/src/install/tutorial_interfaces/include/tutorial_interfaces/tutorial_interfaces/msg/detail/num__struct.hpp
[0.919s] -- Up-to-date: /home/leungjch/Documents/repos/wato_monorepo_v2/src/install/tutorial_interfaces/include/tutorial_interfaces/tutorial_interfaces/msg/detail/sphere__traits.hpp
[0.920s] -- Up-to-date: /home/leungjch/Documents/repos/wato_monorepo_v2/src/install/tutorial_interfaces/include/tutorial_interfaces/tutorial_interfaces/msg/detail/sphere__struct.hpp
[0.922s] -- Up-to-date: /home/leungjch/Documents/repos/wato_monorepo_v2/src/install/tutorial_interfaces/include/tutorial_interfaces/tutorial_interfaces/msg/detail/num__builder.hpp
[0.922s] -- Up-to-date: /home/leungjch/Documents/repos/wato_monorepo_v2/src/install/tutorial_interfaces/include/tutorial_interfaces/tutorial_interfaces/msg/detail/num__traits.hpp
[0.922s] -- Up-to-date: /home/leungjch/Documents/repos/wato_monorepo_v2/src/install/tutorial_interfaces/include/tutorial_interfaces/tutorial_interfaces/srv
[0.922s] -- Up-to-date: /home/leungjch/Documents/repos/wato_monorepo_v2/src/install/tutorial_interfaces/include/tutorial_interfaces/tutorial_interfaces/srv/detail
[0.922s] -- Up-to-date: /home/leungjch/Documents/repos/wato_monorepo_v2/src/install/tutorial_interfaces/include/tutorial_interfaces/tutorial_interfaces/srv/detail/add_three_ints__struct.hpp
[0.922s] -- Up-to-date: /home/leungjch/Documents/repos/wato_monorepo_v2/src/install/tutorial_interfaces/include/tutorial_interfaces/tutorial_interfaces/srv/detail/add_three_ints__builder.hpp
[0.923s] -- Up-to-date: /home/leungjch/Documents/repos/wato_monorepo_v2/src/install/tutorial_interfaces/include/tutorial_interfaces/tutorial_interfaces/srv/detail/add_three_ints__traits.hpp
[0.923s] -- Up-to-date: /home/leungjch/Documents/repos/wato_monorepo_v2/src/install/tutorial_interfaces/include/tutorial_interfaces/tutorial_interfaces/srv/add_three_ints.hpp
[0.923s] -- Up-to-date: /home/leungjch/Documents/repos/wato_monorepo_v2/src/install/tutorial_interfaces/include/tutorial_interfaces/tutorial_interfaces
[0.923s] -- Up-to-date: /home/leungjch/Documents/repos/wato_monorepo_v2/src/install/tutorial_interfaces/include/tutorial_interfaces/tutorial_interfaces/msg
[0.924s] -- Up-to-date: /home/leungjch/Documents/repos/wato_monorepo_v2/src/install/tutorial_interfaces/include/tutorial_interfaces/tutorial_interfaces/msg/detail
[0.924s] -- Up-to-date: /home/leungjch/Documents/repos/wato_monorepo_v2/src/install/tutorial_interfaces/include/tutorial_interfaces/tutorial_interfaces/msg/detail/dds_fastrtps
[0.924s] -- Up-to-date: /home/leungjch/Documents/repos/wato_monorepo_v2/src/install/tutorial_interfaces/include/tutorial_interfaces/tutorial_interfaces/msg/detail/num__rosidl_typesupport_fastrtps_cpp.hpp
[0.924s] -- Up-to-date: /home/leungjch/Documents/repos/wato_monorepo_v2/src/install/tutorial_interfaces/include/tutorial_interfaces/tutorial_interfaces/msg/detail/sphere__rosidl_typesupport_fastrtps_cpp.hpp
[0.924s] -- Up-to-date: /home/leungjch/Documents/repos/wato_monorepo_v2/src/install/tutorial_interfaces/include/tutorial_interfaces/tutorial_interfaces/msg/rosidl_typesupport_fastrtps_cpp__visibility_control.h
[0.924s] -- Up-to-date: /home/leungjch/Documents/repos/wato_monorepo_v2/src/install/tutorial_interfaces/include/tutorial_interfaces/tutorial_interfaces/srv
[0.925s] -- Up-to-date: /home/leungjch/Documents/repos/wato_monorepo_v2/src/install/tutorial_interfaces/include/tutorial_interfaces/tutorial_interfaces/srv/detail
[0.925s] -- Up-to-date: /home/leungjch/Documents/repos/wato_monorepo_v2/src/install/tutorial_interfaces/include/tutorial_interfaces/tutorial_interfaces/srv/detail/dds_fastrtps
[0.925s] -- Up-to-date: /home/leungjch/Documents/repos/wato_monorepo_v2/src/install/tutorial_interfaces/include/tutorial_interfaces/tutorial_interfaces/srv/detail/add_three_ints__rosidl_typesupport_fastrtps_cpp.hpp
[0.925s] -- Up-to-date: /home/leungjch/Documents/repos/wato_monorepo_v2/src/install/tutorial_interfaces/lib/libtutorial_interfaces__rosidl_typesupport_fastrtps_cpp.so
[0.925s] -- Up-to-date: /home/leungjch/Documents/repos/wato_monorepo_v2/src/install/tutorial_interfaces/include/tutorial_interfaces/tutorial_interfaces
[0.926s] -- Up-to-date: /home/leungjch/Documents/repos/wato_monorepo_v2/src/install/tutorial_interfaces/include/tutorial_interfaces/tutorial_interfaces/msg
[0.926s] -- Up-to-date: /home/leungjch/Documents/repos/wato_monorepo_v2/src/install/tutorial_interfaces/include/tutorial_interfaces/tutorial_interfaces/msg/rosidl_typesupport_introspection_c__visibility_control.h
[0.926s] -- Up-to-date: /home/leungjch/Documents/repos/wato_monorepo_v2/src/install/tutorial_interfaces/include/tutorial_interfaces/tutorial_interfaces/msg/detail
[0.926s] -- Up-to-date: /home/leungjch/Documents/repos/wato_monorepo_v2/src/install/tutorial_interfaces/include/tutorial_interfaces/tutorial_interfaces/msg/detail/num__type_support.c
[0.926s] -- Up-to-date: /home/leungjch/Documents/repos/wato_monorepo_v2/src/install/tutorial_interfaces/include/tutorial_interfaces/tutorial_interfaces/msg/detail/sphere__rosidl_typesupport_introspection_c.h
[0.926s] -- Up-to-date: /home/leungjch/Documents/repos/wato_monorepo_v2/src/install/tutorial_interfaces/include/tutorial_interfaces/tutorial_interfaces/msg/detail/num__rosidl_typesupport_introspection_c.h
[0.926s] -- Up-to-date: /home/leungjch/Documents/repos/wato_monorepo_v2/src/install/tutorial_interfaces/include/tutorial_interfaces/tutorial_interfaces/msg/detail/sphere__type_support.c
[0.926s] -- Up-to-date: /home/leungjch/Documents/repos/wato_monorepo_v2/src/install/tutorial_interfaces/include/tutorial_interfaces/tutorial_interfaces/srv
[0.926s] -- Up-to-date: /home/leungjch/Documents/repos/wato_monorepo_v2/src/install/tutorial_interfaces/include/tutorial_interfaces/tutorial_interfaces/srv/detail
[0.926s] -- Up-to-date: /home/leungjch/Documents/repos/wato_monorepo_v2/src/install/tutorial_interfaces/include/tutorial_interfaces/tutorial_interfaces/srv/detail/add_three_ints__type_support.c
[0.927s] -- Up-to-date: /home/leungjch/Documents/repos/wato_monorepo_v2/src/install/tutorial_interfaces/include/tutorial_interfaces/tutorial_interfaces/srv/detail/add_three_ints__rosidl_typesupport_introspection_c.h
[0.927s] -- Up-to-date: /home/leungjch/Documents/repos/wato_monorepo_v2/src/install/tutorial_interfaces/lib/libtutorial_interfaces__rosidl_typesupport_introspection_c.so
[0.927s] -- Up-to-date: /home/leungjch/Documents/repos/wato_monorepo_v2/src/install/tutorial_interfaces/lib/libtutorial_interfaces__rosidl_typesupport_c.so
[0.927s] -- Up-to-date: /home/leungjch/Documents/repos/wato_monorepo_v2/src/install/tutorial_interfaces/include/tutorial_interfaces/tutorial_interfaces
[0.927s] -- Up-to-date: /home/leungjch/Documents/repos/wato_monorepo_v2/src/install/tutorial_interfaces/include/tutorial_interfaces/tutorial_interfaces/msg
[0.927s] -- Up-to-date: /home/leungjch/Documents/repos/wato_monorepo_v2/src/install/tutorial_interfaces/include/tutorial_interfaces/tutorial_interfaces/msg/detail
[0.927s] -- Up-to-date: /home/leungjch/Documents/repos/wato_monorepo_v2/src/install/tutorial_interfaces/include/tutorial_interfaces/tutorial_interfaces/msg/detail/num__rosidl_typesupport_introspection_cpp.hpp
[0.927s] -- Up-to-date: /home/leungjch/Documents/repos/wato_monorepo_v2/src/install/tutorial_interfaces/include/tutorial_interfaces/tutorial_interfaces/msg/detail/sphere__rosidl_typesupport_introspection_cpp.hpp
[0.927s] -- Up-to-date: /home/leungjch/Documents/repos/wato_monorepo_v2/src/install/tutorial_interfaces/include/tutorial_interfaces/tutorial_interfaces/msg/detail/num__type_support.cpp
[0.927s] -- Up-to-date: /home/leungjch/Documents/repos/wato_monorepo_v2/src/install/tutorial_interfaces/include/tutorial_interfaces/tutorial_interfaces/msg/detail/sphere__type_support.cpp
[0.927s] -- Up-to-date: /home/leungjch/Documents/repos/wato_monorepo_v2/src/install/tutorial_interfaces/include/tutorial_interfaces/tutorial_interfaces/srv
[0.927s] -- Up-to-date: /home/leungjch/Documents/repos/wato_monorepo_v2/src/install/tutorial_interfaces/include/tutorial_interfaces/tutorial_interfaces/srv/detail
[0.927s] -- Up-to-date: /home/leungjch/Documents/repos/wato_monorepo_v2/src/install/tutorial_interfaces/include/tutorial_interfaces/tutorial_interfaces/srv/detail/add_three_ints__type_support.cpp
[0.928s] -- Up-to-date: /home/leungjch/Documents/repos/wato_monorepo_v2/src/install/tutorial_interfaces/include/tutorial_interfaces/tutorial_interfaces/srv/detail/add_three_ints__rosidl_typesupport_introspection_cpp.hpp
[0.928s] -- Up-to-date: /home/leungjch/Documents/repos/wato_monorepo_v2/src/install/tutorial_interfaces/lib/libtutorial_interfaces__rosidl_typesupport_introspection_cpp.so
[0.928s] -- Up-to-date: /home/leungjch/Documents/repos/wato_monorepo_v2/src/install/tutorial_interfaces/lib/libtutorial_interfaces__rosidl_typesupport_cpp.so
[0.928s] -- Up-to-date: /home/leungjch/Documents/repos/wato_monorepo_v2/src/install/tutorial_interfaces/share/tutorial_interfaces/environment/pythonpath.sh
[0.928s] -- Up-to-date: /home/leungjch/Documents/repos/wato_monorepo_v2/src/install/tutorial_interfaces/share/tutorial_interfaces/environment/pythonpath.dsv
[0.928s] -- Up-to-date: /home/leungjch/Documents/repos/wato_monorepo_v2/src/install/tutorial_interfaces/local/lib/python3.10/dist-packages/tutorial_interfaces-0.0.0-py3.10.egg-info
[0.928s] -- Installing: /home/leungjch/Documents/repos/wato_monorepo_v2/src/install/tutorial_interfaces/local/lib/python3.10/dist-packages/tutorial_interfaces-0.0.0-py3.10.egg-info/dependency_links.txt
[0.928s] -- Installing: /home/leungjch/Documents/repos/wato_monorepo_v2/src/install/tutorial_interfaces/local/lib/python3.10/dist-packages/tutorial_interfaces-0.0.0-py3.10.egg-info/top_level.txt
[0.928s] -- Installing: /home/leungjch/Documents/repos/wato_monorepo_v2/src/install/tutorial_interfaces/local/lib/python3.10/dist-packages/tutorial_interfaces-0.0.0-py3.10.egg-info/SOURCES.txt
[0.928s] -- Installing: /home/leungjch/Documents/repos/wato_monorepo_v2/src/install/tutorial_interfaces/local/lib/python3.10/dist-packages/tutorial_interfaces-0.0.0-py3.10.egg-info/PKG-INFO
[0.928s] -- Up-to-date: /home/leungjch/Documents/repos/wato_monorepo_v2/src/install/tutorial_interfaces/local/lib/python3.10/dist-packages/tutorial_interfaces
[0.928s] -- Up-to-date: /home/leungjch/Documents/repos/wato_monorepo_v2/src/install/tutorial_interfaces/local/lib/python3.10/dist-packages/tutorial_interfaces/_tutorial_interfaces_s.ep.rosidl_typesupport_fastrtps_c.c
[0.929s] -- Up-to-date: /home/leungjch/Documents/repos/wato_monorepo_v2/src/install/tutorial_interfaces/local/lib/python3.10/dist-packages/tutorial_interfaces/__init__.py
[0.929s] -- Up-to-date: /home/leungjch/Documents/repos/wato_monorepo_v2/src/install/tutorial_interfaces/local/lib/python3.10/dist-packages/tutorial_interfaces/_tutorial_interfaces_s.ep.rosidl_typesupport_c.c
[0.929s] -- Up-to-date: /home/leungjch/Documents/repos/wato_monorepo_v2/src/install/tutorial_interfaces/local/lib/python3.10/dist-packages/tutorial_interfaces/tutorial_interfaces_s__rosidl_typesupport_c.cpython-39-x86_64-linux-gnu.so
[0.929s] -- Up-to-date: /home/leungjch/Documents/repos/wato_monorepo_v2/src/install/tutorial_interfaces/local/lib/python3.10/dist-packages/tutorial_interfaces/msg
[0.929s] -- Up-to-date: /home/leungjch/Documents/repos/wato_monorepo_v2/src/install/tutorial_interfaces/local/lib/python3.10/dist-packages/tutorial_interfaces/msg/_num.py
[0.929s] -- Up-to-date: /home/leungjch/Documents/repos/wato_monorepo_v2/src/install/tutorial_interfaces/local/lib/python3.10/dist-packages/tutorial_interfaces/msg/_sphere.py
[0.929s] -- Up-to-date: /home/leungjch/Documents/repos/wato_monorepo_v2/src/install/tutorial_interfaces/local/lib/python3.10/dist-packages/tutorial_interfaces/msg/__init__.py
[0.929s] -- Up-to-date: /home/leungjch/Documents/repos/wato_monorepo_v2/src/install/tutorial_interfaces/local/lib/python3.10/dist-packages/tutorial_interfaces/msg/_num_s.c
[0.929s] -- Up-to-date: /home/leungjch/Documents/repos/wato_monorepo_v2/src/install/tutorial_interfaces/local/lib/python3.10/dist-packages/tutorial_interfaces/msg/_sphere_s.c
[0.929s] -- Up-to-date: /home/leungjch/Documents/repos/wato_monorepo_v2/src/install/tutorial_interfaces/local/lib/python3.10/dist-packages/tutorial_interfaces/_tutorial_interfaces_s.ep.rosidl_typesupport_introspection_c.c
[0.929s] -- Up-to-date: /home/leungjch/Documents/repos/wato_monorepo_v2/src/install/tutorial_interfaces/local/lib/python3.10/dist-packages/tutorial_interfaces/srv
[0.929s] -- Up-to-date: /home/leungjch/Documents/repos/wato_monorepo_v2/src/install/tutorial_interfaces/local/lib/python3.10/dist-packages/tutorial_interfaces/srv/_add_three_ints_s.c
[0.930s] -- Up-to-date: /home/leungjch/Documents/repos/wato_monorepo_v2/src/install/tutorial_interfaces/local/lib/python3.10/dist-packages/tutorial_interfaces/srv/_add_three_ints.py
[0.930s] -- Up-to-date: /home/leungjch/Documents/repos/wato_monorepo_v2/src/install/tutorial_interfaces/local/lib/python3.10/dist-packages/tutorial_interfaces/srv/__init__.py
[0.930s] -- Up-to-date: /home/leungjch/Documents/repos/wato_monorepo_v2/src/install/tutorial_interfaces/local/lib/python3.10/dist-packages/tutorial_interfaces/libtutorial_interfaces__rosidl_generator_py.so
[0.930s] -- Up-to-date: /home/leungjch/Documents/repos/wato_monorepo_v2/src/install/tutorial_interfaces/local/lib/python3.10/dist-packages/tutorial_interfaces/tutorial_interfaces_s__rosidl_typesupport_fastrtps_c.cpython-39-x86_64-linux-gnu.so
[0.930s] -- Up-to-date: /home/leungjch/Documents/repos/wato_monorepo_v2/src/install/tutorial_interfaces/local/lib/python3.10/dist-packages/tutorial_interfaces/tutorial_interfaces_s__rosidl_typesupport_introspection_c.cpython-39-x86_64-linux-gnu.so
[0.935s] Listing '/home/leungjch/Documents/repos/wato_monorepo_v2/src/install/tutorial_interfaces/local/lib/python3.10/dist-packages/tutorial_interfaces'...
[0.935s] Listing '/home/leungjch/Documents/repos/wato_monorepo_v2/src/install/tutorial_interfaces/local/lib/python3.10/dist-packages/tutorial_interfaces/msg'...
[0.936s] Listing '/home/leungjch/Documents/repos/wato_monorepo_v2/src/install/tutorial_interfaces/local/lib/python3.10/dist-packages/tutorial_interfaces/srv'...
[0.948s] -- Up-to-date: /home/leungjch/Documents/repos/wato_monorepo_v2/src/install/tutorial_interfaces/local/lib/python3.10/dist-packages/tutorial_interfaces/tutorial_interfaces_s__rosidl_typesupport_fastrtps_c.cpython-39-x86_64-linux-gnu.so
[0.948s] -- Up-to-date: /home/leungjch/Documents/repos/wato_monorepo_v2/src/install/tutorial_interfaces/local/lib/python3.10/dist-packages/tutorial_interfaces/tutorial_interfaces_s__rosidl_typesupport_introspection_c.cpython-39-x86_64-linux-gnu.so
[0.948s] -- Up-to-date: /home/leungjch/Documents/repos/wato_monorepo_v2/src/install/tutorial_interfaces/local/lib/python3.10/dist-packages/tutorial_interfaces/tutorial_interfaces_s__rosidl_typesupport_c.cpython-39-x86_64-linux-gnu.so
[0.948s] -- Up-to-date: /home/leungjch/Documents/repos/wato_monorepo_v2/src/install/tutorial_interfaces/lib/libtutorial_interfaces__rosidl_generator_py.so
[0.948s] -- Up-to-date: /home/leungjch/Documents/repos/wato_monorepo_v2/src/install/tutorial_interfaces/share/tutorial_interfaces/msg/Num.idl
[0.949s] -- Up-to-date: /home/leungjch/Documents/repos/wato_monorepo_v2/src/install/tutorial_interfaces/share/tutorial_interfaces/msg/Sphere.idl
[0.949s] -- Up-to-date: /home/leungjch/Documents/repos/wato_monorepo_v2/src/install/tutorial_interfaces/share/tutorial_interfaces/srv/AddThreeInts.idl
[0.949s] -- Up-to-date: /home/leungjch/Documents/repos/wato_monorepo_v2/src/install/tutorial_interfaces/share/tutorial_interfaces/msg/Num.msg
[0.950s] -- Up-to-date: /home/leungjch/Documents/repos/wato_monorepo_v2/src/install/tutorial_interfaces/share/tutorial_interfaces/msg/Sphere.msg
[0.951s] -- Up-to-date: /home/leungjch/Documents/repos/wato_monorepo_v2/src/install/tutorial_interfaces/share/tutorial_interfaces/srv/AddThreeInts.srv
[0.951s] -- Up-to-date: /home/leungjch/Documents/repos/wato_monorepo_v2/src/install/tutorial_interfaces/share/tutorial_interfaces/srv/AddThreeInts_Request.msg
[0.951s] -- Up-to-date: /home/leungjch/Documents/repos/wato_monorepo_v2/src/install/tutorial_interfaces/share/tutorial_interfaces/srv/AddThreeInts_Response.msg
[0.951s] -- Up-to-date: /home/leungjch/Documents/repos/wato_monorepo_v2/src/install/tutorial_interfaces/share/ament_index/resource_index/package_run_dependencies/tutorial_interfaces
[0.952s] -- Up-to-date: /home/leungjch/Documents/repos/wato_monorepo_v2/src/install/tutorial_interfaces/share/ament_index/resource_index/parent_prefix_path/tutorial_interfaces
[0.952s] -- Up-to-date: /home/leungjch/Documents/repos/wato_monorepo_v2/src/install/tutorial_interfaces/share/tutorial_interfaces/environment/ament_prefix_path.sh
[0.952s] -- Up-to-date: /home/leungjch/Documents/repos/wato_monorepo_v2/src/install/tutorial_interfaces/share/tutorial_interfaces/environment/ament_prefix_path.dsv
[0.952s] -- Up-to-date: /home/leungjch/Documents/repos/wato_monorepo_v2/src/install/tutorial_interfaces/share/tutorial_interfaces/environment/path.sh
[0.952s] -- Up-to-date: /home/leungjch/Documents/repos/wato_monorepo_v2/src/install/tutorial_interfaces/share/tutorial_interfaces/environment/path.dsv
[0.952s] -- Up-to-date: /home/leungjch/Documents/repos/wato_monorepo_v2/src/install/tutorial_interfaces/share/tutorial_interfaces/local_setup.bash
[0.952s] -- Up-to-date: /home/leungjch/Documents/repos/wato_monorepo_v2/src/install/tutorial_interfaces/share/tutorial_interfaces/local_setup.sh
[0.953s] -- Up-to-date: /home/leungjch/Documents/repos/wato_monorepo_v2/src/install/tutorial_interfaces/share/tutorial_interfaces/local_setup.zsh
[0.953s] -- Up-to-date: /home/leungjch/Documents/repos/wato_monorepo_v2/src/install/tutorial_interfaces/share/tutorial_interfaces/local_setup.dsv
[0.953s] -- Installing: /home/leungjch/Documents/repos/wato_monorepo_v2/src/install/tutorial_interfaces/share/tutorial_interfaces/package.dsv
[0.953s] -- Up-to-date: /home/leungjch/Documents/repos/wato_monorepo_v2/src/install/tutorial_interfaces/share/ament_index/resource_index/packages/tutorial_interfaces
[0.953s] -- Up-to-date: /home/leungjch/Documents/repos/wato_monorepo_v2/src/install/tutorial_interfaces/share/tutorial_interfaces/cmake/export_tutorial_interfaces__rosidl_generator_cExport.cmake
[0.953s] -- Up-to-date: /home/leungjch/Documents/repos/wato_monorepo_v2/src/install/tutorial_interfaces/share/tutorial_interfaces/cmake/export_tutorial_interfaces__rosidl_generator_cExport-noconfig.cmake
[0.953s] -- Up-to-date: /home/leungjch/Documents/repos/wato_monorepo_v2/src/install/tutorial_interfaces/share/tutorial_interfaces/cmake/export_tutorial_interfaces__rosidl_typesupport_fastrtps_cExport.cmake
[0.953s] -- Up-to-date: /home/leungjch/Documents/repos/wato_monorepo_v2/src/install/tutorial_interfaces/share/tutorial_interfaces/cmake/export_tutorial_interfaces__rosidl_typesupport_fastrtps_cExport-noconfig.cmake
[0.958s] -- Up-to-date: /home/leungjch/Documents/repos/wato_monorepo_v2/src/install/tutorial_interfaces/share/tutorial_interfaces/cmake/export_tutorial_interfaces__rosidl_generator_cppExport.cmake
[0.958s] -- Up-to-date: /home/leungjch/Documents/repos/wato_monorepo_v2/src/install/tutorial_interfaces/share/tutorial_interfaces/cmake/export_tutorial_interfaces__rosidl_typesupport_fastrtps_cppExport.cmake
[0.958s] -- Up-to-date: /home/leungjch/Documents/repos/wato_monorepo_v2/src/install/tutorial_interfaces/share/tutorial_interfaces/cmake/export_tutorial_interfaces__rosidl_typesupport_fastrtps_cppExport-noconfig.cmake
[0.958s] -- Up-to-date: /home/leungjch/Documents/repos/wato_monorepo_v2/src/install/tutorial_interfaces/share/tutorial_interfaces/cmake/tutorial_interfaces__rosidl_typesupport_introspection_cExport.cmake
[0.959s] -- Up-to-date: /home/leungjch/Documents/repos/wato_monorepo_v2/src/install/tutorial_interfaces/share/tutorial_interfaces/cmake/tutorial_interfaces__rosidl_typesupport_introspection_cExport-noconfig.cmake
[0.959s] -- Up-to-date: /home/leungjch/Documents/repos/wato_monorepo_v2/src/install/tutorial_interfaces/share/tutorial_interfaces/cmake/tutorial_interfaces__rosidl_typesupport_cExport.cmake
[0.959s] -- Up-to-date: /home/leungjch/Documents/repos/wato_monorepo_v2/src/install/tutorial_interfaces/share/tutorial_interfaces/cmake/tutorial_interfaces__rosidl_typesupport_cExport-noconfig.cmake
[0.959s] -- Up-to-date: /home/leungjch/Documents/repos/wato_monorepo_v2/src/install/tutorial_interfaces/share/tutorial_interfaces/cmake/tutorial_interfaces__rosidl_typesupport_introspection_cppExport.cmake
[0.959s] -- Up-to-date: /home/leungjch/Documents/repos/wato_monorepo_v2/src/install/tutorial_interfaces/share/tutorial_interfaces/cmake/tutorial_interfaces__rosidl_typesupport_introspection_cppExport-noconfig.cmake
[0.960s] -- Up-to-date: /home/leungjch/Documents/repos/wato_monorepo_v2/src/install/tutorial_interfaces/share/tutorial_interfaces/cmake/tutorial_interfaces__rosidl_typesupport_cppExport.cmake
[0.960s] -- Up-to-date: /home/leungjch/Documents/repos/wato_monorepo_v2/src/install/tutorial_interfaces/share/tutorial_interfaces/cmake/tutorial_interfaces__rosidl_typesupport_cppExport-noconfig.cmake
[0.960s] -- Up-to-date: /home/leungjch/Documents/repos/wato_monorepo_v2/src/install/tutorial_interfaces/share/tutorial_interfaces/cmake/export_tutorial_interfaces__rosidl_generator_pyExport.cmake
[0.962s] -- Up-to-date: /home/leungjch/Documents/repos/wato_monorepo_v2/src/install/tutorial_interfaces/share/tutorial_interfaces/cmake/export_tutorial_interfaces__rosidl_generator_pyExport-noconfig.cmake
[0.962s] -- Up-to-date: /home/leungjch/Documents/repos/wato_monorepo_v2/src/install/tutorial_interfaces/share/tutorial_interfaces/cmake/rosidl_cmake-extras.cmake
[0.962s] -- Up-to-date: /home/leungjch/Documents/repos/wato_monorepo_v2/src/install/tutorial_interfaces/share/tutorial_interfaces/cmake/ament_cmake_export_dependencies-extras.cmake
[0.962s] -- Up-to-date: /home/leungjch/Documents/repos/wato_monorepo_v2/src/install/tutorial_interfaces/share/tutorial_interfaces/cmake/ament_cmake_export_include_directories-extras.cmake
[0.963s] -- Up-to-date: /home/leungjch/Documents/repos/wato_monorepo_v2/src/install/tutorial_interfaces/share/tutorial_interfaces/cmake/ament_cmake_export_libraries-extras.cmake
[0.963s] -- Up-to-date: /home/leungjch/Documents/repos/wato_monorepo_v2/src/install/tutorial_interfaces/share/tutorial_interfaces/cmake/ament_cmake_export_targets-extras.cmake
[0.963s] -- Up-to-date: /home/leungjch/Documents/repos/wato_monorepo_v2/src/install/tutorial_interfaces/share/tutorial_interfaces/cmake/rosidl_cmake_export_typesupport_targets-extras.cmake
[0.963s] -- Up-to-date: /home/leungjch/Documents/repos/wato_monorepo_v2/src/install/tutorial_interfaces/share/tutorial_interfaces/cmake/rosidl_cmake_export_typesupport_libraries-extras.cmake
[0.963s] -- Up-to-date: /home/leungjch/Documents/repos/wato_monorepo_v2/src/install/tutorial_interfaces/share/tutorial_interfaces/cmake/tutorial_interfacesConfig.cmake
[0.964s] -- Up-to-date: /home/leungjch/Documents/repos/wato_monorepo_v2/src/install/tutorial_interfaces/share/tutorial_interfaces/cmake/tutorial_interfacesConfig-version.cmake
[0.966s] -- Up-to-date: /home/leungjch/Documents/repos/wato_monorepo_v2/src/install/tutorial_interfaces/share/tutorial_interfaces/package.xml
[0.972s] Invoked command in '/home/leungjch/Documents/repos/wato_monorepo_v2/src/build/tutorial_interfaces' returned '0': CMAKE_PREFIX_PATH=${CMAKE_PREFIX_PATH}:/home/leungjch/Documents/repos/wato_monorepo_v2/src/install/py_pubsub:/home/leungjch/Documents/repos/wato_monorepo_v2/src/install/camera_detection:/opt/ros/humble CONDA_PROMPT_MODIFIER=(base) /usr/bin/cmake --install /home/leungjch/Documents/repos/wato_monorepo_v2/src/build/tutorial_interfaces
