-- The C compiler identification is GNU 9.4.0
-- The CXX compiler identification is GNU 9.4.0
-- Detecting C compiler ABI info
-- Detecting C compiler ABI info - done
-- Check for working C compiler: /usr/bin/cc - skipped
-- Detecting C compile features
-- Detecting C compile features - done
-- Detecting CXX compiler ABI info
-- Detecting CXX compiler ABI info - done
-- Check for working CXX compiler: /usr/bin/c++ - skipped
-- Detecting CXX compile features
-- Detecting CXX compile features - done
-- Architecture: x86_64
-- Found ament_cmake: 1.3.5 (/opt/ros/humble/install/ament_cmake/share/ament_cmake/cmake)
-- Found Python3: /usr/bin/python3.8 (found version "3.8.10") found components: Interpreter 
-- Found rclcpp: 16.0.4 (/opt/ros/humble/install/rclcpp/share/rclcpp/cmake)
-- Found rosidl_generator_c: 3.1.4 (/opt/ros/humble/install/rosidl_generator_c/share/rosidl_generator_c/cmake)
-- Found rosidl_adapter: 3.1.4 (/opt/ros/humble/install/rosidl_adapter/share/rosidl_adapter/cmake)
-- Found rosidl_generator_cpp: 3.1.4 (/opt/ros/humble/install/rosidl_generator_cpp/share/rosidl_generator_cpp/cmake)
-- Using all available rosidl_typesupport_c: rosidl_typesupport_introspection_c;rosidl_typesupport_fastrtps_c
-- Using all available rosidl_typesupport_cpp: rosidl_typesupport_introspection_cpp;rosidl_typesupport_fastrtps_cpp
-- Found rmw_implementation_cmake: 6.1.1 (/opt/ros/humble/install/rmw_implementation_cmake/share/rmw_implementation_cmake/cmake)
-- Found rmw_fastrtps_cpp: 6.2.2 (/opt/ros/humble/install/rmw_fastrtps_cpp/share/rmw_fastrtps_cpp/cmake)
-- Found OpenSSL: /usr/lib/x86_64-linux-gnu/libcrypto.so (found version "1.1.1f")  
-- Found FastRTPS: /opt/ros/humble/install/fastrtps/include  
-- Using RMW implementation 'rmw_fastrtps_cpp' as default
-- Performing Test CMAKE_HAVE_LIBC_PTHREAD
-- Performing Test CMAKE_HAVE_LIBC_PTHREAD - Failed
-- Looking for pthread_create in pthreads
-- Looking for pthread_create in pthreads - not found
-- Looking for pthread_create in pthread
-- Looking for pthread_create in pthread - found
-- Found Threads: TRUE  
-- Found vision_msgs: 4.1.0 (/opt/ros/humble/install/vision_msgs/share/vision_msgs/cmake)
-- Found message_filters: 4.3.3 (/opt/ros/humble/install/message_filters/share/message_filters/cmake)
-- Found pcl_conversions: 2.4.1 (/opt/ros/humble/install/pcl_conversions/share/pcl_conversions/cmake)
-- Checking for module 'eigen3'
--   Found eigen3, version 3.3.7
-- Found Eigen: /usr/include/eigen3 (Required is at least version "3.1") 
-- Eigen found (include: /usr/include/eigen3, version: 3.3.7)
-- Checking for module 'flann'
--   Found flann, version 1.9.1
-- Found FLANN: /usr/lib/x86_64-linux-gnu/libflann_cpp.so  
-- The imported target "vtkParseOGLExt" references the file
   "/usr/bin/vtkParseOGLExt-7.1"
but this file does not exist.  Possible reasons include:
* The file was deleted, renamed, or moved to another location.
* An install or uninstall procedure did not complete successfully.
* The installation package was faulty and contained
   "/usr/lib/cmake/vtk-7.1/VTKTargets.cmake"
but not all the files it references.

-- The imported target "vtkRenderingPythonTkWidgets" references the file
   "/usr/lib/x86_64-linux-gnu/libvtkRenderingPythonTkWidgets.so"
but this file does not exist.  Possible reasons include:
* The file was deleted, renamed, or moved to another location.
* An install or uninstall procedure did not complete successfully.
* The installation package was faulty and contained
   "/usr/lib/cmake/vtk-7.1/VTKTargets.cmake"
but not all the files it references.

-- The imported target "vtk" references the file
   "/usr/bin/vtk"
but this file does not exist.  Possible reasons include:
* The file was deleted, renamed, or moved to another location.
* An install or uninstall procedure did not complete successfully.
* The installation package was faulty and contained
   "/usr/lib/cmake/vtk-7.1/VTKTargets.cmake"
but not all the files it references.

-- The imported target "pvtk" references the file
   "/usr/bin/pvtk"
but this file does not exist.  Possible reasons include:
* The file was deleted, renamed, or moved to another location.
* An install or uninstall procedure did not complete successfully.
* The installation package was faulty and contained
   "/usr/lib/cmake/vtk-7.1/VTKTargets.cmake"
but not all the files it references.

-- Checking for module 'libusb-1.0'
--   No package 'libusb-1.0' found
-- Could NOT find USB_10 (missing: USB_10_LIBRARY USB_10_INCLUDE_DIR) 
-- OpenNI disabled because libusb-1.0 not found.
-- Checking for module 'libusb-1.0'
--   No package 'libusb-1.0' found
-- Could NOT find USB_10 (missing: USB_10_LIBRARY USB_10_INCLUDE_DIR) 
-- OpenNI 2 disabled because libusb-1.0 not found.
-- LIBUSB_1_LIBRARY (missing: LIBUSB_1_INCLUDE_DIR) 
-- Checking for module 'libusb-1.0'
--   No package 'libusb-1.0' found
-- Could NOT find USB_10 (missing: USB_10_LIBRARY USB_10_INCLUDE_DIR) 
-- OpenNI disabled because libusb-1.0 not found.
-- Checking for module 'libusb-1.0'
--   No package 'libusb-1.0' found
-- Could NOT find USB_10 (missing: USB_10_LIBRARY USB_10_INCLUDE_DIR) 
-- OpenNI 2 disabled because libusb-1.0 not found.
-- Found Qhull: optimized;/usr/lib/x86_64-linux-gnu/libqhull.so;debug;/usr/lib/x86_64-linux-gnu/libqhull.so  
-- QHULL found (include: /usr/include, lib: optimized;/usr/lib/x86_64-linux-gnu/libqhull.so;debug;/usr/lib/x86_64-linux-gnu/libqhull.so)
-- Checking for module 'libusb-1.0'
--   No package 'libusb-1.0' found
-- Could NOT find USB_10 (missing: USB_10_LIBRARY USB_10_INCLUDE_DIR) 
-- OpenNI disabled because libusb-1.0 not found.
-- Found PCL_COMMON: /usr/lib/x86_64-linux-gnu/libpcl_common.so  
-- Found PCL_KDTREE: /usr/lib/x86_64-linux-gnu/libpcl_kdtree.so  
-- Found PCL_OCTREE: /usr/lib/x86_64-linux-gnu/libpcl_octree.so  
-- Found PCL_SEARCH: /usr/lib/x86_64-linux-gnu/libpcl_search.so  
-- Found PCL_SAMPLE_CONSENSUS: /usr/lib/x86_64-linux-gnu/libpcl_sample_consensus.so  
-- Found PCL_FILTERS: /usr/lib/x86_64-linux-gnu/libpcl_filters.so  
-- Found PCL_2D: /usr/include/pcl-1.10  
-- Found PCL_GEOMETRY: /usr/include/pcl-1.10  
-- Found PCL_IO: /usr/lib/x86_64-linux-gnu/libpcl_io.so  
-- Found PCL_FEATURES: /usr/lib/x86_64-linux-gnu/libpcl_features.so  
-- Found PCL_ML: /usr/lib/x86_64-linux-gnu/libpcl_ml.so  
-- Found PCL_SEGMENTATION: /usr/lib/x86_64-linux-gnu/libpcl_segmentation.so  
-- Found PCL_VISUALIZATION: /usr/lib/x86_64-linux-gnu/libpcl_visualization.so  
-- Found PCL_SURFACE: /usr/lib/x86_64-linux-gnu/libpcl_surface.so  
-- Found PCL_REGISTRATION: /usr/lib/x86_64-linux-gnu/libpcl_registration.so  
-- Found PCL_KEYPOINTS: /usr/lib/x86_64-linux-gnu/libpcl_keypoints.so  
-- Found PCL_TRACKING: /usr/lib/x86_64-linux-gnu/libpcl_tracking.so  
-- Found PCL_RECOGNITION: /usr/lib/x86_64-linux-gnu/libpcl_recognition.so  
-- Found PCL_STEREO: /usr/lib/x86_64-linux-gnu/libpcl_stereo.so  
-- Found PCL_APPS: /usr/lib/x86_64-linux-gnu/libpcl_apps.so  
-- Found PCL_IN_HAND_SCANNER: /usr/include/pcl-1.10  
-- Found PCL_POINT_CLOUD_EDITOR: /usr/include/pcl-1.10  
-- Found PCL_OUTOFCORE: /usr/lib/x86_64-linux-gnu/libpcl_outofcore.so  
-- Found PCL_PEOPLE: /usr/lib/x86_64-linux-gnu/libpcl_people.so  
-- Found pcl_ros: 2.4.1 (/opt/ros/humble/install/pcl_ros/share/pcl_ros/cmake)
-- Found eigen3_cmake_module: 0.1.1 (/opt/ros/humble/install/eigen3_cmake_module/share/eigen3_cmake_module/cmake)
-- Found Eigen3: TRUE (found version "3.3.7") 
-- Ensuring Eigen3 include directory is part of orocos-kdl CMake target
-- Found visualization_msgs: 4.2.3 (/opt/ros/humble/install/visualization_msgs/share/visualization_msgs/cmake)
-- Found CUDA: /usr/local/cuda (found version "11.8") 
-- Found ament_lint_auto: 0.12.6 (/opt/ros/humble/install/ament_lint_auto/share/ament_lint_auto/cmake)
-- Added test 'copyright' to check source files copyright and LICENSE
-- Added test 'cppcheck' to perform static code analysis on C / C++ code
-- Configured cppcheck include dirs: /home/docker/ament_ws/src/lidar_object_detection/lidar_object_detection_node/../include
-- Configured cppcheck exclude dirs and/or files: 
-- Added test 'cpplint' to check C / C++ code against the Google style
-- Configured cpplint exclude dirs and/or files: 
-- Added test 'flake8' to check Python code syntax and style conventions
-- Added test 'lint_cmake' to check CMake code style
-- Added test 'pep257' to check Python code against some of the docstring style conventions in PEP 257
-- Added test 'uncrustify' to check C / C++ code style
-- Configured uncrustify additional arguments: 
-- Added test 'xmllint' to check XML markup files
-- Configuring done
-- Generating done
-- Build files have been written to: /home/docker/ament_ws/src/lidar_object_detection/build/pp_infer
[ 25%] [32mBuilding CXX object CMakeFiles/pp_infer.dir/src/pp_inference_node.cpp.o[0m
[ 75%] [32mBuilding CXX object CMakeFiles/pp_infer.dir/src/postprocess.cpp.o[0m
[ 75%] [32mBuilding CXX object CMakeFiles/pp_infer.dir/src/pointpillar.cpp.o[0m
[100%] [32m[1mLinking CXX executable pp_infer[0m
[100%] Built target pp_infer
-- Install configuration: "Release"
-- Installing: /home/docker/ament_ws/src/lidar_object_detection/install/pp_infer/lib/pp_infer/pp_infer
-- Set runtime path of "/home/docker/ament_ws/src/lidar_object_detection/install/pp_infer/lib/pp_infer/pp_infer" to ""
-- Installing: /home/docker/ament_ws/src/lidar_object_detection/install/pp_infer/share/pp_infer//launch
-- Installing: /home/docker/ament_ws/src/lidar_object_detection/install/pp_infer/share/pp_infer//launch/pp_infer_launch.py
-- Installing: /home/docker/ament_ws/src/lidar_object_detection/install/pp_infer/share/ament_index/resource_index/package_run_dependencies/pp_infer
-- Installing: /home/docker/ament_ws/src/lidar_object_detection/install/pp_infer/share/ament_index/resource_index/parent_prefix_path/pp_infer
-- Installing: /home/docker/ament_ws/src/lidar_object_detection/install/pp_infer/share/pp_infer/environment/ament_prefix_path.sh
-- Installing: /home/docker/ament_ws/src/lidar_object_detection/install/pp_infer/share/pp_infer/environment/ament_prefix_path.dsv
-- Installing: /home/docker/ament_ws/src/lidar_object_detection/install/pp_infer/share/pp_infer/environment/path.sh
-- Installing: /home/docker/ament_ws/src/lidar_object_detection/install/pp_infer/share/pp_infer/environment/path.dsv
-- Installing: /home/docker/ament_ws/src/lidar_object_detection/install/pp_infer/share/pp_infer/local_setup.bash
-- Installing: /home/docker/ament_ws/src/lidar_object_detection/install/pp_infer/share/pp_infer/local_setup.sh
-- Installing: /home/docker/ament_ws/src/lidar_object_detection/install/pp_infer/share/pp_infer/local_setup.zsh
-- Installing: /home/docker/ament_ws/src/lidar_object_detection/install/pp_infer/share/pp_infer/local_setup.dsv
-- Installing: /home/docker/ament_ws/src/lidar_object_detection/install/pp_infer/share/pp_infer/package.dsv
-- Installing: /home/docker/ament_ws/src/lidar_object_detection/install/pp_infer/share/ament_index/resource_index/packages/pp_infer
-- Installing: /home/docker/ament_ws/src/lidar_object_detection/install/pp_infer/share/pp_infer/cmake/pp_inferConfig.cmake
-- Installing: /home/docker/ament_ws/src/lidar_object_detection/install/pp_infer/share/pp_infer/cmake/pp_inferConfig-version.cmake
-- Installing: /home/docker/ament_ws/src/lidar_object_detection/install/pp_infer/share/pp_infer/package.xml
