[0.044s] Invoking command in '/home/leungjch/Documents/repos/wato_monorepo_v2/src/build/producer': CMAKE_PREFIX_PATH=/home/leungjch/Documents/repos/wato_monorepo_v2/src/install/sample_msgs:/home/leungjch/Documents/repos/wato_monorepo_v2/src/install/tutorial_interfaces:/home/leungjch/Documents/repos/wato_monorepo_v2/src/install/transformer:/home/leungjch/Documents/repos/wato_monorepo_v2/src/install/producer:/home/leungjch/Documents/repos/wato_monorepo_v2/src/install/aggregator:/home/leungjch/Documents/repos/wato_monorepo_v2/src/install/common_msgs:/home/leungjch/Documents/repos/wato_monorepo_v2/src/install/py_pubsub:/home/leungjch/Documents/repos/wato_monorepo_v2/src/install/camera_detection:/opt/ros/humble CONDA_PROMPT_MODIFIER=(base) LD_LIBRARY_PATH=/home/leungjch/Documents/repos/wato_monorepo_v2/src/install/sample_msgs/lib:/home/leungjch/Documents/repos/wato_monorepo_v2/src/install/tutorial_interfaces/lib:/home/leungjch/Documents/repos/wato_monorepo_v2/src/install/common_msgs/lib:/opt/ros/humble/opt/rviz_ogre_vendor/lib:/opt/ros/humble/lib/x86_64-linux-gnu:/opt/ros/humble/lib /usr/bin/cmake --build /home/leungjch/Documents/repos/wato_monorepo_v2/src/build/producer -- -j16 -l16
[0.156s] [ 20%] Built target gtest_main
[0.161s] [ 40%] Built target gtest
[0.166s] [ 60%] Built target producer_lib
[0.213s] [ 80%] Built target producer_test
[0.215s] [100%] Built target producer_node
[0.237s] Invoked command in '/home/leungjch/Documents/repos/wato_monorepo_v2/src/build/producer' returned '0': CMAKE_PREFIX_PATH=/home/leungjch/Documents/repos/wato_monorepo_v2/src/install/sample_msgs:/home/leungjch/Documents/repos/wato_monorepo_v2/src/install/tutorial_interfaces:/home/leungjch/Documents/repos/wato_monorepo_v2/src/install/transformer:/home/leungjch/Documents/repos/wato_monorepo_v2/src/install/producer:/home/leungjch/Documents/repos/wato_monorepo_v2/src/install/aggregator:/home/leungjch/Documents/repos/wato_monorepo_v2/src/install/common_msgs:/home/leungjch/Documents/repos/wato_monorepo_v2/src/install/py_pubsub:/home/leungjch/Documents/repos/wato_monorepo_v2/src/install/camera_detection:/opt/ros/humble CONDA_PROMPT_MODIFIER=(base) LD_LIBRARY_PATH=/home/leungjch/Documents/repos/wato_monorepo_v2/src/install/sample_msgs/lib:/home/leungjch/Documents/repos/wato_monorepo_v2/src/install/tutorial_interfaces/lib:/home/leungjch/Documents/repos/wato_monorepo_v2/src/install/common_msgs/lib:/opt/ros/humble/opt/rviz_ogre_vendor/lib:/opt/ros/humble/lib/x86_64-linux-gnu:/opt/ros/humble/lib /usr/bin/cmake --build /home/leungjch/Documents/repos/wato_monorepo_v2/src/build/producer -- -j16 -l16
[0.297s] Invoking command in '/home/leungjch/Documents/repos/wato_monorepo_v2/src/build/producer': CMAKE_PREFIX_PATH=/home/leungjch/Documents/repos/wato_monorepo_v2/src/install/sample_msgs:/home/leungjch/Documents/repos/wato_monorepo_v2/src/install/tutorial_interfaces:/home/leungjch/Documents/repos/wato_monorepo_v2/src/install/transformer:/home/leungjch/Documents/repos/wato_monorepo_v2/src/install/producer:/home/leungjch/Documents/repos/wato_monorepo_v2/src/install/aggregator:/home/leungjch/Documents/repos/wato_monorepo_v2/src/install/common_msgs:/home/leungjch/Documents/repos/wato_monorepo_v2/src/install/py_pubsub:/home/leungjch/Documents/repos/wato_monorepo_v2/src/install/camera_detection:/opt/ros/humble CONDA_PROMPT_MODIFIER=(base) LD_LIBRARY_PATH=/home/leungjch/Documents/repos/wato_monorepo_v2/src/install/sample_msgs/lib:/home/leungjch/Documents/repos/wato_monorepo_v2/src/install/tutorial_interfaces/lib:/home/leungjch/Documents/repos/wato_monorepo_v2/src/install/common_msgs/lib:/opt/ros/humble/opt/rviz_ogre_vendor/lib:/opt/ros/humble/lib/x86_64-linux-gnu:/opt/ros/humble/lib /usr/bin/cmake --install /home/leungjch/Documents/repos/wato_monorepo_v2/src/build/producer
[0.324s] -- Install configuration: ""
[0.326s] -- Up-to-date: /home/leungjch/Documents/repos/wato_monorepo_v2/src/install/producer/lib/producer/producer_test
[0.327s] -- Up-to-date: /home/leungjch/Documents/repos/wato_monorepo_v2/src/install/producer/lib/producer/producer_node
[0.329s] -- Up-to-date: /home/leungjch/Documents/repos/wato_monorepo_v2/src/install/producer/share/producer/config
[0.329s] -- Up-to-date: /home/leungjch/Documents/repos/wato_monorepo_v2/src/install/producer/share/producer/config/params.yaml
[0.330s] -- Up-to-date: /home/leungjch/Documents/repos/wato_monorepo_v2/src/install/producer/share/producer/launch
[0.331s] -- Up-to-date: /home/leungjch/Documents/repos/wato_monorepo_v2/src/install/producer/share/producer/launch/producer.launch.py
[0.331s] -- Up-to-date: /home/leungjch/Documents/repos/wato_monorepo_v2/src/install/producer/share/ament_index/resource_index/package_run_dependencies/producer
[0.332s] -- Up-to-date: /home/leungjch/Documents/repos/wato_monorepo_v2/src/install/producer/share/ament_index/resource_index/parent_prefix_path/producer
[0.332s] -- Up-to-date: /home/leungjch/Documents/repos/wato_monorepo_v2/src/install/producer/share/producer/environment/ament_prefix_path.sh
[0.332s] -- Up-to-date: /home/leungjch/Documents/repos/wato_monorepo_v2/src/install/producer/share/producer/environment/ament_prefix_path.dsv
[0.332s] -- Up-to-date: /home/leungjch/Documents/repos/wato_monorepo_v2/src/install/producer/share/producer/environment/path.sh
[0.333s] -- Up-to-date: /home/leungjch/Documents/repos/wato_monorepo_v2/src/install/producer/share/producer/environment/path.dsv
[0.333s] -- Up-to-date: /home/leungjch/Documents/repos/wato_monorepo_v2/src/install/producer/share/producer/local_setup.bash
[0.333s] -- Up-to-date: /home/leungjch/Documents/repos/wato_monorepo_v2/src/install/producer/share/producer/local_setup.sh
[0.339s] -- Up-to-date: /home/leungjch/Documents/repos/wato_monorepo_v2/src/install/producer/share/producer/local_setup.zsh
[0.340s] -- Up-to-date: /home/leungjch/Documents/repos/wato_monorepo_v2/src/install/producer/share/producer/local_setup.dsv
[0.342s] -- Installing: /home/leungjch/Documents/repos/wato_monorepo_v2/src/install/producer/share/producer/package.dsv
[0.343s] -- Up-to-date: /home/leungjch/Documents/repos/wato_monorepo_v2/src/install/producer/share/ament_index/resource_index/packages/producer
[0.343s] -- Up-to-date: /home/leungjch/Documents/repos/wato_monorepo_v2/src/install/producer/share/producer/cmake/producerConfig.cmake
[0.343s] -- Up-to-date: /home/leungjch/Documents/repos/wato_monorepo_v2/src/install/producer/share/producer/cmake/producerConfig-version.cmake
[0.343s] -- Up-to-date: /home/leungjch/Documents/repos/wato_monorepo_v2/src/install/producer/share/producer/package.xml
[0.386s] Invoked command in '/home/leungjch/Documents/repos/wato_monorepo_v2/src/build/producer' returned '0': CMAKE_PREFIX_PATH=/home/leungjch/Documents/repos/wato_monorepo_v2/src/install/sample_msgs:/home/leungjch/Documents/repos/wato_monorepo_v2/src/install/tutorial_interfaces:/home/leungjch/Documents/repos/wato_monorepo_v2/src/install/transformer:/home/leungjch/Documents/repos/wato_monorepo_v2/src/install/producer:/home/leungjch/Documents/repos/wato_monorepo_v2/src/install/aggregator:/home/leungjch/Documents/repos/wato_monorepo_v2/src/install/common_msgs:/home/leungjch/Documents/repos/wato_monorepo_v2/src/install/py_pubsub:/home/leungjch/Documents/repos/wato_monorepo_v2/src/install/camera_detection:/opt/ros/humble CONDA_PROMPT_MODIFIER=(base) LD_LIBRARY_PATH=/home/leungjch/Documents/repos/wato_monorepo_v2/src/install/sample_msgs/lib:/home/leungjch/Documents/repos/wato_monorepo_v2/src/install/tutorial_interfaces/lib:/home/leungjch/Documents/repos/wato_monorepo_v2/src/install/common_msgs/lib:/opt/ros/humble/opt/rviz_ogre_vendor/lib:/opt/ros/humble/lib/x86_64-linux-gnu:/opt/ros/humble/lib /usr/bin/cmake --install /home/leungjch/Documents/repos/wato_monorepo_v2/src/build/producer
