[1.028s] Invoking command in '/home/leungjch/Documents/repos/wato_monorepo_v2/src/py_pubsub': CONDA_PROMPT_MODIFIER=(base) PYTHONPATH=/home/leungjch/Documents/repos/wato_monorepo_v2/src/build/py_pubsub/prefix_override:/home/leungjch/Documents/repos/wato_monorepo_v2/src/install/py_pubsub/lib/python3.10/site-packages:${PYTHONPATH} /usr/bin/python3 setup.py egg_info --egg-base ../build/py_pubsub build --build-base /home/leungjch/Documents/repos/wato_monorepo_v2/src/build/py_pubsub/build install --record /home/leungjch/Documents/repos/wato_monorepo_v2/src/build/py_pubsub/install.log --single-version-externally-managed
[1.387s] running egg_info
[1.389s] writing ../build/py_pubsub/py_pubsub.egg-info/PKG-INFO
[1.389s] writing dependency_links to ../build/py_pubsub/py_pubsub.egg-info/dependency_links.txt
[1.389s] writing entry points to ../build/py_pubsub/py_pubsub.egg-info/entry_points.txt
[1.390s] writing requirements to ../build/py_pubsub/py_pubsub.egg-info/requires.txt
[1.390s] writing top-level names to ../build/py_pubsub/py_pubsub.egg-info/top_level.txt
[1.396s] reading manifest file '../build/py_pubsub/py_pubsub.egg-info/SOURCES.txt'
[1.397s] writing manifest file '../build/py_pubsub/py_pubsub.egg-info/SOURCES.txt'
[1.397s] running build
[1.398s] running build_py
[1.398s] running install
[1.398s] running install_lib
[1.399s] running install_data
[1.399s] copying package.xml -> /home/leungjch/Documents/repos/wato_monorepo_v2/src/install/py_pubsub/share/py_pubsub
[1.400s] running install_egg_info
[1.401s] removing '/home/leungjch/Documents/repos/wato_monorepo_v2/src/install/py_pubsub/lib/python3.10/site-packages/py_pubsub-0.0.0-py3.10.egg-info' (and everything under it)
[1.401s] Copying ../build/py_pubsub/py_pubsub.egg-info to /home/leungjch/Documents/repos/wato_monorepo_v2/src/install/py_pubsub/lib/python3.10/site-packages/py_pubsub-0.0.0-py3.10.egg-info
[1.402s] running install_scripts
[1.420s] Installing talker script to /home/leungjch/Documents/repos/wato_monorepo_v2/src/install/py_pubsub/lib/py_pubsub
[1.420s] writing list of installed files to '/home/leungjch/Documents/repos/wato_monorepo_v2/src/build/py_pubsub/install.log'
[1.446s] Invoked command in '/home/leungjch/Documents/repos/wato_monorepo_v2/src/py_pubsub' returned '0': CONDA_PROMPT_MODIFIER=(base) PYTHONPATH=/home/leungjch/Documents/repos/wato_monorepo_v2/src/build/py_pubsub/prefix_override:/home/leungjch/Documents/repos/wato_monorepo_v2/src/install/py_pubsub/lib/python3.10/site-packages:${PYTHONPATH} /usr/bin/python3 setup.py egg_info --egg-base ../build/py_pubsub build --build-base /home/leungjch/Documents/repos/wato_monorepo_v2/src/build/py_pubsub/build install --record /home/leungjch/Documents/repos/wato_monorepo_v2/src/build/py_pubsub/install.log --single-version-externally-managed
