[0.422s] Invoking command in '/home/leungjch/Documents/repos/wato_monorepo_v2/src/build/common_msgs': CMAKE_PREFIX_PATH=${CMAKE_PREFIX_PATH}:/home/leungjch/Documents/repos/wato_monorepo_v2/src/install/camera_detection:/opt/ros/humble CONDA_PROMPT_MODIFIER=(base) /usr/bin/cmake --build /home/leungjch/Documents/repos/wato_monorepo_v2/src/build/common_msgs -- -j16 -l16
[0.487s] [  2%] Built target common_msgs__cpp
[0.493s] [ 12%] Built target common_msgs__rosidl_generator_c
[0.499s] [ 12%] Built target ament_cmake_python_copy_common_msgs
[0.519s] [ 23%] Built target common_msgs__rosidl_typesupport_cpp
[0.521s] [ 41%] Built target common_msgs__rosidl_typesupport_introspection_cpp
[0.521s] [ 43%] Built target common_msgs__rosidl_typesupport_fastrtps_cpp
[0.527s] [ 56%] Built target common_msgs__rosidl_typesupport_c
[0.527s] [ 64%] Built target common_msgs__rosidl_typesupport_fastrtps_c
[0.528s] [ 74%] Built target common_msgs__rosidl_typesupport_introspection_c
[0.548s] [ 74%] Built target common_msgs
[0.571s] [ 76%] Built target common_msgs__py
[0.600s] [ 84%] Built target common_msgs__rosidl_generator_py
[0.624s] [ 94%] Built target common_msgs__rosidl_typesupport_introspection_c__pyext
[0.624s] [ 94%] Built target common_msgs__rosidl_typesupport_fastrtps_c__pyext
[0.625s] [100%] Built target common_msgs__rosidl_typesupport_c__pyext
[0.899s] running egg_info
[0.900s] writing common_msgs.egg-info/PKG-INFO
[0.900s] writing dependency_links to common_msgs.egg-info/dependency_links.txt
[0.901s] writing top-level names to common_msgs.egg-info/top_level.txt
[0.905s] reading manifest file 'common_msgs.egg-info/SOURCES.txt'
[0.905s] writing manifest file 'common_msgs.egg-info/SOURCES.txt'
[0.951s] [100%] Built target ament_cmake_python_build_common_msgs_egg
[0.970s] Invoked command in '/home/leungjch/Documents/repos/wato_monorepo_v2/src/build/common_msgs' returned '0': CMAKE_PREFIX_PATH=${CMAKE_PREFIX_PATH}:/home/leungjch/Documents/repos/wato_monorepo_v2/src/install/camera_detection:/opt/ros/humble CONDA_PROMPT_MODIFIER=(base) /usr/bin/cmake --build /home/leungjch/Documents/repos/wato_monorepo_v2/src/build/common_msgs -- -j16 -l16
[1.058s] Invoking command in '/home/leungjch/Documents/repos/wato_monorepo_v2/src/build/common_msgs': CMAKE_PREFIX_PATH=${CMAKE_PREFIX_PATH}:/home/leungjch/Documents/repos/wato_monorepo_v2/src/install/camera_detection:/opt/ros/humble CONDA_PROMPT_MODIFIER=(base) /usr/bin/cmake --install /home/leungjch/Documents/repos/wato_monorepo_v2/src/build/common_msgs
[1.066s] -- Install configuration: ""
[1.066s] -- Up-to-date: /home/leungjch/Documents/repos/wato_monorepo_v2/src/install/common_msgs/share/ament_index/resource_index/rosidl_interfaces/common_msgs
[1.066s] -- Up-to-date: /home/leungjch/Documents/repos/wato_monorepo_v2/src/install/common_msgs/include/common_msgs/common_msgs
[1.066s] -- Up-to-date: /home/leungjch/Documents/repos/wato_monorepo_v2/src/install/common_msgs/include/common_msgs/common_msgs/msg
[1.067s] -- Up-to-date: /home/leungjch/Documents/repos/wato_monorepo_v2/src/install/common_msgs/include/common_msgs/common_msgs/msg/rosidl_generator_c__visibility_control.h
[1.067s] -- Up-to-date: /home/leungjch/Documents/repos/wato_monorepo_v2/src/install/common_msgs/include/common_msgs/common_msgs/msg/obstacle.h
[1.067s] -- Up-to-date: /home/leungjch/Documents/repos/wato_monorepo_v2/src/install/common_msgs/include/common_msgs/common_msgs/msg/obstacle_list.h
[1.067s] -- Up-to-date: /home/leungjch/Documents/repos/wato_monorepo_v2/src/install/common_msgs/include/common_msgs/common_msgs/msg/detail
[1.067s] -- Up-to-date: /home/leungjch/Documents/repos/wato_monorepo_v2/src/install/common_msgs/include/common_msgs/common_msgs/msg/detail/obstacle__type_support.h
[1.067s] -- Up-to-date: /home/leungjch/Documents/repos/wato_monorepo_v2/src/install/common_msgs/include/common_msgs/common_msgs/msg/detail/obstacle_list__functions.c
[1.067s] -- Up-to-date: /home/leungjch/Documents/repos/wato_monorepo_v2/src/install/common_msgs/include/common_msgs/common_msgs/msg/detail/obstacle_list__type_support.h
[1.067s] -- Up-to-date: /home/leungjch/Documents/repos/wato_monorepo_v2/src/install/common_msgs/include/common_msgs/common_msgs/msg/detail/obstacle_list__struct.h
[1.068s] -- Up-to-date: /home/leungjch/Documents/repos/wato_monorepo_v2/src/install/common_msgs/include/common_msgs/common_msgs/msg/detail/obstacle_list__functions.h
[1.068s] -- Up-to-date: /home/leungjch/Documents/repos/wato_monorepo_v2/src/install/common_msgs/include/common_msgs/common_msgs/msg/detail/obstacle__functions.h
[1.068s] -- Up-to-date: /home/leungjch/Documents/repos/wato_monorepo_v2/src/install/common_msgs/include/common_msgs/common_msgs/msg/detail/obstacle__struct.h
[1.068s] -- Up-to-date: /home/leungjch/Documents/repos/wato_monorepo_v2/src/install/common_msgs/include/common_msgs/common_msgs/msg/detail/obstacle__functions.c
[1.068s] -- Up-to-date: /home/leungjch/Documents/repos/wato_monorepo_v2/src/install/common_msgs/share/common_msgs/environment/library_path.sh
[1.068s] -- Up-to-date: /home/leungjch/Documents/repos/wato_monorepo_v2/src/install/common_msgs/share/common_msgs/environment/library_path.dsv
[1.068s] -- Up-to-date: /home/leungjch/Documents/repos/wato_monorepo_v2/src/install/common_msgs/lib/libcommon_msgs__rosidl_generator_c.so
[1.068s] -- Up-to-date: /home/leungjch/Documents/repos/wato_monorepo_v2/src/install/common_msgs/include/common_msgs/common_msgs
[1.069s] -- Up-to-date: /home/leungjch/Documents/repos/wato_monorepo_v2/src/install/common_msgs/include/common_msgs/common_msgs/msg
[1.069s] -- Up-to-date: /home/leungjch/Documents/repos/wato_monorepo_v2/src/install/common_msgs/include/common_msgs/common_msgs/msg/rosidl_typesupport_fastrtps_c__visibility_control.h
[1.069s] -- Up-to-date: /home/leungjch/Documents/repos/wato_monorepo_v2/src/install/common_msgs/include/common_msgs/common_msgs/msg/detail
[1.069s] -- Up-to-date: /home/leungjch/Documents/repos/wato_monorepo_v2/src/install/common_msgs/include/common_msgs/common_msgs/msg/detail/obstacle_list__rosidl_typesupport_fastrtps_c.h
[1.069s] -- Up-to-date: /home/leungjch/Documents/repos/wato_monorepo_v2/src/install/common_msgs/include/common_msgs/common_msgs/msg/detail/obstacle__rosidl_typesupport_fastrtps_c.h
[1.069s] -- Up-to-date: /home/leungjch/Documents/repos/wato_monorepo_v2/src/install/common_msgs/lib/libcommon_msgs__rosidl_typesupport_fastrtps_c.so
[1.069s] -- Up-to-date: /home/leungjch/Documents/repos/wato_monorepo_v2/src/install/common_msgs/include/common_msgs/common_msgs
[1.070s] -- Up-to-date: /home/leungjch/Documents/repos/wato_monorepo_v2/src/install/common_msgs/include/common_msgs/common_msgs/msg
[1.070s] -- Up-to-date: /home/leungjch/Documents/repos/wato_monorepo_v2/src/install/common_msgs/include/common_msgs/common_msgs/msg/rosidl_typesupport_introspection_c__visibility_control.h
[1.070s] -- Up-to-date: /home/leungjch/Documents/repos/wato_monorepo_v2/src/install/common_msgs/include/common_msgs/common_msgs/msg/detail
[1.070s] -- Up-to-date: /home/leungjch/Documents/repos/wato_monorepo_v2/src/install/common_msgs/include/common_msgs/common_msgs/msg/detail/obstacle_list__type_support.c
[1.070s] -- Up-to-date: /home/leungjch/Documents/repos/wato_monorepo_v2/src/install/common_msgs/include/common_msgs/common_msgs/msg/detail/obstacle__type_support.c
[1.070s] -- Up-to-date: /home/leungjch/Documents/repos/wato_monorepo_v2/src/install/common_msgs/include/common_msgs/common_msgs/msg/detail/obstacle__rosidl_typesupport_introspection_c.h
[1.070s] -- Up-to-date: /home/leungjch/Documents/repos/wato_monorepo_v2/src/install/common_msgs/include/common_msgs/common_msgs/msg/detail/obstacle_list__rosidl_typesupport_introspection_c.h
[1.070s] -- Up-to-date: /home/leungjch/Documents/repos/wato_monorepo_v2/src/install/common_msgs/lib/libcommon_msgs__rosidl_typesupport_introspection_c.so
[1.071s] -- Up-to-date: /home/leungjch/Documents/repos/wato_monorepo_v2/src/install/common_msgs/lib/libcommon_msgs__rosidl_typesupport_c.so
[1.071s] -- Up-to-date: /home/leungjch/Documents/repos/wato_monorepo_v2/src/install/common_msgs/include/common_msgs/common_msgs
[1.071s] -- Up-to-date: /home/leungjch/Documents/repos/wato_monorepo_v2/src/install/common_msgs/include/common_msgs/common_msgs/msg
[1.071s] -- Up-to-date: /home/leungjch/Documents/repos/wato_monorepo_v2/src/install/common_msgs/include/common_msgs/common_msgs/msg/obstacle_list.hpp
[1.071s] -- Up-to-date: /home/leungjch/Documents/repos/wato_monorepo_v2/src/install/common_msgs/include/common_msgs/common_msgs/msg/detail
[1.071s] -- Up-to-date: /home/leungjch/Documents/repos/wato_monorepo_v2/src/install/common_msgs/include/common_msgs/common_msgs/msg/detail/obstacle_list__builder.hpp
[1.071s] -- Up-to-date: /home/leungjch/Documents/repos/wato_monorepo_v2/src/install/common_msgs/include/common_msgs/common_msgs/msg/detail/obstacle__builder.hpp
[1.071s] -- Up-to-date: /home/leungjch/Documents/repos/wato_monorepo_v2/src/install/common_msgs/include/common_msgs/common_msgs/msg/detail/obstacle_list__struct.hpp
[1.072s] -- Up-to-date: /home/leungjch/Documents/repos/wato_monorepo_v2/src/install/common_msgs/include/common_msgs/common_msgs/msg/detail/obstacle_list__traits.hpp
[1.072s] -- Up-to-date: /home/leungjch/Documents/repos/wato_monorepo_v2/src/install/common_msgs/include/common_msgs/common_msgs/msg/detail/obstacle__traits.hpp
[1.072s] -- Up-to-date: /home/leungjch/Documents/repos/wato_monorepo_v2/src/install/common_msgs/include/common_msgs/common_msgs/msg/detail/obstacle__struct.hpp
[1.072s] -- Up-to-date: /home/leungjch/Documents/repos/wato_monorepo_v2/src/install/common_msgs/include/common_msgs/common_msgs/msg/obstacle.hpp
[1.072s] -- Up-to-date: /home/leungjch/Documents/repos/wato_monorepo_v2/src/install/common_msgs/include/common_msgs/common_msgs
[1.072s] -- Up-to-date: /home/leungjch/Documents/repos/wato_monorepo_v2/src/install/common_msgs/include/common_msgs/common_msgs/msg
[1.072s] -- Up-to-date: /home/leungjch/Documents/repos/wato_monorepo_v2/src/install/common_msgs/include/common_msgs/common_msgs/msg/detail
[1.072s] -- Up-to-date: /home/leungjch/Documents/repos/wato_monorepo_v2/src/install/common_msgs/include/common_msgs/common_msgs/msg/detail/obstacle__rosidl_typesupport_fastrtps_cpp.hpp
[1.072s] -- Up-to-date: /home/leungjch/Documents/repos/wato_monorepo_v2/src/install/common_msgs/include/common_msgs/common_msgs/msg/detail/dds_fastrtps
[1.072s] -- Up-to-date: /home/leungjch/Documents/repos/wato_monorepo_v2/src/install/common_msgs/include/common_msgs/common_msgs/msg/detail/obstacle_list__rosidl_typesupport_fastrtps_cpp.hpp
[1.073s] -- Up-to-date: /home/leungjch/Documents/repos/wato_monorepo_v2/src/install/common_msgs/include/common_msgs/common_msgs/msg/rosidl_typesupport_fastrtps_cpp__visibility_control.h
[1.073s] -- Up-to-date: /home/leungjch/Documents/repos/wato_monorepo_v2/src/install/common_msgs/lib/libcommon_msgs__rosidl_typesupport_fastrtps_cpp.so
[1.073s] -- Up-to-date: /home/leungjch/Documents/repos/wato_monorepo_v2/src/install/common_msgs/include/common_msgs/common_msgs
[1.073s] -- Up-to-date: /home/leungjch/Documents/repos/wato_monorepo_v2/src/install/common_msgs/include/common_msgs/common_msgs/msg
[1.073s] -- Up-to-date: /home/leungjch/Documents/repos/wato_monorepo_v2/src/install/common_msgs/include/common_msgs/common_msgs/msg/detail
[1.073s] -- Up-to-date: /home/leungjch/Documents/repos/wato_monorepo_v2/src/install/common_msgs/include/common_msgs/common_msgs/msg/detail/obstacle__rosidl_typesupport_introspection_cpp.hpp
[1.073s] -- Up-to-date: /home/leungjch/Documents/repos/wato_monorepo_v2/src/install/common_msgs/include/common_msgs/common_msgs/msg/detail/obstacle_list__rosidl_typesupport_introspection_cpp.hpp
[1.073s] -- Up-to-date: /home/leungjch/Documents/repos/wato_monorepo_v2/src/install/common_msgs/include/common_msgs/common_msgs/msg/detail/obstacle__type_support.cpp
[1.074s] -- Up-to-date: /home/leungjch/Documents/repos/wato_monorepo_v2/src/install/common_msgs/include/common_msgs/common_msgs/msg/detail/obstacle_list__type_support.cpp
[1.074s] -- Up-to-date: /home/leungjch/Documents/repos/wato_monorepo_v2/src/install/common_msgs/lib/libcommon_msgs__rosidl_typesupport_introspection_cpp.so
[1.074s] -- Up-to-date: /home/leungjch/Documents/repos/wato_monorepo_v2/src/install/common_msgs/lib/libcommon_msgs__rosidl_typesupport_cpp.so
[1.074s] -- Up-to-date: /home/leungjch/Documents/repos/wato_monorepo_v2/src/install/common_msgs/share/common_msgs/environment/pythonpath.sh
[1.074s] -- Up-to-date: /home/leungjch/Documents/repos/wato_monorepo_v2/src/install/common_msgs/share/common_msgs/environment/pythonpath.dsv
[1.074s] -- Up-to-date: /home/leungjch/Documents/repos/wato_monorepo_v2/src/install/common_msgs/local/lib/python3.10/dist-packages/common_msgs-0.0.0-py3.10.egg-info
[1.074s] -- Installing: /home/leungjch/Documents/repos/wato_monorepo_v2/src/install/common_msgs/local/lib/python3.10/dist-packages/common_msgs-0.0.0-py3.10.egg-info/dependency_links.txt
[1.074s] -- Installing: /home/leungjch/Documents/repos/wato_monorepo_v2/src/install/common_msgs/local/lib/python3.10/dist-packages/common_msgs-0.0.0-py3.10.egg-info/top_level.txt
[1.074s] -- Installing: /home/leungjch/Documents/repos/wato_monorepo_v2/src/install/common_msgs/local/lib/python3.10/dist-packages/common_msgs-0.0.0-py3.10.egg-info/SOURCES.txt
[1.075s] -- Installing: /home/leungjch/Documents/repos/wato_monorepo_v2/src/install/common_msgs/local/lib/python3.10/dist-packages/common_msgs-0.0.0-py3.10.egg-info/PKG-INFO
[1.075s] -- Up-to-date: /home/leungjch/Documents/repos/wato_monorepo_v2/src/install/common_msgs/local/lib/python3.10/dist-packages/common_msgs
[1.075s] -- Up-to-date: /home/leungjch/Documents/repos/wato_monorepo_v2/src/install/common_msgs/local/lib/python3.10/dist-packages/common_msgs/libcommon_msgs__rosidl_generator_py.so
[1.075s] -- Up-to-date: /home/leungjch/Documents/repos/wato_monorepo_v2/src/install/common_msgs/local/lib/python3.10/dist-packages/common_msgs/_common_msgs_s.ep.rosidl_typesupport_c.c
[1.075s] -- Up-to-date: /home/leungjch/Documents/repos/wato_monorepo_v2/src/install/common_msgs/local/lib/python3.10/dist-packages/common_msgs/common_msgs_s__rosidl_typesupport_fastrtps_c.cpython-39-x86_64-linux-gnu.so
[1.075s] -- Up-to-date: /home/leungjch/Documents/repos/wato_monorepo_v2/src/install/common_msgs/local/lib/python3.10/dist-packages/common_msgs/__init__.py
[1.075s] -- Up-to-date: /home/leungjch/Documents/repos/wato_monorepo_v2/src/install/common_msgs/local/lib/python3.10/dist-packages/common_msgs/_common_msgs_s.ep.rosidl_typesupport_introspection_c.c
[1.075s] -- Up-to-date: /home/leungjch/Documents/repos/wato_monorepo_v2/src/install/common_msgs/local/lib/python3.10/dist-packages/common_msgs/common_msgs_s__rosidl_typesupport_c.cpython-39-x86_64-linux-gnu.so
[1.075s] -- Up-to-date: /home/leungjch/Documents/repos/wato_monorepo_v2/src/install/common_msgs/local/lib/python3.10/dist-packages/common_msgs/msg
[1.075s] -- Up-to-date: /home/leungjch/Documents/repos/wato_monorepo_v2/src/install/common_msgs/local/lib/python3.10/dist-packages/common_msgs/msg/__init__.py
[1.076s] -- Up-to-date: /home/leungjch/Documents/repos/wato_monorepo_v2/src/install/common_msgs/local/lib/python3.10/dist-packages/common_msgs/msg/_obstacle.py
[1.076s] -- Up-to-date: /home/leungjch/Documents/repos/wato_monorepo_v2/src/install/common_msgs/local/lib/python3.10/dist-packages/common_msgs/msg/_obstacle_list.py
[1.076s] -- Up-to-date: /home/leungjch/Documents/repos/wato_monorepo_v2/src/install/common_msgs/local/lib/python3.10/dist-packages/common_msgs/msg/_obstacle_list_s.c
[1.076s] -- Up-to-date: /home/leungjch/Documents/repos/wato_monorepo_v2/src/install/common_msgs/local/lib/python3.10/dist-packages/common_msgs/msg/_obstacle_s.c
[1.076s] -- Up-to-date: /home/leungjch/Documents/repos/wato_monorepo_v2/src/install/common_msgs/local/lib/python3.10/dist-packages/common_msgs/_common_msgs_s.ep.rosidl_typesupport_fastrtps_c.c
[1.076s] -- Up-to-date: /home/leungjch/Documents/repos/wato_monorepo_v2/src/install/common_msgs/local/lib/python3.10/dist-packages/common_msgs/common_msgs_s__rosidl_typesupport_introspection_c.cpython-39-x86_64-linux-gnu.so
[1.114s] Listing '/home/leungjch/Documents/repos/wato_monorepo_v2/src/install/common_msgs/local/lib/python3.10/dist-packages/common_msgs'...
[1.115s] Listing '/home/leungjch/Documents/repos/wato_monorepo_v2/src/install/common_msgs/local/lib/python3.10/dist-packages/common_msgs/msg'...
[1.126s] -- Up-to-date: /home/leungjch/Documents/repos/wato_monorepo_v2/src/install/common_msgs/local/lib/python3.10/dist-packages/common_msgs/common_msgs_s__rosidl_typesupport_fastrtps_c.cpython-39-x86_64-linux-gnu.so
[1.128s] -- Up-to-date: /home/leungjch/Documents/repos/wato_monorepo_v2/src/install/common_msgs/local/lib/python3.10/dist-packages/common_msgs/common_msgs_s__rosidl_typesupport_introspection_c.cpython-39-x86_64-linux-gnu.so
[1.128s] -- Up-to-date: /home/leungjch/Documents/repos/wato_monorepo_v2/src/install/common_msgs/local/lib/python3.10/dist-packages/common_msgs/common_msgs_s__rosidl_typesupport_c.cpython-39-x86_64-linux-gnu.so
[1.129s] -- Up-to-date: /home/leungjch/Documents/repos/wato_monorepo_v2/src/install/common_msgs/lib/libcommon_msgs__rosidl_generator_py.so
[1.129s] -- Up-to-date: /home/leungjch/Documents/repos/wato_monorepo_v2/src/install/common_msgs/share/common_msgs/msg/Obstacle.idl
[1.129s] -- Up-to-date: /home/leungjch/Documents/repos/wato_monorepo_v2/src/install/common_msgs/share/common_msgs/msg/ObstacleList.idl
[1.129s] -- Up-to-date: /home/leungjch/Documents/repos/wato_monorepo_v2/src/install/common_msgs/share/common_msgs/msg/Obstacle.msg
[1.130s] -- Up-to-date: /home/leungjch/Documents/repos/wato_monorepo_v2/src/install/common_msgs/share/common_msgs/msg/ObstacleList.msg
[1.130s] -- Up-to-date: /home/leungjch/Documents/repos/wato_monorepo_v2/src/install/common_msgs/share/ament_index/resource_index/package_run_dependencies/common_msgs
[1.130s] -- Up-to-date: /home/leungjch/Documents/repos/wato_monorepo_v2/src/install/common_msgs/share/ament_index/resource_index/parent_prefix_path/common_msgs
[1.130s] -- Up-to-date: /home/leungjch/Documents/repos/wato_monorepo_v2/src/install/common_msgs/share/common_msgs/environment/ament_prefix_path.sh
[1.130s] -- Up-to-date: /home/leungjch/Documents/repos/wato_monorepo_v2/src/install/common_msgs/share/common_msgs/environment/ament_prefix_path.dsv
[1.130s] -- Up-to-date: /home/leungjch/Documents/repos/wato_monorepo_v2/src/install/common_msgs/share/common_msgs/environment/path.sh
[1.130s] -- Up-to-date: /home/leungjch/Documents/repos/wato_monorepo_v2/src/install/common_msgs/share/common_msgs/environment/path.dsv
[1.130s] -- Up-to-date: /home/leungjch/Documents/repos/wato_monorepo_v2/src/install/common_msgs/share/common_msgs/local_setup.bash
[1.131s] -- Up-to-date: /home/leungjch/Documents/repos/wato_monorepo_v2/src/install/common_msgs/share/common_msgs/local_setup.sh
[1.131s] -- Up-to-date: /home/leungjch/Documents/repos/wato_monorepo_v2/src/install/common_msgs/share/common_msgs/local_setup.zsh
[1.131s] -- Up-to-date: /home/leungjch/Documents/repos/wato_monorepo_v2/src/install/common_msgs/share/common_msgs/local_setup.dsv
[1.131s] -- Installing: /home/leungjch/Documents/repos/wato_monorepo_v2/src/install/common_msgs/share/common_msgs/package.dsv
[1.131s] -- Up-to-date: /home/leungjch/Documents/repos/wato_monorepo_v2/src/install/common_msgs/share/ament_index/resource_index/packages/common_msgs
[1.131s] -- Up-to-date: /home/leungjch/Documents/repos/wato_monorepo_v2/src/install/common_msgs/share/common_msgs/cmake/export_common_msgs__rosidl_generator_cExport.cmake
[1.131s] -- Up-to-date: /home/leungjch/Documents/repos/wato_monorepo_v2/src/install/common_msgs/share/common_msgs/cmake/export_common_msgs__rosidl_generator_cExport-noconfig.cmake
[1.131s] -- Up-to-date: /home/leungjch/Documents/repos/wato_monorepo_v2/src/install/common_msgs/share/common_msgs/cmake/export_common_msgs__rosidl_typesupport_fastrtps_cExport.cmake
[1.131s] -- Up-to-date: /home/leungjch/Documents/repos/wato_monorepo_v2/src/install/common_msgs/share/common_msgs/cmake/export_common_msgs__rosidl_typesupport_fastrtps_cExport-noconfig.cmake
[1.131s] -- Up-to-date: /home/leungjch/Documents/repos/wato_monorepo_v2/src/install/common_msgs/share/common_msgs/cmake/common_msgs__rosidl_typesupport_introspection_cExport.cmake
[1.132s] -- Up-to-date: /home/leungjch/Documents/repos/wato_monorepo_v2/src/install/common_msgs/share/common_msgs/cmake/common_msgs__rosidl_typesupport_introspection_cExport-noconfig.cmake
[1.132s] -- Up-to-date: /home/leungjch/Documents/repos/wato_monorepo_v2/src/install/common_msgs/share/common_msgs/cmake/common_msgs__rosidl_typesupport_cExport.cmake
[1.132s] -- Up-to-date: /home/leungjch/Documents/repos/wato_monorepo_v2/src/install/common_msgs/share/common_msgs/cmake/common_msgs__rosidl_typesupport_cExport-noconfig.cmake
[1.132s] -- Up-to-date: /home/leungjch/Documents/repos/wato_monorepo_v2/src/install/common_msgs/share/common_msgs/cmake/export_common_msgs__rosidl_generator_cppExport.cmake
[1.132s] -- Up-to-date: /home/leungjch/Documents/repos/wato_monorepo_v2/src/install/common_msgs/share/common_msgs/cmake/export_common_msgs__rosidl_typesupport_fastrtps_cppExport.cmake
[1.133s] -- Up-to-date: /home/leungjch/Documents/repos/wato_monorepo_v2/src/install/common_msgs/share/common_msgs/cmake/export_common_msgs__rosidl_typesupport_fastrtps_cppExport-noconfig.cmake
[1.133s] -- Up-to-date: /home/leungjch/Documents/repos/wato_monorepo_v2/src/install/common_msgs/share/common_msgs/cmake/common_msgs__rosidl_typesupport_introspection_cppExport.cmake
[1.133s] -- Up-to-date: /home/leungjch/Documents/repos/wato_monorepo_v2/src/install/common_msgs/share/common_msgs/cmake/common_msgs__rosidl_typesupport_introspection_cppExport-noconfig.cmake
[1.133s] -- Up-to-date: /home/leungjch/Documents/repos/wato_monorepo_v2/src/install/common_msgs/share/common_msgs/cmake/common_msgs__rosidl_typesupport_cppExport.cmake
[1.133s] -- Up-to-date: /home/leungjch/Documents/repos/wato_monorepo_v2/src/install/common_msgs/share/common_msgs/cmake/common_msgs__rosidl_typesupport_cppExport-noconfig.cmake
[1.134s] -- Up-to-date: /home/leungjch/Documents/repos/wato_monorepo_v2/src/install/common_msgs/share/common_msgs/cmake/export_common_msgs__rosidl_generator_pyExport.cmake
[1.134s] -- Up-to-date: /home/leungjch/Documents/repos/wato_monorepo_v2/src/install/common_msgs/share/common_msgs/cmake/export_common_msgs__rosidl_generator_pyExport-noconfig.cmake
[1.134s] -- Up-to-date: /home/leungjch/Documents/repos/wato_monorepo_v2/src/install/common_msgs/share/common_msgs/cmake/rosidl_cmake-extras.cmake
[1.134s] -- Up-to-date: /home/leungjch/Documents/repos/wato_monorepo_v2/src/install/common_msgs/share/common_msgs/cmake/ament_cmake_export_dependencies-extras.cmake
[1.134s] -- Up-to-date: /home/leungjch/Documents/repos/wato_monorepo_v2/src/install/common_msgs/share/common_msgs/cmake/ament_cmake_export_include_directories-extras.cmake
[1.134s] -- Up-to-date: /home/leungjch/Documents/repos/wato_monorepo_v2/src/install/common_msgs/share/common_msgs/cmake/ament_cmake_export_libraries-extras.cmake
[1.135s] -- Up-to-date: /home/leungjch/Documents/repos/wato_monorepo_v2/src/install/common_msgs/share/common_msgs/cmake/ament_cmake_export_targets-extras.cmake
[1.135s] -- Up-to-date: /home/leungjch/Documents/repos/wato_monorepo_v2/src/install/common_msgs/share/common_msgs/cmake/rosidl_cmake_export_typesupport_targets-extras.cmake
[1.135s] -- Up-to-date: /home/leungjch/Documents/repos/wato_monorepo_v2/src/install/common_msgs/share/common_msgs/cmake/rosidl_cmake_export_typesupport_libraries-extras.cmake
[1.135s] -- Up-to-date: /home/leungjch/Documents/repos/wato_monorepo_v2/src/install/common_msgs/share/common_msgs/cmake/common_msgsConfig.cmake
[1.135s] -- Up-to-date: /home/leungjch/Documents/repos/wato_monorepo_v2/src/install/common_msgs/share/common_msgs/cmake/common_msgsConfig-version.cmake
[1.135s] -- Up-to-date: /home/leungjch/Documents/repos/wato_monorepo_v2/src/install/common_msgs/share/common_msgs/package.xml
[1.138s] Invoked command in '/home/leungjch/Documents/repos/wato_monorepo_v2/src/build/common_msgs' returned '0': CMAKE_PREFIX_PATH=${CMAKE_PREFIX_PATH}:/home/leungjch/Documents/repos/wato_monorepo_v2/src/install/camera_detection:/opt/ros/humble CONDA_PROMPT_MODIFIER=(base) /usr/bin/cmake --install /home/leungjch/Documents/repos/wato_monorepo_v2/src/build/common_msgs
