[0.172s] Invoking command in '/home/docker/ament_ws/src/lidar_object_detection/lidar_object_detection_node/build/pp_infer': CMAKE_PREFIX_PATH=${CMAKE_PREFIX_PATH}:/opt/ros/humble/install/ros2bag:/opt/ros/humble/install/tf2_tools:/opt/ros/humble/install/tf2_ros_py:/opt/ros/humble/install/sros2:/opt/ros/humble/install/ros2topic:/opt/ros/humble/install/ros2test:/opt/ros/humble/install/ros2component:/opt/ros/humble/install/ros2param:/opt/ros/humble/install/ros2lifecycle:/opt/ros/humble/install/ros2service:/opt/ros/humble/install/ros2run:/opt/ros/humble/install/ros2launch:/opt/ros/humble/install/ros2pkg:/opt/ros/humble/install/ros2node:/opt/ros/humble/install/ros2multicast:/opt/ros/humble/install/ros2interface:/opt/ros/humble/install/ros2doctor:/opt/ros/humble/install/ros2action:/opt/ros/humble/install/ros2cli:/opt/ros/humble/install/launch_testing_ros:/opt/ros/humble/install/launch_ros:/opt/ros/humble/install/ament_uncrustify:/opt/ros/humble/install/rpyutils:/opt/ros/humble/install/rosidl_runtime_py:/opt/ros/humble/install/rosidl_cli:/opt/ros/humble/install/launch_testing:/opt/ros/humble/install/launch_yaml:/opt/ros/humble/install/launch_xml:/opt/ros/humble/install/launch:/opt/ros/humble/install/osrf_pycommon:/opt/ros/humble/install/domain_coordinator:/opt/ros/humble/install/ament_xmllint:/opt/ros/humble/install/ament_pycodestyle:/opt/ros/humble/install/ament_pep257:/opt/ros/humble/install/ament_package:/opt/ros/humble/install/ament_mypy:/opt/ros/humble/install/ament_lint_cmake:/opt/ros/humble/install/ament_flake8:/opt/ros/humble/install/ament_copyright:/opt/ros/humble/install/ament_lint:/opt/ros/humble/install/ament_index_python:/opt/ros/humble/install/ament_cpplint:/opt/ros/humble/install/ament_cppcheck _=/usr/bin/env /usr/local/bin/cmake --build /home/docker/ament_ws/src/lidar_object_detection/lidar_object_detection_node/build/pp_infer -- -j120 -l120
[0.287s] [ 37%] Built target pointpillar_core
[0.335s] [35m[1mConsolidate compiler generated dependencies of target pp_infer[0m
[0.455s] [ 41%] [32mBuilding CXX object CMakeFiles/pp_infer.dir/src/pp_inference_node.cpp.o[0m
[2.879s] In file included from [01m[K/home/docker/ament_ws/src/lidar_object_detection/lidar_object_detection_node/src/pp_inference_node.cpp:52[m[K:
[2.879s] [01m[K/opt/ros/humble/src/geometry2/tf2_geometry_msgs/include/tf2_geometry_msgs/tf2_geometry_msgs.h:35:2:[m[K [01;35m[Kwarning: [m[K#warning This header is obsolete, please include tf2_geometry_msgs/tf2_geometry_msgs.hpp instead [[01;35m[K-Wcpp[m[K]
[2.879s]    35 | #[01;35m[Kwarning[m[K This header is obsolete, please include tf2_geometry_msgs/tf2_geometry_msgs.hpp instead
[2.879s]       |  [01;35m[K^~~~~~~[m[K
[3.374s] In file included from [01m[K/home/docker/ament_ws/src/lidar_object_detection/lidar_object_detection_node/src/CUDA-PointPillars/src/pointpillar/lidar-voxelization.hpp:22[m[K,
[3.374s]                  from [01m[K/home/docker/ament_ws/src/lidar_object_detection/lidar_object_detection_node/src/CUDA-PointPillars/src/pointpillar/pointpillar.hpp:27[m[K,
[3.374s]                  from [01m[K/home/docker/ament_ws/src/lidar_object_detection/lidar_object_detection_node/src/pp_inference_node.cpp:40[m[K:
[3.375s] [01m[K/home/docker/ament_ws/src/lidar_object_detection/lidar_object_detection_node/src/CUDA-PointPillars/src/common/dtype.hpp:69:2:[m[K [01;35m[Kwarning: [m[Kextra ‘[01m[K;[m[K’ [[01;35m[K-Wpedantic[m[K]
[3.376s]    69 | }[01;35m[K;[m[K  // namespace nvtype
[3.376s]       |  [01;35m[K^[m[K
[3.376s] In file included from [01m[K/home/docker/ament_ws/src/lidar_object_detection/lidar_object_detection_node/src/CUDA-PointPillars/src/pointpillar/pointpillar.hpp:27[m[K,
[3.377s]                  from [01m[K/home/docker/ament_ws/src/lidar_object_detection/lidar_object_detection_node/src/pp_inference_node.cpp:40[m[K:
[3.377s] [01m[K/home/docker/ament_ws/src/lidar_object_detection/lidar_object_detection_node/src/CUDA-PointPillars/src/pointpillar/lidar-voxelization.hpp:53:2:[m[K [01;35m[Kwarning: [m[Kextra ‘[01m[K;[m[K’ [[01;35m[K-Wpedantic[m[K]
[3.378s]    53 | }[01;35m[K;[m[K  // namespace lidar
[3.378s]       |  [01;35m[K^[m[K
[3.378s] [01m[K/home/docker/ament_ws/src/lidar_object_detection/lidar_object_detection_node/src/CUDA-PointPillars/src/pointpillar/lidar-voxelization.hpp:54:2:[m[K [01;35m[Kwarning: [m[Kextra ‘[01m[K;[m[K’ [[01;35m[K-Wpedantic[m[K]
[3.379s]    54 | }[01;35m[K;[m[K  // namespace pointpillar
[3.379s]       |  [01;35m[K^[m[K
[3.379s] In file included from [01m[K/home/docker/ament_ws/src/lidar_object_detection/lidar_object_detection_node/src/CUDA-PointPillars/src/pointpillar/pointpillar.hpp:28[m[K,
[3.379s]                  from [01m[K/home/docker/ament_ws/src/lidar_object_detection/lidar_object_detection_node/src/pp_inference_node.cpp:40[m[K:
[3.379s] [01m[K/home/docker/ament_ws/src/lidar_object_detection/lidar_object_detection_node/src/CUDA-PointPillars/src/pointpillar/lidar-backbone.hpp:49:2:[m[K [01;35m[Kwarning: [m[Kextra ‘[01m[K;[m[K’ [[01;35m[K-Wpedantic[m[K]
[3.379s]    49 | }[01;35m[K;[m[K  // namespace lidar
[3.380s]       |  [01;35m[K^[m[K
[3.380s] [01m[K/home/docker/ament_ws/src/lidar_object_detection/lidar_object_detection_node/src/CUDA-PointPillars/src/pointpillar/lidar-backbone.hpp:50:2:[m[K [01;35m[Kwarning: [m[Kextra ‘[01m[K;[m[K’ [[01;35m[K-Wpedantic[m[K]
[3.380s]    50 | }[01;35m[K;[m[K  // namespace pointpillar
[3.380s]       |  [01;35m[K^[m[K
[3.380s] In file included from [01m[K/home/docker/ament_ws/src/lidar_object_detection/lidar_object_detection_node/src/CUDA-PointPillars/src/pointpillar/pointpillar.hpp:29[m[K,
[3.380s]                  from [01m[K/home/docker/ament_ws/src/lidar_object_detection/lidar_object_detection_node/src/pp_inference_node.cpp:40[m[K:
[3.380s] [01m[K/home/docker/ament_ws/src/lidar_object_detection/lidar_object_detection_node/src/CUDA-PointPillars/src/pointpillar/lidar-postprocess.hpp:80:2:[m[K [01;35m[Kwarning: [m[Kextra ‘[01m[K;[m[K’ [[01;35m[K-Wpedantic[m[K]
[3.380s]    80 | }[01;35m[K;[m[K  // namespace lidar
[3.380s]       |  [01;35m[K^[m[K
[3.381s] [01m[K/home/docker/ament_ws/src/lidar_object_detection/lidar_object_detection_node/src/CUDA-PointPillars/src/pointpillar/lidar-postprocess.hpp:81:2:[m[K [01;35m[Kwarning: [m[Kextra ‘[01m[K;[m[K’ [[01;35m[K-Wpedantic[m[K]
[3.381s]    81 | }[01;35m[K;[m[K  // namespace pointpillar
[3.381s]       |  [01;35m[K^[m[K
[3.381s] In file included from [01m[K/home/docker/ament_ws/src/lidar_object_detection/lidar_object_detection_node/src/pp_inference_node.cpp:40[m[K:
[3.381s] [01m[K/home/docker/ament_ws/src/lidar_object_detection/lidar_object_detection_node/src/CUDA-PointPillars/src/pointpillar/pointpillar.hpp:51:2:[m[K [01;35m[Kwarning: [m[Kextra ‘[01m[K;[m[K’ [[01;35m[K-Wpedantic[m[K]
[3.382s]    51 | }[01;35m[K;[m[K  // namespace lidar
[3.382s]       |  [01;35m[K^[m[K
[3.382s] [01m[K/home/docker/ament_ws/src/lidar_object_detection/lidar_object_detection_node/src/CUDA-PointPillars/src/pointpillar/pointpillar.hpp:52:2:[m[K [01;35m[Kwarning: [m[Kextra ‘[01m[K;[m[K’ [[01;35m[K-Wpedantic[m[K]
[3.383s]    52 | }[01;35m[K;[m[K  // namespace pointpillar
[3.383s]       |  [01;35m[K^[m[K
[3.385s] In file included from [01m[K/home/docker/ament_ws/src/lidar_object_detection/lidar_object_detection_node/src/pp_inference_node.cpp:41[m[K:
[3.388s] [01m[K/home/docker/ament_ws/src/lidar_object_detection/lidar_object_detection_node/src/CUDA-PointPillars/src/common/check.hpp:99:2:[m[K [01;35m[Kwarning: [m[Kextra ‘[01m[K;[m[K’ [[01;35m[K-Wpedantic[m[K]
[3.388s]    99 | }[01;35m[K;[m[K  // namespace nv
[3.388s]       |  [01;35m[K^[m[K
[7.052s] [01m[K/home/docker/ament_ws/src/lidar_object_detection/lidar_object_detection_node/src/pp_inference_node.cpp:177:2:[m[K [01;35m[Kwarning: [m[Kextra ‘[01m[K;[m[K’ [[01;35m[K-Wpedantic[m[K]
[7.052s]   177 | }[01;35m[K;[m[K
[7.052s]       |  [01;35m[K^[m[K
[8.107s] [01m[K/home/docker/ament_ws/src/lidar_object_detection/lidar_object_detection_node/src/pp_inference_node.cpp:215:13:[m[K [01;35m[Kwarning: [m[K‘[01m[Kvoid help()[m[K’ defined but not used [[01;35m[K-Wunused-function[m[K]
[8.108s]   215 | static void [01;35m[Khelp[m[K()
[8.108s]       |             [01;35m[K^~~~[m[K
[8.108s] [01m[K/home/docker/ament_ws/src/lidar_object_detection/lidar_object_detection_node/src/pp_inference_node.cpp:203:13:[m[K [01;35m[Kwarning: [m[K‘[01m[Kbool startswith(const char*, const char*, const char**)[m[K’ defined but not used [[01;35m[K-Wunused-function[m[K]
[8.111s]   203 | static bool [01;35m[Kstartswith[m[K(const char *s, const char *with, const char **last)
[8.112s]       |             [01;35m[K^~~~~~~~~~[m[K
[9.144s] [ 45%] [32m[1mLinking CXX executable pp_infer[0m
[11.174s] [100%] Built target pp_infer
[11.255s] Invoked command in '/home/docker/ament_ws/src/lidar_object_detection/lidar_object_detection_node/build/pp_infer' returned '0': CMAKE_PREFIX_PATH=${CMAKE_PREFIX_PATH}:/opt/ros/humble/install/ros2bag:/opt/ros/humble/install/tf2_tools:/opt/ros/humble/install/tf2_ros_py:/opt/ros/humble/install/sros2:/opt/ros/humble/install/ros2topic:/opt/ros/humble/install/ros2test:/opt/ros/humble/install/ros2component:/opt/ros/humble/install/ros2param:/opt/ros/humble/install/ros2lifecycle:/opt/ros/humble/install/ros2service:/opt/ros/humble/install/ros2run:/opt/ros/humble/install/ros2launch:/opt/ros/humble/install/ros2pkg:/opt/ros/humble/install/ros2node:/opt/ros/humble/install/ros2multicast:/opt/ros/humble/install/ros2interface:/opt/ros/humble/install/ros2doctor:/opt/ros/humble/install/ros2action:/opt/ros/humble/install/ros2cli:/opt/ros/humble/install/launch_testing_ros:/opt/ros/humble/install/launch_ros:/opt/ros/humble/install/ament_uncrustify:/opt/ros/humble/install/rpyutils:/opt/ros/humble/install/rosidl_runtime_py:/opt/ros/humble/install/rosidl_cli:/opt/ros/humble/install/launch_testing:/opt/ros/humble/install/launch_yaml:/opt/ros/humble/install/launch_xml:/opt/ros/humble/install/launch:/opt/ros/humble/install/osrf_pycommon:/opt/ros/humble/install/domain_coordinator:/opt/ros/humble/install/ament_xmllint:/opt/ros/humble/install/ament_pycodestyle:/opt/ros/humble/install/ament_pep257:/opt/ros/humble/install/ament_package:/opt/ros/humble/install/ament_mypy:/opt/ros/humble/install/ament_lint_cmake:/opt/ros/humble/install/ament_flake8:/opt/ros/humble/install/ament_copyright:/opt/ros/humble/install/ament_lint:/opt/ros/humble/install/ament_index_python:/opt/ros/humble/install/ament_cpplint:/opt/ros/humble/install/ament_cppcheck _=/usr/bin/env /usr/local/bin/cmake --build /home/docker/ament_ws/src/lidar_object_detection/lidar_object_detection_node/build/pp_infer -- -j120 -l120
[11.751s] Invoking command in '/home/docker/ament_ws/src/lidar_object_detection/lidar_object_detection_node/build/pp_infer': CMAKE_PREFIX_PATH=${CMAKE_PREFIX_PATH}:/opt/ros/humble/install/ros2bag:/opt/ros/humble/install/tf2_tools:/opt/ros/humble/install/tf2_ros_py:/opt/ros/humble/install/sros2:/opt/ros/humble/install/ros2topic:/opt/ros/humble/install/ros2test:/opt/ros/humble/install/ros2component:/opt/ros/humble/install/ros2param:/opt/ros/humble/install/ros2lifecycle:/opt/ros/humble/install/ros2service:/opt/ros/humble/install/ros2run:/opt/ros/humble/install/ros2launch:/opt/ros/humble/install/ros2pkg:/opt/ros/humble/install/ros2node:/opt/ros/humble/install/ros2multicast:/opt/ros/humble/install/ros2interface:/opt/ros/humble/install/ros2doctor:/opt/ros/humble/install/ros2action:/opt/ros/humble/install/ros2cli:/opt/ros/humble/install/launch_testing_ros:/opt/ros/humble/install/launch_ros:/opt/ros/humble/install/ament_uncrustify:/opt/ros/humble/install/rpyutils:/opt/ros/humble/install/rosidl_runtime_py:/opt/ros/humble/install/rosidl_cli:/opt/ros/humble/install/launch_testing:/opt/ros/humble/install/launch_yaml:/opt/ros/humble/install/launch_xml:/opt/ros/humble/install/launch:/opt/ros/humble/install/osrf_pycommon:/opt/ros/humble/install/domain_coordinator:/opt/ros/humble/install/ament_xmllint:/opt/ros/humble/install/ament_pycodestyle:/opt/ros/humble/install/ament_pep257:/opt/ros/humble/install/ament_package:/opt/ros/humble/install/ament_mypy:/opt/ros/humble/install/ament_lint_cmake:/opt/ros/humble/install/ament_flake8:/opt/ros/humble/install/ament_copyright:/opt/ros/humble/install/ament_lint:/opt/ros/humble/install/ament_index_python:/opt/ros/humble/install/ament_cpplint:/opt/ros/humble/install/ament_cppcheck _=/usr/bin/env /usr/local/bin/cmake --install /home/docker/ament_ws/src/lidar_object_detection/lidar_object_detection_node/build/pp_infer
[11.758s] -- Install configuration: "Release"
[11.814s] -- Installing: /home/docker/ament_ws/src/lidar_object_detection/lidar_object_detection_node/install/pp_infer/lib/pp_infer/pp_infer
[11.824s] -- Set runtime path of "/home/docker/ament_ws/src/lidar_object_detection/lidar_object_detection_node/install/pp_infer/lib/pp_infer/pp_infer" to ""
[11.824s] -- Up-to-date: /home/docker/ament_ws/src/lidar_object_detection/lidar_object_detection_node/install/pp_infer/share/pp_infer//launch
[11.824s] -- Up-to-date: /home/docker/ament_ws/src/lidar_object_detection/lidar_object_detection_node/install/pp_infer/share/pp_infer//launch/pp_infer_launch.py
[11.825s] -- Up-to-date: /home/docker/ament_ws/src/lidar_object_detection/lidar_object_detection_node/install/pp_infer/share/ament_index/resource_index/package_run_dependencies/pp_infer
[11.825s] -- Up-to-date: /home/docker/ament_ws/src/lidar_object_detection/lidar_object_detection_node/install/pp_infer/share/ament_index/resource_index/parent_prefix_path/pp_infer
[11.825s] -- Up-to-date: /home/docker/ament_ws/src/lidar_object_detection/lidar_object_detection_node/install/pp_infer/share/pp_infer/environment/ament_prefix_path.dsv
[11.825s] -- Up-to-date: /home/docker/ament_ws/src/lidar_object_detection/lidar_object_detection_node/install/pp_infer/share/pp_infer/environment/path.dsv
[11.825s] -- Up-to-date: /home/docker/ament_ws/src/lidar_object_detection/lidar_object_detection_node/install/pp_infer/share/pp_infer/local_setup.bash
[11.825s] -- Up-to-date: /home/docker/ament_ws/src/lidar_object_detection/lidar_object_detection_node/install/pp_infer/share/pp_infer/local_setup.sh
[11.825s] -- Up-to-date: /home/docker/ament_ws/src/lidar_object_detection/lidar_object_detection_node/install/pp_infer/share/pp_infer/local_setup.zsh
[11.825s] -- Up-to-date: /home/docker/ament_ws/src/lidar_object_detection/lidar_object_detection_node/install/pp_infer/share/pp_infer/local_setup.dsv
[11.825s] -- Installing: /home/docker/ament_ws/src/lidar_object_detection/lidar_object_detection_node/install/pp_infer/share/pp_infer/package.dsv
[11.843s] -- Up-to-date: /home/docker/ament_ws/src/lidar_object_detection/lidar_object_detection_node/install/pp_infer/share/ament_index/resource_index/packages/pp_infer
[11.844s] -- Up-to-date: /home/docker/ament_ws/src/lidar_object_detection/lidar_object_detection_node/install/pp_infer/share/pp_infer/cmake/pp_inferConfig.cmake
[11.845s] -- Up-to-date: /home/docker/ament_ws/src/lidar_object_detection/lidar_object_detection_node/install/pp_infer/share/pp_infer/cmake/pp_inferConfig-version.cmake
[11.846s] -- Up-to-date: /home/docker/ament_ws/src/lidar_object_detection/lidar_object_detection_node/install/pp_infer/share/pp_infer/package.xml
[11.866s] Invoked command in '/home/docker/ament_ws/src/lidar_object_detection/lidar_object_detection_node/build/pp_infer' returned '0': CMAKE_PREFIX_PATH=${CMAKE_PREFIX_PATH}:/opt/ros/humble/install/ros2bag:/opt/ros/humble/install/tf2_tools:/opt/ros/humble/install/tf2_ros_py:/opt/ros/humble/install/sros2:/opt/ros/humble/install/ros2topic:/opt/ros/humble/install/ros2test:/opt/ros/humble/install/ros2component:/opt/ros/humble/install/ros2param:/opt/ros/humble/install/ros2lifecycle:/opt/ros/humble/install/ros2service:/opt/ros/humble/install/ros2run:/opt/ros/humble/install/ros2launch:/opt/ros/humble/install/ros2pkg:/opt/ros/humble/install/ros2node:/opt/ros/humble/install/ros2multicast:/opt/ros/humble/install/ros2interface:/opt/ros/humble/install/ros2doctor:/opt/ros/humble/install/ros2action:/opt/ros/humble/install/ros2cli:/opt/ros/humble/install/launch_testing_ros:/opt/ros/humble/install/launch_ros:/opt/ros/humble/install/ament_uncrustify:/opt/ros/humble/install/rpyutils:/opt/ros/humble/install/rosidl_runtime_py:/opt/ros/humble/install/rosidl_cli:/opt/ros/humble/install/launch_testing:/opt/ros/humble/install/launch_yaml:/opt/ros/humble/install/launch_xml:/opt/ros/humble/install/launch:/opt/ros/humble/install/osrf_pycommon:/opt/ros/humble/install/domain_coordinator:/opt/ros/humble/install/ament_xmllint:/opt/ros/humble/install/ament_pycodestyle:/opt/ros/humble/install/ament_pep257:/opt/ros/humble/install/ament_package:/opt/ros/humble/install/ament_mypy:/opt/ros/humble/install/ament_lint_cmake:/opt/ros/humble/install/ament_flake8:/opt/ros/humble/install/ament_copyright:/opt/ros/humble/install/ament_lint:/opt/ros/humble/install/ament_index_python:/opt/ros/humble/install/ament_cpplint:/opt/ros/humble/install/ament_cppcheck _=/usr/bin/env /usr/local/bin/cmake --install /home/docker/ament_ws/src/lidar_object_detection/lidar_object_detection_node/build/pp_infer
