[0.128s] Invoking command in '/home/leungjch/Documents/repos/wato_monorepo_v2/src/build/aggregator': CMAKE_PREFIX_PATH=/home/leungjch/Documents/repos/wato_monorepo_v2/src/install/sample_msgs:/home/leungjch/Documents/repos/wato_monorepo_v2/src/install/tutorial_interfaces:/home/leungjch/Documents/repos/wato_monorepo_v2/src/install/transformer:/home/leungjch/Documents/repos/wato_monorepo_v2/src/install/producer:/home/leungjch/Documents/repos/wato_monorepo_v2/src/install/aggregator:/home/leungjch/Documents/repos/wato_monorepo_v2/src/install/common_msgs:/home/leungjch/Documents/repos/wato_monorepo_v2/src/install/py_pubsub:/home/leungjch/Documents/repos/wato_monorepo_v2/src/install/camera_detection:/opt/ros/humble CONDA_PROMPT_MODIFIER=(base) LD_LIBRARY_PATH=/home/leungjch/Documents/repos/wato_monorepo_v2/src/install/sample_msgs/lib:/home/leungjch/Documents/repos/wato_monorepo_v2/src/install/tutorial_interfaces/lib:/home/leungjch/Documents/repos/wato_monorepo_v2/src/install/common_msgs/lib:/opt/ros/humble/opt/rviz_ogre_vendor/lib:/opt/ros/humble/lib/x86_64-linux-gnu:/opt/ros/humble/lib /usr/bin/cmake --build /home/leungjch/Documents/repos/wato_monorepo_v2/src/build/aggregator -- -j16 -l16
[0.236s] [ 20%] Built target gtest_main
[0.243s] [ 40%] Built target aggregator_lib
[0.246s] [ 60%] Built target gtest
[0.299s] [ 80%] Built target aggregator_node
[0.303s] [100%] Built target aggregator_test
[0.384s] Invoked command in '/home/leungjch/Documents/repos/wato_monorepo_v2/src/build/aggregator' returned '0': CMAKE_PREFIX_PATH=/home/leungjch/Documents/repos/wato_monorepo_v2/src/install/sample_msgs:/home/leungjch/Documents/repos/wato_monorepo_v2/src/install/tutorial_interfaces:/home/leungjch/Documents/repos/wato_monorepo_v2/src/install/transformer:/home/leungjch/Documents/repos/wato_monorepo_v2/src/install/producer:/home/leungjch/Documents/repos/wato_monorepo_v2/src/install/aggregator:/home/leungjch/Documents/repos/wato_monorepo_v2/src/install/common_msgs:/home/leungjch/Documents/repos/wato_monorepo_v2/src/install/py_pubsub:/home/leungjch/Documents/repos/wato_monorepo_v2/src/install/camera_detection:/opt/ros/humble CONDA_PROMPT_MODIFIER=(base) LD_LIBRARY_PATH=/home/leungjch/Documents/repos/wato_monorepo_v2/src/install/sample_msgs/lib:/home/leungjch/Documents/repos/wato_monorepo_v2/src/install/tutorial_interfaces/lib:/home/leungjch/Documents/repos/wato_monorepo_v2/src/install/common_msgs/lib:/opt/ros/humble/opt/rviz_ogre_vendor/lib:/opt/ros/humble/lib/x86_64-linux-gnu:/opt/ros/humble/lib /usr/bin/cmake --build /home/leungjch/Documents/repos/wato_monorepo_v2/src/build/aggregator -- -j16 -l16
[1.760s] Invoking command in '/home/leungjch/Documents/repos/wato_monorepo_v2/src/build/aggregator': CMAKE_PREFIX_PATH=/home/leungjch/Documents/repos/wato_monorepo_v2/src/install/sample_msgs:/home/leungjch/Documents/repos/wato_monorepo_v2/src/install/tutorial_interfaces:/home/leungjch/Documents/repos/wato_monorepo_v2/src/install/transformer:/home/leungjch/Documents/repos/wato_monorepo_v2/src/install/producer:/home/leungjch/Documents/repos/wato_monorepo_v2/src/install/aggregator:/home/leungjch/Documents/repos/wato_monorepo_v2/src/install/common_msgs:/home/leungjch/Documents/repos/wato_monorepo_v2/src/install/py_pubsub:/home/leungjch/Documents/repos/wato_monorepo_v2/src/install/camera_detection:/opt/ros/humble CONDA_PROMPT_MODIFIER=(base) LD_LIBRARY_PATH=/home/leungjch/Documents/repos/wato_monorepo_v2/src/install/sample_msgs/lib:/home/leungjch/Documents/repos/wato_monorepo_v2/src/install/tutorial_interfaces/lib:/home/leungjch/Documents/repos/wato_monorepo_v2/src/install/common_msgs/lib:/opt/ros/humble/opt/rviz_ogre_vendor/lib:/opt/ros/humble/lib/x86_64-linux-gnu:/opt/ros/humble/lib /usr/bin/cmake --install /home/leungjch/Documents/repos/wato_monorepo_v2/src/build/aggregator
[1.781s] -- Install configuration: ""
[1.782s] -- Up-to-date: /home/leungjch/Documents/repos/wato_monorepo_v2/src/install/aggregator/lib/aggregator/aggregator_test
[1.782s] -- Up-to-date: /home/leungjch/Documents/repos/wato_monorepo_v2/src/install/aggregator/lib/aggregator/aggregator_node
[1.783s] -- Up-to-date: /home/leungjch/Documents/repos/wato_monorepo_v2/src/install/aggregator/share/aggregator/launch
[1.783s] -- Up-to-date: /home/leungjch/Documents/repos/wato_monorepo_v2/src/install/aggregator/share/aggregator/launch/aggregator.launch.py
[1.784s] -- Up-to-date: /home/leungjch/Documents/repos/wato_monorepo_v2/src/install/aggregator/share/ament_index/resource_index/package_run_dependencies/aggregator
[1.785s] -- Up-to-date: /home/leungjch/Documents/repos/wato_monorepo_v2/src/install/aggregator/share/ament_index/resource_index/parent_prefix_path/aggregator
[1.787s] -- Up-to-date: /home/leungjch/Documents/repos/wato_monorepo_v2/src/install/aggregator/share/aggregator/environment/ament_prefix_path.sh
[1.787s] -- Up-to-date: /home/leungjch/Documents/repos/wato_monorepo_v2/src/install/aggregator/share/aggregator/environment/ament_prefix_path.dsv
[1.787s] -- Up-to-date: /home/leungjch/Documents/repos/wato_monorepo_v2/src/install/aggregator/share/aggregator/environment/path.sh
[1.788s] -- Up-to-date: /home/leungjch/Documents/repos/wato_monorepo_v2/src/install/aggregator/share/aggregator/environment/path.dsv
[1.788s] -- Up-to-date: /home/leungjch/Documents/repos/wato_monorepo_v2/src/install/aggregator/share/aggregator/local_setup.bash
[1.789s] -- Up-to-date: /home/leungjch/Documents/repos/wato_monorepo_v2/src/install/aggregator/share/aggregator/local_setup.sh
[1.789s] -- Up-to-date: /home/leungjch/Documents/repos/wato_monorepo_v2/src/install/aggregator/share/aggregator/local_setup.zsh
[1.789s] -- Up-to-date: /home/leungjch/Documents/repos/wato_monorepo_v2/src/install/aggregator/share/aggregator/local_setup.dsv
[1.789s] -- Installing: /home/leungjch/Documents/repos/wato_monorepo_v2/src/install/aggregator/share/aggregator/package.dsv
[1.789s] -- Up-to-date: /home/leungjch/Documents/repos/wato_monorepo_v2/src/install/aggregator/share/ament_index/resource_index/packages/aggregator
[1.790s] -- Up-to-date: /home/leungjch/Documents/repos/wato_monorepo_v2/src/install/aggregator/share/aggregator/cmake/aggregatorConfig.cmake
[1.790s] -- Up-to-date: /home/leungjch/Documents/repos/wato_monorepo_v2/src/install/aggregator/share/aggregator/cmake/aggregatorConfig-version.cmake
[1.790s] -- Up-to-date: /home/leungjch/Documents/repos/wato_monorepo_v2/src/install/aggregator/share/aggregator/package.xml
[1.809s] Invoked command in '/home/leungjch/Documents/repos/wato_monorepo_v2/src/build/aggregator' returned '0': CMAKE_PREFIX_PATH=/home/leungjch/Documents/repos/wato_monorepo_v2/src/install/sample_msgs:/home/leungjch/Documents/repos/wato_monorepo_v2/src/install/tutorial_interfaces:/home/leungjch/Documents/repos/wato_monorepo_v2/src/install/transformer:/home/leungjch/Documents/repos/wato_monorepo_v2/src/install/producer:/home/leungjch/Documents/repos/wato_monorepo_v2/src/install/aggregator:/home/leungjch/Documents/repos/wato_monorepo_v2/src/install/common_msgs:/home/leungjch/Documents/repos/wato_monorepo_v2/src/install/py_pubsub:/home/leungjch/Documents/repos/wato_monorepo_v2/src/install/camera_detection:/opt/ros/humble CONDA_PROMPT_MODIFIER=(base) LD_LIBRARY_PATH=/home/leungjch/Documents/repos/wato_monorepo_v2/src/install/sample_msgs/lib:/home/leungjch/Documents/repos/wato_monorepo_v2/src/install/tutorial_interfaces/lib:/home/leungjch/Documents/repos/wato_monorepo_v2/src/install/common_msgs/lib:/opt/ros/humble/opt/rviz_ogre_vendor/lib:/opt/ros/humble/lib/x86_64-linux-gnu:/opt/ros/humble/lib /usr/bin/cmake --install /home/leungjch/Documents/repos/wato_monorepo_v2/src/build/aggregator
