-- The C compiler identification is GNU 11.3.0
-- The CXX compiler identification is GNU 11.3.0
-- Detecting C compiler ABI info
-- Detecting C compiler ABI info - done
-- Check for working C compiler: /usr/bin/cc - skipped
-- Detecting C compile features
-- Detecting C compile features - done
-- Detecting CXX compiler ABI info
-- Detecting CXX compiler ABI info - done
-- Check for working CXX compiler: /usr/bin/c++ - skipped
-- Detecting CXX compile features
-- Detecting CXX compile features - done
-- Found rosidl_default_generators: 1.2.0 (/opt/ros/humble/share/rosidl_default_generators/cmake)
-- Found ament_cmake_core: 1.3.3 (/opt/ros/humble/share/ament_cmake_core/cmake)
-- Found Python3: /usr/bin/python3.10 (found version "3.10.6") found components: Interpreter 
-- Using all available rosidl_typesupport_c: rosidl_typesupport_fastrtps_c;rosidl_typesupport_introspection_c
-- Found rosidl_adapter: 3.1.4 (/opt/ros/humble/share/rosidl_adapter/cmake)
-- Using all available rosidl_typesupport_cpp: rosidl_typesupport_fastrtps_cpp;rosidl_typesupport_introspection_cpp
-- Found std_msgs: 4.2.3 (/opt/ros/humble/share/std_msgs/cmake)
-- Found geometry_msgs: 4.2.3 (/opt/ros/humble/share/geometry_msgs/cmake)
-- Found ament_cmake_ros: 0.10.0 (/opt/ros/humble/share/ament_cmake_ros/cmake)
-- Using all available rosidl_typesupport_c: rosidl_typesupport_fastrtps_c;rosidl_typesupport_introspection_c
-- Using all available rosidl_typesupport_cpp: rosidl_typesupport_fastrtps_cpp;rosidl_typesupport_introspection_cpp
-- Found PythonInterp: /home/leungjch/anaconda3/bin/python3 (found suitable version "3.9.12", minimum required is "3.6") 
-- Found python_cmake_module: 0.10.0 (/opt/ros/humble/share/python_cmake_module/cmake)
-- Found PythonLibs: /home/leungjch/anaconda3/lib/libpython3.9.so (found suitable version "3.9.12", minimum required is "3.5") 
-- Using PYTHON_EXECUTABLE: /home/leungjch/anaconda3/bin/python3
-- Using PYTHON_INCLUDE_DIRS: /home/leungjch/anaconda3/include/python3.9
-- Using PYTHON_LIBRARIES: /home/leungjch/anaconda3/lib/libpython3.9.so
-- Found PythonExtra: .so  
-- Using numpy include directory: /home/leungjch/anaconda3/lib/python3.9/site-packages/numpy/core/include
-- Configuring done
-- Generating done
-- Build files have been written to: /home/leungjch/Documents/repos/wato_monorepo_v2/src/build/common_msgs
[  2%] [34m[1mGenerating C code for ROS interfaces[0m
[  5%] [34m[1mGenerating C++ code for ROS interfaces[0m
[  5%] Built target ament_cmake_python_copy_common_msgs
running egg_info
creating common_msgs.egg-info
writing common_msgs.egg-info/PKG-INFO
writing dependency_links to common_msgs.egg-info/dependency_links.txt
writing top-level names to common_msgs.egg-info/top_level.txt
writing manifest file 'common_msgs.egg-info/SOURCES.txt'
reading manifest file 'common_msgs.egg-info/SOURCES.txt'
writing manifest file 'common_msgs.egg-info/SOURCES.txt'
[  5%] Built target ament_cmake_python_build_common_msgs_egg
[  5%] Built target common_msgs__cpp
[ 10%] [32mBuilding C object CMakeFiles/common_msgs__rosidl_generator_c.dir/rosidl_generator_c/common_msgs/msg/detail/obstacle__functions.c.o[0m
[ 10%] [32mBuilding C object CMakeFiles/common_msgs__rosidl_generator_c.dir/rosidl_generator_c/common_msgs/msg/detail/obstacle_list__functions.c.o[0m
[ 15%] [34m[1mGenerating C++ type support dispatch for ROS interfaces[0m
[ 15%] [34m[1mGenerating C++ type support for eProsima Fast-RTPS[0m
[ 17%] [34m[1mGenerating C++ introspection for ROS interfaces[0m
[ 20%] [32m[1mLinking C shared library libcommon_msgs__rosidl_generator_c.so[0m
[ 20%] Built target common_msgs__rosidl_generator_c
[ 25%] [34m[1mGenerating C introspection for ROS interfaces[0m
[ 25%] [34m[1mGenerating C type support dispatch for ROS interfaces[0m
[ 28%] [34m[1mGenerating C type support for eProsima Fast-RTPS[0m
[ 30%] [32mBuilding CXX object CMakeFiles/common_msgs__rosidl_typesupport_introspection_cpp.dir/rosidl_typesupport_introspection_cpp/common_msgs/msg/detail/obstacle_list__type_support.cpp.o[0m
[ 33%] [32mBuilding CXX object CMakeFiles/common_msgs__rosidl_typesupport_introspection_cpp.dir/rosidl_typesupport_introspection_cpp/common_msgs/msg/detail/obstacle__type_support.cpp.o[0m
[ 35%] [32mBuilding CXX object CMakeFiles/common_msgs__rosidl_typesupport_cpp.dir/rosidl_typesupport_cpp/common_msgs/msg/obstacle_list__type_support.cpp.o[0m
[ 38%] [32mBuilding CXX object CMakeFiles/common_msgs__rosidl_typesupport_cpp.dir/rosidl_typesupport_cpp/common_msgs/msg/obstacle__type_support.cpp.o[0m
[ 41%] [32mBuilding C object CMakeFiles/common_msgs__rosidl_typesupport_introspection_c.dir/rosidl_typesupport_introspection_c/common_msgs/msg/detail/obstacle__type_support.c.o[0m
[ 43%] [32mBuilding C object CMakeFiles/common_msgs__rosidl_typesupport_introspection_c.dir/rosidl_typesupport_introspection_c/common_msgs/msg/detail/obstacle_list__type_support.c.o[0m
[ 48%] [32mBuilding CXX object CMakeFiles/common_msgs__rosidl_typesupport_c.dir/rosidl_typesupport_c/common_msgs/msg/obstacle_list__type_support.cpp.o[0m
[ 48%] [32mBuilding CXX object CMakeFiles/common_msgs__rosidl_typesupport_c.dir/rosidl_typesupport_c/common_msgs/msg/obstacle__type_support.cpp.o[0m
[ 51%] [32mBuilding CXX object CMakeFiles/common_msgs__rosidl_typesupport_fastrtps_cpp.dir/rosidl_typesupport_fastrtps_cpp/common_msgs/msg/detail/dds_fastrtps/obstacle__type_support.cpp.o[0m
[ 53%] [32mBuilding CXX object CMakeFiles/common_msgs__rosidl_typesupport_fastrtps_cpp.dir/rosidl_typesupport_fastrtps_cpp/common_msgs/msg/detail/dds_fastrtps/obstacle_list__type_support.cpp.o[0m
[ 56%] [32mBuilding CXX object CMakeFiles/common_msgs__rosidl_typesupport_fastrtps_c.dir/rosidl_typesupport_fastrtps_c/common_msgs/msg/detail/obstacle_list__type_support_c.cpp.o[0m
[ 58%] [32mBuilding CXX object CMakeFiles/common_msgs__rosidl_typesupport_fastrtps_c.dir/rosidl_typesupport_fastrtps_c/common_msgs/msg/detail/obstacle__type_support_c.cpp.o[0m
[ 61%] [32m[1mLinking CXX shared library libcommon_msgs__rosidl_typesupport_c.so[0m
[ 64%] [32m[1mLinking C shared library libcommon_msgs__rosidl_typesupport_introspection_c.so[0m
[ 64%] Built target common_msgs__rosidl_typesupport_introspection_c
[ 64%] Built target common_msgs__rosidl_typesupport_c
[ 66%] [32m[1mLinking CXX shared library libcommon_msgs__rosidl_typesupport_cpp.so[0m
[ 66%] Built target common_msgs__rosidl_typesupport_cpp
[ 69%] [32m[1mLinking CXX shared library libcommon_msgs__rosidl_typesupport_introspection_cpp.so[0m
[ 71%] [32m[1mLinking CXX shared library libcommon_msgs__rosidl_typesupport_fastrtps_c.so[0m
[ 71%] Built target common_msgs__rosidl_typesupport_introspection_cpp
[ 74%] [32m[1mLinking CXX shared library libcommon_msgs__rosidl_typesupport_fastrtps_cpp.so[0m
[ 74%] Built target common_msgs__rosidl_typesupport_fastrtps_c
[ 74%] Built target common_msgs__rosidl_typesupport_fastrtps_cpp
[ 74%] Built target common_msgs
[ 76%] [34m[1mGenerating Python code for ROS interfaces[0m
[ 76%] Built target common_msgs__py
[ 82%] [32mBuilding C object CMakeFiles/common_msgs__rosidl_generator_py.dir/rosidl_generator_py/common_msgs/msg/_obstacle_s.c.o[0m
[ 82%] [32mBuilding C object CMakeFiles/common_msgs__rosidl_generator_py.dir/rosidl_generator_py/common_msgs/msg/_obstacle_list_s.c.o[0m
[ 84%] [32m[1mLinking C shared library rosidl_generator_py/common_msgs/libcommon_msgs__rosidl_generator_py.so[0m
[ 84%] Built target common_msgs__rosidl_generator_py
[ 87%] [32mBuilding C object CMakeFiles/common_msgs__rosidl_typesupport_c__pyext.dir/rosidl_generator_py/common_msgs/_common_msgs_s.ep.rosidl_typesupport_c.c.o[0m
[ 89%] [32mBuilding C object CMakeFiles/common_msgs__rosidl_typesupport_fastrtps_c__pyext.dir/rosidl_generator_py/common_msgs/_common_msgs_s.ep.rosidl_typesupport_fastrtps_c.c.o[0m
[ 92%] [32mBuilding C object CMakeFiles/common_msgs__rosidl_typesupport_introspection_c__pyext.dir/rosidl_generator_py/common_msgs/_common_msgs_s.ep.rosidl_typesupport_introspection_c.c.o[0m
[ 94%] [32m[1mLinking C shared library rosidl_generator_py/common_msgs/common_msgs_s__rosidl_typesupport_introspection_c.cpython-39-x86_64-linux-gnu.so[0m
[ 97%] [32m[1mLinking C shared library rosidl_generator_py/common_msgs/common_msgs_s__rosidl_typesupport_c.cpython-39-x86_64-linux-gnu.so[0m
[100%] [32m[1mLinking C shared library rosidl_generator_py/common_msgs/common_msgs_s__rosidl_typesupport_fastrtps_c.cpython-39-x86_64-linux-gnu.so[0m
[100%] Built target common_msgs__rosidl_typesupport_introspection_c__pyext
[100%] Built target common_msgs__rosidl_typesupport_c__pyext
[100%] Built target common_msgs__rosidl_typesupport_fastrtps_c__pyext
-- Install configuration: ""
-- Installing: /home/leungjch/Documents/repos/wato_monorepo_v2/src/install/common_msgs/share/ament_index/resource_index/rosidl_interfaces/common_msgs
-- Installing: /home/leungjch/Documents/repos/wato_monorepo_v2/src/install/common_msgs/include/common_msgs/common_msgs
-- Installing: /home/leungjch/Documents/repos/wato_monorepo_v2/src/install/common_msgs/include/common_msgs/common_msgs/msg
-- Installing: /home/leungjch/Documents/repos/wato_monorepo_v2/src/install/common_msgs/include/common_msgs/common_msgs/msg/rosidl_generator_c__visibility_control.h
-- Installing: /home/leungjch/Documents/repos/wato_monorepo_v2/src/install/common_msgs/include/common_msgs/common_msgs/msg/obstacle.h
-- Installing: /home/leungjch/Documents/repos/wato_monorepo_v2/src/install/common_msgs/include/common_msgs/common_msgs/msg/obstacle_list.h
-- Installing: /home/leungjch/Documents/repos/wato_monorepo_v2/src/install/common_msgs/include/common_msgs/common_msgs/msg/detail
-- Installing: /home/leungjch/Documents/repos/wato_monorepo_v2/src/install/common_msgs/include/common_msgs/common_msgs/msg/detail/obstacle__type_support.h
-- Installing: /home/leungjch/Documents/repos/wato_monorepo_v2/src/install/common_msgs/include/common_msgs/common_msgs/msg/detail/obstacle_list__functions.c
-- Installing: /home/leungjch/Documents/repos/wato_monorepo_v2/src/install/common_msgs/include/common_msgs/common_msgs/msg/detail/obstacle_list__type_support.h
-- Installing: /home/leungjch/Documents/repos/wato_monorepo_v2/src/install/common_msgs/include/common_msgs/common_msgs/msg/detail/obstacle_list__struct.h
-- Installing: /home/leungjch/Documents/repos/wato_monorepo_v2/src/install/common_msgs/include/common_msgs/common_msgs/msg/detail/obstacle_list__functions.h
-- Installing: /home/leungjch/Documents/repos/wato_monorepo_v2/src/install/common_msgs/include/common_msgs/common_msgs/msg/detail/obstacle__functions.h
-- Installing: /home/leungjch/Documents/repos/wato_monorepo_v2/src/install/common_msgs/include/common_msgs/common_msgs/msg/detail/obstacle__struct.h
-- Installing: /home/leungjch/Documents/repos/wato_monorepo_v2/src/install/common_msgs/include/common_msgs/common_msgs/msg/detail/obstacle__functions.c
-- Installing: /home/leungjch/Documents/repos/wato_monorepo_v2/src/install/common_msgs/share/common_msgs/environment/library_path.sh
-- Installing: /home/leungjch/Documents/repos/wato_monorepo_v2/src/install/common_msgs/share/common_msgs/environment/library_path.dsv
-- Installing: /home/leungjch/Documents/repos/wato_monorepo_v2/src/install/common_msgs/lib/libcommon_msgs__rosidl_generator_c.so
-- Set runtime path of "/home/leungjch/Documents/repos/wato_monorepo_v2/src/install/common_msgs/lib/libcommon_msgs__rosidl_generator_c.so" to ""
-- Up-to-date: /home/leungjch/Documents/repos/wato_monorepo_v2/src/install/common_msgs/include/common_msgs/common_msgs
-- Up-to-date: /home/leungjch/Documents/repos/wato_monorepo_v2/src/install/common_msgs/include/common_msgs/common_msgs/msg
-- Installing: /home/leungjch/Documents/repos/wato_monorepo_v2/src/install/common_msgs/include/common_msgs/common_msgs/msg/rosidl_typesupport_fastrtps_c__visibility_control.h
-- Up-to-date: /home/leungjch/Documents/repos/wato_monorepo_v2/src/install/common_msgs/include/common_msgs/common_msgs/msg/detail
-- Installing: /home/leungjch/Documents/repos/wato_monorepo_v2/src/install/common_msgs/include/common_msgs/common_msgs/msg/detail/obstacle_list__rosidl_typesupport_fastrtps_c.h
-- Installing: /home/leungjch/Documents/repos/wato_monorepo_v2/src/install/common_msgs/include/common_msgs/common_msgs/msg/detail/obstacle__rosidl_typesupport_fastrtps_c.h
-- Installing: /home/leungjch/Documents/repos/wato_monorepo_v2/src/install/common_msgs/lib/libcommon_msgs__rosidl_typesupport_fastrtps_c.so
-- Set runtime path of "/home/leungjch/Documents/repos/wato_monorepo_v2/src/install/common_msgs/lib/libcommon_msgs__rosidl_typesupport_fastrtps_c.so" to ""
-- Up-to-date: /home/leungjch/Documents/repos/wato_monorepo_v2/src/install/common_msgs/include/common_msgs/common_msgs
-- Up-to-date: /home/leungjch/Documents/repos/wato_monorepo_v2/src/install/common_msgs/include/common_msgs/common_msgs/msg
-- Installing: /home/leungjch/Documents/repos/wato_monorepo_v2/src/install/common_msgs/include/common_msgs/common_msgs/msg/rosidl_typesupport_introspection_c__visibility_control.h
-- Up-to-date: /home/leungjch/Documents/repos/wato_monorepo_v2/src/install/common_msgs/include/common_msgs/common_msgs/msg/detail
-- Installing: /home/leungjch/Documents/repos/wato_monorepo_v2/src/install/common_msgs/include/common_msgs/common_msgs/msg/detail/obstacle_list__type_support.c
-- Installing: /home/leungjch/Documents/repos/wato_monorepo_v2/src/install/common_msgs/include/common_msgs/common_msgs/msg/detail/obstacle__type_support.c
-- Installing: /home/leungjch/Documents/repos/wato_monorepo_v2/src/install/common_msgs/include/common_msgs/common_msgs/msg/detail/obstacle__rosidl_typesupport_introspection_c.h
-- Installing: /home/leungjch/Documents/repos/wato_monorepo_v2/src/install/common_msgs/include/common_msgs/common_msgs/msg/detail/obstacle_list__rosidl_typesupport_introspection_c.h
-- Installing: /home/leungjch/Documents/repos/wato_monorepo_v2/src/install/common_msgs/lib/libcommon_msgs__rosidl_typesupport_introspection_c.so
-- Set runtime path of "/home/leungjch/Documents/repos/wato_monorepo_v2/src/install/common_msgs/lib/libcommon_msgs__rosidl_typesupport_introspection_c.so" to ""
-- Installing: /home/leungjch/Documents/repos/wato_monorepo_v2/src/install/common_msgs/lib/libcommon_msgs__rosidl_typesupport_c.so
-- Set runtime path of "/home/leungjch/Documents/repos/wato_monorepo_v2/src/install/common_msgs/lib/libcommon_msgs__rosidl_typesupport_c.so" to ""
-- Up-to-date: /home/leungjch/Documents/repos/wato_monorepo_v2/src/install/common_msgs/include/common_msgs/common_msgs
-- Up-to-date: /home/leungjch/Documents/repos/wato_monorepo_v2/src/install/common_msgs/include/common_msgs/common_msgs/msg
-- Installing: /home/leungjch/Documents/repos/wato_monorepo_v2/src/install/common_msgs/include/common_msgs/common_msgs/msg/obstacle_list.hpp
-- Up-to-date: /home/leungjch/Documents/repos/wato_monorepo_v2/src/install/common_msgs/include/common_msgs/common_msgs/msg/detail
-- Installing: /home/leungjch/Documents/repos/wato_monorepo_v2/src/install/common_msgs/include/common_msgs/common_msgs/msg/detail/obstacle_list__builder.hpp
-- Installing: /home/leungjch/Documents/repos/wato_monorepo_v2/src/install/common_msgs/include/common_msgs/common_msgs/msg/detail/obstacle__builder.hpp
-- Installing: /home/leungjch/Documents/repos/wato_monorepo_v2/src/install/common_msgs/include/common_msgs/common_msgs/msg/detail/obstacle_list__struct.hpp
-- Installing: /home/leungjch/Documents/repos/wato_monorepo_v2/src/install/common_msgs/include/common_msgs/common_msgs/msg/detail/obstacle_list__traits.hpp
-- Installing: /home/leungjch/Documents/repos/wato_monorepo_v2/src/install/common_msgs/include/common_msgs/common_msgs/msg/detail/obstacle__traits.hpp
-- Installing: /home/leungjch/Documents/repos/wato_monorepo_v2/src/install/common_msgs/include/common_msgs/common_msgs/msg/detail/obstacle__struct.hpp
-- Installing: /home/leungjch/Documents/repos/wato_monorepo_v2/src/install/common_msgs/include/common_msgs/common_msgs/msg/obstacle.hpp
-- Up-to-date: /home/leungjch/Documents/repos/wato_monorepo_v2/src/install/common_msgs/include/common_msgs/common_msgs
-- Up-to-date: /home/leungjch/Documents/repos/wato_monorepo_v2/src/install/common_msgs/include/common_msgs/common_msgs/msg
-- Up-to-date: /home/leungjch/Documents/repos/wato_monorepo_v2/src/install/common_msgs/include/common_msgs/common_msgs/msg/detail
-- Installing: /home/leungjch/Documents/repos/wato_monorepo_v2/src/install/common_msgs/include/common_msgs/common_msgs/msg/detail/obstacle__rosidl_typesupport_fastrtps_cpp.hpp
-- Installing: /home/leungjch/Documents/repos/wato_monorepo_v2/src/install/common_msgs/include/common_msgs/common_msgs/msg/detail/dds_fastrtps
-- Installing: /home/leungjch/Documents/repos/wato_monorepo_v2/src/install/common_msgs/include/common_msgs/common_msgs/msg/detail/obstacle_list__rosidl_typesupport_fastrtps_cpp.hpp
-- Installing: /home/leungjch/Documents/repos/wato_monorepo_v2/src/install/common_msgs/include/common_msgs/common_msgs/msg/rosidl_typesupport_fastrtps_cpp__visibility_control.h
-- Installing: /home/leungjch/Documents/repos/wato_monorepo_v2/src/install/common_msgs/lib/libcommon_msgs__rosidl_typesupport_fastrtps_cpp.so
-- Set runtime path of "/home/leungjch/Documents/repos/wato_monorepo_v2/src/install/common_msgs/lib/libcommon_msgs__rosidl_typesupport_fastrtps_cpp.so" to ""
-- Up-to-date: /home/leungjch/Documents/repos/wato_monorepo_v2/src/install/common_msgs/include/common_msgs/common_msgs
-- Up-to-date: /home/leungjch/Documents/repos/wato_monorepo_v2/src/install/common_msgs/include/common_msgs/common_msgs/msg
-- Up-to-date: /home/leungjch/Documents/repos/wato_monorepo_v2/src/install/common_msgs/include/common_msgs/common_msgs/msg/detail
-- Installing: /home/leungjch/Documents/repos/wato_monorepo_v2/src/install/common_msgs/include/common_msgs/common_msgs/msg/detail/obstacle__rosidl_typesupport_introspection_cpp.hpp
-- Installing: /home/leungjch/Documents/repos/wato_monorepo_v2/src/install/common_msgs/include/common_msgs/common_msgs/msg/detail/obstacle_list__rosidl_typesupport_introspection_cpp.hpp
-- Installing: /home/leungjch/Documents/repos/wato_monorepo_v2/src/install/common_msgs/include/common_msgs/common_msgs/msg/detail/obstacle__type_support.cpp
-- Installing: /home/leungjch/Documents/repos/wato_monorepo_v2/src/install/common_msgs/include/common_msgs/common_msgs/msg/detail/obstacle_list__type_support.cpp
-- Installing: /home/leungjch/Documents/repos/wato_monorepo_v2/src/install/common_msgs/lib/libcommon_msgs__rosidl_typesupport_introspection_cpp.so
-- Set runtime path of "/home/leungjch/Documents/repos/wato_monorepo_v2/src/install/common_msgs/lib/libcommon_msgs__rosidl_typesupport_introspection_cpp.so" to ""
-- Installing: /home/leungjch/Documents/repos/wato_monorepo_v2/src/install/common_msgs/lib/libcommon_msgs__rosidl_typesupport_cpp.so
-- Set runtime path of "/home/leungjch/Documents/repos/wato_monorepo_v2/src/install/common_msgs/lib/libcommon_msgs__rosidl_typesupport_cpp.so" to ""
-- Installing: /home/leungjch/Documents/repos/wato_monorepo_v2/src/install/common_msgs/share/common_msgs/environment/pythonpath.sh
-- Installing: /home/leungjch/Documents/repos/wato_monorepo_v2/src/install/common_msgs/share/common_msgs/environment/pythonpath.dsv
-- Installing: /home/leungjch/Documents/repos/wato_monorepo_v2/src/install/common_msgs/local/lib/python3.10/dist-packages/common_msgs-0.0.0-py3.10.egg-info
-- Installing: /home/leungjch/Documents/repos/wato_monorepo_v2/src/install/common_msgs/local/lib/python3.10/dist-packages/common_msgs-0.0.0-py3.10.egg-info/dependency_links.txt
-- Installing: /home/leungjch/Documents/repos/wato_monorepo_v2/src/install/common_msgs/local/lib/python3.10/dist-packages/common_msgs-0.0.0-py3.10.egg-info/top_level.txt
-- Installing: /home/leungjch/Documents/repos/wato_monorepo_v2/src/install/common_msgs/local/lib/python3.10/dist-packages/common_msgs-0.0.0-py3.10.egg-info/SOURCES.txt
-- Installing: /home/leungjch/Documents/repos/wato_monorepo_v2/src/install/common_msgs/local/lib/python3.10/dist-packages/common_msgs-0.0.0-py3.10.egg-info/PKG-INFO
-- Installing: /home/leungjch/Documents/repos/wato_monorepo_v2/src/install/common_msgs/local/lib/python3.10/dist-packages/common_msgs
-- Installing: /home/leungjch/Documents/repos/wato_monorepo_v2/src/install/common_msgs/local/lib/python3.10/dist-packages/common_msgs/libcommon_msgs__rosidl_generator_py.so
-- Installing: /home/leungjch/Documents/repos/wato_monorepo_v2/src/install/common_msgs/local/lib/python3.10/dist-packages/common_msgs/_common_msgs_s.ep.rosidl_typesupport_c.c
-- Installing: /home/leungjch/Documents/repos/wato_monorepo_v2/src/install/common_msgs/local/lib/python3.10/dist-packages/common_msgs/common_msgs_s__rosidl_typesupport_fastrtps_c.cpython-39-x86_64-linux-gnu.so
-- Installing: /home/leungjch/Documents/repos/wato_monorepo_v2/src/install/common_msgs/local/lib/python3.10/dist-packages/common_msgs/__init__.py
-- Installing: /home/leungjch/Documents/repos/wato_monorepo_v2/src/install/common_msgs/local/lib/python3.10/dist-packages/common_msgs/_common_msgs_s.ep.rosidl_typesupport_introspection_c.c
-- Installing: /home/leungjch/Documents/repos/wato_monorepo_v2/src/install/common_msgs/local/lib/python3.10/dist-packages/common_msgs/common_msgs_s__rosidl_typesupport_c.cpython-39-x86_64-linux-gnu.so
-- Installing: /home/leungjch/Documents/repos/wato_monorepo_v2/src/install/common_msgs/local/lib/python3.10/dist-packages/common_msgs/msg
-- Installing: /home/leungjch/Documents/repos/wato_monorepo_v2/src/install/common_msgs/local/lib/python3.10/dist-packages/common_msgs/msg/__init__.py
-- Installing: /home/leungjch/Documents/repos/wato_monorepo_v2/src/install/common_msgs/local/lib/python3.10/dist-packages/common_msgs/msg/_obstacle.py
-- Installing: /home/leungjch/Documents/repos/wato_monorepo_v2/src/install/common_msgs/local/lib/python3.10/dist-packages/common_msgs/msg/_obstacle_list.py
-- Installing: /home/leungjch/Documents/repos/wato_monorepo_v2/src/install/common_msgs/local/lib/python3.10/dist-packages/common_msgs/msg/_obstacle_list_s.c
-- Installing: /home/leungjch/Documents/repos/wato_monorepo_v2/src/install/common_msgs/local/lib/python3.10/dist-packages/common_msgs/msg/_obstacle_s.c
-- Installing: /home/leungjch/Documents/repos/wato_monorepo_v2/src/install/common_msgs/local/lib/python3.10/dist-packages/common_msgs/_common_msgs_s.ep.rosidl_typesupport_fastrtps_c.c
-- Installing: /home/leungjch/Documents/repos/wato_monorepo_v2/src/install/common_msgs/local/lib/python3.10/dist-packages/common_msgs/common_msgs_s__rosidl_typesupport_introspection_c.cpython-39-x86_64-linux-gnu.so
Listing '/home/leungjch/Documents/repos/wato_monorepo_v2/src/install/common_msgs/local/lib/python3.10/dist-packages/common_msgs'...
Compiling '/home/leungjch/Documents/repos/wato_monorepo_v2/src/install/common_msgs/local/lib/python3.10/dist-packages/common_msgs/__init__.py'...
Listing '/home/leungjch/Documents/repos/wato_monorepo_v2/src/install/common_msgs/local/lib/python3.10/dist-packages/common_msgs/msg'...
Compiling '/home/leungjch/Documents/repos/wato_monorepo_v2/src/install/common_msgs/local/lib/python3.10/dist-packages/common_msgs/msg/__init__.py'...
Compiling '/home/leungjch/Documents/repos/wato_monorepo_v2/src/install/common_msgs/local/lib/python3.10/dist-packages/common_msgs/msg/_obstacle.py'...
Compiling '/home/leungjch/Documents/repos/wato_monorepo_v2/src/install/common_msgs/local/lib/python3.10/dist-packages/common_msgs/msg/_obstacle_list.py'...
-- Installing: /home/leungjch/Documents/repos/wato_monorepo_v2/src/install/common_msgs/local/lib/python3.10/dist-packages/common_msgs/common_msgs_s__rosidl_typesupport_fastrtps_c.cpython-39-x86_64-linux-gnu.so
-- Set runtime path of "/home/leungjch/Documents/repos/wato_monorepo_v2/src/install/common_msgs/local/lib/python3.10/dist-packages/common_msgs/common_msgs_s__rosidl_typesupport_fastrtps_c.cpython-39-x86_64-linux-gnu.so" to ""
-- Installing: /home/leungjch/Documents/repos/wato_monorepo_v2/src/install/common_msgs/local/lib/python3.10/dist-packages/common_msgs/common_msgs_s__rosidl_typesupport_introspection_c.cpython-39-x86_64-linux-gnu.so
-- Set runtime path of "/home/leungjch/Documents/repos/wato_monorepo_v2/src/install/common_msgs/local/lib/python3.10/dist-packages/common_msgs/common_msgs_s__rosidl_typesupport_introspection_c.cpython-39-x86_64-linux-gnu.so" to ""
-- Installing: /home/leungjch/Documents/repos/wato_monorepo_v2/src/install/common_msgs/local/lib/python3.10/dist-packages/common_msgs/common_msgs_s__rosidl_typesupport_c.cpython-39-x86_64-linux-gnu.so
-- Set runtime path of "/home/leungjch/Documents/repos/wato_monorepo_v2/src/install/common_msgs/local/lib/python3.10/dist-packages/common_msgs/common_msgs_s__rosidl_typesupport_c.cpython-39-x86_64-linux-gnu.so" to ""
-- Installing: /home/leungjch/Documents/repos/wato_monorepo_v2/src/install/common_msgs/lib/libcommon_msgs__rosidl_generator_py.so
-- Set runtime path of "/home/leungjch/Documents/repos/wato_monorepo_v2/src/install/common_msgs/lib/libcommon_msgs__rosidl_generator_py.so" to ""
-- Installing: /home/leungjch/Documents/repos/wato_monorepo_v2/src/install/common_msgs/share/common_msgs/msg/Obstacle.idl
-- Installing: /home/leungjch/Documents/repos/wato_monorepo_v2/src/install/common_msgs/share/common_msgs/msg/ObstacleList.idl
-- Installing: /home/leungjch/Documents/repos/wato_monorepo_v2/src/install/common_msgs/share/common_msgs/msg/Obstacle.msg
-- Installing: /home/leungjch/Documents/repos/wato_monorepo_v2/src/install/common_msgs/share/common_msgs/msg/ObstacleList.msg
-- Installing: /home/leungjch/Documents/repos/wato_monorepo_v2/src/install/common_msgs/share/ament_index/resource_index/package_run_dependencies/common_msgs
-- Installing: /home/leungjch/Documents/repos/wato_monorepo_v2/src/install/common_msgs/share/ament_index/resource_index/parent_prefix_path/common_msgs
-- Installing: /home/leungjch/Documents/repos/wato_monorepo_v2/src/install/common_msgs/share/common_msgs/environment/ament_prefix_path.sh
-- Installing: /home/leungjch/Documents/repos/wato_monorepo_v2/src/install/common_msgs/share/common_msgs/environment/ament_prefix_path.dsv
-- Installing: /home/leungjch/Documents/repos/wato_monorepo_v2/src/install/common_msgs/share/common_msgs/environment/path.sh
-- Installing: /home/leungjch/Documents/repos/wato_monorepo_v2/src/install/common_msgs/share/common_msgs/environment/path.dsv
-- Installing: /home/leungjch/Documents/repos/wato_monorepo_v2/src/install/common_msgs/share/common_msgs/local_setup.bash
-- Installing: /home/leungjch/Documents/repos/wato_monorepo_v2/src/install/common_msgs/share/common_msgs/local_setup.sh
-- Installing: /home/leungjch/Documents/repos/wato_monorepo_v2/src/install/common_msgs/share/common_msgs/local_setup.zsh
-- Installing: /home/leungjch/Documents/repos/wato_monorepo_v2/src/install/common_msgs/share/common_msgs/local_setup.dsv
-- Installing: /home/leungjch/Documents/repos/wato_monorepo_v2/src/install/common_msgs/share/common_msgs/package.dsv
-- Installing: /home/leungjch/Documents/repos/wato_monorepo_v2/src/install/common_msgs/share/ament_index/resource_index/packages/common_msgs
-- Installing: /home/leungjch/Documents/repos/wato_monorepo_v2/src/install/common_msgs/share/common_msgs/cmake/export_common_msgs__rosidl_generator_cExport.cmake
-- Installing: /home/leungjch/Documents/repos/wato_monorepo_v2/src/install/common_msgs/share/common_msgs/cmake/export_common_msgs__rosidl_generator_cExport-noconfig.cmake
-- Installing: /home/leungjch/Documents/repos/wato_monorepo_v2/src/install/common_msgs/share/common_msgs/cmake/export_common_msgs__rosidl_typesupport_fastrtps_cExport.cmake
-- Installing: /home/leungjch/Documents/repos/wato_monorepo_v2/src/install/common_msgs/share/common_msgs/cmake/export_common_msgs__rosidl_typesupport_fastrtps_cExport-noconfig.cmake
-- Installing: /home/leungjch/Documents/repos/wato_monorepo_v2/src/install/common_msgs/share/common_msgs/cmake/common_msgs__rosidl_typesupport_introspection_cExport.cmake
-- Installing: /home/leungjch/Documents/repos/wato_monorepo_v2/src/install/common_msgs/share/common_msgs/cmake/common_msgs__rosidl_typesupport_introspection_cExport-noconfig.cmake
-- Installing: /home/leungjch/Documents/repos/wato_monorepo_v2/src/install/common_msgs/share/common_msgs/cmake/common_msgs__rosidl_typesupport_cExport.cmake
-- Installing: /home/leungjch/Documents/repos/wato_monorepo_v2/src/install/common_msgs/share/common_msgs/cmake/common_msgs__rosidl_typesupport_cExport-noconfig.cmake
-- Installing: /home/leungjch/Documents/repos/wato_monorepo_v2/src/install/common_msgs/share/common_msgs/cmake/export_common_msgs__rosidl_generator_cppExport.cmake
-- Installing: /home/leungjch/Documents/repos/wato_monorepo_v2/src/install/common_msgs/share/common_msgs/cmake/export_common_msgs__rosidl_typesupport_fastrtps_cppExport.cmake
-- Installing: /home/leungjch/Documents/repos/wato_monorepo_v2/src/install/common_msgs/share/common_msgs/cmake/export_common_msgs__rosidl_typesupport_fastrtps_cppExport-noconfig.cmake
-- Installing: /home/leungjch/Documents/repos/wato_monorepo_v2/src/install/common_msgs/share/common_msgs/cmake/common_msgs__rosidl_typesupport_introspection_cppExport.cmake
-- Installing: /home/leungjch/Documents/repos/wato_monorepo_v2/src/install/common_msgs/share/common_msgs/cmake/common_msgs__rosidl_typesupport_introspection_cppExport-noconfig.cmake
-- Installing: /home/leungjch/Documents/repos/wato_monorepo_v2/src/install/common_msgs/share/common_msgs/cmake/common_msgs__rosidl_typesupport_cppExport.cmake
-- Installing: /home/leungjch/Documents/repos/wato_monorepo_v2/src/install/common_msgs/share/common_msgs/cmake/common_msgs__rosidl_typesupport_cppExport-noconfig.cmake
-- Installing: /home/leungjch/Documents/repos/wato_monorepo_v2/src/install/common_msgs/share/common_msgs/cmake/export_common_msgs__rosidl_generator_pyExport.cmake
-- Installing: /home/leungjch/Documents/repos/wato_monorepo_v2/src/install/common_msgs/share/common_msgs/cmake/export_common_msgs__rosidl_generator_pyExport-noconfig.cmake
-- Installing: /home/leungjch/Documents/repos/wato_monorepo_v2/src/install/common_msgs/share/common_msgs/cmake/rosidl_cmake-extras.cmake
-- Installing: /home/leungjch/Documents/repos/wato_monorepo_v2/src/install/common_msgs/share/common_msgs/cmake/ament_cmake_export_dependencies-extras.cmake
-- Installing: /home/leungjch/Documents/repos/wato_monorepo_v2/src/install/common_msgs/share/common_msgs/cmake/ament_cmake_export_include_directories-extras.cmake
-- Installing: /home/leungjch/Documents/repos/wato_monorepo_v2/src/install/common_msgs/share/common_msgs/cmake/ament_cmake_export_libraries-extras.cmake
-- Installing: /home/leungjch/Documents/repos/wato_monorepo_v2/src/install/common_msgs/share/common_msgs/cmake/ament_cmake_export_targets-extras.cmake
-- Installing: /home/leungjch/Documents/repos/wato_monorepo_v2/src/install/common_msgs/share/common_msgs/cmake/rosidl_cmake_export_typesupport_targets-extras.cmake
-- Installing: /home/leungjch/Documents/repos/wato_monorepo_v2/src/install/common_msgs/share/common_msgs/cmake/rosidl_cmake_export_typesupport_libraries-extras.cmake
-- Installing: /home/leungjch/Documents/repos/wato_monorepo_v2/src/install/common_msgs/share/common_msgs/cmake/common_msgsConfig.cmake
-- Installing: /home/leungjch/Documents/repos/wato_monorepo_v2/src/install/common_msgs/share/common_msgs/cmake/common_msgsConfig-version.cmake
-- Installing: /home/leungjch/Documents/repos/wato_monorepo_v2/src/install/common_msgs/share/common_msgs/package.xml
