[0.472s] DEBUG:colcon:Command line arguments: ['/usr/bin/colcon', 'build', '--cmake-args', '-DCMAKE_BUILD_TYPE=Release', '-DCUDA_TOOLKIT_ROOT_DIR=/usr/local/cuda']
[0.473s] DEBUG:colcon:Parsed command line arguments: Namespace(allow_overriding=[], ament_cmake_args=None, base_paths=['.'], build_base='build', catkin_cmake_args=None, catkin_skip_building_tests=False, cmake_args=['-DCMAKE_BUILD_TYPE=Release', '-DCUDA_TOOLKIT_ROOT_DIR=/usr/local/cuda'], cmake_clean_cache=False, cmake_clean_first=False, cmake_force_configure=False, cmake_target=None, cmake_target_skip_unavailable=False, continue_on_error=False, event_handlers=None, executor='parallel', ignore_user_meta=False, install_base='install', log_base=None, log_level=None, main=<bound method BuildVerb.main of <colcon_core.verb.build.BuildVerb object at 0x7f4b089f4b80>>, merge_install=False, metas=['./colcon.meta'], packages_above=None, packages_above_and_dependencies=None, packages_above_depth=None, packages_end=None, packages_ignore=None, packages_ignore_regex=None, packages_select=None, packages_select_build_failed=False, packages_select_by_dep=None, packages_select_regex=None, packages_select_test_failures=False, packages_skip=None, packages_skip_build_finished=False, packages_skip_by_dep=None, packages_skip_regex=None, packages_skip_test_passed=False, packages_skip_up_to=None, packages_start=None, packages_up_to=None, packages_up_to_regex=None, parallel_workers=120, paths=None, symlink_install=False, test_result_base=None, verb_extension=<colcon_core.verb.build.BuildVerb object at 0x7f4b089f4b80>, verb_name='build', verb_parser=<colcon_defaults.argument_parser.defaults.DefaultArgumentsDecorator object at 0x7f4b08a01130>)
[0.524s] Level 1:colcon.colcon_core.package_discovery:discover_packages(colcon_meta) check parameters
[0.524s] Level 1:colcon.colcon_core.package_discovery:discover_packages(recursive) check parameters
[0.524s] Level 1:colcon.colcon_core.package_discovery:discover_packages(ignore) check parameters
[0.524s] Level 1:colcon.colcon_core.package_discovery:discover_packages(path) check parameters
[0.524s] Level 1:colcon.colcon_core.package_discovery:discover_packages(colcon_meta) discover
[0.524s] Level 1:colcon.colcon_core.package_discovery:discover_packages(recursive) discover
[0.524s] INFO:colcon.colcon_core.package_discovery:Crawling recursively for packages in '/home/docker/ament_ws/src/lidar_object_detection/lidar_object_detection_node'
[0.525s] Level 1:colcon.colcon_core.package_identification:_identify(.) by extensions ['ignore', 'ignore_ament_install']
[0.525s] Level 1:colcon.colcon_core.package_identification:_identify(.) by extension 'ignore'
[0.525s] Level 1:colcon.colcon_core.package_identification:_identify(.) by extension 'ignore_ament_install'
[0.525s] Level 1:colcon.colcon_core.package_identification:_identify(.) by extensions ['colcon_pkg']
[0.528s] Level 1:colcon.colcon_core.package_identification:_identify(.) by extension 'colcon_pkg'
[0.528s] Level 1:colcon.colcon_core.package_identification:_identify(.) by extensions ['colcon_meta']
[0.530s] Level 1:colcon.colcon_core.package_identification:_identify(.) by extension 'colcon_meta'
[0.530s] Level 1:colcon.colcon_core.package_identification:_identify(.) by extensions ['ros']
[0.530s] Level 1:colcon.colcon_core.package_identification:_identify(.) by extension 'ros'
[0.543s] DEBUG:colcon.colcon_core.package_identification:Package '.' with type 'ros.ament_cmake' and name 'pp_infer'
[0.544s] Level 1:colcon.colcon_core.package_discovery:discover_packages(recursive) using defaults
[0.544s] Level 1:colcon.colcon_core.package_discovery:discover_packages(ignore) discover
[0.544s] Level 1:colcon.colcon_core.package_discovery:discover_packages(ignore) using defaults
[0.544s] Level 1:colcon.colcon_core.package_discovery:discover_packages(path) discover
[0.544s] Level 1:colcon.colcon_core.package_discovery:discover_packages(path) using defaults
[0.582s] Level 1:colcon.colcon_core.package_discovery:discover_packages(prefix_path) check parameters
[0.584s] Level 1:colcon.colcon_core.package_discovery:discover_packages(prefix_path) discover
[0.599s] DEBUG:colcon.colcon_installed_package_information.package_discovery:Found 1 installed packages in /home/docker/ament_ws/src/lidar_object_detection/lidar_object_detection_node/install
[0.607s] DEBUG:colcon.colcon_installed_package_information.package_discovery:Found 219 installed packages in /opt/ros/humble/install
[0.608s] Level 1:colcon.colcon_core.package_discovery:discover_packages(prefix_path) using defaults
[0.629s] Level 5:colcon.colcon_core.verb:set package 'pp_infer' build argument 'cmake_args' from command line to '['-DCMAKE_BUILD_TYPE=Release', '-DCUDA_TOOLKIT_ROOT_DIR=/usr/local/cuda']'
[0.631s] Level 5:colcon.colcon_core.verb:set package 'pp_infer' build argument 'cmake_target' from command line to 'None'
[0.632s] Level 5:colcon.colcon_core.verb:set package 'pp_infer' build argument 'cmake_target_skip_unavailable' from command line to 'False'
[0.632s] Level 5:colcon.colcon_core.verb:set package 'pp_infer' build argument 'cmake_clean_cache' from command line to 'False'
[0.632s] Level 5:colcon.colcon_core.verb:set package 'pp_infer' build argument 'cmake_clean_first' from command line to 'False'
[0.632s] Level 5:colcon.colcon_core.verb:set package 'pp_infer' build argument 'cmake_force_configure' from command line to 'False'
[0.632s] Level 5:colcon.colcon_core.verb:set package 'pp_infer' build argument 'ament_cmake_args' from command line to 'None'
[0.632s] Level 5:colcon.colcon_core.verb:set package 'pp_infer' build argument 'catkin_cmake_args' from command line to 'None'
[0.632s] Level 5:colcon.colcon_core.verb:set package 'pp_infer' build argument 'catkin_skip_building_tests' from command line to 'False'
[0.632s] DEBUG:colcon.colcon_core.verb:Building package 'pp_infer' with the following arguments: {'ament_cmake_args': None, 'build_base': '/home/docker/ament_ws/src/lidar_object_detection/lidar_object_detection_node/build/pp_infer', 'catkin_cmake_args': None, 'catkin_skip_building_tests': False, 'cmake_args': ['-DCMAKE_BUILD_TYPE=Release', '-DCUDA_TOOLKIT_ROOT_DIR=/usr/local/cuda'], 'cmake_clean_cache': False, 'cmake_clean_first': False, 'cmake_force_configure': False, 'cmake_target': None, 'cmake_target_skip_unavailable': False, 'install_base': '/home/docker/ament_ws/src/lidar_object_detection/lidar_object_detection_node/install/pp_infer', 'merge_install': False, 'path': '/home/docker/ament_ws/src/lidar_object_detection/lidar_object_detection_node', 'symlink_install': False, 'test_result_base': None}
[0.634s] INFO:colcon.colcon_core.executor:Executing jobs using 'parallel' executor
[0.643s] DEBUG:colcon.colcon_parallel_executor.executor.parallel:run_until_complete
[0.644s] INFO:colcon.colcon_ros.task.ament_cmake.build:Building ROS package in '/home/docker/ament_ws/src/lidar_object_detection/lidar_object_detection_node' with build type 'ament_cmake'
[0.644s] INFO:colcon.colcon_cmake.task.cmake.build:Building CMake package in '/home/docker/ament_ws/src/lidar_object_detection/lidar_object_detection_node'
[0.655s] INFO:colcon.colcon_core.plugin_system:Skipping extension 'colcon_core.shell.bat': Not used on non-Windows systems
[0.656s] INFO:colcon.colcon_core.shell:Skip shell extension 'powershell' for command environment: Not usable outside of PowerShell
[0.656s] DEBUG:colcon.colcon_core.shell:Skip shell extension 'dsv' for command environment
[0.809s] DEBUG:colcon.colcon_core.event_handler.log_command:Invoking command in '/home/docker/ament_ws/src/lidar_object_detection/lidar_object_detection_node/build/pp_infer': CMAKE_PREFIX_PATH=${CMAKE_PREFIX_PATH}:/opt/ros/humble/install/ros2bag:/opt/ros/humble/install/tf2_tools:/opt/ros/humble/install/tf2_ros_py:/opt/ros/humble/install/sros2:/opt/ros/humble/install/ros2topic:/opt/ros/humble/install/ros2test:/opt/ros/humble/install/ros2component:/opt/ros/humble/install/ros2param:/opt/ros/humble/install/ros2lifecycle:/opt/ros/humble/install/ros2service:/opt/ros/humble/install/ros2run:/opt/ros/humble/install/ros2launch:/opt/ros/humble/install/ros2pkg:/opt/ros/humble/install/ros2node:/opt/ros/humble/install/ros2multicast:/opt/ros/humble/install/ros2interface:/opt/ros/humble/install/ros2doctor:/opt/ros/humble/install/ros2action:/opt/ros/humble/install/ros2cli:/opt/ros/humble/install/launch_testing_ros:/opt/ros/humble/install/launch_ros:/opt/ros/humble/install/ament_uncrustify:/opt/ros/humble/install/rpyutils:/opt/ros/humble/install/rosidl_runtime_py:/opt/ros/humble/install/rosidl_cli:/opt/ros/humble/install/launch_testing:/opt/ros/humble/install/launch_yaml:/opt/ros/humble/install/launch_xml:/opt/ros/humble/install/launch:/opt/ros/humble/install/osrf_pycommon:/opt/ros/humble/install/domain_coordinator:/opt/ros/humble/install/ament_xmllint:/opt/ros/humble/install/ament_pycodestyle:/opt/ros/humble/install/ament_pep257:/opt/ros/humble/install/ament_package:/opt/ros/humble/install/ament_mypy:/opt/ros/humble/install/ament_lint_cmake:/opt/ros/humble/install/ament_flake8:/opt/ros/humble/install/ament_copyright:/opt/ros/humble/install/ament_lint:/opt/ros/humble/install/ament_index_python:/opt/ros/humble/install/ament_cpplint:/opt/ros/humble/install/ament_cppcheck _=/usr/bin/env /usr/local/bin/cmake --build /home/docker/ament_ws/src/lidar_object_detection/lidar_object_detection_node/build/pp_infer -- -j120 -l120
[12.101s] DEBUG:colcon.colcon_core.event_handler.log_command:Invoked command in '/home/docker/ament_ws/src/lidar_object_detection/lidar_object_detection_node/build/pp_infer' returned '0': CMAKE_PREFIX_PATH=${CMAKE_PREFIX_PATH}:/opt/ros/humble/install/ros2bag:/opt/ros/humble/install/tf2_tools:/opt/ros/humble/install/tf2_ros_py:/opt/ros/humble/install/sros2:/opt/ros/humble/install/ros2topic:/opt/ros/humble/install/ros2test:/opt/ros/humble/install/ros2component:/opt/ros/humble/install/ros2param:/opt/ros/humble/install/ros2lifecycle:/opt/ros/humble/install/ros2service:/opt/ros/humble/install/ros2run:/opt/ros/humble/install/ros2launch:/opt/ros/humble/install/ros2pkg:/opt/ros/humble/install/ros2node:/opt/ros/humble/install/ros2multicast:/opt/ros/humble/install/ros2interface:/opt/ros/humble/install/ros2doctor:/opt/ros/humble/install/ros2action:/opt/ros/humble/install/ros2cli:/opt/ros/humble/install/launch_testing_ros:/opt/ros/humble/install/launch_ros:/opt/ros/humble/install/ament_uncrustify:/opt/ros/humble/install/rpyutils:/opt/ros/humble/install/rosidl_runtime_py:/opt/ros/humble/install/rosidl_cli:/opt/ros/humble/install/launch_testing:/opt/ros/humble/install/launch_yaml:/opt/ros/humble/install/launch_xml:/opt/ros/humble/install/launch:/opt/ros/humble/install/osrf_pycommon:/opt/ros/humble/install/domain_coordinator:/opt/ros/humble/install/ament_xmllint:/opt/ros/humble/install/ament_pycodestyle:/opt/ros/humble/install/ament_pep257:/opt/ros/humble/install/ament_package:/opt/ros/humble/install/ament_mypy:/opt/ros/humble/install/ament_lint_cmake:/opt/ros/humble/install/ament_flake8:/opt/ros/humble/install/ament_copyright:/opt/ros/humble/install/ament_lint:/opt/ros/humble/install/ament_index_python:/opt/ros/humble/install/ament_cpplint:/opt/ros/humble/install/ament_cppcheck _=/usr/bin/env /usr/local/bin/cmake --build /home/docker/ament_ws/src/lidar_object_detection/lidar_object_detection_node/build/pp_infer -- -j120 -l120
[12.613s] DEBUG:colcon.colcon_core.event_handler.log_command:Invoking command in '/home/docker/ament_ws/src/lidar_object_detection/lidar_object_detection_node/build/pp_infer': CMAKE_PREFIX_PATH=${CMAKE_PREFIX_PATH}:/opt/ros/humble/install/ros2bag:/opt/ros/humble/install/tf2_tools:/opt/ros/humble/install/tf2_ros_py:/opt/ros/humble/install/sros2:/opt/ros/humble/install/ros2topic:/opt/ros/humble/install/ros2test:/opt/ros/humble/install/ros2component:/opt/ros/humble/install/ros2param:/opt/ros/humble/install/ros2lifecycle:/opt/ros/humble/install/ros2service:/opt/ros/humble/install/ros2run:/opt/ros/humble/install/ros2launch:/opt/ros/humble/install/ros2pkg:/opt/ros/humble/install/ros2node:/opt/ros/humble/install/ros2multicast:/opt/ros/humble/install/ros2interface:/opt/ros/humble/install/ros2doctor:/opt/ros/humble/install/ros2action:/opt/ros/humble/install/ros2cli:/opt/ros/humble/install/launch_testing_ros:/opt/ros/humble/install/launch_ros:/opt/ros/humble/install/ament_uncrustify:/opt/ros/humble/install/rpyutils:/opt/ros/humble/install/rosidl_runtime_py:/opt/ros/humble/install/rosidl_cli:/opt/ros/humble/install/launch_testing:/opt/ros/humble/install/launch_yaml:/opt/ros/humble/install/launch_xml:/opt/ros/humble/install/launch:/opt/ros/humble/install/osrf_pycommon:/opt/ros/humble/install/domain_coordinator:/opt/ros/humble/install/ament_xmllint:/opt/ros/humble/install/ament_pycodestyle:/opt/ros/humble/install/ament_pep257:/opt/ros/humble/install/ament_package:/opt/ros/humble/install/ament_mypy:/opt/ros/humble/install/ament_lint_cmake:/opt/ros/humble/install/ament_flake8:/opt/ros/humble/install/ament_copyright:/opt/ros/humble/install/ament_lint:/opt/ros/humble/install/ament_index_python:/opt/ros/humble/install/ament_cpplint:/opt/ros/humble/install/ament_cppcheck _=/usr/bin/env /usr/local/bin/cmake --install /home/docker/ament_ws/src/lidar_object_detection/lidar_object_detection_node/build/pp_infer
[12.719s] Level 1:colcon.colcon_core.environment:create_environment_scripts_only(pp_infer)
[12.725s] DEBUG:colcon.colcon_core.event_handler.log_command:Invoked command in '/home/docker/ament_ws/src/lidar_object_detection/lidar_object_detection_node/build/pp_infer' returned '0': CMAKE_PREFIX_PATH=${CMAKE_PREFIX_PATH}:/opt/ros/humble/install/ros2bag:/opt/ros/humble/install/tf2_tools:/opt/ros/humble/install/tf2_ros_py:/opt/ros/humble/install/sros2:/opt/ros/humble/install/ros2topic:/opt/ros/humble/install/ros2test:/opt/ros/humble/install/ros2component:/opt/ros/humble/install/ros2param:/opt/ros/humble/install/ros2lifecycle:/opt/ros/humble/install/ros2service:/opt/ros/humble/install/ros2run:/opt/ros/humble/install/ros2launch:/opt/ros/humble/install/ros2pkg:/opt/ros/humble/install/ros2node:/opt/ros/humble/install/ros2multicast:/opt/ros/humble/install/ros2interface:/opt/ros/humble/install/ros2doctor:/opt/ros/humble/install/ros2action:/opt/ros/humble/install/ros2cli:/opt/ros/humble/install/launch_testing_ros:/opt/ros/humble/install/launch_ros:/opt/ros/humble/install/ament_uncrustify:/opt/ros/humble/install/rpyutils:/opt/ros/humble/install/rosidl_runtime_py:/opt/ros/humble/install/rosidl_cli:/opt/ros/humble/install/launch_testing:/opt/ros/humble/install/launch_yaml:/opt/ros/humble/install/launch_xml:/opt/ros/humble/install/launch:/opt/ros/humble/install/osrf_pycommon:/opt/ros/humble/install/domain_coordinator:/opt/ros/humble/install/ament_xmllint:/opt/ros/humble/install/ament_pycodestyle:/opt/ros/humble/install/ament_pep257:/opt/ros/humble/install/ament_package:/opt/ros/humble/install/ament_mypy:/opt/ros/humble/install/ament_lint_cmake:/opt/ros/humble/install/ament_flake8:/opt/ros/humble/install/ament_copyright:/opt/ros/humble/install/ament_lint:/opt/ros/humble/install/ament_index_python:/opt/ros/humble/install/ament_cpplint:/opt/ros/humble/install/ament_cppcheck _=/usr/bin/env /usr/local/bin/cmake --install /home/docker/ament_ws/src/lidar_object_detection/lidar_object_detection_node/build/pp_infer
[12.733s] Level 1:colcon.colcon_core.environment:checking '/home/docker/ament_ws/src/lidar_object_detection/lidar_object_detection_node/install/pp_infer' for CMake module files
[12.738s] Level 1:colcon.colcon_core.environment:checking '/home/docker/ament_ws/src/lidar_object_detection/lidar_object_detection_node/install/pp_infer' for CMake config files
[12.740s] Level 1:colcon.colcon_core.shell:create_environment_hook('pp_infer', 'cmake_prefix_path')
[12.744s] INFO:colcon.colcon_core.shell:Creating environment hook '/home/docker/ament_ws/src/lidar_object_detection/lidar_object_detection_node/install/pp_infer/share/pp_infer/hook/cmake_prefix_path.ps1'
[12.754s] INFO:colcon.colcon_core.shell:Creating environment descriptor '/home/docker/ament_ws/src/lidar_object_detection/lidar_object_detection_node/install/pp_infer/share/pp_infer/hook/cmake_prefix_path.dsv'
[12.769s] INFO:colcon.colcon_core.shell:Creating environment hook '/home/docker/ament_ws/src/lidar_object_detection/lidar_object_detection_node/install/pp_infer/share/pp_infer/hook/cmake_prefix_path.sh'
[12.787s] Level 1:colcon.colcon_core.environment:checking '/home/docker/ament_ws/src/lidar_object_detection/lidar_object_detection_node/install/pp_infer/lib'
[12.789s] Level 1:colcon.colcon_core.environment:checking '/home/docker/ament_ws/src/lidar_object_detection/lidar_object_detection_node/install/pp_infer/bin'
[12.791s] Level 1:colcon.colcon_core.environment:checking '/home/docker/ament_ws/src/lidar_object_detection/lidar_object_detection_node/install/pp_infer/lib/pkgconfig/pp_infer.pc'
[12.795s] Level 1:colcon.colcon_core.environment:checking '/home/docker/ament_ws/src/lidar_object_detection/lidar_object_detection_node/install/pp_infer/lib/python3.8/site-packages'
[12.796s] Level 1:colcon.colcon_core.environment:checking '/home/docker/ament_ws/src/lidar_object_detection/lidar_object_detection_node/install/pp_infer/bin'
[12.800s] INFO:colcon.colcon_core.shell:Creating package script '/home/docker/ament_ws/src/lidar_object_detection/lidar_object_detection_node/install/pp_infer/share/pp_infer/package.ps1'
[12.813s] INFO:colcon.colcon_core.shell:Creating package descriptor '/home/docker/ament_ws/src/lidar_object_detection/lidar_object_detection_node/install/pp_infer/share/pp_infer/package.dsv'
[12.835s] INFO:colcon.colcon_core.shell:Creating package script '/home/docker/ament_ws/src/lidar_object_detection/lidar_object_detection_node/install/pp_infer/share/pp_infer/package.sh'
[12.848s] INFO:colcon.colcon_core.shell:Creating package script '/home/docker/ament_ws/src/lidar_object_detection/lidar_object_detection_node/install/pp_infer/share/pp_infer/package.bash'
[12.861s] INFO:colcon.colcon_core.shell:Creating package script '/home/docker/ament_ws/src/lidar_object_detection/lidar_object_detection_node/install/pp_infer/share/pp_infer/package.zsh'
[12.873s] Level 1:colcon.colcon_core.environment:create_file_with_runtime_dependencies(/home/docker/ament_ws/src/lidar_object_detection/lidar_object_detection_node/install/pp_infer/share/colcon-core/packages/pp_infer)
[13.404s] Level 1:colcon.colcon_core.environment:create_environment_scripts_only(pp_infer)
[13.411s] Level 1:colcon.colcon_core.environment:checking '/home/docker/ament_ws/src/lidar_object_detection/lidar_object_detection_node/install/pp_infer' for CMake module files
[13.413s] Level 1:colcon.colcon_core.environment:checking '/home/docker/ament_ws/src/lidar_object_detection/lidar_object_detection_node/install/pp_infer' for CMake config files
[13.413s] Level 1:colcon.colcon_core.shell:create_environment_hook('pp_infer', 'cmake_prefix_path')
[13.417s] INFO:colcon.colcon_core.shell:Creating environment hook '/home/docker/ament_ws/src/lidar_object_detection/lidar_object_detection_node/install/pp_infer/share/pp_infer/hook/cmake_prefix_path.ps1'
[13.441s] INFO:colcon.colcon_core.shell:Creating environment descriptor '/home/docker/ament_ws/src/lidar_object_detection/lidar_object_detection_node/install/pp_infer/share/pp_infer/hook/cmake_prefix_path.dsv'
[13.456s] INFO:colcon.colcon_core.shell:Creating environment hook '/home/docker/ament_ws/src/lidar_object_detection/lidar_object_detection_node/install/pp_infer/share/pp_infer/hook/cmake_prefix_path.sh'
[13.609s] Level 1:colcon.colcon_core.environment:checking '/home/docker/ament_ws/src/lidar_object_detection/lidar_object_detection_node/install/pp_infer/lib'
[13.612s] Level 1:colcon.colcon_core.environment:checking '/home/docker/ament_ws/src/lidar_object_detection/lidar_object_detection_node/install/pp_infer/bin'
[13.614s] Level 1:colcon.colcon_core.environment:checking '/home/docker/ament_ws/src/lidar_object_detection/lidar_object_detection_node/install/pp_infer/lib/pkgconfig/pp_infer.pc'
[13.616s] Level 1:colcon.colcon_core.environment:checking '/home/docker/ament_ws/src/lidar_object_detection/lidar_object_detection_node/install/pp_infer/lib/python3.8/site-packages'
[13.616s] Level 1:colcon.colcon_core.environment:checking '/home/docker/ament_ws/src/lidar_object_detection/lidar_object_detection_node/install/pp_infer/bin'
[13.624s] INFO:colcon.colcon_core.shell:Creating package script '/home/docker/ament_ws/src/lidar_object_detection/lidar_object_detection_node/install/pp_infer/share/pp_infer/package.ps1'
[13.645s] INFO:colcon.colcon_core.shell:Creating package descriptor '/home/docker/ament_ws/src/lidar_object_detection/lidar_object_detection_node/install/pp_infer/share/pp_infer/package.dsv'
[13.666s] INFO:colcon.colcon_core.shell:Creating package script '/home/docker/ament_ws/src/lidar_object_detection/lidar_object_detection_node/install/pp_infer/share/pp_infer/package.sh'
[13.688s] INFO:colcon.colcon_core.shell:Creating package script '/home/docker/ament_ws/src/lidar_object_detection/lidar_object_detection_node/install/pp_infer/share/pp_infer/package.bash'
[13.701s] INFO:colcon.colcon_core.shell:Creating package script '/home/docker/ament_ws/src/lidar_object_detection/lidar_object_detection_node/install/pp_infer/share/pp_infer/package.zsh'
[13.718s] Level 1:colcon.colcon_core.environment:create_file_with_runtime_dependencies(/home/docker/ament_ws/src/lidar_object_detection/lidar_object_detection_node/install/pp_infer/share/colcon-core/packages/pp_infer)
[13.731s] DEBUG:colcon.colcon_parallel_executor.executor.parallel:closing loop
[13.731s] DEBUG:colcon.colcon_parallel_executor.executor.parallel:loop closed
[13.733s] DEBUG:colcon.colcon_parallel_executor.executor.parallel:run_until_complete finished with '0'
[13.733s] DEBUG:colcon.colcon_core.event_reactor:joining thread
[13.754s] INFO:colcon.colcon_core.plugin_system:Skipping extension 'colcon_notification.desktop_notification.notify_send': Could not find 'notify-send'
[13.754s] INFO:colcon.colcon_core.plugin_system:Skipping extension 'colcon_notification.desktop_notification.terminal_notifier': Not used on non-Darwin systems
[13.756s] INFO:colcon.colcon_core.plugin_system:Skipping extension 'colcon_notification.desktop_notification.win32': Not used on non-Windows systems
[13.758s] INFO:colcon.colcon_notification.desktop_notification:Sending desktop notification using 'notify2'
[13.758s] DEBUG:colcon.colcon_notification.desktop_notification.notify2:Failed to initialize notify2: org.freedesktop.DBus.Error.NotSupported: Unable to autolaunch a dbus-daemon without a $DISPLAY for X11
[13.758s] DEBUG:colcon.colcon_core.event_reactor:joined thread
[13.763s] INFO:colcon.colcon_core.shell:Creating prefix script '/home/docker/ament_ws/src/lidar_object_detection/lidar_object_detection_node/install/local_setup.ps1'
[13.781s] INFO:colcon.colcon_core.shell:Creating prefix util module '/home/docker/ament_ws/src/lidar_object_detection/lidar_object_detection_node/install/_local_setup_util_ps1.py'
[13.809s] INFO:colcon.colcon_core.shell:Creating prefix chain script '/home/docker/ament_ws/src/lidar_object_detection/lidar_object_detection_node/install/setup.ps1'
[13.859s] INFO:colcon.colcon_core.shell:Creating prefix script '/home/docker/ament_ws/src/lidar_object_detection/lidar_object_detection_node/install/local_setup.sh'
[13.877s] INFO:colcon.colcon_core.shell:Creating prefix util module '/home/docker/ament_ws/src/lidar_object_detection/lidar_object_detection_node/install/_local_setup_util_sh.py'
[13.891s] INFO:colcon.colcon_core.shell:Creating prefix chain script '/home/docker/ament_ws/src/lidar_object_detection/lidar_object_detection_node/install/setup.sh'
[13.915s] INFO:colcon.colcon_core.shell:Creating prefix script '/home/docker/ament_ws/src/lidar_object_detection/lidar_object_detection_node/install/local_setup.bash'
[13.926s] INFO:colcon.colcon_core.shell:Creating prefix chain script '/home/docker/ament_ws/src/lidar_object_detection/lidar_object_detection_node/install/setup.bash'
[13.953s] INFO:colcon.colcon_core.shell:Creating prefix script '/home/docker/ament_ws/src/lidar_object_detection/lidar_object_detection_node/install/local_setup.zsh'
[13.966s] INFO:colcon.colcon_core.shell:Creating prefix chain script '/home/docker/ament_ws/src/lidar_object_detection/lidar_object_detection_node/install/setup.zsh'
