[0.999s] Invoking command in '/home/leungjch/Documents/repos/wato_monorepo_v2/src/py_pubsub': CONDA_PROMPT_MODIFIER=(base) PYTHONPATH=/home/leungjch/Documents/repos/wato_monorepo_v2/src/build/py_pubsub/prefix_override:/home/leungjch/Documents/repos/wato_monorepo_v2/src/install/py_pubsub/lib/python3.10/site-packages:${PYTHONPATH} /usr/bin/python3 setup.py egg_info --egg-base ../build/py_pubsub build --build-base /home/leungjch/Documents/repos/wato_monorepo_v2/src/build/py_pubsub/build install --record /home/leungjch/Documents/repos/wato_monorepo_v2/src/build/py_pubsub/install.log --single-version-externally-managed
[1.367s] running egg_info
[1.368s] writing ../build/py_pubsub/py_pubsub.egg-info/PKG-INFO
[1.368s] writing dependency_links to ../build/py_pubsub/py_pubsub.egg-info/dependency_links.txt
[1.368s] writing entry points to ../build/py_pubsub/py_pubsub.egg-info/entry_points.txt
[1.368s] writing requirements to ../build/py_pubsub/py_pubsub.egg-info/requires.txt
[1.368s] writing top-level names to ../build/py_pubsub/py_pubsub.egg-info/top_level.txt
[1.371s] reading manifest file '../build/py_pubsub/py_pubsub.egg-info/SOURCES.txt'
[1.375s] writing manifest file '../build/py_pubsub/py_pubsub.egg-info/SOURCES.txt'
[1.375s] running build
[1.375s] running build_py
[1.375s] copying py_pubsub/publisher_member_function.py -> /home/leungjch/Documents/repos/wato_monorepo_v2/src/build/py_pubsub/build/lib/py_pubsub
[1.376s] running install
[1.376s] running install_lib
[1.377s] copying /home/leungjch/Documents/repos/wato_monorepo_v2/src/build/py_pubsub/build/lib/py_pubsub/publisher_member_function.py -> /home/leungjch/Documents/repos/wato_monorepo_v2/src/install/py_pubsub/lib/python3.10/site-packages/py_pubsub
[1.378s] byte-compiling /home/leungjch/Documents/repos/wato_monorepo_v2/src/install/py_pubsub/lib/python3.10/site-packages/py_pubsub/publisher_member_function.py to publisher_member_function.cpython-310.pyc
[1.378s] running install_data
[1.379s] running install_egg_info
[1.381s] removing '/home/leungjch/Documents/repos/wato_monorepo_v2/src/install/py_pubsub/lib/python3.10/site-packages/py_pubsub-0.0.0-py3.10.egg-info' (and everything under it)
[1.381s] Copying ../build/py_pubsub/py_pubsub.egg-info to /home/leungjch/Documents/repos/wato_monorepo_v2/src/install/py_pubsub/lib/python3.10/site-packages/py_pubsub-0.0.0-py3.10.egg-info
[1.382s] running install_scripts
[1.398s] Installing talker script to /home/leungjch/Documents/repos/wato_monorepo_v2/src/install/py_pubsub/lib/py_pubsub
[1.399s] writing list of installed files to '/home/leungjch/Documents/repos/wato_monorepo_v2/src/build/py_pubsub/install.log'
[1.460s] Invoked command in '/home/leungjch/Documents/repos/wato_monorepo_v2/src/py_pubsub' returned '0': CONDA_PROMPT_MODIFIER=(base) PYTHONPATH=/home/leungjch/Documents/repos/wato_monorepo_v2/src/build/py_pubsub/prefix_override:/home/leungjch/Documents/repos/wato_monorepo_v2/src/install/py_pubsub/lib/python3.10/site-packages:${PYTHONPATH} /usr/bin/python3 setup.py egg_info --egg-base ../build/py_pubsub build --build-base /home/leungjch/Documents/repos/wato_monorepo_v2/src/build/py_pubsub/build install --record /home/leungjch/Documents/repos/wato_monorepo_v2/src/build/py_pubsub/install.log --single-version-externally-managed
