[0.400s] DEBUG:colcon:Command line arguments: ['/usr/bin/colcon', 'build', '--packages-select', 'py_pubsub']
[0.400s] DEBUG:colcon:Parsed command line arguments: Namespace(log_base=None, log_level=None, verb_name='build', build_base='build', install_base='install', merge_install=False, symlink_install=False, test_result_base=None, continue_on_error=False, executor='parallel', parallel_workers=16, event_handlers=None, ignore_user_meta=False, metas=['./colcon.meta'], base_paths=['.'], packages_ignore=None, packages_ignore_regex=None, paths=None, packages_up_to=None, packages_up_to_regex=None, packages_above=None, packages_above_and_dependencies=None, packages_above_depth=None, packages_select_by_dep=None, packages_skip_by_dep=None, packages_skip_up_to=None, packages_select_build_failed=False, packages_skip_build_finished=False, packages_select_test_failures=False, packages_skip_test_passed=False, packages_select=['py_pubsub'], packages_skip=None, packages_select_regex=None, packages_skip_regex=None, packages_start=None, packages_end=None, allow_overriding=[], cmake_args=None, cmake_target=None, cmake_target_skip_unavailable=False, cmake_clean_cache=False, cmake_clean_first=False, cmake_force_configure=False, ament_cmake_args=None, catkin_cmake_args=None, catkin_skip_building_tests=False, verb_parser=<colcon_defaults.argument_parser.defaults.DefaultArgumentsDecorator object at 0x7f7a94227ee0>, verb_extension=<colcon_core.verb.build.BuildVerb object at 0x7f7a94227970>, main=<bound method BuildVerb.main of <colcon_core.verb.build.BuildVerb object at 0x7f7a94227970>>)
[0.423s] Level 1:colcon.colcon_core.package_discovery:discover_packages(colcon_meta) check parameters
[0.424s] Level 1:colcon.colcon_core.package_discovery:discover_packages(recursive) check parameters
[0.424s] Level 1:colcon.colcon_core.package_discovery:discover_packages(ignore) check parameters
[0.424s] Level 1:colcon.colcon_core.package_discovery:discover_packages(path) check parameters
[0.424s] Level 1:colcon.colcon_core.package_discovery:discover_packages(colcon_meta) discover
[0.424s] Level 1:colcon.colcon_core.package_discovery:discover_packages(recursive) discover
[0.424s] INFO:colcon.colcon_core.package_discovery:Crawling recursively for packages in '/home/leungjch/Documents/repos/wato_monorepo_v2/src'
[0.424s] Level 1:colcon.colcon_core.package_identification:_identify(.) by extensions ['ignore', 'ignore_ament_install']
[0.424s] Level 1:colcon.colcon_core.package_identification:_identify(.) by extension 'ignore'
[0.424s] Level 1:colcon.colcon_core.package_identification:_identify(.) by extension 'ignore_ament_install'
[0.424s] Level 1:colcon.colcon_core.package_identification:_identify(.) by extensions ['colcon_pkg']
[0.424s] Level 1:colcon.colcon_core.package_identification:_identify(.) by extension 'colcon_pkg'
[0.424s] Level 1:colcon.colcon_core.package_identification:_identify(.) by extensions ['colcon_meta']
[0.424s] Level 1:colcon.colcon_core.package_identification:_identify(.) by extension 'colcon_meta'
[0.424s] Level 1:colcon.colcon_core.package_identification:_identify(.) by extensions ['ros']
[0.424s] Level 1:colcon.colcon_core.package_identification:_identify(.) by extension 'ros'
[0.435s] Level 1:colcon.colcon_core.package_identification:_identify(.) by extensions ['cmake', 'python']
[0.435s] Level 1:colcon.colcon_core.package_identification:_identify(.) by extension 'cmake'
[0.435s] Level 1:colcon.colcon_core.package_identification:_identify(.) by extension 'python'
[0.435s] Level 1:colcon.colcon_core.package_identification:_identify(.) by extensions ['python_setup_py']
[0.435s] Level 1:colcon.colcon_core.package_identification:_identify(.) by extension 'python_setup_py'
[0.435s] Level 1:colcon.colcon_core.package_identification:_identify(build) by extensions ['ignore', 'ignore_ament_install']
[0.435s] Level 1:colcon.colcon_core.package_identification:_identify(build) by extension 'ignore'
[0.435s] Level 1:colcon.colcon_core.package_identification:_identify(build) ignored
[0.435s] Level 1:colcon.colcon_core.package_identification:_identify(camera_detection) by extensions ['ignore', 'ignore_ament_install']
[0.435s] Level 1:colcon.colcon_core.package_identification:_identify(camera_detection) by extension 'ignore'
[0.436s] Level 1:colcon.colcon_core.package_identification:_identify(camera_detection) by extension 'ignore_ament_install'
[0.436s] Level 1:colcon.colcon_core.package_identification:_identify(camera_detection) by extensions ['colcon_pkg']
[0.436s] Level 1:colcon.colcon_core.package_identification:_identify(camera_detection) by extension 'colcon_pkg'
[0.436s] Level 1:colcon.colcon_core.package_identification:_identify(camera_detection) by extensions ['colcon_meta']
[0.436s] Level 1:colcon.colcon_core.package_identification:_identify(camera_detection) by extension 'colcon_meta'
[0.436s] Level 1:colcon.colcon_core.package_identification:_identify(camera_detection) by extensions ['ros']
[0.436s] Level 1:colcon.colcon_core.package_identification:_identify(camera_detection) by extension 'ros'
[0.438s] DEBUG:colcon.colcon_core.package_identification:Found ROS schema reference in package manifest in 'camera_detection'
[0.438s] WARNING:colcon.colcon_core.package_identification:Failed to parse ROS package manifest in 'camera_detection': Error(s) in package 'camera_detection/package.xml':
Error(s):
- The generic dependency on 'common_msgs' is redundant with: exec_depend
- The manifest of package "camera_detection" (with format version 3) must not contain the following tags: build_type
[0.438s] Level 1:colcon.colcon_core.package_identification:_identify(camera_detection) by extensions ['cmake', 'python']
[0.438s] Level 1:colcon.colcon_core.package_identification:_identify(camera_detection) by extension 'cmake'
[0.438s] Level 1:colcon.colcon_core.package_identification:_identify(camera_detection) by extension 'python'
[0.438s] DEBUG:colcon.colcon_core.package_identification:Python package in 'camera_detection' passes arguments to the setup() function which requires a different identification extension than 'python'
[0.438s] Level 1:colcon.colcon_core.package_identification:_identify(camera_detection) by extensions ['python_setup_py']
[0.438s] Level 1:colcon.colcon_core.package_identification:_identify(camera_detection) by extension 'python_setup_py'
[0.796s] DEBUG:colcon.colcon_core.package_identification:Package 'camera_detection' with type 'python' and name 'camera_detection'
[0.796s] Level 1:colcon.colcon_core.package_identification:_identify(install) by extensions ['ignore', 'ignore_ament_install']
[0.796s] Level 1:colcon.colcon_core.package_identification:_identify(install) by extension 'ignore'
[0.796s] Level 1:colcon.colcon_core.package_identification:_identify(install) ignored
[0.797s] Level 1:colcon.colcon_core.package_identification:_identify(log) by extensions ['ignore', 'ignore_ament_install']
[0.797s] Level 1:colcon.colcon_core.package_identification:_identify(log) by extension 'ignore'
[0.797s] Level 1:colcon.colcon_core.package_identification:_identify(log) ignored
[0.797s] Level 1:colcon.colcon_core.package_identification:_identify(py_pubsub) by extensions ['ignore', 'ignore_ament_install']
[0.797s] Level 1:colcon.colcon_core.package_identification:_identify(py_pubsub) by extension 'ignore'
[0.797s] Level 1:colcon.colcon_core.package_identification:_identify(py_pubsub) by extension 'ignore_ament_install'
[0.797s] Level 1:colcon.colcon_core.package_identification:_identify(py_pubsub) by extensions ['colcon_pkg']
[0.797s] Level 1:colcon.colcon_core.package_identification:_identify(py_pubsub) by extension 'colcon_pkg'
[0.797s] Level 1:colcon.colcon_core.package_identification:_identify(py_pubsub) by extensions ['colcon_meta']
[0.797s] Level 1:colcon.colcon_core.package_identification:_identify(py_pubsub) by extension 'colcon_meta'
[0.798s] Level 1:colcon.colcon_core.package_identification:_identify(py_pubsub) by extensions ['ros']
[0.798s] Level 1:colcon.colcon_core.package_identification:_identify(py_pubsub) by extension 'ros'
[0.799s] DEBUG:colcon.colcon_core.package_identification:Package 'py_pubsub' with type 'ros.ament_python' and name 'py_pubsub'
[0.799s] Level 1:colcon.colcon_core.package_identification:_identify(samples) by extensions ['ignore', 'ignore_ament_install']
[0.800s] Level 1:colcon.colcon_core.package_identification:_identify(samples) by extension 'ignore'
[0.800s] Level 1:colcon.colcon_core.package_identification:_identify(samples) by extension 'ignore_ament_install'
[0.800s] Level 1:colcon.colcon_core.package_identification:_identify(samples) by extensions ['colcon_pkg']
[0.800s] Level 1:colcon.colcon_core.package_identification:_identify(samples) by extension 'colcon_pkg'
[0.800s] Level 1:colcon.colcon_core.package_identification:_identify(samples) by extensions ['colcon_meta']
[0.800s] Level 1:colcon.colcon_core.package_identification:_identify(samples) by extension 'colcon_meta'
[0.800s] Level 1:colcon.colcon_core.package_identification:_identify(samples) by extensions ['ros']
[0.800s] Level 1:colcon.colcon_core.package_identification:_identify(samples) by extension 'ros'
[0.800s] Level 1:colcon.colcon_core.package_identification:_identify(samples) by extensions ['cmake', 'python']
[0.800s] Level 1:colcon.colcon_core.package_identification:_identify(samples) by extension 'cmake'
[0.800s] Level 1:colcon.colcon_core.package_identification:_identify(samples) by extension 'python'
[0.800s] Level 1:colcon.colcon_core.package_identification:_identify(samples) by extensions ['python_setup_py']
[0.800s] Level 1:colcon.colcon_core.package_identification:_identify(samples) by extension 'python_setup_py'
[0.801s] Level 1:colcon.colcon_core.package_identification:_identify(samples/cpp) by extensions ['ignore', 'ignore_ament_install']
[0.801s] Level 1:colcon.colcon_core.package_identification:_identify(samples/cpp) by extension 'ignore'
[0.801s] Level 1:colcon.colcon_core.package_identification:_identify(samples/cpp) by extension 'ignore_ament_install'
[0.801s] Level 1:colcon.colcon_core.package_identification:_identify(samples/cpp) by extensions ['colcon_pkg']
[0.801s] Level 1:colcon.colcon_core.package_identification:_identify(samples/cpp) by extension 'colcon_pkg'
[0.801s] Level 1:colcon.colcon_core.package_identification:_identify(samples/cpp) by extensions ['colcon_meta']
[0.801s] Level 1:colcon.colcon_core.package_identification:_identify(samples/cpp) by extension 'colcon_meta'
[0.801s] Level 1:colcon.colcon_core.package_identification:_identify(samples/cpp) by extensions ['ros']
[0.801s] Level 1:colcon.colcon_core.package_identification:_identify(samples/cpp) by extension 'ros'
[0.801s] Level 1:colcon.colcon_core.package_identification:_identify(samples/cpp) by extensions ['cmake', 'python']
[0.801s] Level 1:colcon.colcon_core.package_identification:_identify(samples/cpp) by extension 'cmake'
[0.801s] Level 1:colcon.colcon_core.package_identification:_identify(samples/cpp) by extension 'python'
[0.801s] Level 1:colcon.colcon_core.package_identification:_identify(samples/cpp) by extensions ['python_setup_py']
[0.801s] Level 1:colcon.colcon_core.package_identification:_identify(samples/cpp) by extension 'python_setup_py'
[0.802s] Level 1:colcon.colcon_core.package_identification:_identify(samples/cpp/aggregator) by extensions ['ignore', 'ignore_ament_install']
[0.802s] Level 1:colcon.colcon_core.package_identification:_identify(samples/cpp/aggregator) by extension 'ignore'
[0.802s] Level 1:colcon.colcon_core.package_identification:_identify(samples/cpp/aggregator) by extension 'ignore_ament_install'
[0.802s] Level 1:colcon.colcon_core.package_identification:_identify(samples/cpp/aggregator) by extensions ['colcon_pkg']
[0.802s] Level 1:colcon.colcon_core.package_identification:_identify(samples/cpp/aggregator) by extension 'colcon_pkg'
[0.802s] Level 1:colcon.colcon_core.package_identification:_identify(samples/cpp/aggregator) by extensions ['colcon_meta']
[0.802s] Level 1:colcon.colcon_core.package_identification:_identify(samples/cpp/aggregator) by extension 'colcon_meta'
[0.802s] Level 1:colcon.colcon_core.package_identification:_identify(samples/cpp/aggregator) by extensions ['ros']
[0.802s] Level 1:colcon.colcon_core.package_identification:_identify(samples/cpp/aggregator) by extension 'ros'
[0.803s] DEBUG:colcon.colcon_core.package_identification:Package 'samples/cpp/aggregator' with type 'ros.ament_cmake' and name 'aggregator'
[0.803s] Level 1:colcon.colcon_core.package_identification:_identify(samples/cpp/producer) by extensions ['ignore', 'ignore_ament_install']
[0.803s] Level 1:colcon.colcon_core.package_identification:_identify(samples/cpp/producer) by extension 'ignore'
[0.803s] Level 1:colcon.colcon_core.package_identification:_identify(samples/cpp/producer) by extension 'ignore_ament_install'
[0.803s] Level 1:colcon.colcon_core.package_identification:_identify(samples/cpp/producer) by extensions ['colcon_pkg']
[0.803s] Level 1:colcon.colcon_core.package_identification:_identify(samples/cpp/producer) by extension 'colcon_pkg'
[0.804s] Level 1:colcon.colcon_core.package_identification:_identify(samples/cpp/producer) by extensions ['colcon_meta']
[0.804s] Level 1:colcon.colcon_core.package_identification:_identify(samples/cpp/producer) by extension 'colcon_meta'
[0.804s] Level 1:colcon.colcon_core.package_identification:_identify(samples/cpp/producer) by extensions ['ros']
[0.804s] Level 1:colcon.colcon_core.package_identification:_identify(samples/cpp/producer) by extension 'ros'
[0.804s] DEBUG:colcon.colcon_core.package_identification:Package 'samples/cpp/producer' with type 'ros.ament_cmake' and name 'producer'
[0.805s] Level 1:colcon.colcon_core.package_identification:_identify(samples/cpp/transformer) by extensions ['ignore', 'ignore_ament_install']
[0.805s] Level 1:colcon.colcon_core.package_identification:_identify(samples/cpp/transformer) by extension 'ignore'
[0.805s] Level 1:colcon.colcon_core.package_identification:_identify(samples/cpp/transformer) by extension 'ignore_ament_install'
[0.805s] Level 1:colcon.colcon_core.package_identification:_identify(samples/cpp/transformer) by extensions ['colcon_pkg']
[0.805s] Level 1:colcon.colcon_core.package_identification:_identify(samples/cpp/transformer) by extension 'colcon_pkg'
[0.805s] Level 1:colcon.colcon_core.package_identification:_identify(samples/cpp/transformer) by extensions ['colcon_meta']
[0.805s] Level 1:colcon.colcon_core.package_identification:_identify(samples/cpp/transformer) by extension 'colcon_meta'
[0.805s] Level 1:colcon.colcon_core.package_identification:_identify(samples/cpp/transformer) by extensions ['ros']
[0.805s] Level 1:colcon.colcon_core.package_identification:_identify(samples/cpp/transformer) by extension 'ros'
[0.806s] DEBUG:colcon.colcon_core.package_identification:Package 'samples/cpp/transformer' with type 'ros.ament_cmake' and name 'transformer'
[0.806s] Level 1:colcon.colcon_core.package_identification:_identify(tutorial_interfaces) by extensions ['ignore', 'ignore_ament_install']
[0.806s] Level 1:colcon.colcon_core.package_identification:_identify(tutorial_interfaces) by extension 'ignore'
[0.806s] Level 1:colcon.colcon_core.package_identification:_identify(tutorial_interfaces) by extension 'ignore_ament_install'
[0.806s] Level 1:colcon.colcon_core.package_identification:_identify(tutorial_interfaces) by extensions ['colcon_pkg']
[0.806s] Level 1:colcon.colcon_core.package_identification:_identify(tutorial_interfaces) by extension 'colcon_pkg'
[0.807s] Level 1:colcon.colcon_core.package_identification:_identify(tutorial_interfaces) by extensions ['colcon_meta']
[0.807s] Level 1:colcon.colcon_core.package_identification:_identify(tutorial_interfaces) by extension 'colcon_meta'
[0.807s] Level 1:colcon.colcon_core.package_identification:_identify(tutorial_interfaces) by extensions ['ros']
[0.807s] Level 1:colcon.colcon_core.package_identification:_identify(tutorial_interfaces) by extension 'ros'
[0.807s] DEBUG:colcon.colcon_core.package_identification:Package 'tutorial_interfaces' with type 'ros.ament_cmake' and name 'tutorial_interfaces'
[0.808s] Level 1:colcon.colcon_core.package_identification:_identify(wato_msgs) by extensions ['ignore', 'ignore_ament_install']
[0.808s] Level 1:colcon.colcon_core.package_identification:_identify(wato_msgs) by extension 'ignore'
[0.808s] Level 1:colcon.colcon_core.package_identification:_identify(wato_msgs) by extension 'ignore_ament_install'
[0.808s] Level 1:colcon.colcon_core.package_identification:_identify(wato_msgs) by extensions ['colcon_pkg']
[0.808s] Level 1:colcon.colcon_core.package_identification:_identify(wato_msgs) by extension 'colcon_pkg'
[0.808s] Level 1:colcon.colcon_core.package_identification:_identify(wato_msgs) by extensions ['colcon_meta']
[0.808s] Level 1:colcon.colcon_core.package_identification:_identify(wato_msgs) by extension 'colcon_meta'
[0.808s] Level 1:colcon.colcon_core.package_identification:_identify(wato_msgs) by extensions ['ros']
[0.808s] Level 1:colcon.colcon_core.package_identification:_identify(wato_msgs) by extension 'ros'
[0.808s] Level 1:colcon.colcon_core.package_identification:_identify(wato_msgs) by extensions ['cmake', 'python']
[0.808s] Level 1:colcon.colcon_core.package_identification:_identify(wato_msgs) by extension 'cmake'
[0.808s] Level 1:colcon.colcon_core.package_identification:_identify(wato_msgs) by extension 'python'
[0.808s] Level 1:colcon.colcon_core.package_identification:_identify(wato_msgs) by extensions ['python_setup_py']
[0.809s] Level 1:colcon.colcon_core.package_identification:_identify(wato_msgs) by extension 'python_setup_py'
[0.809s] Level 1:colcon.colcon_core.package_identification:_identify(wato_msgs/common_msgs) by extensions ['ignore', 'ignore_ament_install']
[0.809s] Level 1:colcon.colcon_core.package_identification:_identify(wato_msgs/common_msgs) by extension 'ignore'
[0.809s] Level 1:colcon.colcon_core.package_identification:_identify(wato_msgs/common_msgs) by extension 'ignore_ament_install'
[0.809s] Level 1:colcon.colcon_core.package_identification:_identify(wato_msgs/common_msgs) by extensions ['colcon_pkg']
[0.809s] Level 1:colcon.colcon_core.package_identification:_identify(wato_msgs/common_msgs) by extension 'colcon_pkg'
[0.809s] Level 1:colcon.colcon_core.package_identification:_identify(wato_msgs/common_msgs) by extensions ['colcon_meta']
[0.809s] Level 1:colcon.colcon_core.package_identification:_identify(wato_msgs/common_msgs) by extension 'colcon_meta'
[0.809s] Level 1:colcon.colcon_core.package_identification:_identify(wato_msgs/common_msgs) by extensions ['ros']
[0.809s] Level 1:colcon.colcon_core.package_identification:_identify(wato_msgs/common_msgs) by extension 'ros'
[0.810s] DEBUG:colcon.colcon_core.package_identification:Package 'wato_msgs/common_msgs' with type 'ros.ament_cmake' and name 'common_msgs'
[0.810s] Level 1:colcon.colcon_core.package_identification:_identify(wato_msgs/sample_msgs) by extensions ['ignore', 'ignore_ament_install']
[0.810s] Level 1:colcon.colcon_core.package_identification:_identify(wato_msgs/sample_msgs) by extension 'ignore'
[0.810s] Level 1:colcon.colcon_core.package_identification:_identify(wato_msgs/sample_msgs) by extension 'ignore_ament_install'
[0.810s] Level 1:colcon.colcon_core.package_identification:_identify(wato_msgs/sample_msgs) by extensions ['colcon_pkg']
[0.810s] Level 1:colcon.colcon_core.package_identification:_identify(wato_msgs/sample_msgs) by extension 'colcon_pkg'
[0.811s] Level 1:colcon.colcon_core.package_identification:_identify(wato_msgs/sample_msgs) by extensions ['colcon_meta']
[0.811s] Level 1:colcon.colcon_core.package_identification:_identify(wato_msgs/sample_msgs) by extension 'colcon_meta'
[0.811s] Level 1:colcon.colcon_core.package_identification:_identify(wato_msgs/sample_msgs) by extensions ['ros']
[0.811s] Level 1:colcon.colcon_core.package_identification:_identify(wato_msgs/sample_msgs) by extension 'ros'
[0.811s] DEBUG:colcon.colcon_core.package_identification:Package 'wato_msgs/sample_msgs' with type 'ros.ament_cmake' and name 'sample_msgs'
[0.811s] Level 1:colcon.colcon_core.package_discovery:discover_packages(recursive) using defaults
[0.812s] Level 1:colcon.colcon_core.package_discovery:discover_packages(ignore) discover
[0.812s] Level 1:colcon.colcon_core.package_discovery:discover_packages(ignore) using defaults
[0.812s] Level 1:colcon.colcon_core.package_discovery:discover_packages(path) discover
[0.812s] Level 1:colcon.colcon_core.package_discovery:discover_packages(path) using defaults
[0.842s] INFO:colcon.colcon_core.package_selection:Skipping not selected package 'camera_detection' in 'camera_detection'
[0.842s] INFO:colcon.colcon_core.package_selection:Skipping not selected package 'common_msgs' in 'wato_msgs/common_msgs'
[0.842s] INFO:colcon.colcon_core.package_selection:Skipping not selected package 'sample_msgs' in 'wato_msgs/sample_msgs'
[0.842s] INFO:colcon.colcon_core.package_selection:Skipping not selected package 'tutorial_interfaces' in 'tutorial_interfaces'
[0.842s] INFO:colcon.colcon_core.package_selection:Skipping not selected package 'aggregator' in 'samples/cpp/aggregator'
[0.842s] INFO:colcon.colcon_core.package_selection:Skipping not selected package 'producer' in 'samples/cpp/producer'
[0.842s] INFO:colcon.colcon_core.package_selection:Skipping not selected package 'transformer' in 'samples/cpp/transformer'
[0.844s] Level 1:colcon.colcon_core.package_discovery:discover_packages(prefix_path) check parameters
[0.844s] Level 1:colcon.colcon_core.package_discovery:discover_packages(prefix_path) discover
[0.846s] WARNING:colcon.colcon_ros.prefix_path.ament:The path '/home/leungjch/Documents/repos/wato_monorepo_v2/src/install/transformer' in the environment variable AMENT_PREFIX_PATH doesn't exist
[0.846s] WARNING:colcon.colcon_ros.prefix_path.ament:The path '/home/leungjch/Documents/repos/wato_monorepo_v2/src/install/producer' in the environment variable AMENT_PREFIX_PATH doesn't exist
[0.846s] WARNING:colcon.colcon_ros.prefix_path.ament:The path '/home/leungjch/Documents/repos/wato_monorepo_v2/src/install/aggregator' in the environment variable AMENT_PREFIX_PATH doesn't exist
[0.847s] WARNING:colcon.colcon_ros.prefix_path.ament:The path '/home/leungjch/Documents/repos/wato_monorepo_v2/src/install/sample_msgs' in the environment variable AMENT_PREFIX_PATH doesn't exist
[0.847s] WARNING:colcon.colcon_ros.prefix_path.catkin:The path '/home/leungjch/Documents/repos/wato_monorepo_v2/src/install/transformer' in the environment variable CMAKE_PREFIX_PATH doesn't exist
[0.847s] WARNING:colcon.colcon_ros.prefix_path.catkin:The path '/home/leungjch/Documents/repos/wato_monorepo_v2/src/install/producer' in the environment variable CMAKE_PREFIX_PATH doesn't exist
[0.847s] WARNING:colcon.colcon_ros.prefix_path.catkin:The path '/home/leungjch/Documents/repos/wato_monorepo_v2/src/install/aggregator' in the environment variable CMAKE_PREFIX_PATH doesn't exist
[0.847s] WARNING:colcon.colcon_ros.prefix_path.catkin:The path '/home/leungjch/Documents/repos/wato_monorepo_v2/src/install/sample_msgs' in the environment variable CMAKE_PREFIX_PATH doesn't exist
[0.849s] DEBUG:colcon.colcon_installed_package_information.package_discovery:Found 4 installed packages in /home/leungjch/Documents/repos/wato_monorepo_v2/src/install
[0.851s] DEBUG:colcon.colcon_installed_package_information.package_discovery:Found 0 installed packages in /home/leungjch/Documents/repos/wato_monorepo_v2/src/py_pubsub/py_pubsub/install
[0.853s] DEBUG:colcon.colcon_installed_package_information.package_discovery:Found 282 installed packages in /opt/ros/humble
[0.855s] Level 1:colcon.colcon_core.package_discovery:discover_packages(prefix_path) using defaults
[0.923s] Level 5:colcon.colcon_core.verb:set package 'py_pubsub' build argument 'cmake_args' from command line to 'None'
[0.923s] Level 5:colcon.colcon_core.verb:set package 'py_pubsub' build argument 'cmake_target' from command line to 'None'
[0.923s] Level 5:colcon.colcon_core.verb:set package 'py_pubsub' build argument 'cmake_target_skip_unavailable' from command line to 'False'
[0.923s] Level 5:colcon.colcon_core.verb:set package 'py_pubsub' build argument 'cmake_clean_cache' from command line to 'False'
[0.923s] Level 5:colcon.colcon_core.verb:set package 'py_pubsub' build argument 'cmake_clean_first' from command line to 'False'
[0.923s] Level 5:colcon.colcon_core.verb:set package 'py_pubsub' build argument 'cmake_force_configure' from command line to 'False'
[0.923s] Level 5:colcon.colcon_core.verb:set package 'py_pubsub' build argument 'ament_cmake_args' from command line to 'None'
[0.923s] Level 5:colcon.colcon_core.verb:set package 'py_pubsub' build argument 'catkin_cmake_args' from command line to 'None'
[0.923s] Level 5:colcon.colcon_core.verb:set package 'py_pubsub' build argument 'catkin_skip_building_tests' from command line to 'False'
[0.923s] DEBUG:colcon.colcon_core.verb:Building package 'py_pubsub' with the following arguments: {'ament_cmake_args': None, 'build_base': '/home/leungjch/Documents/repos/wato_monorepo_v2/src/build/py_pubsub', 'catkin_cmake_args': None, 'catkin_skip_building_tests': False, 'cmake_args': None, 'cmake_clean_cache': False, 'cmake_clean_first': False, 'cmake_force_configure': False, 'cmake_target': None, 'cmake_target_skip_unavailable': False, 'install_base': '/home/leungjch/Documents/repos/wato_monorepo_v2/src/install/py_pubsub', 'merge_install': False, 'path': '/home/leungjch/Documents/repos/wato_monorepo_v2/src/py_pubsub', 'symlink_install': False, 'test_result_base': None}
[0.924s] INFO:colcon.colcon_core.executor:Executing jobs using 'parallel' executor
[0.927s] DEBUG:colcon.colcon_parallel_executor.executor.parallel:run_until_complete
[0.928s] INFO:colcon.colcon_ros.task.ament_python.build:Building ROS package in '/home/leungjch/Documents/repos/wato_monorepo_v2/src/py_pubsub' with build type 'ament_python'
[0.928s] Level 1:colcon.colcon_core.shell:create_environment_hook('py_pubsub', 'ament_prefix_path')
[0.933s] INFO:colcon.colcon_core.plugin_system:Skipping extension 'colcon_core.shell.bat': Not used on non-Windows systems
[0.933s] INFO:colcon.colcon_core.shell:Creating environment hook '/home/leungjch/Documents/repos/wato_monorepo_v2/src/install/py_pubsub/share/py_pubsub/hook/ament_prefix_path.ps1'
[0.934s] INFO:colcon.colcon_core.shell:Creating environment descriptor '/home/leungjch/Documents/repos/wato_monorepo_v2/src/install/py_pubsub/share/py_pubsub/hook/ament_prefix_path.dsv'
[0.934s] INFO:colcon.colcon_core.shell:Creating environment hook '/home/leungjch/Documents/repos/wato_monorepo_v2/src/install/py_pubsub/share/py_pubsub/hook/ament_prefix_path.sh'
[0.936s] INFO:colcon.colcon_core.shell:Skip shell extension 'powershell' for command environment: Not usable outside of PowerShell
[0.936s] DEBUG:colcon.colcon_core.shell:Skip shell extension 'dsv' for command environment
[1.355s] INFO:colcon.colcon_core.task.python.build:Building Python package in '/home/leungjch/Documents/repos/wato_monorepo_v2/src/py_pubsub'
[1.357s] INFO:colcon.colcon_core.shell:Skip shell extension 'powershell' for command environment: Not usable outside of PowerShell
[1.357s] DEBUG:colcon.colcon_core.shell:Skip shell extension 'dsv' for command environment
[1.858s] DEBUG:colcon.colcon_core.event_handler.log_command:Invoking command in '/home/leungjch/Documents/repos/wato_monorepo_v2/src/py_pubsub': CONDA_PROMPT_MODIFIER=(base) PYTHONPATH=/home/leungjch/Documents/repos/wato_monorepo_v2/src/build/py_pubsub/prefix_override:/home/leungjch/Documents/repos/wato_monorepo_v2/src/install/py_pubsub/lib/python3.10/site-packages:${PYTHONPATH} /usr/bin/python3 setup.py egg_info --egg-base ../build/py_pubsub build --build-base /home/leungjch/Documents/repos/wato_monorepo_v2/src/build/py_pubsub/build install --record /home/leungjch/Documents/repos/wato_monorepo_v2/src/build/py_pubsub/install.log --single-version-externally-managed
[2.416s] DEBUG:colcon.colcon_core.event_handler.log_command:Invoked command in '/home/leungjch/Documents/repos/wato_monorepo_v2/src/py_pubsub' returned '0': CONDA_PROMPT_MODIFIER=(base) PYTHONPATH=/home/leungjch/Documents/repos/wato_monorepo_v2/src/build/py_pubsub/prefix_override:/home/leungjch/Documents/repos/wato_monorepo_v2/src/install/py_pubsub/lib/python3.10/site-packages:${PYTHONPATH} /usr/bin/python3 setup.py egg_info --egg-base ../build/py_pubsub build --build-base /home/leungjch/Documents/repos/wato_monorepo_v2/src/build/py_pubsub/build install --record /home/leungjch/Documents/repos/wato_monorepo_v2/src/build/py_pubsub/install.log --single-version-externally-managed
[2.426s] Level 1:colcon.colcon_core.environment:checking '/home/leungjch/Documents/repos/wato_monorepo_v2/src/install/py_pubsub' for CMake module files
[2.427s] Level 1:colcon.colcon_core.environment:checking '/home/leungjch/Documents/repos/wato_monorepo_v2/src/install/py_pubsub' for CMake config files
[2.427s] Level 1:colcon.colcon_core.environment:checking '/home/leungjch/Documents/repos/wato_monorepo_v2/src/install/py_pubsub/lib'
[2.428s] Level 1:colcon.colcon_core.environment:checking '/home/leungjch/Documents/repos/wato_monorepo_v2/src/install/py_pubsub/bin'
[2.428s] Level 1:colcon.colcon_core.environment:checking '/home/leungjch/Documents/repos/wato_monorepo_v2/src/install/py_pubsub/lib/pkgconfig/py_pubsub.pc'
[2.428s] Level 1:colcon.colcon_core.environment:checking '/home/leungjch/Documents/repos/wato_monorepo_v2/src/install/py_pubsub/lib/python3.10/site-packages'
[2.428s] Level 1:colcon.colcon_core.shell:create_environment_hook('py_pubsub', 'pythonpath')
[2.430s] INFO:colcon.colcon_core.shell:Creating environment hook '/home/leungjch/Documents/repos/wato_monorepo_v2/src/install/py_pubsub/share/py_pubsub/hook/pythonpath.ps1'
[2.430s] INFO:colcon.colcon_core.shell:Creating environment descriptor '/home/leungjch/Documents/repos/wato_monorepo_v2/src/install/py_pubsub/share/py_pubsub/hook/pythonpath.dsv'
[2.431s] INFO:colcon.colcon_core.shell:Creating environment hook '/home/leungjch/Documents/repos/wato_monorepo_v2/src/install/py_pubsub/share/py_pubsub/hook/pythonpath.sh'
[2.431s] Level 1:colcon.colcon_core.environment:checking '/home/leungjch/Documents/repos/wato_monorepo_v2/src/install/py_pubsub/bin'
[2.431s] Level 1:colcon.colcon_core.environment:create_environment_scripts_only(py_pubsub)
[2.433s] INFO:colcon.colcon_core.shell:Creating package script '/home/leungjch/Documents/repos/wato_monorepo_v2/src/install/py_pubsub/share/py_pubsub/package.ps1'
[2.434s] INFO:colcon.colcon_core.shell:Creating package descriptor '/home/leungjch/Documents/repos/wato_monorepo_v2/src/install/py_pubsub/share/py_pubsub/package.dsv'
[2.434s] INFO:colcon.colcon_core.shell:Creating package script '/home/leungjch/Documents/repos/wato_monorepo_v2/src/install/py_pubsub/share/py_pubsub/package.sh'
[2.436s] INFO:colcon.colcon_core.shell:Creating package script '/home/leungjch/Documents/repos/wato_monorepo_v2/src/install/py_pubsub/share/py_pubsub/package.bash'
[2.440s] INFO:colcon.colcon_core.shell:Creating package script '/home/leungjch/Documents/repos/wato_monorepo_v2/src/install/py_pubsub/share/py_pubsub/package.zsh'
[2.441s] Level 1:colcon.colcon_core.environment:create_file_with_runtime_dependencies(/home/leungjch/Documents/repos/wato_monorepo_v2/src/install/py_pubsub/share/colcon-core/packages/py_pubsub)
[2.441s] DEBUG:colcon.colcon_parallel_executor.executor.parallel:closing loop
[2.442s] DEBUG:colcon.colcon_parallel_executor.executor.parallel:loop closed
[2.442s] DEBUG:colcon.colcon_parallel_executor.executor.parallel:run_until_complete finished with '0'
[2.443s] DEBUG:colcon.colcon_core.event_reactor:joining thread
[2.456s] INFO:colcon.colcon_core.plugin_system:Skipping extension 'colcon_notification.desktop_notification.notify_send': Could not find 'notify-send'
[2.456s] INFO:colcon.colcon_core.plugin_system:Skipping extension 'colcon_notification.desktop_notification.terminal_notifier': Not used on non-Darwin systems
[2.456s] INFO:colcon.colcon_core.plugin_system:Skipping extension 'colcon_notification.desktop_notification.win32': Not used on non-Windows systems
[2.456s] INFO:colcon.colcon_notification.desktop_notification:Sending desktop notification using 'notify2'
[2.482s] DEBUG:colcon.colcon_core.event_reactor:joined thread
[2.483s] INFO:colcon.colcon_core.shell:Creating prefix script '/home/leungjch/Documents/repos/wato_monorepo_v2/src/install/local_setup.ps1'
[2.485s] INFO:colcon.colcon_core.shell:Creating prefix util module '/home/leungjch/Documents/repos/wato_monorepo_v2/src/install/_local_setup_util_ps1.py'
[2.486s] INFO:colcon.colcon_core.shell:Creating prefix chain script '/home/leungjch/Documents/repos/wato_monorepo_v2/src/install/setup.ps1'
[2.489s] INFO:colcon.colcon_core.shell:Creating prefix script '/home/leungjch/Documents/repos/wato_monorepo_v2/src/install/local_setup.sh'
[2.490s] INFO:colcon.colcon_core.shell:Creating prefix util module '/home/leungjch/Documents/repos/wato_monorepo_v2/src/install/_local_setup_util_sh.py'
[2.492s] INFO:colcon.colcon_core.shell:Creating prefix chain script '/home/leungjch/Documents/repos/wato_monorepo_v2/src/install/setup.sh'
[2.495s] INFO:colcon.colcon_core.shell:Creating prefix script '/home/leungjch/Documents/repos/wato_monorepo_v2/src/install/local_setup.bash'
[2.496s] INFO:colcon.colcon_core.shell:Creating prefix chain script '/home/leungjch/Documents/repos/wato_monorepo_v2/src/install/setup.bash'
[2.498s] INFO:colcon.colcon_core.shell:Creating prefix script '/home/leungjch/Documents/repos/wato_monorepo_v2/src/install/local_setup.zsh'
[2.499s] INFO:colcon.colcon_core.shell:Creating prefix chain script '/home/leungjch/Documents/repos/wato_monorepo_v2/src/install/setup.zsh'
