[0.030s] Invoking command in '/home/leungjch/Documents/repos/wato_monorepo_v2/src/build/aggregator': CMAKE_PREFIX_PATH=/home/leungjch/Documents/repos/wato_monorepo_v2/src/install/sample_msgs:/home/leungjch/Documents/repos/wato_monorepo_v2/src/install/tutorial_interfaces:/home/leungjch/Documents/repos/wato_monorepo_v2/src/install/transformer:/home/leungjch/Documents/repos/wato_monorepo_v2/src/install/producer:/home/leungjch/Documents/repos/wato_monorepo_v2/src/install/aggregator:/home/leungjch/Documents/repos/wato_monorepo_v2/src/install/common_msgs:/home/leungjch/Documents/repos/wato_monorepo_v2/src/install/py_pubsub:/home/leungjch/Documents/repos/wato_monorepo_v2/src/install/camera_detection:/opt/ros/humble CONDA_PROMPT_MODIFIER=(base) LD_LIBRARY_PATH=/home/leungjch/Documents/repos/wato_monorepo_v2/src/install/sample_msgs/lib:/home/leungjch/Documents/repos/wato_monorepo_v2/src/install/tutorial_interfaces/lib:/home/leungjch/Documents/repos/wato_monorepo_v2/src/install/common_msgs/lib:/opt/ros/humble/opt/rviz_ogre_vendor/lib:/opt/ros/humble/lib/x86_64-linux-gnu:/opt/ros/humble/lib /usr/bin/cmake --build /home/leungjch/Documents/repos/wato_monorepo_v2/src/build/aggregator -- -j16 -l16
[0.110s] [ 40%] Built target gtest
[0.110s] [ 40%] Built target gtest_main
[0.114s] [ 60%] Built target aggregator_lib
[0.155s] [ 80%] Built target aggregator_test
[0.158s] [100%] Built target aggregator_node
[0.170s] Invoked command in '/home/leungjch/Documents/repos/wato_monorepo_v2/src/build/aggregator' returned '0': CMAKE_PREFIX_PATH=/home/leungjch/Documents/repos/wato_monorepo_v2/src/install/sample_msgs:/home/leungjch/Documents/repos/wato_monorepo_v2/src/install/tutorial_interfaces:/home/leungjch/Documents/repos/wato_monorepo_v2/src/install/transformer:/home/leungjch/Documents/repos/wato_monorepo_v2/src/install/producer:/home/leungjch/Documents/repos/wato_monorepo_v2/src/install/aggregator:/home/leungjch/Documents/repos/wato_monorepo_v2/src/install/common_msgs:/home/leungjch/Documents/repos/wato_monorepo_v2/src/install/py_pubsub:/home/leungjch/Documents/repos/wato_monorepo_v2/src/install/camera_detection:/opt/ros/humble CONDA_PROMPT_MODIFIER=(base) LD_LIBRARY_PATH=/home/leungjch/Documents/repos/wato_monorepo_v2/src/install/sample_msgs/lib:/home/leungjch/Documents/repos/wato_monorepo_v2/src/install/tutorial_interfaces/lib:/home/leungjch/Documents/repos/wato_monorepo_v2/src/install/common_msgs/lib:/opt/ros/humble/opt/rviz_ogre_vendor/lib:/opt/ros/humble/lib/x86_64-linux-gnu:/opt/ros/humble/lib /usr/bin/cmake --build /home/leungjch/Documents/repos/wato_monorepo_v2/src/build/aggregator -- -j16 -l16
[0.216s] Invoking command in '/home/leungjch/Documents/repos/wato_monorepo_v2/src/build/aggregator': CMAKE_PREFIX_PATH=/home/leungjch/Documents/repos/wato_monorepo_v2/src/install/sample_msgs:/home/leungjch/Documents/repos/wato_monorepo_v2/src/install/tutorial_interfaces:/home/leungjch/Documents/repos/wato_monorepo_v2/src/install/transformer:/home/leungjch/Documents/repos/wato_monorepo_v2/src/install/producer:/home/leungjch/Documents/repos/wato_monorepo_v2/src/install/aggregator:/home/leungjch/Documents/repos/wato_monorepo_v2/src/install/common_msgs:/home/leungjch/Documents/repos/wato_monorepo_v2/src/install/py_pubsub:/home/leungjch/Documents/repos/wato_monorepo_v2/src/install/camera_detection:/opt/ros/humble CONDA_PROMPT_MODIFIER=(base) LD_LIBRARY_PATH=/home/leungjch/Documents/repos/wato_monorepo_v2/src/install/sample_msgs/lib:/home/leungjch/Documents/repos/wato_monorepo_v2/src/install/tutorial_interfaces/lib:/home/leungjch/Documents/repos/wato_monorepo_v2/src/install/common_msgs/lib:/opt/ros/humble/opt/rviz_ogre_vendor/lib:/opt/ros/humble/lib/x86_64-linux-gnu:/opt/ros/humble/lib /usr/bin/cmake --install /home/leungjch/Documents/repos/wato_monorepo_v2/src/build/aggregator
[0.228s] -- Install configuration: ""
[0.234s] -- Up-to-date: /home/leungjch/Documents/repos/wato_monorepo_v2/src/install/aggregator/lib/aggregator/aggregator_test
[0.236s] -- Up-to-date: /home/leungjch/Documents/repos/wato_monorepo_v2/src/install/aggregator/lib/aggregator/aggregator_node
[0.236s] -- Up-to-date: /home/leungjch/Documents/repos/wato_monorepo_v2/src/install/aggregator/share/aggregator/launch
[0.237s] -- Up-to-date: /home/leungjch/Documents/repos/wato_monorepo_v2/src/install/aggregator/share/aggregator/launch/aggregator.launch.py
[0.237s] -- Up-to-date: /home/leungjch/Documents/repos/wato_monorepo_v2/src/install/aggregator/share/ament_index/resource_index/package_run_dependencies/aggregator
[0.237s] -- Up-to-date: /home/leungjch/Documents/repos/wato_monorepo_v2/src/install/aggregator/share/ament_index/resource_index/parent_prefix_path/aggregator
[0.237s] -- Up-to-date: /home/leungjch/Documents/repos/wato_monorepo_v2/src/install/aggregator/share/aggregator/environment/ament_prefix_path.sh
[0.237s] -- Up-to-date: /home/leungjch/Documents/repos/wato_monorepo_v2/src/install/aggregator/share/aggregator/environment/ament_prefix_path.dsv
[0.237s] -- Up-to-date: /home/leungjch/Documents/repos/wato_monorepo_v2/src/install/aggregator/share/aggregator/environment/path.sh
[0.237s] -- Up-to-date: /home/leungjch/Documents/repos/wato_monorepo_v2/src/install/aggregator/share/aggregator/environment/path.dsv
[0.238s] -- Up-to-date: /home/leungjch/Documents/repos/wato_monorepo_v2/src/install/aggregator/share/aggregator/local_setup.bash
[0.238s] -- Up-to-date: /home/leungjch/Documents/repos/wato_monorepo_v2/src/install/aggregator/share/aggregator/local_setup.sh
[0.238s] -- Up-to-date: /home/leungjch/Documents/repos/wato_monorepo_v2/src/install/aggregator/share/aggregator/local_setup.zsh
[0.238s] -- Up-to-date: /home/leungjch/Documents/repos/wato_monorepo_v2/src/install/aggregator/share/aggregator/local_setup.dsv
[0.238s] -- Installing: /home/leungjch/Documents/repos/wato_monorepo_v2/src/install/aggregator/share/aggregator/package.dsv
[0.238s] -- Up-to-date: /home/leungjch/Documents/repos/wato_monorepo_v2/src/install/aggregator/share/ament_index/resource_index/packages/aggregator
[0.238s] -- Up-to-date: /home/leungjch/Documents/repos/wato_monorepo_v2/src/install/aggregator/share/aggregator/cmake/aggregatorConfig.cmake
[0.238s] -- Up-to-date: /home/leungjch/Documents/repos/wato_monorepo_v2/src/install/aggregator/share/aggregator/cmake/aggregatorConfig-version.cmake
[0.238s] -- Up-to-date: /home/leungjch/Documents/repos/wato_monorepo_v2/src/install/aggregator/share/aggregator/package.xml
[0.244s] Invoked command in '/home/leungjch/Documents/repos/wato_monorepo_v2/src/build/aggregator' returned '0': CMAKE_PREFIX_PATH=/home/leungjch/Documents/repos/wato_monorepo_v2/src/install/sample_msgs:/home/leungjch/Documents/repos/wato_monorepo_v2/src/install/tutorial_interfaces:/home/leungjch/Documents/repos/wato_monorepo_v2/src/install/transformer:/home/leungjch/Documents/repos/wato_monorepo_v2/src/install/producer:/home/leungjch/Documents/repos/wato_monorepo_v2/src/install/aggregator:/home/leungjch/Documents/repos/wato_monorepo_v2/src/install/common_msgs:/home/leungjch/Documents/repos/wato_monorepo_v2/src/install/py_pubsub:/home/leungjch/Documents/repos/wato_monorepo_v2/src/install/camera_detection:/opt/ros/humble CONDA_PROMPT_MODIFIER=(base) LD_LIBRARY_PATH=/home/leungjch/Documents/repos/wato_monorepo_v2/src/install/sample_msgs/lib:/home/leungjch/Documents/repos/wato_monorepo_v2/src/install/tutorial_interfaces/lib:/home/leungjch/Documents/repos/wato_monorepo_v2/src/install/common_msgs/lib:/opt/ros/humble/opt/rviz_ogre_vendor/lib:/opt/ros/humble/lib/x86_64-linux-gnu:/opt/ros/humble/lib /usr/bin/cmake --install /home/leungjch/Documents/repos/wato_monorepo_v2/src/build/aggregator
