[0.917s] Invoking command in '/home/leungjch/Documents/repos/wato_monorepo_v2/src/camera_detection': CONDA_PROMPT_MODIFIER=(base) PYTHONPATH=/home/leungjch/Documents/repos/wato_monorepo_v2/src/camera_detection/build/camera_detection/prefix_override:/home/leungjch/Documents/repos/wato_monorepo_v2/src/camera_detection/install/camera_detection/lib/python3.10/site-packages:${PYTHONPATH} /usr/bin/python3 setup.py egg_info --egg-base build/camera_detection build --build-base /home/leungjch/Documents/repos/wato_monorepo_v2/src/camera_detection/build/camera_detection/build install --record /home/leungjch/Documents/repos/wato_monorepo_v2/src/camera_detection/build/camera_detection/install.log --single-version-externally-managed
[1.265s] running egg_info
[1.266s] writing build/camera_detection/camera_detection.egg-info/PKG-INFO
[1.266s] writing dependency_links to build/camera_detection/camera_detection.egg-info/dependency_links.txt
[1.266s] writing entry points to build/camera_detection/camera_detection.egg-info/entry_points.txt
[1.266s] writing requirements to build/camera_detection/camera_detection.egg-info/requires.txt
[1.266s] writing top-level names to build/camera_detection/camera_detection.egg-info/top_level.txt
[1.268s] reading manifest file 'build/camera_detection/camera_detection.egg-info/SOURCES.txt'
[1.270s] writing manifest file 'build/camera_detection/camera_detection.egg-info/SOURCES.txt'
[1.270s] running build
[1.270s] running build_py
[1.270s] copying camera_detection/yolov5_detection.py -> /home/leungjch/Documents/repos/wato_monorepo_v2/src/camera_detection/build/camera_detection/build/lib/camera_detection
[1.270s] running install
[1.270s] running install_lib
[1.271s] copying /home/leungjch/Documents/repos/wato_monorepo_v2/src/camera_detection/build/camera_detection/build/lib/camera_detection/yolov5_detection.py -> /home/leungjch/Documents/repos/wato_monorepo_v2/src/camera_detection/install/camera_detection/lib/python3.10/site-packages/camera_detection
[1.271s] byte-compiling /home/leungjch/Documents/repos/wato_monorepo_v2/src/camera_detection/install/camera_detection/lib/python3.10/site-packages/camera_detection/yolov5_detection.py to yolov5_detection.cpython-310.pyc
[1.272s] running install_data
[1.273s] running install_egg_info
[1.274s] removing '/home/leungjch/Documents/repos/wato_monorepo_v2/src/camera_detection/install/camera_detection/lib/python3.10/site-packages/camera_detection-0.0.0-py3.10.egg-info' (and everything under it)
[1.274s] error removing /home/leungjch/Documents/repos/wato_monorepo_v2/src/camera_detection/install/camera_detection/lib/python3.10/site-packages/camera_detection-0.0.0-py3.10.egg-info: [Errno 13] Permission denied: '/home/leungjch/Documents/repos/wato_monorepo_v2/src/camera_detection/install/camera_detection/lib/python3.10/site-packages/camera_detection-0.0.0-py3.10.egg-info/dependency_links.txt'
[1.275s] error removing /home/leungjch/Documents/repos/wato_monorepo_v2/src/camera_detection/install/camera_detection/lib/python3.10/site-packages/camera_detection-0.0.0-py3.10.egg-info: [Errno 13] Permission denied: '/home/leungjch/Documents/repos/wato_monorepo_v2/src/camera_detection/install/camera_detection/lib/python3.10/site-packages/camera_detection-0.0.0-py3.10.egg-info/top_level.txt'
[1.275s] Copying build/camera_detection/camera_detection.egg-info to /home/leungjch/Documents/repos/wato_monorepo_v2/src/camera_detection/install/camera_detection/lib/python3.10/site-packages/camera_detection-0.0.0-py3.10.egg-info
[1.275s] error removing /home/leungjch/Documents/repos/wato_monorepo_v2/src/camera_detection/install/camera_detection/lib/python3.10/site-packages/camera_detection-0.0.0-py3.10.egg-info: [Errno 13] Permission denied: '/home/leungjch/Documents/repos/wato_monorepo_v2/src/camera_detection/install/camera_detection/lib/python3.10/site-packages/camera_detection-0.0.0-py3.10.egg-info/SOURCES.txt'
[1.275s] error removing /home/leungjch/Documents/repos/wato_monorepo_v2/src/camera_detection/install/camera_detection/lib/python3.10/site-packages/camera_detection-0.0.0-py3.10.egg-info: [Errno 13] Permission denied: '/home/leungjch/Documents/repos/wato_monorepo_v2/src/camera_detection/install/camera_detection/lib/python3.10/site-packages/camera_detection-0.0.0-py3.10.egg-info/requires.txt'
[1.275s] error removing /home/leungjch/Documents/repos/wato_monorepo_v2/src/camera_detection/install/camera_detection/lib/python3.10/site-packages/camera_detection-0.0.0-py3.10.egg-info: [Errno 13] Permission denied: '/home/leungjch/Documents/repos/wato_monorepo_v2/src/camera_detection/install/camera_detection/lib/python3.10/site-packages/camera_detection-0.0.0-py3.10.egg-info/entry_points.txt'
[1.275s] error removing /home/leungjch/Documents/repos/wato_monorepo_v2/src/camera_detection/install/camera_detection/lib/python3.10/site-packages/camera_detection-0.0.0-py3.10.egg-info: [Errno 13] Permission denied: '/home/leungjch/Documents/repos/wato_monorepo_v2/src/camera_detection/install/camera_detection/lib/python3.10/site-packages/camera_detection-0.0.0-py3.10.egg-info/PKG-INFO'
[1.275s] error removing /home/leungjch/Documents/repos/wato_monorepo_v2/src/camera_detection/install/camera_detection/lib/python3.10/site-packages/camera_detection-0.0.0-py3.10.egg-info: [Errno 13] Permission denied: '/home/leungjch/Documents/repos/wato_monorepo_v2/src/camera_detection/install/camera_detection/lib/python3.10/site-packages/camera_detection-0.0.0-py3.10.egg-info/zip-safe'
[1.275s] error removing /home/leungjch/Documents/repos/wato_monorepo_v2/src/camera_detection/install/camera_detection/lib/python3.10/site-packages/camera_detection-0.0.0-py3.10.egg-info: [Errno 39] Directory not empty: '/home/leungjch/Documents/repos/wato_monorepo_v2/src/camera_detection/install/camera_detection/lib/python3.10/site-packages/camera_detection-0.0.0-py3.10.egg-info'
[1.275s] error: [Errno 13] Permission denied: '/home/leungjch/Documents/repos/wato_monorepo_v2/src/camera_detection/install/camera_detection/lib/python3.10/site-packages/camera_detection-0.0.0-py3.10.egg-info/dependency_links.txt'
[1.294s] Invoked command in '/home/leungjch/Documents/repos/wato_monorepo_v2/src/camera_detection' returned '1': CONDA_PROMPT_MODIFIER=(base) PYTHONPATH=/home/leungjch/Documents/repos/wato_monorepo_v2/src/camera_detection/build/camera_detection/prefix_override:/home/leungjch/Documents/repos/wato_monorepo_v2/src/camera_detection/install/camera_detection/lib/python3.10/site-packages:${PYTHONPATH} /usr/bin/python3 setup.py egg_info --egg-base build/camera_detection build --build-base /home/leungjch/Documents/repos/wato_monorepo_v2/src/camera_detection/build/camera_detection/build install --record /home/leungjch/Documents/repos/wato_monorepo_v2/src/camera_detection/build/camera_detection/install.log --single-version-externally-managed
