[0.024s] Invoking command in '/home/leungjch/Documents/repos/wato_monorepo_v2/build/producer': AMENT_PREFIX_PATH=/home/leungjch/Documents/repos/wato_monorepo_v2/install/sample_msgs:${AMENT_PREFIX_PATH} CMAKE_PREFIX_PATH=/home/leungjch/Documents/repos/wato_monorepo_v2/install/sample_msgs:/opt/ros/humble CONDA_PROMPT_MODIFIER=(base) LD_LIBRARY_PATH=/home/leungjch/Documents/repos/wato_monorepo_v2/install/sample_msgs/lib:${LD_LIBRARY_PATH} /usr/bin/cmake /home/leungjch/Documents/repos/wato_monorepo_v2/src/samples/cpp/producer -DCMAKE_INSTALL_PREFIX=/home/leungjch/Documents/repos/wato_monorepo_v2/install/producer
[0.077s] -- The C compiler identification is GNU 11.3.0
[0.131s] -- The CXX compiler identification is GNU 11.3.0
[0.139s] -- Detecting C compiler ABI info
[0.199s] -- Detecting C compiler ABI info - done
[0.207s] -- Check for working C compiler: /usr/bin/cc - skipped
[0.207s] -- Detecting C compile features
[0.207s] -- Detecting C compile features - done
[0.211s] -- Detecting CXX compiler ABI info
[0.281s] -- Detecting CXX compiler ABI info - done
[0.290s] -- Check for working CXX compiler: /usr/bin/c++ - skipped
[0.290s] -- Detecting CXX compile features
[0.290s] -- Detecting CXX compile features - done
[0.293s] -- Found ament_cmake: 1.3.3 (/opt/ros/humble/share/ament_cmake/cmake)
[0.513s] -- Found Python3: /usr/bin/python3.10 (found version "3.10.6") found components: Interpreter 
[0.596s] -- Found rclcpp: 16.0.3 (/opt/ros/humble/share/rclcpp/cmake)
[0.660s] -- Found rosidl_generator_c: 3.1.4 (/opt/ros/humble/share/rosidl_generator_c/cmake)
[0.664s] -- Found rosidl_adapter: 3.1.4 (/opt/ros/humble/share/rosidl_adapter/cmake)
[0.672s] -- Found rosidl_generator_cpp: 3.1.4 (/opt/ros/humble/share/rosidl_generator_cpp/cmake)
[0.686s] -- Using all available rosidl_typesupport_c: rosidl_typesupport_fastrtps_c;rosidl_typesupport_introspection_c
[0.707s] -- Using all available rosidl_typesupport_cpp: rosidl_typesupport_fastrtps_cpp;rosidl_typesupport_introspection_cpp
[0.793s] -- Found rmw_implementation_cmake: 6.1.1 (/opt/ros/humble/share/rmw_implementation_cmake/cmake)
[0.797s] -- Found rmw_fastrtps_cpp: 6.2.2 (/opt/ros/humble/share/rmw_fastrtps_cpp/cmake)
[0.912s] -- Found OpenSSL: /usr/lib/x86_64-linux-gnu/libcrypto.so (found version "3.0.2")  
[0.945s] -- Found FastRTPS: /opt/ros/humble/include  
[1.001s] -- Using RMW implementation 'rmw_fastrtps_cpp' as default
[1.012s] -- Looking for pthread.h
[1.079s] -- Looking for pthread.h - found
[1.080s] -- Performing Test CMAKE_HAVE_LIBC_PTHREAD
[1.146s] -- Performing Test CMAKE_HAVE_LIBC_PTHREAD - Success
[1.147s] -- Found Threads: TRUE  
[1.334s] -- Found sample_msgs: 0.0.0 (/home/leungjch/Documents/repos/wato_monorepo_v2/install/sample_msgs/share/sample_msgs/cmake)
[1.384s] -- Found ament_cmake_gtest: 1.3.3 (/opt/ros/humble/share/ament_cmake_gtest/cmake)
[1.392s] -- Found ament_lint_auto: 0.12.5 (/opt/ros/humble/share/ament_lint_auto/cmake)
[1.394s] -- Found ament_lint_common: 0.12.5 (/opt/ros/humble/share/ament_lint_common/cmake)
[1.487s] -- Found gtest sources under '/opt/ros/humble/src/gtest_vendor': C++ tests using 'Google Test' will be built
[1.497s] -- Added test 'cppcheck' to perform static code analysis on C / C++ code
[1.498s] -- Configured cppcheck include dirs: /home/leungjch/Documents/repos/wato_monorepo_v2/src/samples/cpp/producer/include
[1.498s] -- Configured cppcheck exclude dirs and/or files: 
[1.498s] -- Added test 'flake8' to check Python code syntax and style conventions
[1.499s] -- Added test 'lint_cmake' to check CMake code style
[1.500s] -- Added test 'pep257' to check Python code against some of the docstring style conventions in PEP 257
[1.501s] -- Added test 'uncrustify' to check C / C++ code style
[1.501s] -- Configured uncrustify additional arguments: 
[1.502s] -- Added test 'xmllint' to check XML markup files
[1.506s] -- Configuring done
[1.527s] -- Generating done
[1.529s] -- Build files have been written to: /home/leungjch/Documents/repos/wato_monorepo_v2/build/producer
[1.542s] Invoked command in '/home/leungjch/Documents/repos/wato_monorepo_v2/build/producer' returned '0': AMENT_PREFIX_PATH=/home/leungjch/Documents/repos/wato_monorepo_v2/install/sample_msgs:${AMENT_PREFIX_PATH} CMAKE_PREFIX_PATH=/home/leungjch/Documents/repos/wato_monorepo_v2/install/sample_msgs:/opt/ros/humble CONDA_PROMPT_MODIFIER=(base) LD_LIBRARY_PATH=/home/leungjch/Documents/repos/wato_monorepo_v2/install/sample_msgs/lib:${LD_LIBRARY_PATH} /usr/bin/cmake /home/leungjch/Documents/repos/wato_monorepo_v2/src/samples/cpp/producer -DCMAKE_INSTALL_PREFIX=/home/leungjch/Documents/repos/wato_monorepo_v2/install/producer
[1.543s] Invoking command in '/home/leungjch/Documents/repos/wato_monorepo_v2/build/producer': AMENT_PREFIX_PATH=/home/leungjch/Documents/repos/wato_monorepo_v2/install/sample_msgs:${AMENT_PREFIX_PATH} CMAKE_PREFIX_PATH=/home/leungjch/Documents/repos/wato_monorepo_v2/install/sample_msgs:/opt/ros/humble CONDA_PROMPT_MODIFIER=(base) LD_LIBRARY_PATH=/home/leungjch/Documents/repos/wato_monorepo_v2/install/sample_msgs/lib:${LD_LIBRARY_PATH} /usr/bin/cmake --build /home/leungjch/Documents/repos/wato_monorepo_v2/build/producer -- -j16 -l16
[1.589s] [ 10%] [32mBuilding CXX object CMakeFiles/producer_lib.dir/src/producer.cpp.o[0m
[1.589s] [ 20%] [32mBuilding CXX object gtest/CMakeFiles/gtest_main.dir/src/gtest_main.cc.o[0m
[1.589s] [ 30%] [32mBuilding CXX object gtest/CMakeFiles/gtest.dir/src/gtest-all.cc.o[0m
[2.944s] [ 40%] [32m[1mLinking CXX static library libgtest_main.a[0m
[3.008s] [ 40%] Built target gtest_main
[4.858s] [ 50%] [32m[1mLinking CXX static library libproducer_lib.a[0m
[4.919s] [ 50%] Built target producer_lib
[4.938s] [ 60%] [32mBuilding CXX object CMakeFiles/producer_node.dir/src/producer_node.cpp.o[0m
[5.037s] [ 70%] [32m[1mLinking CXX static library libgtest.a[0m
[5.134s] [ 70%] Built target gtest
[5.155s] [ 80%] [32mBuilding CXX object CMakeFiles/producer_test.dir/test/producer_test.cpp.o[0m
[7.414s] In file included from [01m[K/opt/ros/humble/include/rclcpp/rclcpp/logging.hpp:24[m[K,
[7.414s]                  from [01m[K/opt/ros/humble/include/rclcpp/rclcpp/client.hpp:40[m[K,
[7.414s]                  from [01m[K/opt/ros/humble/include/rclcpp/rclcpp/callback_group.hpp:24[m[K,
[7.415s]                  from [01m[K/opt/ros/humble/include/rclcpp/rclcpp/any_executable.hpp:20[m[K,
[7.415s]                  from [01m[K/opt/ros/humble/include/rclcpp/rclcpp/memory_strategy.hpp:25[m[K,
[7.415s]                  from [01m[K/opt/ros/humble/include/rclcpp/rclcpp/memory_strategies.hpp:18[m[K,
[7.415s]                  from [01m[K/opt/ros/humble/include/rclcpp/rclcpp/executor_options.hpp:20[m[K,
[7.415s]                  from [01m[K/opt/ros/humble/include/rclcpp/rclcpp/executor.hpp:37[m[K,
[7.415s]                  from [01m[K/opt/ros/humble/include/rclcpp/rclcpp/executors/multi_threaded_executor.hpp:25[m[K,
[7.415s]                  from [01m[K/opt/ros/humble/include/rclcpp/rclcpp/executors.hpp:21[m[K,
[7.415s]                  from [01m[K/opt/ros/humble/include/rclcpp/rclcpp/rclcpp.hpp:155[m[K,
[7.416s]                  from [01m[K/home/leungjch/Documents/repos/wato_monorepo_v2/src/samples/cpp/producer/include/producer_node.hpp:6[m[K,
[7.416s]                  from [01m[K/home/leungjch/Documents/repos/wato_monorepo_v2/src/samples/cpp/producer/src/producer_node.cpp:5[m[K:
[7.416s] [01m[K/home/leungjch/Documents/repos/wato_monorepo_v2/src/samples/cpp/producer/src/producer_node.cpp:[m[K In member function ‘[01m[Krcl_interfaces::msg::SetParametersResult ProducerNode::parameters_callback(const std::vector<rclcpp::Parameter>&)[m[K’:
[7.416s] [01m[K/home/leungjch/Documents/repos/wato_monorepo_v2/src/samples/cpp/producer/src/producer_node.cpp:51:39:[m[K [01;35m[Kwarning: [m[Kformat ‘[01m[K%d[m[K’ expects argument of type ‘[01m[Kint[m[K’, but argument 5 has type ‘[01m[Kint64_t[m[K’ {aka ‘[01m[Klong int[m[K’} [[01;35m[K]8;;https://gcc.gnu.org/onlinedocs/gcc/Warning-Options.html#index-Wformat=-Wformat=]8;;[m[K]
[7.416s]    51 |       RCLCPP_INFO(this->get_logger(), [01;35m[K"Velocity successfully set to %d"[m[K, [32m[Kparameter.as_int()[m[K);
[7.416s]       |                                       [01;35m[K^~~~~~~~~~~~~~~~~~~~~~~~~~~~~~~~~[m[K  [32m[K~~~~~~~~~~~~~~~~~~[m[K
[7.416s]       |                                                                                          [32m[K|[m[K
[7.416s]       |                                                                                          [32m[Kint64_t {aka long int}[m[K
[7.417s] [01m[K/home/leungjch/Documents/repos/wato_monorepo_v2/src/samples/cpp/producer/src/producer_node.cpp:51:70:[m[K [01;36m[Knote: [m[Kformat string is defined here
[7.417s]    51 | _logger(), "Velocity successfully set to [01;36m[K%d[m[K", parameter.as_int());
[7.417s]       |                                          [01;36m[K~^[m[K
[7.417s]       |                                           [01;36m[K|[m[K
[7.417s]       |                                           [01;36m[Kint[m[K
[7.417s]       |                                          [32m[K%ld[m[K
[8.856s] [ 90%] [32m[1mLinking CXX executable producer_test[0m
[9.089s] [ 90%] Built target producer_test
[9.670s] [100%] [32m[1mLinking CXX executable producer_node[0m
[9.922s] [100%] Built target producer_node
[9.935s] Invoked command in '/home/leungjch/Documents/repos/wato_monorepo_v2/build/producer' returned '0': AMENT_PREFIX_PATH=/home/leungjch/Documents/repos/wato_monorepo_v2/install/sample_msgs:${AMENT_PREFIX_PATH} CMAKE_PREFIX_PATH=/home/leungjch/Documents/repos/wato_monorepo_v2/install/sample_msgs:/opt/ros/humble CONDA_PROMPT_MODIFIER=(base) LD_LIBRARY_PATH=/home/leungjch/Documents/repos/wato_monorepo_v2/install/sample_msgs/lib:${LD_LIBRARY_PATH} /usr/bin/cmake --build /home/leungjch/Documents/repos/wato_monorepo_v2/build/producer -- -j16 -l16
[9.974s] Invoking command in '/home/leungjch/Documents/repos/wato_monorepo_v2/build/producer': AMENT_PREFIX_PATH=/home/leungjch/Documents/repos/wato_monorepo_v2/install/sample_msgs:${AMENT_PREFIX_PATH} CMAKE_PREFIX_PATH=/home/leungjch/Documents/repos/wato_monorepo_v2/install/sample_msgs:/opt/ros/humble CONDA_PROMPT_MODIFIER=(base) LD_LIBRARY_PATH=/home/leungjch/Documents/repos/wato_monorepo_v2/install/sample_msgs/lib:${LD_LIBRARY_PATH} /usr/bin/cmake --install /home/leungjch/Documents/repos/wato_monorepo_v2/build/producer
[9.980s] -- Install configuration: ""
[9.980s] -- Installing: /home/leungjch/Documents/repos/wato_monorepo_v2/install/producer/lib/producer/producer_test
[9.981s] -- Set runtime path of "/home/leungjch/Documents/repos/wato_monorepo_v2/install/producer/lib/producer/producer_test" to ""
[9.982s] -- Installing: /home/leungjch/Documents/repos/wato_monorepo_v2/install/producer/lib/producer/producer_node
[9.983s] -- Set runtime path of "/home/leungjch/Documents/repos/wato_monorepo_v2/install/producer/lib/producer/producer_node" to ""
[9.983s] -- Installing: /home/leungjch/Documents/repos/wato_monorepo_v2/install/producer/share/producer/config
[9.983s] -- Installing: /home/leungjch/Documents/repos/wato_monorepo_v2/install/producer/share/producer/config/params.yaml
[9.983s] -- Installing: /home/leungjch/Documents/repos/wato_monorepo_v2/install/producer/share/producer/launch
[9.983s] -- Installing: /home/leungjch/Documents/repos/wato_monorepo_v2/install/producer/share/producer/launch/producer.launch.py
[9.983s] -- Installing: /home/leungjch/Documents/repos/wato_monorepo_v2/install/producer/share/ament_index/resource_index/package_run_dependencies/producer
[9.983s] -- Installing: /home/leungjch/Documents/repos/wato_monorepo_v2/install/producer/share/ament_index/resource_index/parent_prefix_path/producer
[9.984s] -- Installing: /home/leungjch/Documents/repos/wato_monorepo_v2/install/producer/share/producer/environment/ament_prefix_path.sh
[9.984s] -- Installing: /home/leungjch/Documents/repos/wato_monorepo_v2/install/producer/share/producer/environment/ament_prefix_path.dsv
[9.984s] -- Installing: /home/leungjch/Documents/repos/wato_monorepo_v2/install/producer/share/producer/environment/path.sh
[9.984s] -- Installing: /home/leungjch/Documents/repos/wato_monorepo_v2/install/producer/share/producer/environment/path.dsv
[9.984s] -- Installing: /home/leungjch/Documents/repos/wato_monorepo_v2/install/producer/share/producer/local_setup.bash
[9.984s] -- Installing: /home/leungjch/Documents/repos/wato_monorepo_v2/install/producer/share/producer/local_setup.sh
[9.984s] -- Installing: /home/leungjch/Documents/repos/wato_monorepo_v2/install/producer/share/producer/local_setup.zsh
[9.985s] -- Installing: /home/leungjch/Documents/repos/wato_monorepo_v2/install/producer/share/producer/local_setup.dsv
[9.985s] -- Installing: /home/leungjch/Documents/repos/wato_monorepo_v2/install/producer/share/producer/package.dsv
[9.985s] -- Installing: /home/leungjch/Documents/repos/wato_monorepo_v2/install/producer/share/ament_index/resource_index/packages/producer
[9.985s] -- Installing: /home/leungjch/Documents/repos/wato_monorepo_v2/install/producer/share/producer/cmake/producerConfig.cmake
[9.985s] -- Installing: /home/leungjch/Documents/repos/wato_monorepo_v2/install/producer/share/producer/cmake/producerConfig-version.cmake
[9.985s] -- Installing: /home/leungjch/Documents/repos/wato_monorepo_v2/install/producer/share/producer/package.xml
[9.991s] Invoked command in '/home/leungjch/Documents/repos/wato_monorepo_v2/build/producer' returned '0': AMENT_PREFIX_PATH=/home/leungjch/Documents/repos/wato_monorepo_v2/install/sample_msgs:${AMENT_PREFIX_PATH} CMAKE_PREFIX_PATH=/home/leungjch/Documents/repos/wato_monorepo_v2/install/sample_msgs:/opt/ros/humble CONDA_PROMPT_MODIFIER=(base) LD_LIBRARY_PATH=/home/leungjch/Documents/repos/wato_monorepo_v2/install/sample_msgs/lib:${LD_LIBRARY_PATH} /usr/bin/cmake --install /home/leungjch/Documents/repos/wato_monorepo_v2/build/producer
