[0.092s] DEBUG:colcon:Command line arguments: ['/usr/bin/colcon', 'build']
[0.092s] DEBUG:colcon:Parsed command line arguments: Namespace(log_base=None, log_level=None, verb_name='build', build_base='build', install_base='install', merge_install=False, symlink_install=False, test_result_base=None, continue_on_error=False, executor='parallel', parallel_workers=4, event_handlers=None, ignore_user_meta=False, metas=['./colcon.meta'], base_paths=['.'], packages_ignore=None, packages_ignore_regex=None, paths=None, packages_up_to=None, packages_up_to_regex=None, packages_above=None, packages_above_and_dependencies=None, packages_above_depth=None, packages_select_by_dep=None, packages_skip_by_dep=None, packages_skip_up_to=None, packages_select_build_failed=False, packages_skip_build_finished=False, packages_select_test_failures=False, packages_skip_test_passed=False, packages_select=None, packages_skip=None, packages_select_regex=None, packages_skip_regex=None, packages_start=None, packages_end=None, cmake_args=None, cmake_target=None, cmake_target_skip_unavailable=False, cmake_clean_cache=False, cmake_clean_first=False, cmake_force_configure=False, ament_cmake_args=None, catkin_cmake_args=None, catkin_skip_building_tests=False, mixin_files=None, mixin=None, verb_parser=<colcon_mixin.mixin.mixin_argument.MixinArgumentDecorator object at 0x7fdd9ac731f0>, verb_extension=<colcon_core.verb.build.BuildVerb object at 0x7fdd9afab790>, main=<bound method BuildVerb.main of <colcon_core.verb.build.BuildVerb object at 0x7fdd9afab790>>, mixin_verb=('build',))
[0.188s] Level 1:colcon.colcon_core.package_discovery:discover_packages(colcon_meta) check parameters
[0.188s] INFO:colcon.colcon_metadata.package_discovery.colcon_meta:Using configuration from '/root/.colcon/metadata/default/Gazebo.meta'
[0.189s] INFO:colcon.colcon_metadata.package_discovery.colcon_meta:Using configuration from '/root/.colcon/metadata/default/fastrtps.meta'
[0.189s] Level 1:colcon.colcon_core.package_discovery:discover_packages(recursive) check parameters
[0.189s] Level 1:colcon.colcon_core.package_discovery:discover_packages(ignore) check parameters
[0.189s] Level 1:colcon.colcon_core.package_discovery:discover_packages(path) check parameters
[0.189s] Level 1:colcon.colcon_core.package_discovery:discover_packages(colcon_meta) discover
[0.189s] Level 1:colcon.colcon_core.package_discovery:discover_packages(recursive) discover
[0.189s] INFO:colcon.colcon_core.package_discovery:Crawling recursively for packages in '/home/bolty/ament_ws/src/tracking'
[0.204s] Level 1:colcon.colcon_core.package_identification:_identify(.) by extensions ['ignore', 'ignore_ament_install']
[0.204s] Level 1:colcon.colcon_core.package_identification:_identify(.) by extension 'ignore'
[0.204s] Level 1:colcon.colcon_core.package_identification:_identify(.) by extension 'ignore_ament_install'
[0.204s] Level 1:colcon.colcon_core.package_identification:_identify(.) by extensions ['colcon_pkg']
[0.204s] Level 1:colcon.colcon_core.package_identification:_identify(.) by extension 'colcon_pkg'
[0.205s] Level 1:colcon.colcon_core.package_identification:_identify(.) by extensions ['colcon_meta']
[0.205s] Level 1:colcon.colcon_core.package_identification:_identify(.) by extension 'colcon_meta'
[0.205s] Level 1:colcon.colcon_core.package_identification:_identify(.) by extensions ['ros']
[0.205s] Level 1:colcon.colcon_core.package_identification:_identify(.) by extension 'ros'
[0.213s] Level 1:colcon.colcon_core.package_identification:_identify(.) by extensions ['cmake', 'python']
[0.213s] Level 1:colcon.colcon_core.package_identification:_identify(.) by extension 'cmake'
[0.213s] Level 1:colcon.colcon_core.package_identification:_identify(.) by extension 'python'
[0.214s] Level 1:colcon.colcon_core.package_identification:_identify(.) by extensions ['python_setup_py']
[0.214s] Level 1:colcon.colcon_core.package_identification:_identify(.) by extension 'python_setup_py'
[0.214s] Level 1:colcon.colcon_core.package_identification:_identify(build) by extensions ['ignore', 'ignore_ament_install']
[0.214s] Level 1:colcon.colcon_core.package_identification:_identify(build) by extension 'ignore'
[0.214s] Level 1:colcon.colcon_core.package_identification:_identify(build) ignored
[0.214s] Level 1:colcon.colcon_core.package_identification:_identify(config) by extensions ['ignore', 'ignore_ament_install']
[0.214s] Level 1:colcon.colcon_core.package_identification:_identify(config) by extension 'ignore'
[0.215s] Level 1:colcon.colcon_core.package_identification:_identify(config) by extension 'ignore_ament_install'
[0.215s] Level 1:colcon.colcon_core.package_identification:_identify(config) by extensions ['colcon_pkg']
[0.215s] Level 1:colcon.colcon_core.package_identification:_identify(config) by extension 'colcon_pkg'
[0.215s] Level 1:colcon.colcon_core.package_identification:_identify(config) by extensions ['colcon_meta']
[0.215s] Level 1:colcon.colcon_core.package_identification:_identify(config) by extension 'colcon_meta'
[0.215s] Level 1:colcon.colcon_core.package_identification:_identify(config) by extensions ['ros']
[0.215s] Level 1:colcon.colcon_core.package_identification:_identify(config) by extension 'ros'
[0.215s] Level 1:colcon.colcon_core.package_identification:_identify(config) by extensions ['cmake', 'python']
[0.215s] Level 1:colcon.colcon_core.package_identification:_identify(config) by extension 'cmake'
[0.215s] Level 1:colcon.colcon_core.package_identification:_identify(config) by extension 'python'
[0.215s] Level 1:colcon.colcon_core.package_identification:_identify(config) by extensions ['python_setup_py']
[0.215s] Level 1:colcon.colcon_core.package_identification:_identify(config) by extension 'python_setup_py'
[0.215s] Level 1:colcon.colcon_core.package_identification:_identify(install) by extensions ['ignore', 'ignore_ament_install']
[0.215s] Level 1:colcon.colcon_core.package_identification:_identify(install) by extension 'ignore'
[0.216s] Level 1:colcon.colcon_core.package_identification:_identify(install) ignored
[0.216s] Level 1:colcon.colcon_core.package_identification:_identify(log) by extensions ['ignore', 'ignore_ament_install']
[0.216s] Level 1:colcon.colcon_core.package_identification:_identify(log) by extension 'ignore'
[0.216s] Level 1:colcon.colcon_core.package_identification:_identify(log) ignored
[0.216s] Level 1:colcon.colcon_core.package_identification:_identify(tracking) by extensions ['ignore', 'ignore_ament_install']
[0.216s] Level 1:colcon.colcon_core.package_identification:_identify(tracking) by extension 'ignore'
[0.216s] Level 1:colcon.colcon_core.package_identification:_identify(tracking) by extension 'ignore_ament_install'
[0.216s] Level 1:colcon.colcon_core.package_identification:_identify(tracking) by extensions ['colcon_pkg']
[0.216s] Level 1:colcon.colcon_core.package_identification:_identify(tracking) by extension 'colcon_pkg'
[0.216s] Level 1:colcon.colcon_core.package_identification:_identify(tracking) by extensions ['colcon_meta']
[0.216s] Level 1:colcon.colcon_core.package_identification:_identify(tracking) by extension 'colcon_meta'
[0.216s] Level 1:colcon.colcon_core.package_identification:_identify(tracking) by extensions ['ros']
[0.217s] Level 1:colcon.colcon_core.package_identification:_identify(tracking) by extension 'ros'
[0.219s] DEBUG:colcon.colcon_core.package_identification:Package 'tracking' with type 'ros.ament_python' and name 'tracking'
[0.219s] Level 1:colcon.colcon_core.package_discovery:discover_packages(recursive) using defaults
[0.219s] Level 1:colcon.colcon_core.package_discovery:discover_packages(ignore) discover
[0.219s] Level 1:colcon.colcon_core.package_discovery:discover_packages(ignore) using defaults
[0.219s] Level 1:colcon.colcon_core.package_discovery:discover_packages(path) discover
[0.219s] Level 1:colcon.colcon_core.package_discovery:discover_packages(path) using defaults
[0.235s] Level 5:colcon.colcon_core.verb:set package 'tracking' build argument 'cmake_args' from command line to 'None'
[0.235s] Level 5:colcon.colcon_core.verb:set package 'tracking' build argument 'cmake_target' from command line to 'None'
[0.235s] Level 5:colcon.colcon_core.verb:set package 'tracking' build argument 'cmake_target_skip_unavailable' from command line to 'False'
[0.235s] Level 5:colcon.colcon_core.verb:set package 'tracking' build argument 'cmake_clean_cache' from command line to 'False'
[0.235s] Level 5:colcon.colcon_core.verb:set package 'tracking' build argument 'cmake_clean_first' from command line to 'False'
[0.235s] Level 5:colcon.colcon_core.verb:set package 'tracking' build argument 'cmake_force_configure' from command line to 'False'
[0.235s] Level 5:colcon.colcon_core.verb:set package 'tracking' build argument 'ament_cmake_args' from command line to 'None'
[0.235s] Level 5:colcon.colcon_core.verb:set package 'tracking' build argument 'catkin_cmake_args' from command line to 'None'
[0.235s] Level 5:colcon.colcon_core.verb:set package 'tracking' build argument 'catkin_skip_building_tests' from command line to 'False'
[0.235s] DEBUG:colcon.colcon_core.verb:Building package 'tracking' with the following arguments: {'ament_cmake_args': None, 'build_base': '/home/bolty/ament_ws/src/tracking/build/tracking', 'catkin_cmake_args': None, 'catkin_skip_building_tests': False, 'cmake_args': None, 'cmake_clean_cache': False, 'cmake_clean_first': False, 'cmake_force_configure': False, 'cmake_target': None, 'cmake_target_skip_unavailable': False, 'install_base': '/home/bolty/ament_ws/src/tracking/install/tracking', 'merge_install': False, 'path': '/home/bolty/ament_ws/src/tracking/tracking', 'symlink_install': False, 'test_result_base': None}
[0.235s] INFO:colcon.colcon_core.executor:Executing jobs using 'parallel' executor
[0.236s] DEBUG:colcon.colcon_parallel_executor.executor.parallel:run_until_complete
[0.236s] INFO:colcon.colcon_ros.task.ament_python.build:Building ROS package in '/home/bolty/ament_ws/src/tracking/tracking' with build type 'ament_python'
[0.236s] Level 1:colcon.colcon_core.shell:create_environment_hook('tracking', 'ament_prefix_path')
[0.239s] INFO:colcon.colcon_core.plugin_system:Skipping extension 'colcon_core.shell.bat': Not used on non-Windows systems
[0.239s] INFO:colcon.colcon_core.shell:Creating environment hook '/home/bolty/ament_ws/src/tracking/install/tracking/share/tracking/hook/ament_prefix_path.ps1'
[0.241s] INFO:colcon.colcon_core.shell:Creating environment descriptor '/home/bolty/ament_ws/src/tracking/install/tracking/share/tracking/hook/ament_prefix_path.dsv'
[0.242s] INFO:colcon.colcon_core.shell:Creating environment hook '/home/bolty/ament_ws/src/tracking/install/tracking/share/tracking/hook/ament_prefix_path.sh'
[0.243s] INFO:colcon.colcon_core.shell:Skip shell extension 'powershell' for command environment: Not usable outside of PowerShell
[0.243s] DEBUG:colcon.colcon_core.shell:Skip shell extension 'dsv' for command environment
[0.401s] INFO:colcon.colcon_core.task.python.build:Building Python package in '/home/bolty/ament_ws/src/tracking/tracking'
[0.401s] INFO:colcon.colcon_core.shell:Skip shell extension 'powershell' for command environment: Not usable outside of PowerShell
[0.401s] DEBUG:colcon.colcon_core.shell:Skip shell extension 'dsv' for command environment
[0.658s] DEBUG:colcon.colcon_core.event_handler.log_command:Invoking command in '/home/bolty/ament_ws/src/tracking/tracking': PYTHONPATH=/home/bolty/ament_ws/src/tracking/build/tracking/prefix_override:/home/bolty/ament_ws/src/tracking/install/tracking/lib/python3.10/site-packages:${PYTHONPATH} /usr/bin/python3 -W ignore:setup.py install is deprecated setup.py egg_info --egg-base ../build/tracking build --build-base /home/bolty/ament_ws/src/tracking/build/tracking/build install --record /home/bolty/ament_ws/src/tracking/build/tracking/install.log --single-version-externally-managed install_data
[0.867s] DEBUG:colcon.colcon_core.event_handler.log_command:Invoked command in '/home/bolty/ament_ws/src/tracking/tracking' returned '0': PYTHONPATH=/home/bolty/ament_ws/src/tracking/build/tracking/prefix_override:/home/bolty/ament_ws/src/tracking/install/tracking/lib/python3.10/site-packages:${PYTHONPATH} /usr/bin/python3 -W ignore:setup.py install is deprecated setup.py egg_info --egg-base ../build/tracking build --build-base /home/bolty/ament_ws/src/tracking/build/tracking/build install --record /home/bolty/ament_ws/src/tracking/build/tracking/install.log --single-version-externally-managed install_data
[0.869s] Level 1:colcon.colcon_core.environment:checking '/home/bolty/ament_ws/src/tracking/install/tracking' for CMake module files
[0.878s] Level 1:colcon.colcon_core.environment:checking '/home/bolty/ament_ws/src/tracking/install/tracking' for CMake config files
[0.880s] Level 1:colcon.colcon_core.environment:checking '/home/bolty/ament_ws/src/tracking/install/tracking/lib'
[0.881s] Level 1:colcon.colcon_core.environment:checking '/home/bolty/ament_ws/src/tracking/install/tracking/bin'
[0.881s] Level 1:colcon.colcon_core.environment:checking '/home/bolty/ament_ws/src/tracking/install/tracking/lib/pkgconfig/tracking.pc'
[0.881s] Level 1:colcon.colcon_core.environment:checking '/home/bolty/ament_ws/src/tracking/install/tracking/lib/python3.10/site-packages'
[0.881s] Level 1:colcon.colcon_core.shell:create_environment_hook('tracking', 'pythonpath')
[0.881s] INFO:colcon.colcon_core.shell:Creating environment hook '/home/bolty/ament_ws/src/tracking/install/tracking/share/tracking/hook/pythonpath.ps1'
[0.882s] INFO:colcon.colcon_core.shell:Creating environment descriptor '/home/bolty/ament_ws/src/tracking/install/tracking/share/tracking/hook/pythonpath.dsv'
[0.882s] INFO:colcon.colcon_core.shell:Creating environment hook '/home/bolty/ament_ws/src/tracking/install/tracking/share/tracking/hook/pythonpath.sh'
[0.883s] Level 1:colcon.colcon_core.environment:checking '/home/bolty/ament_ws/src/tracking/install/tracking/bin'
[0.883s] Level 1:colcon.colcon_core.environment:create_environment_scripts_only(tracking)
[0.884s] INFO:colcon.colcon_core.shell:Creating package script '/home/bolty/ament_ws/src/tracking/install/tracking/share/tracking/package.ps1'
[0.884s] INFO:colcon.colcon_core.shell:Creating package descriptor '/home/bolty/ament_ws/src/tracking/install/tracking/share/tracking/package.dsv'
[0.885s] INFO:colcon.colcon_core.shell:Creating package script '/home/bolty/ament_ws/src/tracking/install/tracking/share/tracking/package.sh'
[0.886s] INFO:colcon.colcon_core.shell:Creating package script '/home/bolty/ament_ws/src/tracking/install/tracking/share/tracking/package.bash'
[0.887s] INFO:colcon.colcon_core.shell:Creating package script '/home/bolty/ament_ws/src/tracking/install/tracking/share/tracking/package.zsh'
[0.887s] Level 1:colcon.colcon_core.environment:create_file_with_runtime_dependencies(/home/bolty/ament_ws/src/tracking/install/tracking/share/colcon-core/packages/tracking)
[0.889s] DEBUG:colcon.colcon_parallel_executor.executor.parallel:closing loop
[0.889s] DEBUG:colcon.colcon_parallel_executor.executor.parallel:loop closed
[0.889s] DEBUG:colcon.colcon_parallel_executor.executor.parallel:run_until_complete finished with '0'
[0.889s] DEBUG:colcon.colcon_core.event_reactor:joining thread
[0.893s] INFO:colcon.colcon_core.plugin_system:Skipping extension 'colcon_notification.desktop_notification.notify_send': Could not find 'notify-send'
[0.893s] INFO:colcon.colcon_core.plugin_system:Skipping extension 'colcon_notification.desktop_notification.terminal_notifier': Not used on non-Darwin systems
[0.894s] INFO:colcon.colcon_core.plugin_system:Skipping extension 'colcon_notification.desktop_notification.win32': Not used on non-Windows systems
[0.894s] INFO:colcon.colcon_notification.desktop_notification:Sending desktop notification using 'notify2'
[0.894s] DEBUG:colcon.colcon_notification.desktop_notification.notify2:Failed to initialize notify2: org.freedesktop.DBus.Error.NotSupported: Unable to autolaunch a dbus-daemon without a $DISPLAY for X11
[0.894s] DEBUG:colcon.colcon_core.event_reactor:joined thread
[0.894s] INFO:colcon.colcon_core.shell:Creating prefix script '/home/bolty/ament_ws/src/tracking/install/local_setup.ps1'
[0.895s] INFO:colcon.colcon_core.shell:Creating prefix util module '/home/bolty/ament_ws/src/tracking/install/_local_setup_util_ps1.py'
[0.897s] INFO:colcon.colcon_core.shell:Creating prefix chain script '/home/bolty/ament_ws/src/tracking/install/setup.ps1'
[0.898s] INFO:colcon.colcon_core.shell:Creating prefix script '/home/bolty/ament_ws/src/tracking/install/local_setup.sh'
[0.898s] INFO:colcon.colcon_core.shell:Creating prefix util module '/home/bolty/ament_ws/src/tracking/install/_local_setup_util_sh.py'
[0.899s] INFO:colcon.colcon_core.shell:Creating prefix chain script '/home/bolty/ament_ws/src/tracking/install/setup.sh'
[0.900s] INFO:colcon.colcon_core.shell:Creating prefix script '/home/bolty/ament_ws/src/tracking/install/local_setup.bash'
[0.901s] INFO:colcon.colcon_core.shell:Creating prefix chain script '/home/bolty/ament_ws/src/tracking/install/setup.bash'
[0.902s] INFO:colcon.colcon_core.shell:Creating prefix script '/home/bolty/ament_ws/src/tracking/install/local_setup.zsh'
[0.902s] INFO:colcon.colcon_core.shell:Creating prefix chain script '/home/bolty/ament_ws/src/tracking/install/setup.zsh'
