running egg_info
creating ../../build/camera_detection/camera_detection.egg-info
writing ../../build/camera_detection/camera_detection.egg-info/PKG-INFO
writing dependency_links to ../../build/camera_detection/camera_detection.egg-info/dependency_links.txt
writing entry points to ../../build/camera_detection/camera_detection.egg-info/entry_points.txt
writing requirements to ../../build/camera_detection/camera_detection.egg-info/requires.txt
writing top-level names to ../../build/camera_detection/camera_detection.egg-info/top_level.txt
writing manifest file '../../build/camera_detection/camera_detection.egg-info/SOURCES.txt'
reading manifest file '../../build/camera_detection/camera_detection.egg-info/SOURCES.txt'
writing manifest file '../../build/camera_detection/camera_detection.egg-info/SOURCES.txt'
running build
running build_py
creating /home/leungjch/Documents/repos/wato_monorepo_v2/build/camera_detection/build
creating /home/leungjch/Documents/repos/wato_monorepo_v2/build/camera_detection/build/lib
creating /home/leungjch/Documents/repos/wato_monorepo_v2/build/camera_detection/build/lib/camera_detection
copying camera_detection/__init__.py -> /home/leungjch/Documents/repos/wato_monorepo_v2/build/camera_detection/build/lib/camera_detection
copying camera_detection/yolov5_detection.py -> /home/leungjch/Documents/repos/wato_monorepo_v2/build/camera_detection/build/lib/camera_detection
running install
running install_lib
creating /home/leungjch/Documents/repos/wato_monorepo_v2/install/camera_detection/lib/python3.10/site-packages/camera_detection
copying /home/leungjch/Documents/repos/wato_monorepo_v2/build/camera_detection/build/lib/camera_detection/__init__.py -> /home/leungjch/Documents/repos/wato_monorepo_v2/install/camera_detection/lib/python3.10/site-packages/camera_detection
copying /home/leungjch/Documents/repos/wato_monorepo_v2/build/camera_detection/build/lib/camera_detection/yolov5_detection.py -> /home/leungjch/Documents/repos/wato_monorepo_v2/install/camera_detection/lib/python3.10/site-packages/camera_detection
byte-compiling /home/leungjch/Documents/repos/wato_monorepo_v2/install/camera_detection/lib/python3.10/site-packages/camera_detection/__init__.py to __init__.cpython-310.pyc
byte-compiling /home/leungjch/Documents/repos/wato_monorepo_v2/install/camera_detection/lib/python3.10/site-packages/camera_detection/yolov5_detection.py to yolov5_detection.cpython-310.pyc
running install_data
creating /home/leungjch/Documents/repos/wato_monorepo_v2/install/camera_detection/share/ament_index
creating /home/leungjch/Documents/repos/wato_monorepo_v2/install/camera_detection/share/ament_index/resource_index
creating /home/leungjch/Documents/repos/wato_monorepo_v2/install/camera_detection/share/ament_index/resource_index/packages
copying resource/camera_detection -> /home/leungjch/Documents/repos/wato_monorepo_v2/install/camera_detection/share/ament_index/resource_index/packages
copying package.xml -> /home/leungjch/Documents/repos/wato_monorepo_v2/install/camera_detection/share/camera_detection
running install_egg_info
Copying ../../build/camera_detection/camera_detection.egg-info to /home/leungjch/Documents/repos/wato_monorepo_v2/install/camera_detection/lib/python3.10/site-packages/camera_detection-0.0.0-py3.10.egg-info
running install_scripts
writing list of installed files to '/home/leungjch/Documents/repos/wato_monorepo_v2/build/camera_detection/install.log'
