running egg_info
writing build/camera_detection/camera_detection.egg-info/PKG-INFO
writing dependency_links to build/camera_detection/camera_detection.egg-info/dependency_links.txt
writing entry points to build/camera_detection/camera_detection.egg-info/entry_points.txt
writing requirements to build/camera_detection/camera_detection.egg-info/requires.txt
writing top-level names to build/camera_detection/camera_detection.egg-info/top_level.txt
reading manifest file 'build/camera_detection/camera_detection.egg-info/SOURCES.txt'
writing manifest file 'build/camera_detection/camera_detection.egg-info/SOURCES.txt'
running build
running build_py
running install
/usr/lib/python3/dist-packages/setuptools/command/install.py:34: SetuptoolsDeprecationWarning: setup.py install is deprecated. Use build and pip and other standards-based tools.
  warnings.warn(
running install_lib
running install_data
copying package.xml -> /home/leungjch/Documents/repos/wato_monorepo_v2/src/camera_detection/install/camera_detection/share/camera_detection
running install_egg_info
removing '/home/leungjch/Documents/repos/wato_monorepo_v2/src/camera_detection/install/camera_detection/lib/python3.10/site-packages/camera_detection-0.0.0-py3.10.egg-info' (and everything under it)
Copying build/camera_detection/camera_detection.egg-info to /home/leungjch/Documents/repos/wato_monorepo_v2/src/camera_detection/install/camera_detection/lib/python3.10/site-packages/camera_detection-0.0.0-py3.10.egg-info
running install_scripts
writing list of installed files to '/home/leungjch/Documents/repos/wato_monorepo_v2/src/camera_detection/build/camera_detection/install.log'
