[0.392s] Invoking command in '/home/leungjch/Documents/repos/wato_monorepo_v2/src/build/common_msgs': CMAKE_PREFIX_PATH=${CMAKE_PREFIX_PATH}:/home/leungjch/Documents/repos/wato_monorepo_v2/src/install/camera_detection:/opt/ros/humble CONDA_PROMPT_MODIFIER=(base) /usr/bin/cmake --build /home/leungjch/Documents/repos/wato_monorepo_v2/src/build/common_msgs -- -j16 -l16
[0.461s] [  2%] Built target common_msgs__cpp
[0.462s] [ 12%] Built target common_msgs__rosidl_generator_c
[0.477s] [ 12%] Built target ament_cmake_python_copy_common_msgs
[0.488s] [ 23%] Built target common_msgs__rosidl_typesupport_c
[0.488s] [ 53%] Built target common_msgs__rosidl_typesupport_introspection_cpp
[0.489s] [ 53%] Built target common_msgs__rosidl_typesupport_introspection_c
[0.489s] [ 53%] Built target common_msgs__rosidl_typesupport_cpp
[0.490s] [ 64%] Built target common_msgs__rosidl_typesupport_fastrtps_c
[0.493s] [ 74%] Built target common_msgs__rosidl_typesupport_fastrtps_cpp
[0.519s] [ 74%] Built target common_msgs
[0.557s] [ 76%] Built target common_msgs__py
[0.566s] [ 84%] Built target common_msgs__rosidl_generator_py
[0.598s] [ 94%] Built target common_msgs__rosidl_typesupport_introspection_c__pyext
[0.598s] [ 94%] Built target common_msgs__rosidl_typesupport_c__pyext
[0.598s] [100%] Built target common_msgs__rosidl_typesupport_fastrtps_c__pyext
[0.874s] running egg_info
[0.875s] writing common_msgs.egg-info/PKG-INFO
[0.875s] writing dependency_links to common_msgs.egg-info/dependency_links.txt
[0.875s] writing top-level names to common_msgs.egg-info/top_level.txt
[0.878s] reading manifest file 'common_msgs.egg-info/SOURCES.txt'
[0.879s] writing manifest file 'common_msgs.egg-info/SOURCES.txt'
[0.923s] [100%] Built target ament_cmake_python_build_common_msgs_egg
