running egg_info
writing build/camera_detection/camera_detection.egg-info/PKG-INFO
writing dependency_links to build/camera_detection/camera_detection.egg-info/dependency_links.txt
writing entry points to build/camera_detection/camera_detection.egg-info/entry_points.txt
writing requirements to build/camera_detection/camera_detection.egg-info/requires.txt
writing top-level names to build/camera_detection/camera_detection.egg-info/top_level.txt
reading manifest file 'build/camera_detection/camera_detection.egg-info/SOURCES.txt'
writing manifest file 'build/camera_detection/camera_detection.egg-info/SOURCES.txt'
running build
running build_py
copying camera_detection/yolov5_detection.py -> /home/deepracer/Documents/wato_monorepo_v2/src/camera_detection/build/camera_detection/build/lib/camera_detection
running install
running install_lib
creating /home/deepracer/Documents/wato_monorepo_v2/src/camera_detection/install/camera_detection/lib/python3.8/site-packages/camera_detection
copying /home/deepracer/Documents/wato_monorepo_v2/src/camera_detection/build/camera_detection/build/lib/camera_detection/__init__.py -> /home/deepracer/Documents/wato_monorepo_v2/src/camera_detection/install/camera_detection/lib/python3.8/site-packages/camera_detection
copying /home/deepracer/Documents/wato_monorepo_v2/src/camera_detection/build/camera_detection/build/lib/camera_detection/yolov5_detection.py -> /home/deepracer/Documents/wato_monorepo_v2/src/camera_detection/install/camera_detection/lib/python3.8/site-packages/camera_detection
byte-compiling /home/deepracer/Documents/wato_monorepo_v2/src/camera_detection/install/camera_detection/lib/python3.8/site-packages/camera_detection/__init__.py to __init__.cpython-38.pyc
byte-compiling /home/deepracer/Documents/wato_monorepo_v2/src/camera_detection/install/camera_detection/lib/python3.8/site-packages/camera_detection/yolov5_detection.py to yolov5_detection.cpython-38.pyc
running install_data
running install_egg_info
Copying build/camera_detection/camera_detection.egg-info to /home/deepracer/Documents/wato_monorepo_v2/src/camera_detection/install/camera_detection/lib/python3.8/site-packages/camera_detection-0.0.0-py3.8.egg-info
running install_scripts
Installing camera_detection_node script to /home/deepracer/Documents/wato_monorepo_v2/src/camera_detection/install/camera_detection/lib/camera_detection
writing list of installed files to '/home/deepracer/Documents/wato_monorepo_v2/src/camera_detection/build/camera_detection/install.log'
