[3.173s] Invoking command in '/home/deepracer/Documents/wato_monorepo_v2/src/camera_detection': PYTHONPATH=/home/deepracer/Documents/wato_monorepo_v2/src/camera_detection/install/camera_detection/lib/python3.8/site-packages:${PYTHONPATH} /usr/bin/python3 setup.py egg_info --egg-base build/camera_detection build --build-base /home/deepracer/Documents/wato_monorepo_v2/src/camera_detection/build/camera_detection/build install --prefix /home/deepracer/Documents/wato_monorepo_v2/src/camera_detection/install/camera_detection --record /home/deepracer/Documents/wato_monorepo_v2/src/camera_detection/build/camera_detection/install.log --single-version-externally-managed
[5.113s] running egg_info
[5.118s] writing build/camera_detection/camera_detection.egg-info/PKG-INFO
[5.125s] writing dependency_links to build/camera_detection/camera_detection.egg-info/dependency_links.txt
[5.130s] writing entry points to build/camera_detection/camera_detection.egg-info/entry_points.txt
[5.133s] writing requirements to build/camera_detection/camera_detection.egg-info/requires.txt
[5.140s] writing top-level names to build/camera_detection/camera_detection.egg-info/top_level.txt
[5.708s] reading manifest file 'build/camera_detection/camera_detection.egg-info/SOURCES.txt'
[5.716s] writing manifest file 'build/camera_detection/camera_detection.egg-info/SOURCES.txt'
[5.724s] running build
[5.725s] running build_py
[5.725s] copying camera_detection/yolov5_detection.py -> /home/deepracer/Documents/wato_monorepo_v2/src/camera_detection/build/camera_detection/build/lib/camera_detection
[5.729s] running install
[5.740s] running install_lib
[5.747s] creating /home/deepracer/Documents/wato_monorepo_v2/src/camera_detection/install/camera_detection/lib/python3.8/site-packages/camera_detection
[5.750s] copying /home/deepracer/Documents/wato_monorepo_v2/src/camera_detection/build/camera_detection/build/lib/camera_detection/__init__.py -> /home/deepracer/Documents/wato_monorepo_v2/src/camera_detection/install/camera_detection/lib/python3.8/site-packages/camera_detection
[5.751s] copying /home/deepracer/Documents/wato_monorepo_v2/src/camera_detection/build/camera_detection/build/lib/camera_detection/yolov5_detection.py -> /home/deepracer/Documents/wato_monorepo_v2/src/camera_detection/install/camera_detection/lib/python3.8/site-packages/camera_detection
[5.773s] byte-compiling /home/deepracer/Documents/wato_monorepo_v2/src/camera_detection/install/camera_detection/lib/python3.8/site-packages/camera_detection/__init__.py to __init__.cpython-38.pyc
[5.780s] byte-compiling /home/deepracer/Documents/wato_monorepo_v2/src/camera_detection/install/camera_detection/lib/python3.8/site-packages/camera_detection/yolov5_detection.py to yolov5_detection.cpython-38.pyc
[5.783s] running install_data
[5.790s] running install_egg_info
[5.824s] Copying build/camera_detection/camera_detection.egg-info to /home/deepracer/Documents/wato_monorepo_v2/src/camera_detection/install/camera_detection/lib/python3.8/site-packages/camera_detection-0.0.0-py3.8.egg-info
[5.833s] running install_scripts
[6.159s] Installing camera_detection_node script to /home/deepracer/Documents/wato_monorepo_v2/src/camera_detection/install/camera_detection/lib/camera_detection
[6.161s] writing list of installed files to '/home/deepracer/Documents/wato_monorepo_v2/src/camera_detection/build/camera_detection/install.log'
[6.370s] Invoked command in '/home/deepracer/Documents/wato_monorepo_v2/src/camera_detection' returned '0': PYTHONPATH=/home/deepracer/Documents/wato_monorepo_v2/src/camera_detection/install/camera_detection/lib/python3.8/site-packages:${PYTHONPATH} /usr/bin/python3 setup.py egg_info --egg-base build/camera_detection build --build-base /home/deepracer/Documents/wato_monorepo_v2/src/camera_detection/build/camera_detection/build install --prefix /home/deepracer/Documents/wato_monorepo_v2/src/camera_detection/install/camera_detection --record /home/deepracer/Documents/wato_monorepo_v2/src/camera_detection/build/camera_detection/install.log --single-version-externally-managed
