[0.019s] Invoking command in '/home/leungjch/Documents/repos/wato_monorepo_v2/build/transformer': AMENT_PREFIX_PATH=/home/leungjch/Documents/repos/wato_monorepo_v2/install/sample_msgs:${AMENT_PREFIX_PATH} CMAKE_PREFIX_PATH=/home/leungjch/Documents/repos/wato_monorepo_v2/install/sample_msgs:/opt/ros/humble CONDA_PROMPT_MODIFIER=(base) LD_LIBRARY_PATH=/home/leungjch/Documents/repos/wato_monorepo_v2/install/sample_msgs/lib:${LD_LIBRARY_PATH} /usr/bin/cmake /home/leungjch/Documents/repos/wato_monorepo_v2/src/samples/cpp/transformer -DCMAKE_INSTALL_PREFIX=/home/leungjch/Documents/repos/wato_monorepo_v2/install/transformer
[0.074s] -- The C compiler identification is GNU 11.3.0
[0.127s] -- The CXX compiler identification is GNU 11.3.0
[0.134s] -- Detecting C compiler ABI info
[0.196s] -- Detecting C compiler ABI info - done
[0.205s] -- Check for working C compiler: /usr/bin/cc - skipped
[0.205s] -- Detecting C compile features
[0.206s] -- Detecting C compile features - done
[0.210s] -- Detecting CXX compiler ABI info
[0.284s] -- Detecting CXX compiler ABI info - done
[0.299s] -- Check for working CXX compiler: /usr/bin/c++ - skipped
[0.300s] -- Detecting CXX compile features
[0.301s] -- Detecting CXX compile features - done
[0.304s] -- Found ament_cmake: 1.3.3 (/opt/ros/humble/share/ament_cmake/cmake)
[0.537s] -- Found Python3: /usr/bin/python3.10 (found version "3.10.6") found components: Interpreter 
[0.645s] -- Found rclcpp: 16.0.3 (/opt/ros/humble/share/rclcpp/cmake)
[0.708s] -- Found rosidl_generator_c: 3.1.4 (/opt/ros/humble/share/rosidl_generator_c/cmake)
[0.712s] -- Found rosidl_adapter: 3.1.4 (/opt/ros/humble/share/rosidl_adapter/cmake)
[0.719s] -- Found rosidl_generator_cpp: 3.1.4 (/opt/ros/humble/share/rosidl_generator_cpp/cmake)
[0.732s] -- Using all available rosidl_typesupport_c: rosidl_typesupport_fastrtps_c;rosidl_typesupport_introspection_c
[0.750s] -- Using all available rosidl_typesupport_cpp: rosidl_typesupport_fastrtps_cpp;rosidl_typesupport_introspection_cpp
[0.823s] -- Found rmw_implementation_cmake: 6.1.1 (/opt/ros/humble/share/rmw_implementation_cmake/cmake)
[0.825s] -- Found rmw_fastrtps_cpp: 6.2.2 (/opt/ros/humble/share/rmw_fastrtps_cpp/cmake)
[0.916s] -- Found OpenSSL: /usr/lib/x86_64-linux-gnu/libcrypto.so (found version "3.0.2")  
[0.947s] -- Found FastRTPS: /opt/ros/humble/include  
[1.002s] -- Using RMW implementation 'rmw_fastrtps_cpp' as default
[1.016s] -- Looking for pthread.h
[1.079s] -- Looking for pthread.h - found
[1.079s] -- Performing Test CMAKE_HAVE_LIBC_PTHREAD
[1.150s] -- Performing Test CMAKE_HAVE_LIBC_PTHREAD - Success
[1.151s] -- Found Threads: TRUE  
[1.346s] -- Found sample_msgs: 0.0.0 (/home/leungjch/Documents/repos/wato_monorepo_v2/install/sample_msgs/share/sample_msgs/cmake)
[1.394s] -- Found ament_cmake_gtest: 1.3.3 (/opt/ros/humble/share/ament_cmake_gtest/cmake)
[1.396s] -- Found ament_lint_auto: 0.12.5 (/opt/ros/humble/share/ament_lint_auto/cmake)
[1.398s] -- Found ament_lint_common: 0.12.5 (/opt/ros/humble/share/ament_lint_common/cmake)
[1.479s] -- Found gtest sources under '/opt/ros/humble/src/gtest_vendor': C++ tests using 'Google Test' will be built
[1.489s] -- Added test 'cppcheck' to perform static code analysis on C / C++ code
[1.490s] -- Configured cppcheck include dirs: /home/leungjch/Documents/repos/wato_monorepo_v2/src/samples/cpp/transformer/include
[1.490s] -- Configured cppcheck exclude dirs and/or files: 
[1.490s] -- Added test 'flake8' to check Python code syntax and style conventions
[1.491s] -- Added test 'lint_cmake' to check CMake code style
[1.492s] -- Added test 'pep257' to check Python code against some of the docstring style conventions in PEP 257
[1.494s] -- Added test 'uncrustify' to check C / C++ code style
[1.494s] -- Configured uncrustify additional arguments: 
[1.494s] -- Added test 'xmllint' to check XML markup files
[1.498s] -- Configuring done
[1.519s] -- Generating done
[1.521s] -- Build files have been written to: /home/leungjch/Documents/repos/wato_monorepo_v2/build/transformer
[1.536s] Invoked command in '/home/leungjch/Documents/repos/wato_monorepo_v2/build/transformer' returned '0': AMENT_PREFIX_PATH=/home/leungjch/Documents/repos/wato_monorepo_v2/install/sample_msgs:${AMENT_PREFIX_PATH} CMAKE_PREFIX_PATH=/home/leungjch/Documents/repos/wato_monorepo_v2/install/sample_msgs:/opt/ros/humble CONDA_PROMPT_MODIFIER=(base) LD_LIBRARY_PATH=/home/leungjch/Documents/repos/wato_monorepo_v2/install/sample_msgs/lib:${LD_LIBRARY_PATH} /usr/bin/cmake /home/leungjch/Documents/repos/wato_monorepo_v2/src/samples/cpp/transformer -DCMAKE_INSTALL_PREFIX=/home/leungjch/Documents/repos/wato_monorepo_v2/install/transformer
[1.537s] Invoking command in '/home/leungjch/Documents/repos/wato_monorepo_v2/build/transformer': AMENT_PREFIX_PATH=/home/leungjch/Documents/repos/wato_monorepo_v2/install/sample_msgs:${AMENT_PREFIX_PATH} CMAKE_PREFIX_PATH=/home/leungjch/Documents/repos/wato_monorepo_v2/install/sample_msgs:/opt/ros/humble CONDA_PROMPT_MODIFIER=(base) LD_LIBRARY_PATH=/home/leungjch/Documents/repos/wato_monorepo_v2/install/sample_msgs/lib:${LD_LIBRARY_PATH} /usr/bin/cmake --build /home/leungjch/Documents/repos/wato_monorepo_v2/build/transformer -- -j16 -l16
[1.581s] [ 10%] [32mBuilding CXX object CMakeFiles/transformer_lib.dir/src/transformer.cpp.o[0m
[1.581s] [ 20%] [32mBuilding CXX object gtest/CMakeFiles/gtest_main.dir/src/gtest_main.cc.o[0m
[1.585s] [ 30%] [32mBuilding CXX object gtest/CMakeFiles/gtest.dir/src/gtest-all.cc.o[0m
[2.599s] [ 40%] [32m[1mLinking CXX static library libgtest_main.a[0m
[2.688s] [ 40%] Built target gtest_main
[4.788s] [ 50%] [32m[1mLinking CXX static library libtransformer_lib.a[0m
[4.858s] [ 50%] Built target transformer_lib
[4.877s] [ 60%] [32mBuilding CXX object CMakeFiles/transformer_node.dir/src/transformer_node.cpp.o[0m
[5.028s] [ 70%] [32m[1mLinking CXX static library libgtest.a[0m
[5.147s] [ 70%] Built target gtest
[5.166s] [ 80%] [32mBuilding CXX object CMakeFiles/transformer_test.dir/test/transformer_test.cpp.o[0m
[8.288s] In file included from [01m[K/opt/ros/humble/src/gtest_vendor/include/gtest/gtest.h:67[m[K,
[8.288s]                  from [01m[K/home/leungjch/Documents/repos/wato_monorepo_v2/src/samples/cpp/transformer/test/transformer_test.cpp:5[m[K:
[8.288s] [01m[K/opt/ros/humble/src/gtest_vendor/include/gtest/gtest-param-test.h:496:38:[m[K [01;35m[Kwarning: [m[K‘[01m[Kconstexpr bool testing::internal::InstantiateTestCase_P_IsDeprecated()[m[K’ is deprecated: INSTANTIATE_TEST_CASE_P is deprecated, please use INSTANTIATE_TEST_SUITE_P [[01;35m[K]8;;https://gcc.gnu.org/onlinedocs/gcc/Warning-Options.html#index-Wdeprecated-declarations-Wdeprecated-declarations]8;;[m[K]
[8.288s]   496 |   static_assert(::testing::internal::[01;35m[KInstantiateTestCase_P_IsDeprecated[m[K(), \
[8.288s]       |                                      [01;35m[K^~~~~~~~~~~~~~~~~~~~~~~~~~~~~~~~~~[m[K
[8.288s] [01m[K/opt/ros/humble/src/gtest_vendor/include/gtest/gtest-param-test.h:496:38:[m[K [01;36m[Knote: [m[Kin definition of macro ‘[01m[KINSTANTIATE_TEST_CASE_P[m[K’
[8.288s]   496 |   static_assert(::testing::internal::[01;36m[KInstantiateTestCase_P_IsDeprecated[m[K(), \
[8.289s]       |                                      [01;36m[K^~~~~~~~~~~~~~~~~~~~~~~~~~~~~~~~~~[m[K
[8.289s] In file included from [01m[K/opt/ros/humble/src/gtest_vendor/include/gtest/gtest.h:62[m[K,
[8.289s]                  from [01m[K/home/leungjch/Documents/repos/wato_monorepo_v2/src/samples/cpp/transformer/test/transformer_test.cpp:5[m[K:
[8.289s] [01m[K/opt/ros/humble/src/gtest_vendor/include/gtest/internal/gtest-internal.h:1210:16:[m[K [01;36m[Knote: [m[Kdeclared here
[8.289s]  1210 | constexpr bool [01;36m[KInstantiateTestCase_P_IsDeprecated[m[K() { return true; }
[8.289s]       |                [01;36m[K^~~~~~~~~~~~~~~~~~~~~~~~~~~~~~~~~~[m[K
[8.289s] In file included from [01m[K/opt/ros/humble/src/gtest_vendor/include/gtest/gtest.h:67[m[K,
[8.289s]                  from [01m[K/home/leungjch/Documents/repos/wato_monorepo_v2/src/samples/cpp/transformer/test/transformer_test.cpp:5[m[K:
[8.289s] [01m[K/opt/ros/humble/src/gtest_vendor/include/gtest/gtest-param-test.h:496:72:[m[K [01;35m[Kwarning: [m[K‘[01m[Kconstexpr bool testing::internal::InstantiateTestCase_P_IsDeprecated()[m[K’ is deprecated: INSTANTIATE_TEST_CASE_P is deprecated, please use INSTANTIATE_TEST_SUITE_P [[01;35m[K]8;;https://gcc.gnu.org/onlinedocs/gcc/Warning-Options.html#index-Wdeprecated-declarations-Wdeprecated-declarations]8;;[m[K]
[8.290s]   496 |   static_assert([01;35m[K::testing::internal::InstantiateTestCase_P_IsDeprecated()[m[K, \
[8.290s]       |                 [01;35m[K~~~~~~~~~~~~~~~~~~~~~~~~~~~~~~~~~~~~~~~~~~~~~~~~~~~~~~~^~[m[K
[8.290s] [01m[K/home/leungjch/Documents/repos/wato_monorepo_v2/src/samples/cpp/transformer/test/transformer_test.cpp:95:1:[m[K [01;36m[Knote: [m[Kin expansion of macro ‘[01m[KINSTANTIATE_TEST_CASE_P[m[K’
[8.290s]    95 | [01;36m[KINSTANTIATE_TEST_CASE_P[m[K(
[8.290s]       | [01;36m[K^~~~~~~~~~~~~~~~~~~~~~~[m[K
[8.290s] In file included from [01m[K/opt/ros/humble/src/gtest_vendor/include/gtest/gtest.h:62[m[K,
[8.290s]                  from [01m[K/home/leungjch/Documents/repos/wato_monorepo_v2/src/samples/cpp/transformer/test/transformer_test.cpp:5[m[K:
[8.290s] [01m[K/opt/ros/humble/src/gtest_vendor/include/gtest/internal/gtest-internal.h:1210:16:[m[K [01;36m[Knote: [m[Kdeclared here
[8.290s]  1210 | constexpr bool [01;36m[KInstantiateTestCase_P_IsDeprecated[m[K() { return true; }
[8.291s]       |                [01;36m[K^~~~~~~~~~~~~~~~~~~~~~~~~~~~~~~~~~[m[K
[9.424s] [ 90%] [32m[1mLinking CXX executable transformer_test[0m
[9.700s] [ 90%] Built target transformer_test
[13.922s] [100%] [32m[1mLinking CXX executable transformer_node[0m
[14.354s] [100%] Built target transformer_node
[14.364s] Invoked command in '/home/leungjch/Documents/repos/wato_monorepo_v2/build/transformer' returned '0': AMENT_PREFIX_PATH=/home/leungjch/Documents/repos/wato_monorepo_v2/install/sample_msgs:${AMENT_PREFIX_PATH} CMAKE_PREFIX_PATH=/home/leungjch/Documents/repos/wato_monorepo_v2/install/sample_msgs:/opt/ros/humble CONDA_PROMPT_MODIFIER=(base) LD_LIBRARY_PATH=/home/leungjch/Documents/repos/wato_monorepo_v2/install/sample_msgs/lib:${LD_LIBRARY_PATH} /usr/bin/cmake --build /home/leungjch/Documents/repos/wato_monorepo_v2/build/transformer -- -j16 -l16
[14.394s] Invoking command in '/home/leungjch/Documents/repos/wato_monorepo_v2/build/transformer': AMENT_PREFIX_PATH=/home/leungjch/Documents/repos/wato_monorepo_v2/install/sample_msgs:${AMENT_PREFIX_PATH} CMAKE_PREFIX_PATH=/home/leungjch/Documents/repos/wato_monorepo_v2/install/sample_msgs:/opt/ros/humble CONDA_PROMPT_MODIFIER=(base) LD_LIBRARY_PATH=/home/leungjch/Documents/repos/wato_monorepo_v2/install/sample_msgs/lib:${LD_LIBRARY_PATH} /usr/bin/cmake --install /home/leungjch/Documents/repos/wato_monorepo_v2/build/transformer
[14.400s] -- Install configuration: ""
[14.401s] -- Installing: /home/leungjch/Documents/repos/wato_monorepo_v2/install/transformer/lib/transformer/transformer_test
[14.402s] -- Set runtime path of "/home/leungjch/Documents/repos/wato_monorepo_v2/install/transformer/lib/transformer/transformer_test" to ""
[14.402s] -- Installing: /home/leungjch/Documents/repos/wato_monorepo_v2/install/transformer/lib/transformer/transformer_node
[14.406s] -- Set runtime path of "/home/leungjch/Documents/repos/wato_monorepo_v2/install/transformer/lib/transformer/transformer_node" to ""
[14.406s] -- Installing: /home/leungjch/Documents/repos/wato_monorepo_v2/install/transformer/share/transformer/config
[14.406s] -- Installing: /home/leungjch/Documents/repos/wato_monorepo_v2/install/transformer/share/transformer/config/params.yaml
[14.407s] -- Installing: /home/leungjch/Documents/repos/wato_monorepo_v2/install/transformer/share/transformer/launch
[14.407s] -- Installing: /home/leungjch/Documents/repos/wato_monorepo_v2/install/transformer/share/transformer/launch/transformer.launch.py
[14.407s] -- Installing: /home/leungjch/Documents/repos/wato_monorepo_v2/install/transformer/share/ament_index/resource_index/package_run_dependencies/transformer
[14.407s] -- Installing: /home/leungjch/Documents/repos/wato_monorepo_v2/install/transformer/share/ament_index/resource_index/parent_prefix_path/transformer
[14.407s] -- Installing: /home/leungjch/Documents/repos/wato_monorepo_v2/install/transformer/share/transformer/environment/ament_prefix_path.sh
[14.407s] -- Installing: /home/leungjch/Documents/repos/wato_monorepo_v2/install/transformer/share/transformer/environment/ament_prefix_path.dsv
[14.407s] -- Installing: /home/leungjch/Documents/repos/wato_monorepo_v2/install/transformer/share/transformer/environment/path.sh
[14.407s] -- Installing: /home/leungjch/Documents/repos/wato_monorepo_v2/install/transformer/share/transformer/environment/path.dsv
[14.407s] -- Installing: /home/leungjch/Documents/repos/wato_monorepo_v2/install/transformer/share/transformer/local_setup.bash
[14.407s] -- Installing: /home/leungjch/Documents/repos/wato_monorepo_v2/install/transformer/share/transformer/local_setup.sh
[14.408s] -- Installing: /home/leungjch/Documents/repos/wato_monorepo_v2/install/transformer/share/transformer/local_setup.zsh
[14.408s] -- Installing: /home/leungjch/Documents/repos/wato_monorepo_v2/install/transformer/share/transformer/local_setup.dsv
[14.408s] -- Installing: /home/leungjch/Documents/repos/wato_monorepo_v2/install/transformer/share/transformer/package.dsv
[14.408s] -- Installing: /home/leungjch/Documents/repos/wato_monorepo_v2/install/transformer/share/ament_index/resource_index/packages/transformer
[14.408s] -- Installing: /home/leungjch/Documents/repos/wato_monorepo_v2/install/transformer/share/transformer/cmake/transformerConfig.cmake
[14.408s] -- Installing: /home/leungjch/Documents/repos/wato_monorepo_v2/install/transformer/share/transformer/cmake/transformerConfig-version.cmake
[14.408s] -- Installing: /home/leungjch/Documents/repos/wato_monorepo_v2/install/transformer/share/transformer/package.xml
[14.416s] Invoked command in '/home/leungjch/Documents/repos/wato_monorepo_v2/build/transformer' returned '0': AMENT_PREFIX_PATH=/home/leungjch/Documents/repos/wato_monorepo_v2/install/sample_msgs:${AMENT_PREFIX_PATH} CMAKE_PREFIX_PATH=/home/leungjch/Documents/repos/wato_monorepo_v2/install/sample_msgs:/opt/ros/humble CONDA_PROMPT_MODIFIER=(base) LD_LIBRARY_PATH=/home/leungjch/Documents/repos/wato_monorepo_v2/install/sample_msgs/lib:${LD_LIBRARY_PATH} /usr/bin/cmake --install /home/leungjch/Documents/repos/wato_monorepo_v2/build/transformer
