[2.039s] Invoking command in '/home/leungjch/Documents/repos/wato_monorepo_v2/src/py_pubsub': CONDA_PROMPT_MODIFIER=(base) PYTHONPATH=/home/leungjch/Documents/repos/wato_monorepo_v2/src/build/py_pubsub/prefix_override:/home/leungjch/Documents/repos/wato_monorepo_v2/src/install/py_pubsub/lib/python3.10/site-packages:${PYTHONPATH} /usr/bin/python3 setup.py egg_info --egg-base ../build/py_pubsub build --build-base /home/leungjch/Documents/repos/wato_monorepo_v2/src/build/py_pubsub/build install --record /home/leungjch/Documents/repos/wato_monorepo_v2/src/build/py_pubsub/install.log --single-version-externally-managed
[2.416s] running egg_info
[2.417s] writing ../build/py_pubsub/py_pubsub.egg-info/PKG-INFO
[2.417s] writing dependency_links to ../build/py_pubsub/py_pubsub.egg-info/dependency_links.txt
[2.418s] writing entry points to ../build/py_pubsub/py_pubsub.egg-info/entry_points.txt
[2.418s] writing requirements to ../build/py_pubsub/py_pubsub.egg-info/requires.txt
[2.418s] writing top-level names to ../build/py_pubsub/py_pubsub.egg-info/top_level.txt
[2.420s] reading manifest file '../build/py_pubsub/py_pubsub.egg-info/SOURCES.txt'
[2.422s] writing manifest file '../build/py_pubsub/py_pubsub.egg-info/SOURCES.txt'
[2.422s] running build
[2.422s] running build_py
[2.422s] running install
[2.422s] running install_lib
[2.425s] running install_data
[2.425s] running install_egg_info
[2.428s] removing '/home/leungjch/Documents/repos/wato_monorepo_v2/src/install/py_pubsub/lib/python3.10/site-packages/py_pubsub-0.0.0-py3.10.egg-info' (and everything under it)
[2.428s] Copying ../build/py_pubsub/py_pubsub.egg-info to /home/leungjch/Documents/repos/wato_monorepo_v2/src/install/py_pubsub/lib/python3.10/site-packages/py_pubsub-0.0.0-py3.10.egg-info
[2.429s] running install_scripts
[2.451s] Installing talker script to /home/leungjch/Documents/repos/wato_monorepo_v2/src/install/py_pubsub/lib/py_pubsub
[2.452s] writing list of installed files to '/home/leungjch/Documents/repos/wato_monorepo_v2/src/build/py_pubsub/install.log'
[2.494s] Invoked command in '/home/leungjch/Documents/repos/wato_monorepo_v2/src/py_pubsub' returned '0': CONDA_PROMPT_MODIFIER=(base) PYTHONPATH=/home/leungjch/Documents/repos/wato_monorepo_v2/src/build/py_pubsub/prefix_override:/home/leungjch/Documents/repos/wato_monorepo_v2/src/install/py_pubsub/lib/python3.10/site-packages:${PYTHONPATH} /usr/bin/python3 setup.py egg_info --egg-base ../build/py_pubsub build --build-base /home/leungjch/Documents/repos/wato_monorepo_v2/src/build/py_pubsub/build install --record /home/leungjch/Documents/repos/wato_monorepo_v2/src/build/py_pubsub/install.log --single-version-externally-managed
