[  2%] Built target common_msgs__cpp
[ 12%] Built target common_msgs__rosidl_generator_c
[ 12%] Built target ament_cmake_python_copy_common_msgs
[ 33%] Built target common_msgs__rosidl_typesupport_cpp
[ 33%] Built target common_msgs__rosidl_typesupport_introspection_cpp
[ 43%] Built target common_msgs__rosidl_typesupport_introspection_c
[ 53%] Built target common_msgs__rosidl_typesupport_fastrtps_c
[ 64%] Built target common_msgs__rosidl_typesupport_c
[ 74%] Built target common_msgs__rosidl_typesupport_fastrtps_cpp
[ 74%] Built target common_msgs
[ 76%] Built target common_msgs__py
[ 84%] Built target common_msgs__rosidl_generator_py
[ 89%] Built target common_msgs__rosidl_typesupport_fastrtps_c__pyext
[ 94%] Built target common_msgs__rosidl_typesupport_c__pyext
[100%] Built target common_msgs__rosidl_typesupport_introspection_c__pyext
running egg_info
writing common_msgs.egg-info/PKG-INFO
writing dependency_links to common_msgs.egg-info/dependency_links.txt
writing top-level names to common_msgs.egg-info/top_level.txt
reading manifest file 'common_msgs.egg-info/SOURCES.txt'
writing manifest file 'common_msgs.egg-info/SOURCES.txt'
[100%] Built target ament_cmake_python_build_common_msgs_egg
