-- The C compiler identification is GNU 11.3.0
-- The CXX compiler identification is GNU 11.3.0
-- Detecting C compiler ABI info
-- Detecting C compiler ABI info - done
-- Check for working C compiler: /usr/bin/cc - skipped
-- Detecting C compile features
-- Detecting C compile features - done
-- Detecting CXX compiler ABI info
-- Detecting CXX compiler ABI info - done
-- Check for working CXX compiler: /usr/bin/c++ - skipped
-- Detecting CXX compile features
-- Detecting CXX compile features - done
-- Found ament_cmake: 1.3.3 (/opt/ros/humble/share/ament_cmake/cmake)
-- Found Python3: /usr/bin/python3.10 (found version "3.10.6") found components: Interpreter 
-- Found std_msgs: 4.2.3 (/opt/ros/humble/share/std_msgs/cmake)
-- Found rosidl_generator_c: 3.1.4 (/opt/ros/humble/share/rosidl_generator_c/cmake)
-- Found rosidl_adapter: 3.1.4 (/opt/ros/humble/share/rosidl_adapter/cmake)
-- Found rosidl_generator_cpp: 3.1.4 (/opt/ros/humble/share/rosidl_generator_cpp/cmake)
-- Using all available rosidl_typesupport_c: rosidl_typesupport_fastrtps_c;rosidl_typesupport_introspection_c
-- Using all available rosidl_typesupport_cpp: rosidl_typesupport_fastrtps_cpp;rosidl_typesupport_introspection_cpp
-- Found ament_cmake_ros: 0.10.0 (/opt/ros/humble/share/ament_cmake_ros/cmake)
-- Using all available rosidl_typesupport_c: rosidl_typesupport_fastrtps_c;rosidl_typesupport_introspection_c
-- Using all available rosidl_typesupport_cpp: rosidl_typesupport_fastrtps_cpp;rosidl_typesupport_introspection_cpp
-- Configuring done
-- Generating done
-- Build files have been written to: /home/leungjch/Documents/repos/wato_monorepo_v2/build/sample_msgs
[  2%] [34m[1mGenerating C code for ROS interfaces[0m
[  4%] [34m[1mGenerating C++ code for ROS interfaces[0m
[  4%] Built target sample_msgs__cpp
[  6%] [34m[1mGenerating C++ type support dispatch for ROS interfaces[0m
[  9%] [34m[1mGenerating C++ introspection for ROS interfaces[0m
[ 11%] [34m[1mGenerating C++ type support for eProsima Fast-RTPS[0m
[ 13%] [32mBuilding C object CMakeFiles/sample_msgs__rosidl_generator_c.dir/rosidl_generator_c/sample_msgs/msg/detail/filtered_array__functions.c.o[0m
[ 16%] [32mBuilding C object CMakeFiles/sample_msgs__rosidl_generator_c.dir/rosidl_generator_c/sample_msgs/msg/detail/filtered__functions.c.o[0m
[ 18%] [32mBuilding C object CMakeFiles/sample_msgs__rosidl_generator_c.dir/rosidl_generator_c/sample_msgs/msg/detail/unfiltered__functions.c.o[0m
[ 20%] [32mBuilding C object CMakeFiles/sample_msgs__rosidl_generator_c.dir/rosidl_generator_c/sample_msgs/msg/detail/metadata__functions.c.o[0m
[ 23%] [32m[1mLinking C shared library libsample_msgs__rosidl_generator_c.so[0m
[ 23%] Built target sample_msgs__rosidl_generator_c
[ 27%] [34m[1mGenerating C type support for eProsima Fast-RTPS[0m
[ 27%] [34m[1mGenerating C introspection for ROS interfaces[0m
[ 30%] [34m[1mGenerating C type support dispatch for ROS interfaces[0m
[ 34%] [32mBuilding CXX object CMakeFiles/sample_msgs__rosidl_typesupport_cpp.dir/rosidl_typesupport_cpp/sample_msgs/msg/unfiltered__type_support.cpp.o[0m
[ 34%] [32mBuilding CXX object CMakeFiles/sample_msgs__rosidl_typesupport_cpp.dir/rosidl_typesupport_cpp/sample_msgs/msg/filtered_array__type_support.cpp.o[0m
[ 37%] [32mBuilding CXX object CMakeFiles/sample_msgs__rosidl_typesupport_cpp.dir/rosidl_typesupport_cpp/sample_msgs/msg/filtered__type_support.cpp.o[0m
[ 39%] [32mBuilding CXX object CMakeFiles/sample_msgs__rosidl_typesupport_cpp.dir/rosidl_typesupport_cpp/sample_msgs/msg/metadata__type_support.cpp.o[0m
[ 44%] [32mBuilding CXX object CMakeFiles/sample_msgs__rosidl_typesupport_introspection_cpp.dir/rosidl_typesupport_introspection_cpp/sample_msgs/msg/detail/unfiltered__type_support.cpp.o[0m
[ 44%] [32mBuilding CXX object CMakeFiles/sample_msgs__rosidl_typesupport_introspection_cpp.dir/rosidl_typesupport_introspection_cpp/sample_msgs/msg/detail/filtered__type_support.cpp.o[0m
[ 46%] [32mBuilding CXX object CMakeFiles/sample_msgs__rosidl_typesupport_introspection_cpp.dir/rosidl_typesupport_introspection_cpp/sample_msgs/msg/detail/filtered_array__type_support.cpp.o[0m
[ 48%] [32mBuilding CXX object CMakeFiles/sample_msgs__rosidl_typesupport_introspection_cpp.dir/rosidl_typesupport_introspection_cpp/sample_msgs/msg/detail/metadata__type_support.cpp.o[0m
[ 53%] [32mBuilding CXX object CMakeFiles/sample_msgs__rosidl_typesupport_fastrtps_cpp.dir/rosidl_typesupport_fastrtps_cpp/sample_msgs/msg/detail/dds_fastrtps/filtered_array__type_support.cpp.o[0m
[ 53%] [32mBuilding CXX object CMakeFiles/sample_msgs__rosidl_typesupport_fastrtps_cpp.dir/rosidl_typesupport_fastrtps_cpp/sample_msgs/msg/detail/dds_fastrtps/filtered__type_support.cpp.o[0m
[ 55%] [32mBuilding CXX object CMakeFiles/sample_msgs__rosidl_typesupport_fastrtps_cpp.dir/rosidl_typesupport_fastrtps_cpp/sample_msgs/msg/detail/dds_fastrtps/unfiltered__type_support.cpp.o[0m
[ 58%] [32mBuilding CXX object CMakeFiles/sample_msgs__rosidl_typesupport_fastrtps_cpp.dir/rosidl_typesupport_fastrtps_cpp/sample_msgs/msg/detail/dds_fastrtps/metadata__type_support.cpp.o[0m
[ 60%] [32mBuilding CXX object CMakeFiles/sample_msgs__rosidl_typesupport_c.dir/rosidl_typesupport_c/sample_msgs/msg/filtered_array__type_support.cpp.o[0m
[ 62%] [32mBuilding CXX object CMakeFiles/sample_msgs__rosidl_typesupport_c.dir/rosidl_typesupport_c/sample_msgs/msg/filtered__type_support.cpp.o[0m
[ 65%] [32mBuilding CXX object CMakeFiles/sample_msgs__rosidl_typesupport_c.dir/rosidl_typesupport_c/sample_msgs/msg/metadata__type_support.cpp.o[0m
[ 67%] [32mBuilding CXX object CMakeFiles/sample_msgs__rosidl_typesupport_c.dir/rosidl_typesupport_c/sample_msgs/msg/unfiltered__type_support.cpp.o[0m
[ 69%] [32m[1mLinking CXX shared library libsample_msgs__rosidl_typesupport_c.so[0m
[ 72%] [32mBuilding C object CMakeFiles/sample_msgs__rosidl_typesupport_introspection_c.dir/rosidl_typesupport_introspection_c/sample_msgs/msg/detail/filtered_array__type_support.c.o[0m
[ 74%] [32mBuilding C object CMakeFiles/sample_msgs__rosidl_typesupport_introspection_c.dir/rosidl_typesupport_introspection_c/sample_msgs/msg/detail/filtered__type_support.c.o[0m
[ 76%] [32mBuilding CXX object CMakeFiles/sample_msgs__rosidl_typesupport_fastrtps_c.dir/rosidl_typesupport_fastrtps_c/sample_msgs/msg/detail/filtered__type_support_c.cpp.o[0m
[ 79%] [32mBuilding C object CMakeFiles/sample_msgs__rosidl_typesupport_introspection_c.dir/rosidl_typesupport_introspection_c/sample_msgs/msg/detail/unfiltered__type_support.c.o[0m
[ 81%] [32mBuilding C object CMakeFiles/sample_msgs__rosidl_typesupport_introspection_c.dir/rosidl_typesupport_introspection_c/sample_msgs/msg/detail/metadata__type_support.c.o[0m
[ 83%] [32mBuilding CXX object CMakeFiles/sample_msgs__rosidl_typesupport_fastrtps_c.dir/rosidl_typesupport_fastrtps_c/sample_msgs/msg/detail/filtered_array__type_support_c.cpp.o[0m
[ 86%] [32mBuilding CXX object CMakeFiles/sample_msgs__rosidl_typesupport_fastrtps_c.dir/rosidl_typesupport_fastrtps_c/sample_msgs/msg/detail/unfiltered__type_support_c.cpp.o[0m
[ 86%] Built target sample_msgs__rosidl_typesupport_c
[ 88%] [32mBuilding CXX object CMakeFiles/sample_msgs__rosidl_typesupport_fastrtps_c.dir/rosidl_typesupport_fastrtps_c/sample_msgs/msg/detail/metadata__type_support_c.cpp.o[0m
[ 90%] [32m[1mLinking CXX shared library libsample_msgs__rosidl_typesupport_cpp.so[0m
[ 93%] [32m[1mLinking C shared library libsample_msgs__rosidl_typesupport_introspection_c.so[0m
[ 93%] Built target sample_msgs__rosidl_typesupport_introspection_c
[ 93%] Built target sample_msgs__rosidl_typesupport_cpp
[ 95%] [32m[1mLinking CXX shared library libsample_msgs__rosidl_typesupport_introspection_cpp.so[0m
[ 95%] Built target sample_msgs__rosidl_typesupport_introspection_cpp
[ 97%] [32m[1mLinking CXX shared library libsample_msgs__rosidl_typesupport_fastrtps_cpp.so[0m
[ 97%] Built target sample_msgs__rosidl_typesupport_fastrtps_cpp
[100%] [32m[1mLinking CXX shared library libsample_msgs__rosidl_typesupport_fastrtps_c.so[0m
[100%] Built target sample_msgs__rosidl_typesupport_fastrtps_c
[100%] Built target sample_msgs
-- Install configuration: ""
-- Installing: /home/leungjch/Documents/repos/wato_monorepo_v2/install/sample_msgs/share/ament_index/resource_index/rosidl_interfaces/sample_msgs
-- Installing: /home/leungjch/Documents/repos/wato_monorepo_v2/install/sample_msgs/include/sample_msgs/sample_msgs
-- Installing: /home/leungjch/Documents/repos/wato_monorepo_v2/install/sample_msgs/include/sample_msgs/sample_msgs/msg
-- Installing: /home/leungjch/Documents/repos/wato_monorepo_v2/install/sample_msgs/include/sample_msgs/sample_msgs/msg/filtered.h
-- Installing: /home/leungjch/Documents/repos/wato_monorepo_v2/install/sample_msgs/include/sample_msgs/sample_msgs/msg/rosidl_generator_c__visibility_control.h
-- Installing: /home/leungjch/Documents/repos/wato_monorepo_v2/install/sample_msgs/include/sample_msgs/sample_msgs/msg/filtered_array.h
-- Installing: /home/leungjch/Documents/repos/wato_monorepo_v2/install/sample_msgs/include/sample_msgs/sample_msgs/msg/metadata.h
-- Installing: /home/leungjch/Documents/repos/wato_monorepo_v2/install/sample_msgs/include/sample_msgs/sample_msgs/msg/unfiltered.h
-- Installing: /home/leungjch/Documents/repos/wato_monorepo_v2/install/sample_msgs/include/sample_msgs/sample_msgs/msg/detail
-- Installing: /home/leungjch/Documents/repos/wato_monorepo_v2/install/sample_msgs/include/sample_msgs/sample_msgs/msg/detail/unfiltered__functions.c
-- Installing: /home/leungjch/Documents/repos/wato_monorepo_v2/install/sample_msgs/include/sample_msgs/sample_msgs/msg/detail/metadata__struct.h
-- Installing: /home/leungjch/Documents/repos/wato_monorepo_v2/install/sample_msgs/include/sample_msgs/sample_msgs/msg/detail/unfiltered__type_support.h
-- Installing: /home/leungjch/Documents/repos/wato_monorepo_v2/install/sample_msgs/include/sample_msgs/sample_msgs/msg/detail/filtered__functions.c
-- Installing: /home/leungjch/Documents/repos/wato_monorepo_v2/install/sample_msgs/include/sample_msgs/sample_msgs/msg/detail/filtered_array__functions.c
-- Installing: /home/leungjch/Documents/repos/wato_monorepo_v2/install/sample_msgs/include/sample_msgs/sample_msgs/msg/detail/unfiltered__functions.h
-- Installing: /home/leungjch/Documents/repos/wato_monorepo_v2/install/sample_msgs/include/sample_msgs/sample_msgs/msg/detail/filtered_array__struct.h
-- Installing: /home/leungjch/Documents/repos/wato_monorepo_v2/install/sample_msgs/include/sample_msgs/sample_msgs/msg/detail/metadata__type_support.h
-- Installing: /home/leungjch/Documents/repos/wato_monorepo_v2/install/sample_msgs/include/sample_msgs/sample_msgs/msg/detail/unfiltered__struct.h
-- Installing: /home/leungjch/Documents/repos/wato_monorepo_v2/install/sample_msgs/include/sample_msgs/sample_msgs/msg/detail/filtered__struct.h
-- Installing: /home/leungjch/Documents/repos/wato_monorepo_v2/install/sample_msgs/include/sample_msgs/sample_msgs/msg/detail/filtered__functions.h
-- Installing: /home/leungjch/Documents/repos/wato_monorepo_v2/install/sample_msgs/include/sample_msgs/sample_msgs/msg/detail/metadata__functions.c
-- Installing: /home/leungjch/Documents/repos/wato_monorepo_v2/install/sample_msgs/include/sample_msgs/sample_msgs/msg/detail/filtered__type_support.h
-- Installing: /home/leungjch/Documents/repos/wato_monorepo_v2/install/sample_msgs/include/sample_msgs/sample_msgs/msg/detail/filtered_array__type_support.h
-- Installing: /home/leungjch/Documents/repos/wato_monorepo_v2/install/sample_msgs/include/sample_msgs/sample_msgs/msg/detail/metadata__functions.h
-- Installing: /home/leungjch/Documents/repos/wato_monorepo_v2/install/sample_msgs/include/sample_msgs/sample_msgs/msg/detail/filtered_array__functions.h
-- Installing: /home/leungjch/Documents/repos/wato_monorepo_v2/install/sample_msgs/share/sample_msgs/environment/library_path.sh
-- Installing: /home/leungjch/Documents/repos/wato_monorepo_v2/install/sample_msgs/share/sample_msgs/environment/library_path.dsv
-- Installing: /home/leungjch/Documents/repos/wato_monorepo_v2/install/sample_msgs/lib/libsample_msgs__rosidl_generator_c.so
-- Set runtime path of "/home/leungjch/Documents/repos/wato_monorepo_v2/install/sample_msgs/lib/libsample_msgs__rosidl_generator_c.so" to ""
-- Up-to-date: /home/leungjch/Documents/repos/wato_monorepo_v2/install/sample_msgs/include/sample_msgs/sample_msgs
-- Up-to-date: /home/leungjch/Documents/repos/wato_monorepo_v2/install/sample_msgs/include/sample_msgs/sample_msgs/msg
-- Installing: /home/leungjch/Documents/repos/wato_monorepo_v2/install/sample_msgs/include/sample_msgs/sample_msgs/msg/rosidl_typesupport_fastrtps_c__visibility_control.h
-- Up-to-date: /home/leungjch/Documents/repos/wato_monorepo_v2/install/sample_msgs/include/sample_msgs/sample_msgs/msg/detail
-- Installing: /home/leungjch/Documents/repos/wato_monorepo_v2/install/sample_msgs/include/sample_msgs/sample_msgs/msg/detail/filtered_array__rosidl_typesupport_fastrtps_c.h
-- Installing: /home/leungjch/Documents/repos/wato_monorepo_v2/install/sample_msgs/include/sample_msgs/sample_msgs/msg/detail/metadata__rosidl_typesupport_fastrtps_c.h
-- Installing: /home/leungjch/Documents/repos/wato_monorepo_v2/install/sample_msgs/include/sample_msgs/sample_msgs/msg/detail/filtered__rosidl_typesupport_fastrtps_c.h
-- Installing: /home/leungjch/Documents/repos/wato_monorepo_v2/install/sample_msgs/include/sample_msgs/sample_msgs/msg/detail/unfiltered__rosidl_typesupport_fastrtps_c.h
-- Installing: /home/leungjch/Documents/repos/wato_monorepo_v2/install/sample_msgs/lib/libsample_msgs__rosidl_typesupport_fastrtps_c.so
-- Set runtime path of "/home/leungjch/Documents/repos/wato_monorepo_v2/install/sample_msgs/lib/libsample_msgs__rosidl_typesupport_fastrtps_c.so" to ""
-- Up-to-date: /home/leungjch/Documents/repos/wato_monorepo_v2/install/sample_msgs/include/sample_msgs/sample_msgs
-- Up-to-date: /home/leungjch/Documents/repos/wato_monorepo_v2/install/sample_msgs/include/sample_msgs/sample_msgs/msg
-- Installing: /home/leungjch/Documents/repos/wato_monorepo_v2/install/sample_msgs/include/sample_msgs/sample_msgs/msg/filtered.hpp
-- Installing: /home/leungjch/Documents/repos/wato_monorepo_v2/install/sample_msgs/include/sample_msgs/sample_msgs/msg/filtered_array.hpp
-- Installing: /home/leungjch/Documents/repos/wato_monorepo_v2/install/sample_msgs/include/sample_msgs/sample_msgs/msg/unfiltered.hpp
-- Installing: /home/leungjch/Documents/repos/wato_monorepo_v2/install/sample_msgs/include/sample_msgs/sample_msgs/msg/metadata.hpp
-- Up-to-date: /home/leungjch/Documents/repos/wato_monorepo_v2/install/sample_msgs/include/sample_msgs/sample_msgs/msg/detail
-- Installing: /home/leungjch/Documents/repos/wato_monorepo_v2/install/sample_msgs/include/sample_msgs/sample_msgs/msg/detail/metadata__struct.hpp
-- Installing: /home/leungjch/Documents/repos/wato_monorepo_v2/install/sample_msgs/include/sample_msgs/sample_msgs/msg/detail/filtered_array__struct.hpp
-- Installing: /home/leungjch/Documents/repos/wato_monorepo_v2/install/sample_msgs/include/sample_msgs/sample_msgs/msg/detail/filtered_array__builder.hpp
-- Installing: /home/leungjch/Documents/repos/wato_monorepo_v2/install/sample_msgs/include/sample_msgs/sample_msgs/msg/detail/filtered__builder.hpp
-- Installing: /home/leungjch/Documents/repos/wato_monorepo_v2/install/sample_msgs/include/sample_msgs/sample_msgs/msg/detail/unfiltered__builder.hpp
-- Installing: /home/leungjch/Documents/repos/wato_monorepo_v2/install/sample_msgs/include/sample_msgs/sample_msgs/msg/detail/filtered_array__traits.hpp
-- Installing: /home/leungjch/Documents/repos/wato_monorepo_v2/install/sample_msgs/include/sample_msgs/sample_msgs/msg/detail/unfiltered__traits.hpp
-- Installing: /home/leungjch/Documents/repos/wato_monorepo_v2/install/sample_msgs/include/sample_msgs/sample_msgs/msg/detail/metadata__traits.hpp
-- Installing: /home/leungjch/Documents/repos/wato_monorepo_v2/install/sample_msgs/include/sample_msgs/sample_msgs/msg/detail/metadata__builder.hpp
-- Installing: /home/leungjch/Documents/repos/wato_monorepo_v2/install/sample_msgs/include/sample_msgs/sample_msgs/msg/detail/filtered__traits.hpp
-- Installing: /home/leungjch/Documents/repos/wato_monorepo_v2/install/sample_msgs/include/sample_msgs/sample_msgs/msg/detail/unfiltered__struct.hpp
-- Installing: /home/leungjch/Documents/repos/wato_monorepo_v2/install/sample_msgs/include/sample_msgs/sample_msgs/msg/detail/filtered__struct.hpp
-- Up-to-date: /home/leungjch/Documents/repos/wato_monorepo_v2/install/sample_msgs/include/sample_msgs/sample_msgs
-- Up-to-date: /home/leungjch/Documents/repos/wato_monorepo_v2/install/sample_msgs/include/sample_msgs/sample_msgs/msg
-- Up-to-date: /home/leungjch/Documents/repos/wato_monorepo_v2/install/sample_msgs/include/sample_msgs/sample_msgs/msg/detail
-- Installing: /home/leungjch/Documents/repos/wato_monorepo_v2/install/sample_msgs/include/sample_msgs/sample_msgs/msg/detail/dds_fastrtps
-- Installing: /home/leungjch/Documents/repos/wato_monorepo_v2/install/sample_msgs/include/sample_msgs/sample_msgs/msg/detail/unfiltered__rosidl_typesupport_fastrtps_cpp.hpp
-- Installing: /home/leungjch/Documents/repos/wato_monorepo_v2/install/sample_msgs/include/sample_msgs/sample_msgs/msg/detail/filtered__rosidl_typesupport_fastrtps_cpp.hpp
-- Installing: /home/leungjch/Documents/repos/wato_monorepo_v2/install/sample_msgs/include/sample_msgs/sample_msgs/msg/detail/filtered_array__rosidl_typesupport_fastrtps_cpp.hpp
-- Installing: /home/leungjch/Documents/repos/wato_monorepo_v2/install/sample_msgs/include/sample_msgs/sample_msgs/msg/detail/metadata__rosidl_typesupport_fastrtps_cpp.hpp
-- Installing: /home/leungjch/Documents/repos/wato_monorepo_v2/install/sample_msgs/include/sample_msgs/sample_msgs/msg/rosidl_typesupport_fastrtps_cpp__visibility_control.h
-- Installing: /home/leungjch/Documents/repos/wato_monorepo_v2/install/sample_msgs/lib/libsample_msgs__rosidl_typesupport_fastrtps_cpp.so
-- Set runtime path of "/home/leungjch/Documents/repos/wato_monorepo_v2/install/sample_msgs/lib/libsample_msgs__rosidl_typesupport_fastrtps_cpp.so" to ""
-- Up-to-date: /home/leungjch/Documents/repos/wato_monorepo_v2/install/sample_msgs/include/sample_msgs/sample_msgs
-- Up-to-date: /home/leungjch/Documents/repos/wato_monorepo_v2/install/sample_msgs/include/sample_msgs/sample_msgs/msg
-- Installing: /home/leungjch/Documents/repos/wato_monorepo_v2/install/sample_msgs/include/sample_msgs/sample_msgs/msg/rosidl_typesupport_introspection_c__visibility_control.h
-- Up-to-date: /home/leungjch/Documents/repos/wato_monorepo_v2/install/sample_msgs/include/sample_msgs/sample_msgs/msg/detail
-- Installing: /home/leungjch/Documents/repos/wato_monorepo_v2/install/sample_msgs/include/sample_msgs/sample_msgs/msg/detail/unfiltered__type_support.c
-- Installing: /home/leungjch/Documents/repos/wato_monorepo_v2/install/sample_msgs/include/sample_msgs/sample_msgs/msg/detail/filtered__rosidl_typesupport_introspection_c.h
-- Installing: /home/leungjch/Documents/repos/wato_monorepo_v2/install/sample_msgs/include/sample_msgs/sample_msgs/msg/detail/filtered_array__rosidl_typesupport_introspection_c.h
-- Installing: /home/leungjch/Documents/repos/wato_monorepo_v2/install/sample_msgs/include/sample_msgs/sample_msgs/msg/detail/filtered_array__type_support.c
-- Installing: /home/leungjch/Documents/repos/wato_monorepo_v2/install/sample_msgs/include/sample_msgs/sample_msgs/msg/detail/metadata__type_support.c
-- Installing: /home/leungjch/Documents/repos/wato_monorepo_v2/install/sample_msgs/include/sample_msgs/sample_msgs/msg/detail/filtered__type_support.c
-- Installing: /home/leungjch/Documents/repos/wato_monorepo_v2/install/sample_msgs/include/sample_msgs/sample_msgs/msg/detail/metadata__rosidl_typesupport_introspection_c.h
-- Installing: /home/leungjch/Documents/repos/wato_monorepo_v2/install/sample_msgs/include/sample_msgs/sample_msgs/msg/detail/unfiltered__rosidl_typesupport_introspection_c.h
-- Installing: /home/leungjch/Documents/repos/wato_monorepo_v2/install/sample_msgs/lib/libsample_msgs__rosidl_typesupport_introspection_c.so
-- Set runtime path of "/home/leungjch/Documents/repos/wato_monorepo_v2/install/sample_msgs/lib/libsample_msgs__rosidl_typesupport_introspection_c.so" to ""
-- Installing: /home/leungjch/Documents/repos/wato_monorepo_v2/install/sample_msgs/lib/libsample_msgs__rosidl_typesupport_c.so
-- Set runtime path of "/home/leungjch/Documents/repos/wato_monorepo_v2/install/sample_msgs/lib/libsample_msgs__rosidl_typesupport_c.so" to ""
-- Up-to-date: /home/leungjch/Documents/repos/wato_monorepo_v2/install/sample_msgs/include/sample_msgs/sample_msgs
-- Up-to-date: /home/leungjch/Documents/repos/wato_monorepo_v2/install/sample_msgs/include/sample_msgs/sample_msgs/msg
-- Up-to-date: /home/leungjch/Documents/repos/wato_monorepo_v2/install/sample_msgs/include/sample_msgs/sample_msgs/msg/detail
-- Installing: /home/leungjch/Documents/repos/wato_monorepo_v2/install/sample_msgs/include/sample_msgs/sample_msgs/msg/detail/filtered__type_support.cpp
-- Installing: /home/leungjch/Documents/repos/wato_monorepo_v2/install/sample_msgs/include/sample_msgs/sample_msgs/msg/detail/filtered_array__rosidl_typesupport_introspection_cpp.hpp
-- Installing: /home/leungjch/Documents/repos/wato_monorepo_v2/install/sample_msgs/include/sample_msgs/sample_msgs/msg/detail/unfiltered__type_support.cpp
-- Installing: /home/leungjch/Documents/repos/wato_monorepo_v2/install/sample_msgs/include/sample_msgs/sample_msgs/msg/detail/metadata__type_support.cpp
-- Installing: /home/leungjch/Documents/repos/wato_monorepo_v2/install/sample_msgs/include/sample_msgs/sample_msgs/msg/detail/filtered_array__type_support.cpp
-- Installing: /home/leungjch/Documents/repos/wato_monorepo_v2/install/sample_msgs/include/sample_msgs/sample_msgs/msg/detail/filtered__rosidl_typesupport_introspection_cpp.hpp
-- Installing: /home/leungjch/Documents/repos/wato_monorepo_v2/install/sample_msgs/include/sample_msgs/sample_msgs/msg/detail/metadata__rosidl_typesupport_introspection_cpp.hpp
-- Installing: /home/leungjch/Documents/repos/wato_monorepo_v2/install/sample_msgs/include/sample_msgs/sample_msgs/msg/detail/unfiltered__rosidl_typesupport_introspection_cpp.hpp
-- Installing: /home/leungjch/Documents/repos/wato_monorepo_v2/install/sample_msgs/lib/libsample_msgs__rosidl_typesupport_introspection_cpp.so
-- Set runtime path of "/home/leungjch/Documents/repos/wato_monorepo_v2/install/sample_msgs/lib/libsample_msgs__rosidl_typesupport_introspection_cpp.so" to ""
-- Installing: /home/leungjch/Documents/repos/wato_monorepo_v2/install/sample_msgs/lib/libsample_msgs__rosidl_typesupport_cpp.so
-- Set runtime path of "/home/leungjch/Documents/repos/wato_monorepo_v2/install/sample_msgs/lib/libsample_msgs__rosidl_typesupport_cpp.so" to ""
-- Installing: /home/leungjch/Documents/repos/wato_monorepo_v2/install/sample_msgs/share/sample_msgs/msg/Filtered.idl
-- Installing: /home/leungjch/Documents/repos/wato_monorepo_v2/install/sample_msgs/share/sample_msgs/msg/FilteredArray.idl
-- Installing: /home/leungjch/Documents/repos/wato_monorepo_v2/install/sample_msgs/share/sample_msgs/msg/Unfiltered.idl
-- Installing: /home/leungjch/Documents/repos/wato_monorepo_v2/install/sample_msgs/share/sample_msgs/msg/Metadata.idl
-- Installing: /home/leungjch/Documents/repos/wato_monorepo_v2/install/sample_msgs/share/sample_msgs/msg/Filtered.msg
-- Installing: /home/leungjch/Documents/repos/wato_monorepo_v2/install/sample_msgs/share/sample_msgs/msg/FilteredArray.msg
-- Installing: /home/leungjch/Documents/repos/wato_monorepo_v2/install/sample_msgs/share/sample_msgs/msg/Unfiltered.msg
-- Installing: /home/leungjch/Documents/repos/wato_monorepo_v2/install/sample_msgs/share/sample_msgs/msg/Metadata.msg
-- Installing: /home/leungjch/Documents/repos/wato_monorepo_v2/install/sample_msgs/share/ament_index/resource_index/package_run_dependencies/sample_msgs
-- Installing: /home/leungjch/Documents/repos/wato_monorepo_v2/install/sample_msgs/share/ament_index/resource_index/parent_prefix_path/sample_msgs
-- Installing: /home/leungjch/Documents/repos/wato_monorepo_v2/install/sample_msgs/share/sample_msgs/environment/ament_prefix_path.sh
-- Installing: /home/leungjch/Documents/repos/wato_monorepo_v2/install/sample_msgs/share/sample_msgs/environment/ament_prefix_path.dsv
-- Installing: /home/leungjch/Documents/repos/wato_monorepo_v2/install/sample_msgs/share/sample_msgs/environment/path.sh
-- Installing: /home/leungjch/Documents/repos/wato_monorepo_v2/install/sample_msgs/share/sample_msgs/environment/path.dsv
-- Installing: /home/leungjch/Documents/repos/wato_monorepo_v2/install/sample_msgs/share/sample_msgs/local_setup.bash
-- Installing: /home/leungjch/Documents/repos/wato_monorepo_v2/install/sample_msgs/share/sample_msgs/local_setup.sh
-- Installing: /home/leungjch/Documents/repos/wato_monorepo_v2/install/sample_msgs/share/sample_msgs/local_setup.zsh
-- Installing: /home/leungjch/Documents/repos/wato_monorepo_v2/install/sample_msgs/share/sample_msgs/local_setup.dsv
-- Installing: /home/leungjch/Documents/repos/wato_monorepo_v2/install/sample_msgs/share/sample_msgs/package.dsv
-- Installing: /home/leungjch/Documents/repos/wato_monorepo_v2/install/sample_msgs/share/ament_index/resource_index/packages/sample_msgs
-- Installing: /home/leungjch/Documents/repos/wato_monorepo_v2/install/sample_msgs/share/sample_msgs/cmake/export_sample_msgs__rosidl_generator_cExport.cmake
-- Installing: /home/leungjch/Documents/repos/wato_monorepo_v2/install/sample_msgs/share/sample_msgs/cmake/export_sample_msgs__rosidl_generator_cExport-noconfig.cmake
-- Installing: /home/leungjch/Documents/repos/wato_monorepo_v2/install/sample_msgs/share/sample_msgs/cmake/export_sample_msgs__rosidl_typesupport_fastrtps_cExport.cmake
-- Installing: /home/leungjch/Documents/repos/wato_monorepo_v2/install/sample_msgs/share/sample_msgs/cmake/export_sample_msgs__rosidl_typesupport_fastrtps_cExport-noconfig.cmake
-- Installing: /home/leungjch/Documents/repos/wato_monorepo_v2/install/sample_msgs/share/sample_msgs/cmake/export_sample_msgs__rosidl_generator_cppExport.cmake
-- Installing: /home/leungjch/Documents/repos/wato_monorepo_v2/install/sample_msgs/share/sample_msgs/cmake/export_sample_msgs__rosidl_typesupport_fastrtps_cppExport.cmake
-- Installing: /home/leungjch/Documents/repos/wato_monorepo_v2/install/sample_msgs/share/sample_msgs/cmake/export_sample_msgs__rosidl_typesupport_fastrtps_cppExport-noconfig.cmake
-- Installing: /home/leungjch/Documents/repos/wato_monorepo_v2/install/sample_msgs/share/sample_msgs/cmake/sample_msgs__rosidl_typesupport_introspection_cExport.cmake
-- Installing: /home/leungjch/Documents/repos/wato_monorepo_v2/install/sample_msgs/share/sample_msgs/cmake/sample_msgs__rosidl_typesupport_introspection_cExport-noconfig.cmake
-- Installing: /home/leungjch/Documents/repos/wato_monorepo_v2/install/sample_msgs/share/sample_msgs/cmake/sample_msgs__rosidl_typesupport_cExport.cmake
-- Installing: /home/leungjch/Documents/repos/wato_monorepo_v2/install/sample_msgs/share/sample_msgs/cmake/sample_msgs__rosidl_typesupport_cExport-noconfig.cmake
-- Installing: /home/leungjch/Documents/repos/wato_monorepo_v2/install/sample_msgs/share/sample_msgs/cmake/sample_msgs__rosidl_typesupport_introspection_cppExport.cmake
-- Installing: /home/leungjch/Documents/repos/wato_monorepo_v2/install/sample_msgs/share/sample_msgs/cmake/sample_msgs__rosidl_typesupport_introspection_cppExport-noconfig.cmake
-- Installing: /home/leungjch/Documents/repos/wato_monorepo_v2/install/sample_msgs/share/sample_msgs/cmake/sample_msgs__rosidl_typesupport_cppExport.cmake
-- Installing: /home/leungjch/Documents/repos/wato_monorepo_v2/install/sample_msgs/share/sample_msgs/cmake/sample_msgs__rosidl_typesupport_cppExport-noconfig.cmake
-- Installing: /home/leungjch/Documents/repos/wato_monorepo_v2/install/sample_msgs/share/sample_msgs/cmake/rosidl_cmake-extras.cmake
-- Installing: /home/leungjch/Documents/repos/wato_monorepo_v2/install/sample_msgs/share/sample_msgs/cmake/ament_cmake_export_dependencies-extras.cmake
-- Installing: /home/leungjch/Documents/repos/wato_monorepo_v2/install/sample_msgs/share/sample_msgs/cmake/ament_cmake_export_include_directories-extras.cmake
-- Installing: /home/leungjch/Documents/repos/wato_monorepo_v2/install/sample_msgs/share/sample_msgs/cmake/ament_cmake_export_libraries-extras.cmake
-- Installing: /home/leungjch/Documents/repos/wato_monorepo_v2/install/sample_msgs/share/sample_msgs/cmake/ament_cmake_export_targets-extras.cmake
-- Installing: /home/leungjch/Documents/repos/wato_monorepo_v2/install/sample_msgs/share/sample_msgs/cmake/rosidl_cmake_export_typesupport_targets-extras.cmake
-- Installing: /home/leungjch/Documents/repos/wato_monorepo_v2/install/sample_msgs/share/sample_msgs/cmake/rosidl_cmake_export_typesupport_libraries-extras.cmake
-- Installing: /home/leungjch/Documents/repos/wato_monorepo_v2/install/sample_msgs/share/sample_msgs/cmake/sample_msgsConfig.cmake
-- Installing: /home/leungjch/Documents/repos/wato_monorepo_v2/install/sample_msgs/share/sample_msgs/cmake/sample_msgsConfig-version.cmake
-- Installing: /home/leungjch/Documents/repos/wato_monorepo_v2/install/sample_msgs/share/sample_msgs/package.xml
