[0.023s] Invoking command in '/home/leungjch/Documents/repos/wato_monorepo_v2/build/sample_msgs': CMAKE_PREFIX_PATH=/opt/ros/humble CONDA_PROMPT_MODIFIER=(base) /usr/bin/cmake /home/leungjch/Documents/repos/wato_monorepo_v2/src/wato_msgs/sample_msgs -DCMAKE_INSTALL_PREFIX=/home/leungjch/Documents/repos/wato_monorepo_v2/install/sample_msgs
[0.111s] -- The C compiler identification is GNU 11.3.0
[0.167s] -- The CXX compiler identification is GNU 11.3.0
[0.175s] -- Detecting C compiler ABI info
[0.242s] -- Detecting C compiler ABI info - done
[0.251s] -- Check for working C compiler: /usr/bin/cc - skipped
[0.251s] -- Detecting C compile features
[0.251s] -- Detecting C compile features - done
[0.255s] -- Detecting CXX compiler ABI info
[0.347s] -- Detecting CXX compiler ABI info - done
[0.359s] -- Check for working CXX compiler: /usr/bin/c++ - skipped
[0.360s] -- Detecting CXX compile features
[0.360s] -- Detecting CXX compile features - done
[0.375s] -- Found ament_cmake: 1.3.3 (/opt/ros/humble/share/ament_cmake/cmake)
[0.592s] -- Found Python3: /usr/bin/python3.10 (found version "3.10.6") found components: Interpreter 
[0.689s] -- Found std_msgs: 4.2.3 (/opt/ros/humble/share/std_msgs/cmake)
[0.736s] -- Found rosidl_generator_c: 3.1.4 (/opt/ros/humble/share/rosidl_generator_c/cmake)
[0.742s] -- Found rosidl_adapter: 3.1.4 (/opt/ros/humble/share/rosidl_adapter/cmake)
[0.752s] -- Found rosidl_generator_cpp: 3.1.4 (/opt/ros/humble/share/rosidl_generator_cpp/cmake)
[0.771s] -- Using all available rosidl_typesupport_c: rosidl_typesupport_fastrtps_c;rosidl_typesupport_introspection_c
[0.793s] -- Using all available rosidl_typesupport_cpp: rosidl_typesupport_fastrtps_cpp;rosidl_typesupport_introspection_cpp
[1.278s] -- Found ament_cmake_ros: 0.10.0 (/opt/ros/humble/share/ament_cmake_ros/cmake)
[1.825s] -- Using all available rosidl_typesupport_c: rosidl_typesupport_fastrtps_c;rosidl_typesupport_introspection_c
[2.063s] -- Using all available rosidl_typesupport_cpp: rosidl_typesupport_fastrtps_cpp;rosidl_typesupport_introspection_cpp
[2.083s] -- Configuring done
[2.107s] -- Generating done
[2.109s] -- Build files have been written to: /home/leungjch/Documents/repos/wato_monorepo_v2/build/sample_msgs
[2.119s] Invoked command in '/home/leungjch/Documents/repos/wato_monorepo_v2/build/sample_msgs' returned '0': CMAKE_PREFIX_PATH=/opt/ros/humble CONDA_PROMPT_MODIFIER=(base) /usr/bin/cmake /home/leungjch/Documents/repos/wato_monorepo_v2/src/wato_msgs/sample_msgs -DCMAKE_INSTALL_PREFIX=/home/leungjch/Documents/repos/wato_monorepo_v2/install/sample_msgs
[2.121s] Invoking command in '/home/leungjch/Documents/repos/wato_monorepo_v2/build/sample_msgs': CMAKE_PREFIX_PATH=/opt/ros/humble CONDA_PROMPT_MODIFIER=(base) /usr/bin/cmake --build /home/leungjch/Documents/repos/wato_monorepo_v2/build/sample_msgs -- -j16 -l16
[2.158s] [  2%] [34m[1mGenerating C code for ROS interfaces[0m
[2.167s] [  4%] [34m[1mGenerating C++ code for ROS interfaces[0m
[2.595s] [  4%] Built target sample_msgs__cpp
[2.607s] [  6%] [34m[1mGenerating C++ type support dispatch for ROS interfaces[0m
[2.608s] [  9%] [34m[1mGenerating C++ introspection for ROS interfaces[0m
[2.610s] [ 11%] [34m[1mGenerating C++ type support for eProsima Fast-RTPS[0m
[2.651s] [ 13%] [32mBuilding C object CMakeFiles/sample_msgs__rosidl_generator_c.dir/rosidl_generator_c/sample_msgs/msg/detail/filtered_array__functions.c.o[0m
[2.652s] [ 16%] [32mBuilding C object CMakeFiles/sample_msgs__rosidl_generator_c.dir/rosidl_generator_c/sample_msgs/msg/detail/filtered__functions.c.o[0m
[2.652s] [ 18%] [32mBuilding C object CMakeFiles/sample_msgs__rosidl_generator_c.dir/rosidl_generator_c/sample_msgs/msg/detail/unfiltered__functions.c.o[0m
[2.653s] [ 20%] [32mBuilding C object CMakeFiles/sample_msgs__rosidl_generator_c.dir/rosidl_generator_c/sample_msgs/msg/detail/metadata__functions.c.o[0m
[2.720s] [ 23%] [32m[1mLinking C shared library libsample_msgs__rosidl_generator_c.so[0m
[2.756s] [ 23%] Built target sample_msgs__rosidl_generator_c
[2.765s] [ 27%] [34m[1mGenerating C type support for eProsima Fast-RTPS[0m
[2.766s] [ 27%] [34m[1mGenerating C introspection for ROS interfaces[0m
[2.766s] [ 30%] [34m[1mGenerating C type support dispatch for ROS interfaces[0m
[2.958s] [ 34%] [32mBuilding CXX object CMakeFiles/sample_msgs__rosidl_typesupport_cpp.dir/rosidl_typesupport_cpp/sample_msgs/msg/unfiltered__type_support.cpp.o[0m
[2.958s] [ 34%] [32mBuilding CXX object CMakeFiles/sample_msgs__rosidl_typesupport_cpp.dir/rosidl_typesupport_cpp/sample_msgs/msg/filtered_array__type_support.cpp.o[0m
[2.959s] [ 37%] [32mBuilding CXX object CMakeFiles/sample_msgs__rosidl_typesupport_cpp.dir/rosidl_typesupport_cpp/sample_msgs/msg/filtered__type_support.cpp.o[0m
[2.962s] [ 39%] [32mBuilding CXX object CMakeFiles/sample_msgs__rosidl_typesupport_cpp.dir/rosidl_typesupport_cpp/sample_msgs/msg/metadata__type_support.cpp.o[0m
[2.997s] [ 44%] [32mBuilding CXX object CMakeFiles/sample_msgs__rosidl_typesupport_introspection_cpp.dir/rosidl_typesupport_introspection_cpp/sample_msgs/msg/detail/unfiltered__type_support.cpp.o[0m
[2.997s] [ 44%] [32mBuilding CXX object CMakeFiles/sample_msgs__rosidl_typesupport_introspection_cpp.dir/rosidl_typesupport_introspection_cpp/sample_msgs/msg/detail/filtered__type_support.cpp.o[0m
[2.997s] [ 46%] [32mBuilding CXX object CMakeFiles/sample_msgs__rosidl_typesupport_introspection_cpp.dir/rosidl_typesupport_introspection_cpp/sample_msgs/msg/detail/filtered_array__type_support.cpp.o[0m
[3.001s] [ 48%] [32mBuilding CXX object CMakeFiles/sample_msgs__rosidl_typesupport_introspection_cpp.dir/rosidl_typesupport_introspection_cpp/sample_msgs/msg/detail/metadata__type_support.cpp.o[0m
[3.110s] [ 53%] [32mBuilding CXX object CMakeFiles/sample_msgs__rosidl_typesupport_fastrtps_cpp.dir/rosidl_typesupport_fastrtps_cpp/sample_msgs/msg/detail/dds_fastrtps/filtered_array__type_support.cpp.o[0m
[3.110s] [ 53%] [32mBuilding CXX object CMakeFiles/sample_msgs__rosidl_typesupport_fastrtps_cpp.dir/rosidl_typesupport_fastrtps_cpp/sample_msgs/msg/detail/dds_fastrtps/filtered__type_support.cpp.o[0m
[3.113s] [ 55%] [32mBuilding CXX object CMakeFiles/sample_msgs__rosidl_typesupport_fastrtps_cpp.dir/rosidl_typesupport_fastrtps_cpp/sample_msgs/msg/detail/dds_fastrtps/unfiltered__type_support.cpp.o[0m
[3.122s] [ 58%] [32mBuilding CXX object CMakeFiles/sample_msgs__rosidl_typesupport_fastrtps_cpp.dir/rosidl_typesupport_fastrtps_cpp/sample_msgs/msg/detail/dds_fastrtps/metadata__type_support.cpp.o[0m
[3.209s] [ 60%] [32mBuilding CXX object CMakeFiles/sample_msgs__rosidl_typesupport_c.dir/rosidl_typesupport_c/sample_msgs/msg/filtered_array__type_support.cpp.o[0m
[3.211s] [ 62%] [32mBuilding CXX object CMakeFiles/sample_msgs__rosidl_typesupport_c.dir/rosidl_typesupport_c/sample_msgs/msg/filtered__type_support.cpp.o[0m
[3.285s] [ 65%] [32mBuilding CXX object CMakeFiles/sample_msgs__rosidl_typesupport_c.dir/rosidl_typesupport_c/sample_msgs/msg/metadata__type_support.cpp.o[0m
[3.286s] [ 67%] [32mBuilding CXX object CMakeFiles/sample_msgs__rosidl_typesupport_c.dir/rosidl_typesupport_c/sample_msgs/msg/unfiltered__type_support.cpp.o[0m
[3.346s] [ 69%] [32m[1mLinking CXX shared library libsample_msgs__rosidl_typesupport_c.so[0m
[3.356s] [ 72%] [32mBuilding C object CMakeFiles/sample_msgs__rosidl_typesupport_introspection_c.dir/rosidl_typesupport_introspection_c/sample_msgs/msg/detail/filtered_array__type_support.c.o[0m
[3.357s] [ 74%] [32mBuilding C object CMakeFiles/sample_msgs__rosidl_typesupport_introspection_c.dir/rosidl_typesupport_introspection_c/sample_msgs/msg/detail/filtered__type_support.c.o[0m
[3.359s] [ 76%] [32mBuilding CXX object CMakeFiles/sample_msgs__rosidl_typesupport_fastrtps_c.dir/rosidl_typesupport_fastrtps_c/sample_msgs/msg/detail/filtered__type_support_c.cpp.o[0m
[3.410s] [ 79%] [32mBuilding C object CMakeFiles/sample_msgs__rosidl_typesupport_introspection_c.dir/rosidl_typesupport_introspection_c/sample_msgs/msg/detail/unfiltered__type_support.c.o[0m
[3.412s] [ 81%] [32mBuilding C object CMakeFiles/sample_msgs__rosidl_typesupport_introspection_c.dir/rosidl_typesupport_introspection_c/sample_msgs/msg/detail/metadata__type_support.c.o[0m
[3.414s] [ 83%] [32mBuilding CXX object CMakeFiles/sample_msgs__rosidl_typesupport_fastrtps_c.dir/rosidl_typesupport_fastrtps_c/sample_msgs/msg/detail/filtered_array__type_support_c.cpp.o[0m
[3.432s] [ 86%] [32mBuilding CXX object CMakeFiles/sample_msgs__rosidl_typesupport_fastrtps_c.dir/rosidl_typesupport_fastrtps_c/sample_msgs/msg/detail/unfiltered__type_support_c.cpp.o[0m
[3.459s] [ 86%] Built target sample_msgs__rosidl_typesupport_c
[3.462s] [ 88%] [32mBuilding CXX object CMakeFiles/sample_msgs__rosidl_typesupport_fastrtps_c.dir/rosidl_typesupport_fastrtps_c/sample_msgs/msg/detail/metadata__type_support_c.cpp.o[0m
[3.465s] [ 90%] [32m[1mLinking CXX shared library libsample_msgs__rosidl_typesupport_cpp.so[0m
[3.506s] [ 93%] [32m[1mLinking C shared library libsample_msgs__rosidl_typesupport_introspection_c.so[0m
[3.550s] [ 93%] Built target sample_msgs__rosidl_typesupport_introspection_c
[3.555s] [ 93%] Built target sample_msgs__rosidl_typesupport_cpp
[3.631s] [ 95%] [32m[1mLinking CXX shared library libsample_msgs__rosidl_typesupport_introspection_cpp.so[0m
[3.758s] [ 95%] Built target sample_msgs__rosidl_typesupport_introspection_cpp
[3.804s] [ 97%] [32m[1mLinking CXX shared library libsample_msgs__rosidl_typesupport_fastrtps_cpp.so[0m
[3.892s] [ 97%] Built target sample_msgs__rosidl_typesupport_fastrtps_cpp
[3.897s] [100%] [32m[1mLinking CXX shared library libsample_msgs__rosidl_typesupport_fastrtps_c.so[0m
[3.972s] [100%] Built target sample_msgs__rosidl_typesupport_fastrtps_c
[3.986s] [100%] Built target sample_msgs
[3.995s] Invoked command in '/home/leungjch/Documents/repos/wato_monorepo_v2/build/sample_msgs' returned '0': CMAKE_PREFIX_PATH=/opt/ros/humble CONDA_PROMPT_MODIFIER=(base) /usr/bin/cmake --build /home/leungjch/Documents/repos/wato_monorepo_v2/build/sample_msgs -- -j16 -l16
[4.087s] Invoking command in '/home/leungjch/Documents/repos/wato_monorepo_v2/build/sample_msgs': CMAKE_PREFIX_PATH=/opt/ros/humble CONDA_PROMPT_MODIFIER=(base) /usr/bin/cmake --install /home/leungjch/Documents/repos/wato_monorepo_v2/build/sample_msgs
[4.093s] -- Install configuration: ""
[4.093s] -- Installing: /home/leungjch/Documents/repos/wato_monorepo_v2/install/sample_msgs/share/ament_index/resource_index/rosidl_interfaces/sample_msgs
[4.093s] -- Installing: /home/leungjch/Documents/repos/wato_monorepo_v2/install/sample_msgs/include/sample_msgs/sample_msgs
[4.093s] -- Installing: /home/leungjch/Documents/repos/wato_monorepo_v2/install/sample_msgs/include/sample_msgs/sample_msgs/msg
[4.093s] -- Installing: /home/leungjch/Documents/repos/wato_monorepo_v2/install/sample_msgs/include/sample_msgs/sample_msgs/msg/filtered.h
[4.093s] -- Installing: /home/leungjch/Documents/repos/wato_monorepo_v2/install/sample_msgs/include/sample_msgs/sample_msgs/msg/rosidl_generator_c__visibility_control.h
[4.094s] -- Installing: /home/leungjch/Documents/repos/wato_monorepo_v2/install/sample_msgs/include/sample_msgs/sample_msgs/msg/filtered_array.h
[4.094s] -- Installing: /home/leungjch/Documents/repos/wato_monorepo_v2/install/sample_msgs/include/sample_msgs/sample_msgs/msg/metadata.h
[4.094s] -- Installing: /home/leungjch/Documents/repos/wato_monorepo_v2/install/sample_msgs/include/sample_msgs/sample_msgs/msg/unfiltered.h
[4.094s] -- Installing: /home/leungjch/Documents/repos/wato_monorepo_v2/install/sample_msgs/include/sample_msgs/sample_msgs/msg/detail
[4.094s] -- Installing: /home/leungjch/Documents/repos/wato_monorepo_v2/install/sample_msgs/include/sample_msgs/sample_msgs/msg/detail/unfiltered__functions.c
[4.094s] -- Installing: /home/leungjch/Documents/repos/wato_monorepo_v2/install/sample_msgs/include/sample_msgs/sample_msgs/msg/detail/metadata__struct.h
[4.094s] -- Installing: /home/leungjch/Documents/repos/wato_monorepo_v2/install/sample_msgs/include/sample_msgs/sample_msgs/msg/detail/unfiltered__type_support.h
[4.094s] -- Installing: /home/leungjch/Documents/repos/wato_monorepo_v2/install/sample_msgs/include/sample_msgs/sample_msgs/msg/detail/filtered__functions.c
[4.094s] -- Installing: /home/leungjch/Documents/repos/wato_monorepo_v2/install/sample_msgs/include/sample_msgs/sample_msgs/msg/detail/filtered_array__functions.c
[4.094s] -- Installing: /home/leungjch/Documents/repos/wato_monorepo_v2/install/sample_msgs/include/sample_msgs/sample_msgs/msg/detail/unfiltered__functions.h
[4.094s] -- Installing: /home/leungjch/Documents/repos/wato_monorepo_v2/install/sample_msgs/include/sample_msgs/sample_msgs/msg/detail/filtered_array__struct.h
[4.095s] -- Installing: /home/leungjch/Documents/repos/wato_monorepo_v2/install/sample_msgs/include/sample_msgs/sample_msgs/msg/detail/metadata__type_support.h
[4.095s] -- Installing: /home/leungjch/Documents/repos/wato_monorepo_v2/install/sample_msgs/include/sample_msgs/sample_msgs/msg/detail/unfiltered__struct.h
[4.095s] -- Installing: /home/leungjch/Documents/repos/wato_monorepo_v2/install/sample_msgs/include/sample_msgs/sample_msgs/msg/detail/filtered__struct.h
[4.095s] -- Installing: /home/leungjch/Documents/repos/wato_monorepo_v2/install/sample_msgs/include/sample_msgs/sample_msgs/msg/detail/filtered__functions.h
[4.095s] -- Installing: /home/leungjch/Documents/repos/wato_monorepo_v2/install/sample_msgs/include/sample_msgs/sample_msgs/msg/detail/metadata__functions.c
[4.095s] -- Installing: /home/leungjch/Documents/repos/wato_monorepo_v2/install/sample_msgs/include/sample_msgs/sample_msgs/msg/detail/filtered__type_support.h
[4.095s] -- Installing: /home/leungjch/Documents/repos/wato_monorepo_v2/install/sample_msgs/include/sample_msgs/sample_msgs/msg/detail/filtered_array__type_support.h
[4.095s] -- Installing: /home/leungjch/Documents/repos/wato_monorepo_v2/install/sample_msgs/include/sample_msgs/sample_msgs/msg/detail/metadata__functions.h
[4.095s] -- Installing: /home/leungjch/Documents/repos/wato_monorepo_v2/install/sample_msgs/include/sample_msgs/sample_msgs/msg/detail/filtered_array__functions.h
[4.095s] -- Installing: /home/leungjch/Documents/repos/wato_monorepo_v2/install/sample_msgs/share/sample_msgs/environment/library_path.sh
[4.095s] -- Installing: /home/leungjch/Documents/repos/wato_monorepo_v2/install/sample_msgs/share/sample_msgs/environment/library_path.dsv
[4.096s] -- Installing: /home/leungjch/Documents/repos/wato_monorepo_v2/install/sample_msgs/lib/libsample_msgs__rosidl_generator_c.so
[4.096s] -- Set runtime path of "/home/leungjch/Documents/repos/wato_monorepo_v2/install/sample_msgs/lib/libsample_msgs__rosidl_generator_c.so" to ""
[4.096s] -- Up-to-date: /home/leungjch/Documents/repos/wato_monorepo_v2/install/sample_msgs/include/sample_msgs/sample_msgs
[4.096s] -- Up-to-date: /home/leungjch/Documents/repos/wato_monorepo_v2/install/sample_msgs/include/sample_msgs/sample_msgs/msg
[4.096s] -- Installing: /home/leungjch/Documents/repos/wato_monorepo_v2/install/sample_msgs/include/sample_msgs/sample_msgs/msg/rosidl_typesupport_fastrtps_c__visibility_control.h
[4.096s] -- Up-to-date: /home/leungjch/Documents/repos/wato_monorepo_v2/install/sample_msgs/include/sample_msgs/sample_msgs/msg/detail
[4.096s] -- Installing: /home/leungjch/Documents/repos/wato_monorepo_v2/install/sample_msgs/include/sample_msgs/sample_msgs/msg/detail/filtered_array__rosidl_typesupport_fastrtps_c.h
[4.096s] -- Installing: /home/leungjch/Documents/repos/wato_monorepo_v2/install/sample_msgs/include/sample_msgs/sample_msgs/msg/detail/metadata__rosidl_typesupport_fastrtps_c.h
[4.096s] -- Installing: /home/leungjch/Documents/repos/wato_monorepo_v2/install/sample_msgs/include/sample_msgs/sample_msgs/msg/detail/filtered__rosidl_typesupport_fastrtps_c.h
[4.096s] -- Installing: /home/leungjch/Documents/repos/wato_monorepo_v2/install/sample_msgs/include/sample_msgs/sample_msgs/msg/detail/unfiltered__rosidl_typesupport_fastrtps_c.h
[4.097s] -- Installing: /home/leungjch/Documents/repos/wato_monorepo_v2/install/sample_msgs/lib/libsample_msgs__rosidl_typesupport_fastrtps_c.so
[4.097s] -- Set runtime path of "/home/leungjch/Documents/repos/wato_monorepo_v2/install/sample_msgs/lib/libsample_msgs__rosidl_typesupport_fastrtps_c.so" to ""
[4.097s] -- Up-to-date: /home/leungjch/Documents/repos/wato_monorepo_v2/install/sample_msgs/include/sample_msgs/sample_msgs
[4.097s] -- Up-to-date: /home/leungjch/Documents/repos/wato_monorepo_v2/install/sample_msgs/include/sample_msgs/sample_msgs/msg
[4.097s] -- Installing: /home/leungjch/Documents/repos/wato_monorepo_v2/install/sample_msgs/include/sample_msgs/sample_msgs/msg/filtered.hpp
[4.097s] -- Installing: /home/leungjch/Documents/repos/wato_monorepo_v2/install/sample_msgs/include/sample_msgs/sample_msgs/msg/filtered_array.hpp
[4.097s] -- Installing: /home/leungjch/Documents/repos/wato_monorepo_v2/install/sample_msgs/include/sample_msgs/sample_msgs/msg/unfiltered.hpp
[4.097s] -- Installing: /home/leungjch/Documents/repos/wato_monorepo_v2/install/sample_msgs/include/sample_msgs/sample_msgs/msg/metadata.hpp
[4.097s] -- Up-to-date: /home/leungjch/Documents/repos/wato_monorepo_v2/install/sample_msgs/include/sample_msgs/sample_msgs/msg/detail
[4.097s] -- Installing: /home/leungjch/Documents/repos/wato_monorepo_v2/install/sample_msgs/include/sample_msgs/sample_msgs/msg/detail/metadata__struct.hpp
[4.097s] -- Installing: /home/leungjch/Documents/repos/wato_monorepo_v2/install/sample_msgs/include/sample_msgs/sample_msgs/msg/detail/filtered_array__struct.hpp
[4.098s] -- Installing: /home/leungjch/Documents/repos/wato_monorepo_v2/install/sample_msgs/include/sample_msgs/sample_msgs/msg/detail/filtered_array__builder.hpp
[4.098s] -- Installing: /home/leungjch/Documents/repos/wato_monorepo_v2/install/sample_msgs/include/sample_msgs/sample_msgs/msg/detail/filtered__builder.hpp
[4.098s] -- Installing: /home/leungjch/Documents/repos/wato_monorepo_v2/install/sample_msgs/include/sample_msgs/sample_msgs/msg/detail/unfiltered__builder.hpp
[4.098s] -- Installing: /home/leungjch/Documents/repos/wato_monorepo_v2/install/sample_msgs/include/sample_msgs/sample_msgs/msg/detail/filtered_array__traits.hpp
[4.098s] -- Installing: /home/leungjch/Documents/repos/wato_monorepo_v2/install/sample_msgs/include/sample_msgs/sample_msgs/msg/detail/unfiltered__traits.hpp
[4.098s] -- Installing: /home/leungjch/Documents/repos/wato_monorepo_v2/install/sample_msgs/include/sample_msgs/sample_msgs/msg/detail/metadata__traits.hpp
[4.098s] -- Installing: /home/leungjch/Documents/repos/wato_monorepo_v2/install/sample_msgs/include/sample_msgs/sample_msgs/msg/detail/metadata__builder.hpp
[4.098s] -- Installing: /home/leungjch/Documents/repos/wato_monorepo_v2/install/sample_msgs/include/sample_msgs/sample_msgs/msg/detail/filtered__traits.hpp
[4.098s] -- Installing: /home/leungjch/Documents/repos/wato_monorepo_v2/install/sample_msgs/include/sample_msgs/sample_msgs/msg/detail/unfiltered__struct.hpp
[4.098s] -- Installing: /home/leungjch/Documents/repos/wato_monorepo_v2/install/sample_msgs/include/sample_msgs/sample_msgs/msg/detail/filtered__struct.hpp
[4.099s] -- Up-to-date: /home/leungjch/Documents/repos/wato_monorepo_v2/install/sample_msgs/include/sample_msgs/sample_msgs
[4.099s] -- Up-to-date: /home/leungjch/Documents/repos/wato_monorepo_v2/install/sample_msgs/include/sample_msgs/sample_msgs/msg
[4.099s] -- Up-to-date: /home/leungjch/Documents/repos/wato_monorepo_v2/install/sample_msgs/include/sample_msgs/sample_msgs/msg/detail
[4.099s] -- Installing: /home/leungjch/Documents/repos/wato_monorepo_v2/install/sample_msgs/include/sample_msgs/sample_msgs/msg/detail/dds_fastrtps
[4.099s] -- Installing: /home/leungjch/Documents/repos/wato_monorepo_v2/install/sample_msgs/include/sample_msgs/sample_msgs/msg/detail/unfiltered__rosidl_typesupport_fastrtps_cpp.hpp
[4.099s] -- Installing: /home/leungjch/Documents/repos/wato_monorepo_v2/install/sample_msgs/include/sample_msgs/sample_msgs/msg/detail/filtered__rosidl_typesupport_fastrtps_cpp.hpp
[4.099s] -- Installing: /home/leungjch/Documents/repos/wato_monorepo_v2/install/sample_msgs/include/sample_msgs/sample_msgs/msg/detail/filtered_array__rosidl_typesupport_fastrtps_cpp.hpp
[4.099s] -- Installing: /home/leungjch/Documents/repos/wato_monorepo_v2/install/sample_msgs/include/sample_msgs/sample_msgs/msg/detail/metadata__rosidl_typesupport_fastrtps_cpp.hpp
[4.099s] -- Installing: /home/leungjch/Documents/repos/wato_monorepo_v2/install/sample_msgs/include/sample_msgs/sample_msgs/msg/rosidl_typesupport_fastrtps_cpp__visibility_control.h
[4.099s] -- Installing: /home/leungjch/Documents/repos/wato_monorepo_v2/install/sample_msgs/lib/libsample_msgs__rosidl_typesupport_fastrtps_cpp.so
[4.099s] -- Set runtime path of "/home/leungjch/Documents/repos/wato_monorepo_v2/install/sample_msgs/lib/libsample_msgs__rosidl_typesupport_fastrtps_cpp.so" to ""
[4.100s] -- Up-to-date: /home/leungjch/Documents/repos/wato_monorepo_v2/install/sample_msgs/include/sample_msgs/sample_msgs
[4.100s] -- Up-to-date: /home/leungjch/Documents/repos/wato_monorepo_v2/install/sample_msgs/include/sample_msgs/sample_msgs/msg
[4.100s] -- Installing: /home/leungjch/Documents/repos/wato_monorepo_v2/install/sample_msgs/include/sample_msgs/sample_msgs/msg/rosidl_typesupport_introspection_c__visibility_control.h
[4.100s] -- Up-to-date: /home/leungjch/Documents/repos/wato_monorepo_v2/install/sample_msgs/include/sample_msgs/sample_msgs/msg/detail
[4.100s] -- Installing: /home/leungjch/Documents/repos/wato_monorepo_v2/install/sample_msgs/include/sample_msgs/sample_msgs/msg/detail/unfiltered__type_support.c
[4.100s] -- Installing: /home/leungjch/Documents/repos/wato_monorepo_v2/install/sample_msgs/include/sample_msgs/sample_msgs/msg/detail/filtered__rosidl_typesupport_introspection_c.h
[4.100s] -- Installing: /home/leungjch/Documents/repos/wato_monorepo_v2/install/sample_msgs/include/sample_msgs/sample_msgs/msg/detail/filtered_array__rosidl_typesupport_introspection_c.h
[4.100s] -- Installing: /home/leungjch/Documents/repos/wato_monorepo_v2/install/sample_msgs/include/sample_msgs/sample_msgs/msg/detail/filtered_array__type_support.c
[4.100s] -- Installing: /home/leungjch/Documents/repos/wato_monorepo_v2/install/sample_msgs/include/sample_msgs/sample_msgs/msg/detail/metadata__type_support.c
[4.100s] -- Installing: /home/leungjch/Documents/repos/wato_monorepo_v2/install/sample_msgs/include/sample_msgs/sample_msgs/msg/detail/filtered__type_support.c
[4.100s] -- Installing: /home/leungjch/Documents/repos/wato_monorepo_v2/install/sample_msgs/include/sample_msgs/sample_msgs/msg/detail/metadata__rosidl_typesupport_introspection_c.h
[4.100s] -- Installing: /home/leungjch/Documents/repos/wato_monorepo_v2/install/sample_msgs/include/sample_msgs/sample_msgs/msg/detail/unfiltered__rosidl_typesupport_introspection_c.h
[4.101s] -- Installing: /home/leungjch/Documents/repos/wato_monorepo_v2/install/sample_msgs/lib/libsample_msgs__rosidl_typesupport_introspection_c.so
[4.101s] -- Set runtime path of "/home/leungjch/Documents/repos/wato_monorepo_v2/install/sample_msgs/lib/libsample_msgs__rosidl_typesupport_introspection_c.so" to ""
[4.101s] -- Installing: /home/leungjch/Documents/repos/wato_monorepo_v2/install/sample_msgs/lib/libsample_msgs__rosidl_typesupport_c.so
[4.101s] -- Set runtime path of "/home/leungjch/Documents/repos/wato_monorepo_v2/install/sample_msgs/lib/libsample_msgs__rosidl_typesupport_c.so" to ""
[4.101s] -- Up-to-date: /home/leungjch/Documents/repos/wato_monorepo_v2/install/sample_msgs/include/sample_msgs/sample_msgs
[4.101s] -- Up-to-date: /home/leungjch/Documents/repos/wato_monorepo_v2/install/sample_msgs/include/sample_msgs/sample_msgs/msg
[4.101s] -- Up-to-date: /home/leungjch/Documents/repos/wato_monorepo_v2/install/sample_msgs/include/sample_msgs/sample_msgs/msg/detail
[4.101s] -- Installing: /home/leungjch/Documents/repos/wato_monorepo_v2/install/sample_msgs/include/sample_msgs/sample_msgs/msg/detail/filtered__type_support.cpp
[4.101s] -- Installing: /home/leungjch/Documents/repos/wato_monorepo_v2/install/sample_msgs/include/sample_msgs/sample_msgs/msg/detail/filtered_array__rosidl_typesupport_introspection_cpp.hpp
[4.102s] -- Installing: /home/leungjch/Documents/repos/wato_monorepo_v2/install/sample_msgs/include/sample_msgs/sample_msgs/msg/detail/unfiltered__type_support.cpp
[4.102s] -- Installing: /home/leungjch/Documents/repos/wato_monorepo_v2/install/sample_msgs/include/sample_msgs/sample_msgs/msg/detail/metadata__type_support.cpp
[4.102s] -- Installing: /home/leungjch/Documents/repos/wato_monorepo_v2/install/sample_msgs/include/sample_msgs/sample_msgs/msg/detail/filtered_array__type_support.cpp
[4.102s] -- Installing: /home/leungjch/Documents/repos/wato_monorepo_v2/install/sample_msgs/include/sample_msgs/sample_msgs/msg/detail/filtered__rosidl_typesupport_introspection_cpp.hpp
[4.102s] -- Installing: /home/leungjch/Documents/repos/wato_monorepo_v2/install/sample_msgs/include/sample_msgs/sample_msgs/msg/detail/metadata__rosidl_typesupport_introspection_cpp.hpp
[4.102s] -- Installing: /home/leungjch/Documents/repos/wato_monorepo_v2/install/sample_msgs/include/sample_msgs/sample_msgs/msg/detail/unfiltered__rosidl_typesupport_introspection_cpp.hpp
[4.102s] -- Installing: /home/leungjch/Documents/repos/wato_monorepo_v2/install/sample_msgs/lib/libsample_msgs__rosidl_typesupport_introspection_cpp.so
[4.102s] -- Set runtime path of "/home/leungjch/Documents/repos/wato_monorepo_v2/install/sample_msgs/lib/libsample_msgs__rosidl_typesupport_introspection_cpp.so" to ""
[4.102s] -- Installing: /home/leungjch/Documents/repos/wato_monorepo_v2/install/sample_msgs/lib/libsample_msgs__rosidl_typesupport_cpp.so
[4.103s] -- Set runtime path of "/home/leungjch/Documents/repos/wato_monorepo_v2/install/sample_msgs/lib/libsample_msgs__rosidl_typesupport_cpp.so" to ""
[4.103s] -- Installing: /home/leungjch/Documents/repos/wato_monorepo_v2/install/sample_msgs/share/sample_msgs/msg/Filtered.idl
[4.103s] -- Installing: /home/leungjch/Documents/repos/wato_monorepo_v2/install/sample_msgs/share/sample_msgs/msg/FilteredArray.idl
[4.103s] -- Installing: /home/leungjch/Documents/repos/wato_monorepo_v2/install/sample_msgs/share/sample_msgs/msg/Unfiltered.idl
[4.103s] -- Installing: /home/leungjch/Documents/repos/wato_monorepo_v2/install/sample_msgs/share/sample_msgs/msg/Metadata.idl
[4.103s] -- Installing: /home/leungjch/Documents/repos/wato_monorepo_v2/install/sample_msgs/share/sample_msgs/msg/Filtered.msg
[4.103s] -- Installing: /home/leungjch/Documents/repos/wato_monorepo_v2/install/sample_msgs/share/sample_msgs/msg/FilteredArray.msg
[4.103s] -- Installing: /home/leungjch/Documents/repos/wato_monorepo_v2/install/sample_msgs/share/sample_msgs/msg/Unfiltered.msg
[4.103s] -- Installing: /home/leungjch/Documents/repos/wato_monorepo_v2/install/sample_msgs/share/sample_msgs/msg/Metadata.msg
[4.104s] -- Installing: /home/leungjch/Documents/repos/wato_monorepo_v2/install/sample_msgs/share/ament_index/resource_index/package_run_dependencies/sample_msgs
[4.104s] -- Installing: /home/leungjch/Documents/repos/wato_monorepo_v2/install/sample_msgs/share/ament_index/resource_index/parent_prefix_path/sample_msgs
[4.104s] -- Installing: /home/leungjch/Documents/repos/wato_monorepo_v2/install/sample_msgs/share/sample_msgs/environment/ament_prefix_path.sh
[4.104s] -- Installing: /home/leungjch/Documents/repos/wato_monorepo_v2/install/sample_msgs/share/sample_msgs/environment/ament_prefix_path.dsv
[4.104s] -- Installing: /home/leungjch/Documents/repos/wato_monorepo_v2/install/sample_msgs/share/sample_msgs/environment/path.sh
[4.104s] -- Installing: /home/leungjch/Documents/repos/wato_monorepo_v2/install/sample_msgs/share/sample_msgs/environment/path.dsv
[4.104s] -- Installing: /home/leungjch/Documents/repos/wato_monorepo_v2/install/sample_msgs/share/sample_msgs/local_setup.bash
[4.105s] -- Installing: /home/leungjch/Documents/repos/wato_monorepo_v2/install/sample_msgs/share/sample_msgs/local_setup.sh
[4.105s] -- Installing: /home/leungjch/Documents/repos/wato_monorepo_v2/install/sample_msgs/share/sample_msgs/local_setup.zsh
[4.105s] -- Installing: /home/leungjch/Documents/repos/wato_monorepo_v2/install/sample_msgs/share/sample_msgs/local_setup.dsv
[4.105s] -- Installing: /home/leungjch/Documents/repos/wato_monorepo_v2/install/sample_msgs/share/sample_msgs/package.dsv
[4.105s] -- Installing: /home/leungjch/Documents/repos/wato_monorepo_v2/install/sample_msgs/share/ament_index/resource_index/packages/sample_msgs
[4.105s] -- Installing: /home/leungjch/Documents/repos/wato_monorepo_v2/install/sample_msgs/share/sample_msgs/cmake/export_sample_msgs__rosidl_generator_cExport.cmake
[4.105s] -- Installing: /home/leungjch/Documents/repos/wato_monorepo_v2/install/sample_msgs/share/sample_msgs/cmake/export_sample_msgs__rosidl_generator_cExport-noconfig.cmake
[4.105s] -- Installing: /home/leungjch/Documents/repos/wato_monorepo_v2/install/sample_msgs/share/sample_msgs/cmake/export_sample_msgs__rosidl_typesupport_fastrtps_cExport.cmake
[4.106s] -- Installing: /home/leungjch/Documents/repos/wato_monorepo_v2/install/sample_msgs/share/sample_msgs/cmake/export_sample_msgs__rosidl_typesupport_fastrtps_cExport-noconfig.cmake
[4.106s] -- Installing: /home/leungjch/Documents/repos/wato_monorepo_v2/install/sample_msgs/share/sample_msgs/cmake/export_sample_msgs__rosidl_generator_cppExport.cmake
[4.106s] -- Installing: /home/leungjch/Documents/repos/wato_monorepo_v2/install/sample_msgs/share/sample_msgs/cmake/export_sample_msgs__rosidl_typesupport_fastrtps_cppExport.cmake
[4.106s] -- Installing: /home/leungjch/Documents/repos/wato_monorepo_v2/install/sample_msgs/share/sample_msgs/cmake/export_sample_msgs__rosidl_typesupport_fastrtps_cppExport-noconfig.cmake
[4.106s] -- Installing: /home/leungjch/Documents/repos/wato_monorepo_v2/install/sample_msgs/share/sample_msgs/cmake/sample_msgs__rosidl_typesupport_introspection_cExport.cmake
[4.106s] -- Installing: /home/leungjch/Documents/repos/wato_monorepo_v2/install/sample_msgs/share/sample_msgs/cmake/sample_msgs__rosidl_typesupport_introspection_cExport-noconfig.cmake
[4.106s] -- Installing: /home/leungjch/Documents/repos/wato_monorepo_v2/install/sample_msgs/share/sample_msgs/cmake/sample_msgs__rosidl_typesupport_cExport.cmake
[4.106s] -- Installing: /home/leungjch/Documents/repos/wato_monorepo_v2/install/sample_msgs/share/sample_msgs/cmake/sample_msgs__rosidl_typesupport_cExport-noconfig.cmake
[4.107s] -- Installing: /home/leungjch/Documents/repos/wato_monorepo_v2/install/sample_msgs/share/sample_msgs/cmake/sample_msgs__rosidl_typesupport_introspection_cppExport.cmake
[4.107s] -- Installing: /home/leungjch/Documents/repos/wato_monorepo_v2/install/sample_msgs/share/sample_msgs/cmake/sample_msgs__rosidl_typesupport_introspection_cppExport-noconfig.cmake
[4.107s] -- Installing: /home/leungjch/Documents/repos/wato_monorepo_v2/install/sample_msgs/share/sample_msgs/cmake/sample_msgs__rosidl_typesupport_cppExport.cmake
[4.107s] -- Installing: /home/leungjch/Documents/repos/wato_monorepo_v2/install/sample_msgs/share/sample_msgs/cmake/sample_msgs__rosidl_typesupport_cppExport-noconfig.cmake
[4.107s] -- Installing: /home/leungjch/Documents/repos/wato_monorepo_v2/install/sample_msgs/share/sample_msgs/cmake/rosidl_cmake-extras.cmake
[4.107s] -- Installing: /home/leungjch/Documents/repos/wato_monorepo_v2/install/sample_msgs/share/sample_msgs/cmake/ament_cmake_export_dependencies-extras.cmake
[4.107s] -- Installing: /home/leungjch/Documents/repos/wato_monorepo_v2/install/sample_msgs/share/sample_msgs/cmake/ament_cmake_export_include_directories-extras.cmake
[4.107s] -- Installing: /home/leungjch/Documents/repos/wato_monorepo_v2/install/sample_msgs/share/sample_msgs/cmake/ament_cmake_export_libraries-extras.cmake
[4.108s] -- Installing: /home/leungjch/Documents/repos/wato_monorepo_v2/install/sample_msgs/share/sample_msgs/cmake/ament_cmake_export_targets-extras.cmake
[4.108s] -- Installing: /home/leungjch/Documents/repos/wato_monorepo_v2/install/sample_msgs/share/sample_msgs/cmake/rosidl_cmake_export_typesupport_targets-extras.cmake
[4.108s] -- Installing: /home/leungjch/Documents/repos/wato_monorepo_v2/install/sample_msgs/share/sample_msgs/cmake/rosidl_cmake_export_typesupport_libraries-extras.cmake
[4.108s] -- Installing: /home/leungjch/Documents/repos/wato_monorepo_v2/install/sample_msgs/share/sample_msgs/cmake/sample_msgsConfig.cmake
[4.108s] -- Installing: /home/leungjch/Documents/repos/wato_monorepo_v2/install/sample_msgs/share/sample_msgs/cmake/sample_msgsConfig-version.cmake
[4.108s] -- Installing: /home/leungjch/Documents/repos/wato_monorepo_v2/install/sample_msgs/share/sample_msgs/package.xml
[4.113s] Invoked command in '/home/leungjch/Documents/repos/wato_monorepo_v2/build/sample_msgs' returned '0': CMAKE_PREFIX_PATH=/opt/ros/humble CONDA_PROMPT_MODIFIER=(base) /usr/bin/cmake --install /home/leungjch/Documents/repos/wato_monorepo_v2/build/sample_msgs
