[0.033s] Invoking command in '/home/leungjch/Documents/repos/wato_monorepo_v2/src/build/transformer': CMAKE_PREFIX_PATH=/home/leungjch/Documents/repos/wato_monorepo_v2/src/install/sample_msgs:/home/leungjch/Documents/repos/wato_monorepo_v2/src/install/tutorial_interfaces:/home/leungjch/Documents/repos/wato_monorepo_v2/src/install/transformer:/home/leungjch/Documents/repos/wato_monorepo_v2/src/install/producer:/home/leungjch/Documents/repos/wato_monorepo_v2/src/install/aggregator:/home/leungjch/Documents/repos/wato_monorepo_v2/src/install/common_msgs:/home/leungjch/Documents/repos/wato_monorepo_v2/src/install/py_pubsub:/home/leungjch/Documents/repos/wato_monorepo_v2/src/install/camera_detection:/opt/ros/humble CONDA_PROMPT_MODIFIER=(base) LD_LIBRARY_PATH=/home/leungjch/Documents/repos/wato_monorepo_v2/src/install/sample_msgs/lib:/home/leungjch/Documents/repos/wato_monorepo_v2/src/install/tutorial_interfaces/lib:/home/leungjch/Documents/repos/wato_monorepo_v2/src/install/common_msgs/lib:/opt/ros/humble/opt/rviz_ogre_vendor/lib:/opt/ros/humble/lib/x86_64-linux-gnu:/opt/ros/humble/lib /usr/bin/cmake --build /home/leungjch/Documents/repos/wato_monorepo_v2/src/build/transformer -- -j16 -l16
[0.112s] [35m[1mConsolidate compiler generated dependencies of target gtest_main[0m
[0.113s] [35m[1mConsolidate compiler generated dependencies of target gtest[0m
[0.114s] [35m[1mConsolidate compiler generated dependencies of target transformer_lib[0m
[0.143s] [ 20%] Built target gtest_main
[0.146s] [ 40%] Built target gtest
[0.147s] [ 60%] Built target transformer_lib
[0.166s] [35m[1mConsolidate compiler generated dependencies of target transformer_test[0m
[0.167s] [35m[1mConsolidate compiler generated dependencies of target transformer_node[0m
[0.191s] [ 80%] Built target transformer_test
[0.192s] [100%] Built target transformer_node
[0.213s] Invoked command in '/home/leungjch/Documents/repos/wato_monorepo_v2/src/build/transformer' returned '0': CMAKE_PREFIX_PATH=/home/leungjch/Documents/repos/wato_monorepo_v2/src/install/sample_msgs:/home/leungjch/Documents/repos/wato_monorepo_v2/src/install/tutorial_interfaces:/home/leungjch/Documents/repos/wato_monorepo_v2/src/install/transformer:/home/leungjch/Documents/repos/wato_monorepo_v2/src/install/producer:/home/leungjch/Documents/repos/wato_monorepo_v2/src/install/aggregator:/home/leungjch/Documents/repos/wato_monorepo_v2/src/install/common_msgs:/home/leungjch/Documents/repos/wato_monorepo_v2/src/install/py_pubsub:/home/leungjch/Documents/repos/wato_monorepo_v2/src/install/camera_detection:/opt/ros/humble CONDA_PROMPT_MODIFIER=(base) LD_LIBRARY_PATH=/home/leungjch/Documents/repos/wato_monorepo_v2/src/install/sample_msgs/lib:/home/leungjch/Documents/repos/wato_monorepo_v2/src/install/tutorial_interfaces/lib:/home/leungjch/Documents/repos/wato_monorepo_v2/src/install/common_msgs/lib:/opt/ros/humble/opt/rviz_ogre_vendor/lib:/opt/ros/humble/lib/x86_64-linux-gnu:/opt/ros/humble/lib /usr/bin/cmake --build /home/leungjch/Documents/repos/wato_monorepo_v2/src/build/transformer -- -j16 -l16
[0.255s] Invoking command in '/home/leungjch/Documents/repos/wato_monorepo_v2/src/build/transformer': CMAKE_PREFIX_PATH=/home/leungjch/Documents/repos/wato_monorepo_v2/src/install/sample_msgs:/home/leungjch/Documents/repos/wato_monorepo_v2/src/install/tutorial_interfaces:/home/leungjch/Documents/repos/wato_monorepo_v2/src/install/transformer:/home/leungjch/Documents/repos/wato_monorepo_v2/src/install/producer:/home/leungjch/Documents/repos/wato_monorepo_v2/src/install/aggregator:/home/leungjch/Documents/repos/wato_monorepo_v2/src/install/common_msgs:/home/leungjch/Documents/repos/wato_monorepo_v2/src/install/py_pubsub:/home/leungjch/Documents/repos/wato_monorepo_v2/src/install/camera_detection:/opt/ros/humble CONDA_PROMPT_MODIFIER=(base) LD_LIBRARY_PATH=/home/leungjch/Documents/repos/wato_monorepo_v2/src/install/sample_msgs/lib:/home/leungjch/Documents/repos/wato_monorepo_v2/src/install/tutorial_interfaces/lib:/home/leungjch/Documents/repos/wato_monorepo_v2/src/install/common_msgs/lib:/opt/ros/humble/opt/rviz_ogre_vendor/lib:/opt/ros/humble/lib/x86_64-linux-gnu:/opt/ros/humble/lib /usr/bin/cmake --install /home/leungjch/Documents/repos/wato_monorepo_v2/src/build/transformer
[0.271s] -- Install configuration: ""
[0.271s] -- Up-to-date: /home/leungjch/Documents/repos/wato_monorepo_v2/src/install/transformer/lib/transformer/transformer_test
[0.272s] -- Up-to-date: /home/leungjch/Documents/repos/wato_monorepo_v2/src/install/transformer/lib/transformer/transformer_node
[0.272s] -- Up-to-date: /home/leungjch/Documents/repos/wato_monorepo_v2/src/install/transformer/share/transformer/config
[0.272s] -- Up-to-date: /home/leungjch/Documents/repos/wato_monorepo_v2/src/install/transformer/share/transformer/config/params.yaml
[0.272s] -- Up-to-date: /home/leungjch/Documents/repos/wato_monorepo_v2/src/install/transformer/share/transformer/launch
[0.273s] -- Up-to-date: /home/leungjch/Documents/repos/wato_monorepo_v2/src/install/transformer/share/transformer/launch/transformer.launch.py
[0.273s] -- Up-to-date: /home/leungjch/Documents/repos/wato_monorepo_v2/src/install/transformer/share/ament_index/resource_index/package_run_dependencies/transformer
[0.273s] -- Up-to-date: /home/leungjch/Documents/repos/wato_monorepo_v2/src/install/transformer/share/ament_index/resource_index/parent_prefix_path/transformer
[0.273s] -- Up-to-date: /home/leungjch/Documents/repos/wato_monorepo_v2/src/install/transformer/share/transformer/environment/ament_prefix_path.sh
[0.273s] -- Up-to-date: /home/leungjch/Documents/repos/wato_monorepo_v2/src/install/transformer/share/transformer/environment/ament_prefix_path.dsv
[0.273s] -- Up-to-date: /home/leungjch/Documents/repos/wato_monorepo_v2/src/install/transformer/share/transformer/environment/path.sh
[0.274s] -- Up-to-date: /home/leungjch/Documents/repos/wato_monorepo_v2/src/install/transformer/share/transformer/environment/path.dsv
[0.274s] -- Up-to-date: /home/leungjch/Documents/repos/wato_monorepo_v2/src/install/transformer/share/transformer/local_setup.bash
[0.274s] -- Up-to-date: /home/leungjch/Documents/repos/wato_monorepo_v2/src/install/transformer/share/transformer/local_setup.sh
[0.274s] -- Up-to-date: /home/leungjch/Documents/repos/wato_monorepo_v2/src/install/transformer/share/transformer/local_setup.zsh
[0.274s] -- Up-to-date: /home/leungjch/Documents/repos/wato_monorepo_v2/src/install/transformer/share/transformer/local_setup.dsv
[0.274s] -- Installing: /home/leungjch/Documents/repos/wato_monorepo_v2/src/install/transformer/share/transformer/package.dsv
[0.274s] -- Up-to-date: /home/leungjch/Documents/repos/wato_monorepo_v2/src/install/transformer/share/ament_index/resource_index/packages/transformer
[0.274s] -- Up-to-date: /home/leungjch/Documents/repos/wato_monorepo_v2/src/install/transformer/share/transformer/cmake/transformerConfig.cmake
[0.275s] -- Up-to-date: /home/leungjch/Documents/repos/wato_monorepo_v2/src/install/transformer/share/transformer/cmake/transformerConfig-version.cmake
[0.275s] -- Up-to-date: /home/leungjch/Documents/repos/wato_monorepo_v2/src/install/transformer/share/transformer/package.xml
[0.321s] Invoked command in '/home/leungjch/Documents/repos/wato_monorepo_v2/src/build/transformer' returned '0': CMAKE_PREFIX_PATH=/home/leungjch/Documents/repos/wato_monorepo_v2/src/install/sample_msgs:/home/leungjch/Documents/repos/wato_monorepo_v2/src/install/tutorial_interfaces:/home/leungjch/Documents/repos/wato_monorepo_v2/src/install/transformer:/home/leungjch/Documents/repos/wato_monorepo_v2/src/install/producer:/home/leungjch/Documents/repos/wato_monorepo_v2/src/install/aggregator:/home/leungjch/Documents/repos/wato_monorepo_v2/src/install/common_msgs:/home/leungjch/Documents/repos/wato_monorepo_v2/src/install/py_pubsub:/home/leungjch/Documents/repos/wato_monorepo_v2/src/install/camera_detection:/opt/ros/humble CONDA_PROMPT_MODIFIER=(base) LD_LIBRARY_PATH=/home/leungjch/Documents/repos/wato_monorepo_v2/src/install/sample_msgs/lib:/home/leungjch/Documents/repos/wato_monorepo_v2/src/install/tutorial_interfaces/lib:/home/leungjch/Documents/repos/wato_monorepo_v2/src/install/common_msgs/lib:/opt/ros/humble/opt/rviz_ogre_vendor/lib:/opt/ros/humble/lib/x86_64-linux-gnu:/opt/ros/humble/lib /usr/bin/cmake --install /home/leungjch/Documents/repos/wato_monorepo_v2/src/build/transformer
