[0.956s] Invoking command in '/home/leungjch/Documents/repos/wato_monorepo_v2/src/py_pubsub': CONDA_PROMPT_MODIFIER=(base) PYTHONPATH=/home/leungjch/Documents/repos/wato_monorepo_v2/src/build/py_pubsub/prefix_override:/home/leungjch/Documents/repos/wato_monorepo_v2/src/install/py_pubsub/lib/python3.10/site-packages:${PYTHONPATH} /usr/bin/python3 setup.py egg_info --egg-base ../build/py_pubsub build --build-base /home/leungjch/Documents/repos/wato_monorepo_v2/src/build/py_pubsub/build install --record /home/leungjch/Documents/repos/wato_monorepo_v2/src/build/py_pubsub/install.log --single-version-externally-managed
[1.340s] running egg_info
[1.340s] writing ../build/py_pubsub/py_pubsub.egg-info/PKG-INFO
[1.340s] writing dependency_links to ../build/py_pubsub/py_pubsub.egg-info/dependency_links.txt
[1.340s] writing entry points to ../build/py_pubsub/py_pubsub.egg-info/entry_points.txt
[1.341s] writing requirements to ../build/py_pubsub/py_pubsub.egg-info/requires.txt
[1.341s] writing top-level names to ../build/py_pubsub/py_pubsub.egg-info/top_level.txt
[1.344s] reading manifest file '../build/py_pubsub/py_pubsub.egg-info/SOURCES.txt'
[1.345s] writing manifest file '../build/py_pubsub/py_pubsub.egg-info/SOURCES.txt'
[1.345s] running build
[1.345s] running build_py
[1.345s] running install
[1.346s] running install_lib
[1.347s] running install_data
[1.348s] copying package.xml -> /home/leungjch/Documents/repos/wato_monorepo_v2/src/install/py_pubsub/share/py_pubsub
[1.348s] running install_egg_info
[1.351s] removing '/home/leungjch/Documents/repos/wato_monorepo_v2/src/install/py_pubsub/lib/python3.10/site-packages/py_pubsub-0.0.0-py3.10.egg-info' (and everything under it)
[1.351s] Copying ../build/py_pubsub/py_pubsub.egg-info to /home/leungjch/Documents/repos/wato_monorepo_v2/src/install/py_pubsub/lib/python3.10/site-packages/py_pubsub-0.0.0-py3.10.egg-info
[1.352s] running install_scripts
[1.383s] Installing talker script to /home/leungjch/Documents/repos/wato_monorepo_v2/src/install/py_pubsub/lib/py_pubsub
[1.383s] writing list of installed files to '/home/leungjch/Documents/repos/wato_monorepo_v2/src/build/py_pubsub/install.log'
[1.411s] Invoked command in '/home/leungjch/Documents/repos/wato_monorepo_v2/src/py_pubsub' returned '0': CONDA_PROMPT_MODIFIER=(base) PYTHONPATH=/home/leungjch/Documents/repos/wato_monorepo_v2/src/build/py_pubsub/prefix_override:/home/leungjch/Documents/repos/wato_monorepo_v2/src/install/py_pubsub/lib/python3.10/site-packages:${PYTHONPATH} /usr/bin/python3 setup.py egg_info --egg-base ../build/py_pubsub build --build-base /home/leungjch/Documents/repos/wato_monorepo_v2/src/build/py_pubsub/build install --record /home/leungjch/Documents/repos/wato_monorepo_v2/src/build/py_pubsub/install.log --single-version-externally-managed
