/home/bolty/ament_ws/src/camera_object_detection/install/camera_object_detection/lib/python3.10/site-packages/camera_object_detection/__init__.py
/home/bolty/ament_ws/src/camera_object_detection/install/camera_object_detection/lib/python3.10/site-packages/camera_object_detection/yolov8_detection.py
/home/bolty/ament_ws/src/camera_object_detection/install/camera_object_detection/lib/python3.10/site-packages/camera_object_detection/yolov8_train.py
/home/bolty/ament_ws/src/camera_object_detection/install/camera_object_detection/lib/python3.10/site-packages/camera_object_detection/__pycache__/__init__.cpython-310.pyc
/home/bolty/ament_ws/src/camera_object_detection/install/camera_object_detection/lib/python3.10/site-packages/camera_object_detection/__pycache__/yolov8_detection.cpython-310.pyc
/home/bolty/ament_ws/src/camera_object_detection/install/camera_object_detection/lib/python3.10/site-packages/camera_object_detection/__pycache__/yolov8_train.cpython-310.pyc
/home/bolty/ament_ws/src/camera_object_detection/install/camera_object_detection/share/ament_index/resource_index/packages/camera_object_detection
/home/bolty/ament_ws/src/camera_object_detection/install/camera_object_detection/share/camera_object_detection/package.xml
/home/bolty/ament_ws/src/camera_object_detection/install/camera_object_detection/share/camera_object_detection/launch/nuscenes_launch.py
/home/bolty/ament_ws/src/camera_object_detection/install/camera_object_detection/share/camera_object_detection/launch/traffic_signs_launch.py
/home/bolty/ament_ws/src/camera_object_detection/install/camera_object_detection/share/camera_object_detection/launch/sim_launch.py
/home/bolty/ament_ws/src/camera_object_detection/install/camera_object_detection/share/camera_object_detection/launch/deepracer_launch.py
/home/bolty/ament_ws/src/camera_object_detection/install/camera_object_detection/share/camera_object_detection/config/sim_config.yaml
/home/bolty/ament_ws/src/camera_object_detection/install/camera_object_detection/share/camera_object_detection/config/deepracer_config.yaml
/home/bolty/ament_ws/src/camera_object_detection/install/camera_object_detection/share/camera_object_detection/config/nuscenes_config.yaml
/home/bolty/ament_ws/src/camera_object_detection/install/camera_object_detection/share/camera_object_detection/config/traffic_signs_config.yaml
/home/bolty/ament_ws/src/camera_object_detection/install/camera_object_detection/lib/python3.10/site-packages/camera_object_detection-0.0.0-py3.10.egg-info/SOURCES.txt
/home/bolty/ament_ws/src/camera_object_detection/install/camera_object_detection/lib/python3.10/site-packages/camera_object_detection-0.0.0-py3.10.egg-info/zip-safe
/home/bolty/ament_ws/src/camera_object_detection/install/camera_object_detection/lib/python3.10/site-packages/camera_object_detection-0.0.0-py3.10.egg-info/top_level.txt
/home/bolty/ament_ws/src/camera_object_detection/install/camera_object_detection/lib/python3.10/site-packages/camera_object_detection-0.0.0-py3.10.egg-info/entry_points.txt
/home/bolty/ament_ws/src/camera_object_detection/install/camera_object_detection/lib/python3.10/site-packages/camera_object_detection-0.0.0-py3.10.egg-info/PKG-INFO
/home/bolty/ament_ws/src/camera_object_detection/install/camera_object_detection/lib/python3.10/site-packages/camera_object_detection-0.0.0-py3.10.egg-info/requires.txt
/home/bolty/ament_ws/src/camera_object_detection/install/camera_object_detection/lib/python3.10/site-packages/camera_object_detection-0.0.0-py3.10.egg-info/dependency_links.txt
/home/bolty/ament_ws/src/camera_object_detection/install/camera_object_detection/lib/camera_object_detection/camera_object_detection_node
