[0.268s] Invoking command in '/home/docker/ament_ws/src/lidar_object_detection/build/pp_infer': CMAKE_PREFIX_PATH=${CMAKE_PREFIX_PATH}:/opt/ros/humble/install/ros2bag:/opt/ros/humble/install/tf2_tools:/opt/ros/humble/install/tf2_ros_py:/opt/ros/humble/install/sros2:/opt/ros/humble/install/ros2topic:/opt/ros/humble/install/ros2test:/opt/ros/humble/install/ros2component:/opt/ros/humble/install/ros2param:/opt/ros/humble/install/ros2lifecycle:/opt/ros/humble/install/ros2service:/opt/ros/humble/install/ros2run:/opt/ros/humble/install/ros2launch:/opt/ros/humble/install/ros2pkg:/opt/ros/humble/install/ros2node:/opt/ros/humble/install/ros2multicast:/opt/ros/humble/install/ros2interface:/opt/ros/humble/install/ros2doctor:/opt/ros/humble/install/ros2action:/opt/ros/humble/install/ros2cli:/opt/ros/humble/install/launch_testing_ros:/opt/ros/humble/install/launch_ros:/opt/ros/humble/install/ament_uncrustify:/opt/ros/humble/install/rpyutils:/opt/ros/humble/install/rosidl_runtime_py:/opt/ros/humble/install/rosidl_cli:/opt/ros/humble/install/launch_testing:/opt/ros/humble/install/launch_yaml:/opt/ros/humble/install/launch_xml:/opt/ros/humble/install/launch:/opt/ros/humble/install/osrf_pycommon:/opt/ros/humble/install/domain_coordinator:/opt/ros/humble/install/ament_xmllint:/opt/ros/humble/install/ament_pycodestyle:/opt/ros/humble/install/ament_pep257:/opt/ros/humble/install/ament_package:/opt/ros/humble/install/ament_mypy:/opt/ros/humble/install/ament_lint_cmake:/opt/ros/humble/install/ament_flake8:/opt/ros/humble/install/ament_copyright:/opt/ros/humble/install/ament_lint:/opt/ros/humble/install/ament_index_python:/opt/ros/humble/install/ament_cpplint:/opt/ros/humble/install/ament_cppcheck _=/usr/bin/env /usr/local/bin/cmake --build /home/docker/ament_ws/src/lidar_object_detection/build/pp_infer -- -j120 -l120
[0.345s] [35m[1mConsolidate compiler generated dependencies of target pp_infer[0m
[0.414s] [ 25%] [32mBuilding CXX object CMakeFiles/pp_infer.dir/src/pp_inference_node.cpp.o[0m
[2.977s] In file included from [01m[K/home/docker/ament_ws/src/lidar_object_detection/lidar_object_detection_node/src/pp_inference_node.cpp:49[m[K:
[2.977s] [01m[K/opt/ros/humble/src/geometry2/tf2_geometry_msgs/include/tf2_geometry_msgs/tf2_geometry_msgs.h:35:2:[m[K [01;35m[Kwarning: [m[K#warning This header is obsolete, please include tf2_geometry_msgs/tf2_geometry_msgs.hpp instead [[01;35m[K-Wcpp[m[K]
[2.977s]    35 | #[01;35m[Kwarning[m[K This header is obsolete, please include tf2_geometry_msgs/tf2_geometry_msgs.hpp instead
[2.977s]       |  [01;35m[K^~~~~~~[m[K
[7.395s] In file included from [01m[K/opt/ros/humble/build/rclcpp/include/rclcpp/logging.hpp:24[m[K,
[7.395s]                  from [01m[K/opt/ros/humble/src/rclcpp/rclcpp/include/rclcpp/client.hpp:40[m[K,
[7.396s]                  from [01m[K/opt/ros/humble/src/rclcpp/rclcpp/include/rclcpp/callback_group.hpp:24[m[K,
[7.396s]                  from [01m[K/opt/ros/humble/src/rclcpp/rclcpp/include/rclcpp/any_executable.hpp:20[m[K,
[7.396s]                  from [01m[K/opt/ros/humble/src/rclcpp/rclcpp/include/rclcpp/memory_strategy.hpp:25[m[K,
[7.396s]                  from [01m[K/opt/ros/humble/src/rclcpp/rclcpp/include/rclcpp/memory_strategies.hpp:18[m[K,
[7.396s]                  from [01m[K/opt/ros/humble/src/rclcpp/rclcpp/include/rclcpp/executor_options.hpp:20[m[K,
[7.396s]                  from [01m[K/opt/ros/humble/src/rclcpp/rclcpp/include/rclcpp/executor.hpp:37[m[K,
[7.396s]                  from [01m[K/opt/ros/humble/src/rclcpp/rclcpp/include/rclcpp/executors/multi_threaded_executor.hpp:25[m[K,
[7.397s]                  from [01m[K/opt/ros/humble/src/rclcpp/rclcpp/include/rclcpp/executors.hpp:21[m[K,
[7.397s]                  from [01m[K/opt/ros/humble/src/rclcpp/rclcpp/include/rclcpp/rclcpp.hpp:155[m[K,
[7.397s]                  from [01m[K/home/docker/ament_ws/src/lidar_object_detection/lidar_object_detection_node/src/../include/pp_infer/pointpillar.h:31[m[K,
[7.397s]                  from [01m[K/home/docker/ament_ws/src/lidar_object_detection/lidar_object_detection_node/src/pp_inference_node.cpp:39[m[K:
[7.397s] [01m[K/home/docker/ament_ws/src/lidar_object_detection/lidar_object_detection_node/src/pp_inference_node.cpp:[m[K In constructor ‘[01m[KMinimalPublisher::MinimalPublisher()[m[K’:
[7.397s] [01m[K/home/docker/ament_ws/src/lidar_object_detection/lidar_object_detection_node/src/pp_inference_node.cpp:187:41:[m[K [01;35m[Kwarning: [m[Kformat ‘[01m[K%d[m[K’ expects argument of type ‘[01m[Kint[m[K’, but argument 5 has type ‘[01m[Kstd::vector<Bndbox>::size_type[m[K’ {aka ‘[01m[Klong unsigned int[m[K’} [[01;35m[K-Wformat=[m[K]
[7.397s]   187 |         RCLCPP_INFO(this->get_logger(), [01;35m[K"  done inference! %d "[m[K, [32m[Knms_pred.size()[m[K);
[7.397s]       |                                         [01;35m[K^~~~~~~~~~~~~~~~~~~~~~~[m[K  [32m[K~~~~~~~~~~~~~~~[m[K
[7.397s]       |                                                                               [32m[K|[m[K
[7.397s]       |                                                                               [32m[Kstd::vector<Bndbox>::size_type {aka long unsigned int}[m[K
[7.397s] [01m[K/home/docker/ament_ws/src/lidar_object_detection/lidar_object_detection_node/src/pp_inference_node.cpp:187:61:[m[K [01;36m[Knote: [m[Kformat string is defined here
[7.397s]   187 | FO(this->get_logger(), "  done inference! [01;36m[K%d[m[K ", nms_pred.size());
[7.398s]       |                                           [01;36m[K~^[m[K
[7.398s]       |                                            [01;36m[K|[m[K
[7.398s]       |                                            [01;36m[Kint[m[K
[7.398s]       |                                           [32m[K%ld[m[K
[7.398s] [01m[K/home/docker/ament_ws/src/lidar_object_detection/lidar_object_detection_node/src/pp_inference_node.cpp:190:27:[m[K [01;35m[Kwarning: [m[Kcomparison of integer expressions of different signedness: ‘[01m[Kint[m[K’ and ‘[01m[Kstd::vector<Bndbox>::size_type[m[K’ {aka ‘[01m[Klong unsigned int[m[K’} [[01;35m[K-Wsign-compare[m[K]
[7.398s]   190 |         for (int i = 0; [01;35m[Ki < nms_pred.size()[m[K; i++)
[7.398s]       |                         [01;35m[K~~^~~~~~~~~~~~~~~~~[m[K
[7.398s] [01m[K/home/docker/ament_ws/src/lidar_object_detection/lidar_object_detection_node/src/pp_inference_node.cpp:169:28:[m[K [01;35m[Kwarning: [m[Kunused variable ‘[01m[Kstop[m[K’ [[01;35m[K-Wunused-variable[m[K]
[7.398s]   169 |         cudaEvent_t start, [01;35m[Kstop[m[K;
[7.398s]       |                            [01;35m[K^~~~[m[K
[7.425s] [01m[K/home/docker/ament_ws/src/lidar_object_detection/lidar_object_detection_node/src/pp_inference_node.cpp:[m[K In member function ‘[01m[Kvoid MinimalPublisher::topic_callback(sensor_msgs::msg::PointCloud2_<std::allocator<void> >::ConstSharedPtr)[m[K’:
[7.425s] [01m[K/home/docker/ament_ws/src/lidar_object_detection/lidar_object_detection_node/src/pp_inference_node.cpp:278:23:[m[K [01;35m[Kwarning: [m[Kcomparison of integer expressions of different signedness: ‘[01m[Kint[m[K’ and ‘[01m[Kstd::vector<Bndbox>::size_type[m[K’ {aka ‘[01m[Klong unsigned int[m[K’} [[01;35m[K-Wsign-compare[m[K]
[7.425s]   278 |     for (int i = 0; [01;35m[Ki < nms_pred.size()[m[K; i++)
[7.425s]       |                     [01;35m[K~~^~~~~~~~~~~~~~~~~[m[K
[7.428s] [01m[K/home/docker/ament_ws/src/lidar_object_detection/lidar_object_detection_node/src/pp_inference_node.cpp:348:23:[m[K [01;35m[Kwarning: [m[Kcomparison of integer expressions of different signedness: ‘[01m[Kint[m[K’ and ‘[01m[Kstd::vector<pcl::PointXYZI, Eigen::aligned_allocator<pcl::PointXYZI> >::size_type[m[K’ {aka ‘[01m[Klong unsigned int[m[K’} [[01;35m[K-Wsign-compare[m[K]
[7.428s]   348 |     for (int i = 0; [01;35m[Ki < pcl_cloud->points.size()[m[K; i++)
[7.428s]       |                     [01;35m[K~~^~~~~~~~~~~~~~~~~~~~~~~~~~[m[K
[7.432s] [01m[K/home/docker/ament_ws/src/lidar_object_detection/lidar_object_detection_node/src/pp_inference_node.cpp:236:18:[m[K [01;35m[Kwarning: [m[Kunused variable ‘[01m[Knum_point_values[m[K’ [[01;35m[K-Wunused-variable[m[K]
[7.432s]   236 |     unsigned int [01;35m[Knum_point_values[m[K = pcl_cloud->size();
[7.432s]       |                  [01;35m[K^~~~~~~~~~~~~~~~[m[K
[17.295s] [01m[K/home/docker/ament_ws/src/lidar_object_detection/lidar_object_detection_node/src/pp_inference_node.cpp:[m[K In constructor ‘[01m[KMinimalPublisher::MinimalPublisher()[m[K’:
[17.295s] [01m[K/home/docker/ament_ws/src/lidar_object_detection/lidar_object_detection_node/src/pp_inference_node.cpp:177:24:[m[K [01;35m[Kwarning: [m[K‘[01m[Kstart[m[K’ may be used uninitialized in this function [[01;35m[K-Wmaybe-uninitialized[m[K]
[17.295s]   177 |         [01;35m[KcudaEventRecord(start, stream)[m[K;
[17.295s]       |         [01;35m[K~~~~~~~~~~~~~~~^~~~~~~~~~~~~~~[m[K
[18.252s] [ 50%] [32m[1mLinking CXX executable pp_infer[0m
[20.496s] [100%] Built target pp_infer
[20.513s] Invoked command in '/home/docker/ament_ws/src/lidar_object_detection/build/pp_infer' returned '0': CMAKE_PREFIX_PATH=${CMAKE_PREFIX_PATH}:/opt/ros/humble/install/ros2bag:/opt/ros/humble/install/tf2_tools:/opt/ros/humble/install/tf2_ros_py:/opt/ros/humble/install/sros2:/opt/ros/humble/install/ros2topic:/opt/ros/humble/install/ros2test:/opt/ros/humble/install/ros2component:/opt/ros/humble/install/ros2param:/opt/ros/humble/install/ros2lifecycle:/opt/ros/humble/install/ros2service:/opt/ros/humble/install/ros2run:/opt/ros/humble/install/ros2launch:/opt/ros/humble/install/ros2pkg:/opt/ros/humble/install/ros2node:/opt/ros/humble/install/ros2multicast:/opt/ros/humble/install/ros2interface:/opt/ros/humble/install/ros2doctor:/opt/ros/humble/install/ros2action:/opt/ros/humble/install/ros2cli:/opt/ros/humble/install/launch_testing_ros:/opt/ros/humble/install/launch_ros:/opt/ros/humble/install/ament_uncrustify:/opt/ros/humble/install/rpyutils:/opt/ros/humble/install/rosidl_runtime_py:/opt/ros/humble/install/rosidl_cli:/opt/ros/humble/install/launch_testing:/opt/ros/humble/install/launch_yaml:/opt/ros/humble/install/launch_xml:/opt/ros/humble/install/launch:/opt/ros/humble/install/osrf_pycommon:/opt/ros/humble/install/domain_coordinator:/opt/ros/humble/install/ament_xmllint:/opt/ros/humble/install/ament_pycodestyle:/opt/ros/humble/install/ament_pep257:/opt/ros/humble/install/ament_package:/opt/ros/humble/install/ament_mypy:/opt/ros/humble/install/ament_lint_cmake:/opt/ros/humble/install/ament_flake8:/opt/ros/humble/install/ament_copyright:/opt/ros/humble/install/ament_lint:/opt/ros/humble/install/ament_index_python:/opt/ros/humble/install/ament_cpplint:/opt/ros/humble/install/ament_cppcheck _=/usr/bin/env /usr/local/bin/cmake --build /home/docker/ament_ws/src/lidar_object_detection/build/pp_infer -- -j120 -l120
[21.068s] Invoking command in '/home/docker/ament_ws/src/lidar_object_detection/build/pp_infer': CMAKE_PREFIX_PATH=${CMAKE_PREFIX_PATH}:/opt/ros/humble/install/ros2bag:/opt/ros/humble/install/tf2_tools:/opt/ros/humble/install/tf2_ros_py:/opt/ros/humble/install/sros2:/opt/ros/humble/install/ros2topic:/opt/ros/humble/install/ros2test:/opt/ros/humble/install/ros2component:/opt/ros/humble/install/ros2param:/opt/ros/humble/install/ros2lifecycle:/opt/ros/humble/install/ros2service:/opt/ros/humble/install/ros2run:/opt/ros/humble/install/ros2launch:/opt/ros/humble/install/ros2pkg:/opt/ros/humble/install/ros2node:/opt/ros/humble/install/ros2multicast:/opt/ros/humble/install/ros2interface:/opt/ros/humble/install/ros2doctor:/opt/ros/humble/install/ros2action:/opt/ros/humble/install/ros2cli:/opt/ros/humble/install/launch_testing_ros:/opt/ros/humble/install/launch_ros:/opt/ros/humble/install/ament_uncrustify:/opt/ros/humble/install/rpyutils:/opt/ros/humble/install/rosidl_runtime_py:/opt/ros/humble/install/rosidl_cli:/opt/ros/humble/install/launch_testing:/opt/ros/humble/install/launch_yaml:/opt/ros/humble/install/launch_xml:/opt/ros/humble/install/launch:/opt/ros/humble/install/osrf_pycommon:/opt/ros/humble/install/domain_coordinator:/opt/ros/humble/install/ament_xmllint:/opt/ros/humble/install/ament_pycodestyle:/opt/ros/humble/install/ament_pep257:/opt/ros/humble/install/ament_package:/opt/ros/humble/install/ament_mypy:/opt/ros/humble/install/ament_lint_cmake:/opt/ros/humble/install/ament_flake8:/opt/ros/humble/install/ament_copyright:/opt/ros/humble/install/ament_lint:/opt/ros/humble/install/ament_index_python:/opt/ros/humble/install/ament_cpplint:/opt/ros/humble/install/ament_cppcheck _=/usr/bin/env /usr/local/bin/cmake --install /home/docker/ament_ws/src/lidar_object_detection/build/pp_infer
[21.075s] -- Install configuration: "Release"
[21.076s] -- Installing: /home/docker/ament_ws/src/lidar_object_detection/install/pp_infer/lib/pp_infer/pp_infer
[21.079s] -- Set runtime path of "/home/docker/ament_ws/src/lidar_object_detection/install/pp_infer/lib/pp_infer/pp_infer" to ""
[21.080s] -- Up-to-date: /home/docker/ament_ws/src/lidar_object_detection/install/pp_infer/share/pp_infer//launch
[21.080s] -- Up-to-date: /home/docker/ament_ws/src/lidar_object_detection/install/pp_infer/share/pp_infer//launch/pp_infer_launch.py
[21.080s] -- Up-to-date: /home/docker/ament_ws/src/lidar_object_detection/install/pp_infer/share/ament_index/resource_index/package_run_dependencies/pp_infer
[21.080s] -- Up-to-date: /home/docker/ament_ws/src/lidar_object_detection/install/pp_infer/share/ament_index/resource_index/parent_prefix_path/pp_infer
[21.080s] -- Up-to-date: /home/docker/ament_ws/src/lidar_object_detection/install/pp_infer/share/pp_infer/environment/ament_prefix_path.dsv
[21.080s] -- Up-to-date: /home/docker/ament_ws/src/lidar_object_detection/install/pp_infer/share/pp_infer/environment/path.dsv
[21.081s] -- Up-to-date: /home/docker/ament_ws/src/lidar_object_detection/install/pp_infer/share/pp_infer/local_setup.bash
[21.081s] -- Up-to-date: /home/docker/ament_ws/src/lidar_object_detection/install/pp_infer/share/pp_infer/local_setup.sh
[21.081s] -- Up-to-date: /home/docker/ament_ws/src/lidar_object_detection/install/pp_infer/share/pp_infer/local_setup.zsh
[21.081s] -- Up-to-date: /home/docker/ament_ws/src/lidar_object_detection/install/pp_infer/share/pp_infer/local_setup.dsv
[21.081s] -- Installing: /home/docker/ament_ws/src/lidar_object_detection/install/pp_infer/share/pp_infer/package.dsv
[21.081s] -- Up-to-date: /home/docker/ament_ws/src/lidar_object_detection/install/pp_infer/share/ament_index/resource_index/packages/pp_infer
[21.082s] -- Up-to-date: /home/docker/ament_ws/src/lidar_object_detection/install/pp_infer/share/pp_infer/cmake/pp_inferConfig.cmake
[21.082s] -- Up-to-date: /home/docker/ament_ws/src/lidar_object_detection/install/pp_infer/share/pp_infer/cmake/pp_inferConfig-version.cmake
[21.082s] -- Up-to-date: /home/docker/ament_ws/src/lidar_object_detection/install/pp_infer/share/pp_infer/package.xml
[21.165s] Invoked command in '/home/docker/ament_ws/src/lidar_object_detection/build/pp_infer' returned '0': CMAKE_PREFIX_PATH=${CMAKE_PREFIX_PATH}:/opt/ros/humble/install/ros2bag:/opt/ros/humble/install/tf2_tools:/opt/ros/humble/install/tf2_ros_py:/opt/ros/humble/install/sros2:/opt/ros/humble/install/ros2topic:/opt/ros/humble/install/ros2test:/opt/ros/humble/install/ros2component:/opt/ros/humble/install/ros2param:/opt/ros/humble/install/ros2lifecycle:/opt/ros/humble/install/ros2service:/opt/ros/humble/install/ros2run:/opt/ros/humble/install/ros2launch:/opt/ros/humble/install/ros2pkg:/opt/ros/humble/install/ros2node:/opt/ros/humble/install/ros2multicast:/opt/ros/humble/install/ros2interface:/opt/ros/humble/install/ros2doctor:/opt/ros/humble/install/ros2action:/opt/ros/humble/install/ros2cli:/opt/ros/humble/install/launch_testing_ros:/opt/ros/humble/install/launch_ros:/opt/ros/humble/install/ament_uncrustify:/opt/ros/humble/install/rpyutils:/opt/ros/humble/install/rosidl_runtime_py:/opt/ros/humble/install/rosidl_cli:/opt/ros/humble/install/launch_testing:/opt/ros/humble/install/launch_yaml:/opt/ros/humble/install/launch_xml:/opt/ros/humble/install/launch:/opt/ros/humble/install/osrf_pycommon:/opt/ros/humble/install/domain_coordinator:/opt/ros/humble/install/ament_xmllint:/opt/ros/humble/install/ament_pycodestyle:/opt/ros/humble/install/ament_pep257:/opt/ros/humble/install/ament_package:/opt/ros/humble/install/ament_mypy:/opt/ros/humble/install/ament_lint_cmake:/opt/ros/humble/install/ament_flake8:/opt/ros/humble/install/ament_copyright:/opt/ros/humble/install/ament_lint:/opt/ros/humble/install/ament_index_python:/opt/ros/humble/install/ament_cpplint:/opt/ros/humble/install/ament_cppcheck _=/usr/bin/env /usr/local/bin/cmake --install /home/docker/ament_ws/src/lidar_object_detection/build/pp_infer
