[0.037s] Invoking command in '/home/leungjch/Documents/repos/wato_monorepo_v2/src/build/transformer': CMAKE_PREFIX_PATH=/home/leungjch/Documents/repos/wato_monorepo_v2/src/install/sample_msgs:/home/leungjch/Documents/repos/wato_monorepo_v2/src/install/tutorial_interfaces:/home/leungjch/Documents/repos/wato_monorepo_v2/src/install/transformer:/home/leungjch/Documents/repos/wato_monorepo_v2/src/install/producer:/home/leungjch/Documents/repos/wato_monorepo_v2/src/install/aggregator:/home/leungjch/Documents/repos/wato_monorepo_v2/src/install/common_msgs:/home/leungjch/Documents/repos/wato_monorepo_v2/src/install/py_pubsub:/home/leungjch/Documents/repos/wato_monorepo_v2/src/install/camera_detection:/opt/ros/humble CONDA_PROMPT_MODIFIER=(base) LD_LIBRARY_PATH=/home/leungjch/Documents/repos/wato_monorepo_v2/src/install/sample_msgs/lib:/home/leungjch/Documents/repos/wato_monorepo_v2/src/install/tutorial_interfaces/lib:/home/leungjch/Documents/repos/wato_monorepo_v2/src/install/common_msgs/lib:/opt/ros/humble/opt/rviz_ogre_vendor/lib:/opt/ros/humble/lib/x86_64-linux-gnu:/opt/ros/humble/lib /usr/bin/cmake --build /home/leungjch/Documents/repos/wato_monorepo_v2/src/build/transformer -- -j16 -l16
[0.125s] [ 20%] Built target transformer_lib
[0.129s] [ 40%] Built target gtest
[0.150s] [ 60%] Built target gtest_main
[0.169s] [ 80%] Built target transformer_node
[0.195s] [100%] Built target transformer_test
[0.209s] Invoked command in '/home/leungjch/Documents/repos/wato_monorepo_v2/src/build/transformer' returned '0': CMAKE_PREFIX_PATH=/home/leungjch/Documents/repos/wato_monorepo_v2/src/install/sample_msgs:/home/leungjch/Documents/repos/wato_monorepo_v2/src/install/tutorial_interfaces:/home/leungjch/Documents/repos/wato_monorepo_v2/src/install/transformer:/home/leungjch/Documents/repos/wato_monorepo_v2/src/install/producer:/home/leungjch/Documents/repos/wato_monorepo_v2/src/install/aggregator:/home/leungjch/Documents/repos/wato_monorepo_v2/src/install/common_msgs:/home/leungjch/Documents/repos/wato_monorepo_v2/src/install/py_pubsub:/home/leungjch/Documents/repos/wato_monorepo_v2/src/install/camera_detection:/opt/ros/humble CONDA_PROMPT_MODIFIER=(base) LD_LIBRARY_PATH=/home/leungjch/Documents/repos/wato_monorepo_v2/src/install/sample_msgs/lib:/home/leungjch/Documents/repos/wato_monorepo_v2/src/install/tutorial_interfaces/lib:/home/leungjch/Documents/repos/wato_monorepo_v2/src/install/common_msgs/lib:/opt/ros/humble/opt/rviz_ogre_vendor/lib:/opt/ros/humble/lib/x86_64-linux-gnu:/opt/ros/humble/lib /usr/bin/cmake --build /home/leungjch/Documents/repos/wato_monorepo_v2/src/build/transformer -- -j16 -l16
[0.247s] Invoking command in '/home/leungjch/Documents/repos/wato_monorepo_v2/src/build/transformer': CMAKE_PREFIX_PATH=/home/leungjch/Documents/repos/wato_monorepo_v2/src/install/sample_msgs:/home/leungjch/Documents/repos/wato_monorepo_v2/src/install/tutorial_interfaces:/home/leungjch/Documents/repos/wato_monorepo_v2/src/install/transformer:/home/leungjch/Documents/repos/wato_monorepo_v2/src/install/producer:/home/leungjch/Documents/repos/wato_monorepo_v2/src/install/aggregator:/home/leungjch/Documents/repos/wato_monorepo_v2/src/install/common_msgs:/home/leungjch/Documents/repos/wato_monorepo_v2/src/install/py_pubsub:/home/leungjch/Documents/repos/wato_monorepo_v2/src/install/camera_detection:/opt/ros/humble CONDA_PROMPT_MODIFIER=(base) LD_LIBRARY_PATH=/home/leungjch/Documents/repos/wato_monorepo_v2/src/install/sample_msgs/lib:/home/leungjch/Documents/repos/wato_monorepo_v2/src/install/tutorial_interfaces/lib:/home/leungjch/Documents/repos/wato_monorepo_v2/src/install/common_msgs/lib:/opt/ros/humble/opt/rviz_ogre_vendor/lib:/opt/ros/humble/lib/x86_64-linux-gnu:/opt/ros/humble/lib /usr/bin/cmake --install /home/leungjch/Documents/repos/wato_monorepo_v2/src/build/transformer
[0.264s] -- Install configuration: ""
[0.264s] -- Up-to-date: /home/leungjch/Documents/repos/wato_monorepo_v2/src/install/transformer/lib/transformer/transformer_test
[0.264s] -- Up-to-date: /home/leungjch/Documents/repos/wato_monorepo_v2/src/install/transformer/lib/transformer/transformer_node
[0.265s] -- Up-to-date: /home/leungjch/Documents/repos/wato_monorepo_v2/src/install/transformer/share/transformer/config
[0.265s] -- Up-to-date: /home/leungjch/Documents/repos/wato_monorepo_v2/src/install/transformer/share/transformer/config/params.yaml
[0.265s] -- Up-to-date: /home/leungjch/Documents/repos/wato_monorepo_v2/src/install/transformer/share/transformer/launch
[0.265s] -- Up-to-date: /home/leungjch/Documents/repos/wato_monorepo_v2/src/install/transformer/share/transformer/launch/transformer.launch.py
[0.265s] -- Up-to-date: /home/leungjch/Documents/repos/wato_monorepo_v2/src/install/transformer/share/ament_index/resource_index/package_run_dependencies/transformer
[0.265s] -- Up-to-date: /home/leungjch/Documents/repos/wato_monorepo_v2/src/install/transformer/share/ament_index/resource_index/parent_prefix_path/transformer
[0.266s] -- Up-to-date: /home/leungjch/Documents/repos/wato_monorepo_v2/src/install/transformer/share/transformer/environment/ament_prefix_path.sh
[0.266s] -- Up-to-date: /home/leungjch/Documents/repos/wato_monorepo_v2/src/install/transformer/share/transformer/environment/ament_prefix_path.dsv
[0.266s] -- Up-to-date: /home/leungjch/Documents/repos/wato_monorepo_v2/src/install/transformer/share/transformer/environment/path.sh
[0.266s] -- Up-to-date: /home/leungjch/Documents/repos/wato_monorepo_v2/src/install/transformer/share/transformer/environment/path.dsv
[0.266s] -- Up-to-date: /home/leungjch/Documents/repos/wato_monorepo_v2/src/install/transformer/share/transformer/local_setup.bash
[0.269s] -- Up-to-date: /home/leungjch/Documents/repos/wato_monorepo_v2/src/install/transformer/share/transformer/local_setup.sh
[0.269s] -- Up-to-date: /home/leungjch/Documents/repos/wato_monorepo_v2/src/install/transformer/share/transformer/local_setup.zsh
[0.270s] -- Up-to-date: /home/leungjch/Documents/repos/wato_monorepo_v2/src/install/transformer/share/transformer/local_setup.dsv
[0.270s] -- Installing: /home/leungjch/Documents/repos/wato_monorepo_v2/src/install/transformer/share/transformer/package.dsv
[0.270s] -- Up-to-date: /home/leungjch/Documents/repos/wato_monorepo_v2/src/install/transformer/share/ament_index/resource_index/packages/transformer
[0.270s] -- Up-to-date: /home/leungjch/Documents/repos/wato_monorepo_v2/src/install/transformer/share/transformer/cmake/transformerConfig.cmake
[0.271s] -- Up-to-date: /home/leungjch/Documents/repos/wato_monorepo_v2/src/install/transformer/share/transformer/cmake/transformerConfig-version.cmake
[0.272s] -- Up-to-date: /home/leungjch/Documents/repos/wato_monorepo_v2/src/install/transformer/share/transformer/package.xml
[0.283s] Invoked command in '/home/leungjch/Documents/repos/wato_monorepo_v2/src/build/transformer' returned '0': CMAKE_PREFIX_PATH=/home/leungjch/Documents/repos/wato_monorepo_v2/src/install/sample_msgs:/home/leungjch/Documents/repos/wato_monorepo_v2/src/install/tutorial_interfaces:/home/leungjch/Documents/repos/wato_monorepo_v2/src/install/transformer:/home/leungjch/Documents/repos/wato_monorepo_v2/src/install/producer:/home/leungjch/Documents/repos/wato_monorepo_v2/src/install/aggregator:/home/leungjch/Documents/repos/wato_monorepo_v2/src/install/common_msgs:/home/leungjch/Documents/repos/wato_monorepo_v2/src/install/py_pubsub:/home/leungjch/Documents/repos/wato_monorepo_v2/src/install/camera_detection:/opt/ros/humble CONDA_PROMPT_MODIFIER=(base) LD_LIBRARY_PATH=/home/leungjch/Documents/repos/wato_monorepo_v2/src/install/sample_msgs/lib:/home/leungjch/Documents/repos/wato_monorepo_v2/src/install/tutorial_interfaces/lib:/home/leungjch/Documents/repos/wato_monorepo_v2/src/install/common_msgs/lib:/opt/ros/humble/opt/rviz_ogre_vendor/lib:/opt/ros/humble/lib/x86_64-linux-gnu:/opt/ros/humble/lib /usr/bin/cmake --install /home/leungjch/Documents/repos/wato_monorepo_v2/src/build/transformer
